2010/1/1	2906
2010/1/2	3857
2010/1/3	5609
2010/1/4	9315
2010/1/5	8299
2010/1/6	6944
2010/1/7	6856
2010/1/8	6029
2010/1/9	3949
2010/1/10	4463
2010/1/11	7699
2010/1/12	7003
2010/1/13	6910
2010/1/14	5878
2010/1/15	5885
2010/1/16	3187
2010/1/17	2978
2010/1/18	4082
2010/1/19	6136
2010/1/20	5992
2010/1/21	6497
2010/1/22	5954
2010/1/23	3397
2010/1/24	2890
2010/1/25	8053
2010/1/26	6737
2010/1/27	6588
2010/1/28	6856
2010/1/29	8496
2010/1/30	6512
2010/1/31	4673
2010/2/1	7895
2010/2/2	7020
2010/2/3	6318
2010/2/4	6043
2010/2/5	5857
2010/2/6	3694
2010/2/7	3678
2010/2/8	7102
2010/2/9	6374
2010/2/10	4203
2010/2/11	6221
2010/2/12	7236
2010/2/13	4320
2010/2/14	3192
2010/2/15	4253
2010/2/16	6138
2010/2/17	7539
2010/2/18	6812
2010/2/19	6334
2010/2/20	3766
2010/2/21	3246
2010/2/22	6860
2010/2/23	6916
2010/2/24	7225
2010/2/25	6404
2010/2/26	4754
2010/2/27	4431
2010/2/28	4219
2010/3/1	7573
2010/3/2	7073
2010/3/3	7433
2010/3/4	6874
2010/3/5	6241
2010/3/6	3736
2010/3/7	3252
2010/3/8	6616
2010/3/9	6698
2010/3/10	6540
2010/3/11	6428
2010/3/12	6082
2010/3/13	5461
2010/3/14	6260
2010/3/15	9983
2010/3/16	7654
2010/3/17	7063
2010/3/18	6730
2010/3/19	6789
2010/3/20	3852
2010/3/21	3450
2010/3/22	6850
2010/3/23	7216
2010/3/24	6697
2010/3/25	6360
2010/3/26	6472
2010/3/27	4036
2010/3/28	3441
2010/3/29	7178
2010/3/30	9643
2010/3/31	7117
2010/4/1	6146
2010/4/2	4987
2010/4/3	3127
2010/4/4	2733
2010/4/5	6531
2010/4/6	6718
2010/4/7	6425
2010/4/8	6424
2010/4/9	6454
2010/4/10	3654
2010/4/11	2945
2010/4/12	6678
2010/4/13	6142
2010/4/14	6190
2010/4/15	6323
2010/4/16	5961
2010/4/17	3360
2010/4/18	3058
2010/4/19	6778
2010/4/20	5931
2010/4/21	6178
2010/4/22	5642
2010/4/23	5488
2010/4/24	3415
2010/4/25	2877
2010/4/26	6565
2010/4/27	6191
2010/4/28	6812
2010/4/29	5949
2010/4/30	5322
2010/5/1	3237
2010/5/2	3199
2010/5/3	7382
2010/5/4	6159
2010/5/5	6260
2010/5/6	6103
2010/5/7	5441
2010/5/8	3883
2010/5/9	3551
2010/5/10	7394
2010/5/11	6732
2010/5/12	6362
2010/5/13	5512
2010/5/14	5580
2010/5/15	3172
2010/5/16	2921
2010/5/17	6517
2010/5/18	5589
2010/5/19	6086
2010/5/20	5612
2010/5/21	5519
2010/5/22	3595
2010/5/23	2906
2010/5/24	5893
2010/5/25	5744
2010/5/26	5904
2010/5/27	6328
2010/5/28	5072
2010/5/29	3027
2010/5/30	2620
2010/5/31	3104
2010/6/1	5921
2010/6/2	5933
2010/6/3	5626
2010/6/4	5498
2010/6/5	3170
2010/6/6	3050
2010/6/7	6457
2010/6/8	5797
2010/6/9	5034
2010/6/10	5683
2010/6/11	4944
2010/6/12	2995
2010/6/13	2643
2010/6/14	6456
2010/6/15	6425
2010/6/16	6019
2010/6/17	5636
2010/6/18	5149
2010/6/19	3222
2010/6/20	2944
2010/6/21	6743
2010/6/22	6412
2010/6/23	6198
2010/6/24	6351
2010/6/25	5889
2010/6/26	3312
2010/6/27	3150
2010/6/28	7196
2010/6/29	6520
2010/6/30	5746
2010/7/1	5496
2010/7/2	4920
2010/7/3	2942
2010/7/4	2254
2010/7/5	3859
2010/7/6	7444
2010/7/7	7960
2010/7/8	7010
2010/7/9	5773
2010/7/10	3336
2010/7/11	2932
2010/7/12	6567
2010/7/13	6625
2010/7/14	5774
2010/7/15	6040
2010/7/16	5679
2010/7/17	3688
2010/7/18	3049
2010/7/19	6585
2010/7/20	6557
2010/7/21	6426
2010/7/22	5717
2010/7/23	5283
2010/7/24	3688
2010/7/25	3311
2010/7/26	6524
2010/7/27	6249
2010/7/28	6442
2010/7/29	5450
2010/7/30	5079
2010/7/31	2869
2010/8/1	2531
2010/8/2	6528
2010/8/3	6262
2010/8/4	6173
2010/8/5	6049
2010/8/6	5403
2010/8/7	3143
2010/8/8	2600
2010/8/9	6121
2010/8/10	6207
2010/8/11	5821
2010/8/12	5416
2010/8/13	5292
2010/8/14	3033
2010/8/15	2496
2010/8/16	5821
2010/8/17	6003
2010/8/18	5522
2010/8/19	5664
2010/8/20	5091
2010/8/21	3166
2010/8/22	2649
2010/8/23	6391
2010/8/24	5911
2010/8/25	5820
2010/8/26	5527
2010/8/27	5441
2010/8/28	3269
2010/8/29	2917
2010/8/30	6083
2010/8/31	5521
2010/9/1	6151
2010/9/2	5653
2010/9/3	5537
2010/9/4	3258
2010/9/5	2694
2010/9/6	2837
2010/9/7	6214
2010/9/8	5822
2010/9/9	5457
2010/9/10	5325
2010/9/11	2950
2010/9/12	2665
2010/9/13	6095
2010/9/14	5963
2010/9/15	5822
2010/9/16	7251
2010/9/17	8534
2010/9/18	4355
2010/9/19	3410
2010/9/20	6716
2010/9/21	6387
2010/9/22	6057
2010/9/23	5938
2010/9/24	5817
2010/9/25	3499
2010/9/26	3245
2010/9/27	6391
2010/9/28	6419
2010/9/29	6186
2010/9/30	6571
2010/10/1	7072
2010/10/2	3643
2010/10/3	3186
2010/10/4	6935
2010/10/5	6247
2010/10/6	6195
2010/10/7	6013
2010/10/8	5732
2010/10/9	3181
2010/10/10	2998
2010/10/11	3871
2010/10/12	6673
2010/10/13	6323
2010/10/14	6302
2010/10/15	6378
2010/10/16	4708
2010/10/17	3430
2010/10/18	6984
2010/10/19	7184
2010/10/20	7164
2010/10/21	6899
2010/10/22	6910
2010/10/23	4440
2010/10/24	2952
2010/10/25	6057
2010/10/26	5967
2010/10/27	5543
2010/10/28	5428
2010/10/29	5558
2010/10/30	4182
2010/10/31	3868
2010/11/1	7538
2010/11/2	7347
2010/11/3	7127
2010/11/4	7174
2010/11/5	7214
2010/11/6	4698
2010/11/7	4299
2010/11/8	8535
2010/11/9	8403
2010/11/10	8078
2010/11/11	5079
2010/11/12	5960
2010/11/13	3719
2010/11/14	3056
2010/11/15	6323
2010/11/16	6241
2010/11/17	6574
2010/11/18	6385
2010/11/19	6357
2010/11/20	3944
2010/11/21	3722
2010/11/22	5820
2010/11/23	5296
2010/11/24	5698
2010/11/25	2639
2010/11/26	4165
2010/11/27	4477
2010/11/28	3619
2010/11/29	7010
2010/11/30	6577
2010/12/1	7485
2010/12/2	6971
2010/12/3	6628
2010/12/4	4610
2010/12/5	4297
2010/12/6	8674
2010/12/7	8412
2010/12/8	7748
2010/12/9	7603
2010/12/10	6850
2010/12/11	4047
2010/12/12	3222
2010/12/13	7302
2010/12/14	8654
2010/12/15	8518
2010/12/16	7776
2010/12/17	6667
2010/12/18	4068
2010/12/19	3397
2010/12/20	6780
2010/12/21	6869
2010/12/22	6174
2010/12/23	5582
2010/12/24	3127
2010/12/25	2495
2010/12/26	3000
2010/12/27	3130
2010/12/28	5086
2010/12/29	6061
2010/12/30	5640
2010/12/31	4164
2011/1/1	2915
2011/1/2	3080
2011/1/3	7030
2011/1/4	6514
2011/1/5	6569
2011/1/6	6199
2011/1/7	5276
2011/1/8	3977
2011/1/9	3436
2011/1/10	7246
2011/1/11	6303
2011/1/12	5922
2011/1/13	6934
2011/1/14	6604
2011/1/15	3829
2011/1/16	3134
2011/1/17	4744
2011/1/18	7315
2011/1/19	6790
2011/1/20	6293
2011/1/21	5769
2011/1/22	5164
2011/1/23	4398
2011/1/24	9184
2011/1/25	8042
2011/1/26	6032
2011/1/27	4695
2011/1/28	6543
2011/1/29	4290
2011/1/30	3631
2011/1/31	6996
2011/2/1	6328
2011/2/2	6823
2011/2/3	7352
2011/2/4	6593
2011/2/5	3849
2011/2/6	3365
2011/2/7	6753
2011/2/8	7770
2011/2/9	8051
2011/2/10	7126
2011/2/11	6111
2011/2/12	3939
2011/2/13	3115
2011/2/14	6387
2011/2/15	7209
2011/2/16	6800
2011/2/17	6515
2011/2/18	6303
2011/2/19	4376
2011/2/20	3852
2011/2/21	4091
2011/2/22	7081
2011/2/23	6751
2011/2/24	5774
2011/2/25	6267
2011/2/26	3608
2011/2/27	3142
2011/2/28	6348
2011/3/1	6784
2011/3/2	6801
2011/3/3	7049
2011/3/4	5939
2011/3/5	3655
2011/3/6	3221
2011/3/7	6964
2011/3/8	6773
2011/3/9	6797
2011/3/10	6647
2011/3/11	6679
2011/3/12	3590
2011/3/13	2876
2011/3/14	6467
2011/3/15	6934
2011/3/16	6193
2011/3/17	5891
2011/3/18	5470
2011/3/19	3594
2011/3/20	3032
2011/3/21	6290
2011/3/22	6541
2011/3/23	6111
2011/3/24	6015
2011/3/25	5629
2011/3/26	3807
2011/3/27	3482
2011/3/28	6567
2011/3/29	6118
2011/3/30	6085
2011/3/31	5414
2011/4/1	5766
2011/4/2	3305
2011/4/3	2832
2011/4/4	5629
2011/4/5	5402
2011/4/6	5597
2011/4/7	6371
2011/4/8	5586
2011/4/9	3089
2011/4/10	2670
2011/4/11	5768
2011/4/12	5682
2011/4/13	5871
2011/4/14	5677
2011/4/15	5349
2011/4/16	3705
2011/4/17	2820
2011/4/18	5805
2011/4/19	6033
2011/4/20	5829
2011/4/21	5503
2011/4/22	4686
2011/4/23	3290
2011/4/24	2216
2011/4/25	6069
2011/4/26	5601
2011/4/27	5969
2011/4/28	5814
2011/4/29	5071
2011/4/30	3145
2011/5/1	2594
2011/5/2	5618
2011/5/3	5945
2011/5/4	5740
2011/5/5	5654
2011/5/6	5069
2011/5/7	2932
2011/5/8	2328
2011/5/9	5551
2011/5/10	5649
2011/5/11	5950
2011/5/12	5552
2011/5/13	5198
2011/5/14	2931
2011/5/15	2407
2011/5/16	5518
2011/5/17	6272
2011/5/18	6003
2011/5/19	5776
2011/5/20	5506
2011/5/21	3435
2011/5/22	2435
2011/5/23	5452
2011/5/24	6023
2011/5/25	5510
2011/5/26	5599
2011/5/27	5277
2011/5/28	3010
2011/5/29	2284
2011/5/30	3227
2011/5/31	6757
2011/6/1	5679
2011/6/2	5841
2011/6/3	5348
2011/6/4	3182
2011/6/5	2455
2011/6/6	5834
2011/6/7	6036
2011/6/8	6347
2011/6/9	6339
2011/6/10	5670
2011/6/11	3130
2011/6/12	2501
2011/6/13	5831
2011/6/14	5840
2011/6/15	5690
2011/6/16	5622
2011/6/17	5333
2011/6/18	3458
2011/6/19	2724
2011/6/20	6005
2011/6/21	6214
2011/6/22	5694
2011/6/23	5680
2011/6/24	5108
2011/6/25	3335
2011/6/26	2464
2011/6/27	6048
2011/6/28	6351
2011/6/29	5744
2011/6/30	5621
2011/7/1	4993
2011/7/2	2906
2011/7/3	2082
2011/7/4	2740
2011/7/5	6246
2011/7/6	6230
2011/7/7	6070
2011/7/8	5285
2011/7/9	3045
2011/7/10	2785
2011/7/11	6155
2011/7/12	6539
2011/7/13	6024
2011/7/14	6086
2011/7/15	5426
2011/7/16	3094
2011/7/17	2612
2011/7/18	5934
2011/7/19	6323
2011/7/20	6313
2011/7/21	6414
2011/7/22	7007
2011/7/23	4378
2011/7/24	3359
2011/7/25	5915
2011/7/26	5885
2011/7/27	5636
2011/7/28	5624
2011/7/29	5555
2011/7/30	3302
2011/7/31	2779
2011/8/1	5861
2011/8/2	6150
2011/8/3	5000
2011/8/4	5495
2011/8/5	5269
2011/8/6	3081
2011/8/7	2568
2011/8/8	5567
2011/8/9	5888
2011/8/10	5555
2011/8/11	5649
2011/8/12	5312
2011/8/13	3268
2011/8/14	3464
2011/8/15	7099
2011/8/16	6867
2011/8/17	5979
2011/8/18	5724
2011/8/19	5612
2011/8/20	3351
2011/8/21	2767
2011/8/22	6196
2011/8/23	5463
2011/8/24	5980
2011/8/25	5811
2011/8/26	3135
2011/8/27	1639
2011/8/28	5655
2011/8/29	9148
2011/8/30	8464
2011/8/31	6449
2011/9/1	6170
2011/9/2	5666
2011/9/3	3529
2011/9/4	2928
2011/9/5	3517
2011/9/6	6709
2011/9/7	6309
2011/9/8	7179
2011/9/9	6369
2011/9/10	3244
2011/9/11	3000
2011/9/12	6448
2011/9/13	6491
2011/9/14	6341
2011/9/15	6249
2011/9/16	6135
2011/9/17	3872
2011/9/18	2919
2011/9/19	5752
2011/9/20	6224
2011/9/21	6069
2011/9/22	6042
2011/9/23	6599
2011/9/24	2649
2011/9/25	3099
2011/9/26	6551
2011/9/27	6552
2011/9/28	5847
2011/9/29	5970
2011/9/30	5040
2011/10/1	3072
2011/10/2	2570
2011/10/3	6183
2011/10/4	6194
2011/10/5	5826
2011/10/6	5925
2011/10/7	5565
2011/10/8	3351
2011/10/9	2630
2011/10/10	3721
2011/10/11	5780
2011/10/12	5383
2011/10/13	5360
2011/10/14	5763
2011/10/15	3300
2011/10/16	2744
2011/10/17	5942
2011/10/18	6293
2011/10/19	6114
2011/10/20	5530
2011/10/21	6328
2011/10/22	4123
2011/10/23	3495
2011/10/24	6815
2011/10/25	6927
2011/10/26	6731
2011/10/27	7287
2011/10/28	8491
2011/10/29	6600
2011/10/30	5604
2011/10/31	8621
2011/11/1	8290
2011/11/2	7286
2011/11/3	6453
2011/11/4	6680
2011/11/5	4314
2011/11/6	3490
2011/11/7	5976
2011/11/8	5071
2011/11/9	5607
2011/11/10	5350
2011/11/11	5121
2011/11/12	4161
2011/11/13	3279
2011/11/14	6284
2011/11/15	5639
2011/11/16	5934
2011/11/17	6627
2011/11/18	6912
2011/11/19	4255
2011/11/20	3072
2011/11/21	6711
2011/11/22	6448
2011/11/23	5573
2011/11/24	2832
2011/11/25	4199
2011/11/26	3158
2011/11/27	2811
2011/11/28	5810
2011/11/29	5521
2011/11/30	6710
2011/12/1	6940
2011/12/2	6184
2011/12/3	4177
2011/12/4	3039
2011/12/5	6198
2011/12/6	5986
2011/12/7	6054
2011/12/8	7393
2011/12/9	6286
2011/12/10	4068
2011/12/11	4108
2011/12/12	7124
2011/12/13	6565
2011/12/14	5778
2011/12/15	5733
2011/12/16	5466
2011/12/17	3822
2011/12/18	4232
2011/12/19	6829
2011/12/20	5806
2011/12/21	5154
2011/12/22	4954
2011/12/23	4244
2011/12/24	3005
2011/12/25	2289
2011/12/26	3395
2011/12/27	5678
2011/12/28	6349
2011/12/29	6959
2011/12/30	4583
2011/12/31	2546
2012/1/1	2426
2012/1/2	3722
2012/1/3	7873
2012/1/4	9863
2012/1/5	7133
2012/1/6	5920
2012/1/7	3108
2012/1/8	2960
2012/1/9	6463
2012/1/10	5989
2012/1/11	5607
2012/1/12	5577
2012/1/13	5939
2012/1/14	4434
2012/1/15	4445
2012/1/16	5768
2012/1/17	6420
2012/1/18	6477
2012/1/19	6785
2012/1/20	5968
2012/1/21	4283
2012/1/22	4039
2012/1/23	6211
2012/1/24	5687
2012/1/25	5585
2012/1/26	5452
2012/1/27	5321
2012/1/28	3465
2012/1/29	3159
2012/1/30	5992
2012/1/31	5802
2012/2/1	5628
2012/2/2	6091
2012/2/3	5567
2012/2/4	3300
2012/2/5	2921
2012/2/6	5583
2012/2/7	5673
2012/2/8	6115
2012/2/9	5418
2012/2/10	4953
2012/2/11	3375
2012/2/12	3670
2012/2/13	6202
2012/2/14	5114
2012/2/15	5347
2012/2/16	5165
2012/2/17	4885
2012/2/18	2847
2012/2/19	2796
2012/2/20	3463
2012/2/21	5676
2012/2/22	5102
2012/2/23	5042
2012/2/24	4933
2012/2/25	3403
2012/2/26	3228
2012/2/27	5319
2012/2/28	5209
2012/2/29	5262
2012/3/1	5341
2012/3/2	4926
2012/3/3	2889
2012/3/4	2975
2012/3/5	6150
2012/3/6	5966
2012/3/7	5409
2012/3/8	5215
2012/3/9	5047
2012/3/10	3266
2012/3/11	2752
2012/3/12	5284
2012/3/13	5399
2012/3/14	5662
2012/3/15	5353
2012/3/16	4816
2012/3/17	3079
2012/3/18	2830
2012/3/19	5266
2012/3/20	5199
2012/3/21	5690
2012/3/22	5207
2012/3/23	4891
2012/3/24	2973
2012/3/25	2974
2012/3/26	6153
2012/3/27	6022
2012/3/28	5142
2012/3/29	5385
2012/3/30	4712
2012/3/31	3314
2012/4/1	2958
2012/4/2	5296
2012/4/3	5243
2012/4/4	4845
2012/4/5	4709
2012/4/6	4057
2012/4/7	2842
2012/4/8	2345
2012/4/9	5370
2012/4/10	4986
2012/4/11	4885
2012/4/12	4707
2012/4/13	4442
2012/4/14	2892
2012/4/15	2803
2012/4/16	5740
2012/4/17	5117
2012/4/18	5120
2012/4/19	4983
2012/4/20	4657
2012/4/21	2932
2012/4/22	2691
2012/4/23	5799
2012/4/24	5779
2012/4/25	5479
2012/4/26	5231
2012/4/27	5035
2012/4/28	3413
2012/4/29	2464
2012/4/30	5287
2012/5/1	5283
2012/5/2	5034
2012/5/3	4913
2012/5/4	5019
2012/5/5	2612
2012/5/6	2679
2012/5/7	5262
2012/5/8	5001
2012/5/9	5276
2012/5/10	4926
2012/5/11	4692
2012/5/12	2908
2012/5/13	2697
2012/5/14	5284
2012/5/15	4780
2012/5/16	5568
2012/5/17	4994
2012/5/18	5059
2012/5/19	3096
2012/5/20	2874
2012/5/21	5601
2012/5/22	5577
2012/5/23	5660
2012/5/24	5171
2012/5/25	4896
2012/5/26	2941
2012/5/27	2851
2012/5/28	3612
2012/5/29	6392
2012/5/30	6031
2012/5/31	5783
2012/6/1	5219
2012/6/2	3186
2012/6/3	2736
2012/6/4	5455
2012/6/5	5368
2012/6/6	5312
2012/6/7	4996
2012/6/8	4995
2012/6/9	3390
2012/6/10	2796
2012/6/11	5652
2012/6/12	4995
2012/6/13	5945
2012/6/14	5486
2012/6/15	5173
2012/6/16	3410
2012/6/17	3173
2012/6/18	6042
2012/6/19	5826
2012/6/20	5904
2012/6/21	6852
2012/6/22	5974
2012/6/23	3970
2012/6/24	3202
2012/6/25	5944
2012/6/26	5620
2012/6/27	5473
2012/6/28	5871
2012/6/29	5654
2012/6/30	4294
2012/7/1	3621
2012/7/2	6520
2012/7/3	5858
2012/7/4	3165
2012/7/5	6279
2012/7/6	5650
2012/7/7	4059
2012/7/8	3442
2012/7/9	6154
2012/7/10	5903
2012/7/11	5782
2012/7/12	5540
2012/7/13	5140
2012/7/14	3241
2012/7/15	2851
2012/7/16	5734
2012/7/17	5755
2012/7/18	5984
2012/7/19	5672
2012/7/20	4608
2012/7/21	3238
2012/7/22	3023
2012/7/23	5204
2012/7/24	5610
2012/7/25	5349
2012/7/26	5581
2012/7/27	5322
2012/7/28	3266
2012/7/29	3006
2012/7/30	5729
2012/7/31	5378
2012/8/1	5293
2012/8/2	5479
2012/8/3	5160
2012/8/4	3047
2012/8/5	2874
2012/8/6	5813
2012/8/7	5763
2012/8/8	5446
2012/8/9	5027
2012/8/10	5104
2012/8/11	3061
2012/8/12	2984
2012/8/13	5695
2012/8/14	5617
2012/8/15	5905
2012/8/16	5261
2012/8/17	5031
2012/8/18	3371
2012/8/19	3181
2012/8/20	5396
2012/8/21	5559
2012/8/22	5144
2012/8/23	5001
2012/8/24	5015
2012/8/25	3593
2012/8/26	3028
2012/8/27	5272
2012/8/28	5118
2012/8/29	5378
2012/8/30	5260
2012/8/31	4232
2012/9/1	3160
2012/9/2	3058
2012/9/3	3033
2012/9/4	5339
2012/9/5	5186
2012/9/6	5392
2012/9/7	4834
2012/9/8	3976
2012/9/9	3111
2012/9/10	6074
2012/9/11	5613
2012/9/12	5338
2012/9/13	5265
2012/9/14	4804
2012/9/15	3502
2012/9/16	3123
2012/9/17	5167
2012/9/18	5891
2012/9/19	5675
2012/9/20	5003
2012/9/21	5241
2012/9/22	3339
2012/9/23	3013
2012/9/24	5383
2012/9/25	5504
2012/9/26	4891
2012/9/27	5442
2012/9/28	5534
2012/9/29	3314
2012/9/30	2999
2012/10/1	5131
2012/10/2	5109
2012/10/3	5535
2012/10/4	5358
2012/10/5	4920
2012/10/6	3151
2012/10/7	2758
2012/10/8	4196
2012/10/9	5575
2012/10/10	5469
2012/10/11	6059
2012/10/12	6365
2012/10/13	4661
2012/10/14	2981
2012/10/15	5771
2012/10/16	5640
2012/10/17	5855
2012/10/18	5188
2012/10/19	4550
2012/10/20	3300
2012/10/21	2952
2012/10/22	5321
2012/10/23	5275
2012/10/24	5308
2012/10/25	5028
2012/10/26	4942
2012/10/27	3625
2012/10/28	2169
2012/10/29	6120
2012/10/30	6121
2012/10/31	7055
2012/11/1	6199
2012/11/2	7244
2012/11/3	5240
2012/11/4	4185
2012/11/5	7156
2012/11/6	6705
2012/11/7	8525
2012/11/8	9409
2012/11/9	6426
2012/11/10	4116
2012/11/11	3258
2012/11/12	4679
2012/11/13	6065
2012/11/14	6283
2012/11/15	6322
2012/11/16	5736
2012/11/17	3860
2012/11/18	3799
2012/11/19	6752
2012/11/20	5936
2012/11/21	4544
2012/11/22	2509
2012/11/23	4004
2012/11/24	4073
2012/11/25	3993
2012/11/26	6648
2012/11/27	6600
2012/11/28	6423
2012/11/29	6366
2012/11/30	5514
2012/12/1	4514
2012/12/2	3058
2012/12/3	5709
2012/12/4	5506
2012/12/5	5971
2012/12/6	6335
2012/12/7	5635
2012/12/8	3495
2012/12/9	3280
2012/12/10	5767
2012/12/11	5758
2012/12/12	6011
2012/12/13	5775
2012/12/14	5246
2012/12/15	3659
2012/12/16	3290
2012/12/17	5897
2012/12/18	5508
2012/12/19	5809
2012/12/20	5409
2012/12/21	5864
2012/12/22	4296
2012/12/23	3295
2012/12/24	3935
2012/12/25	2364
2012/12/26	6333
2012/12/27	7472
2012/12/28	5947
2012/12/29	3846
2012/12/30	4052
2012/12/31	5006
2013/1/1	3331
2013/1/2	7169
2013/1/3	6742
2013/1/4	6083
2013/1/5	4024
2013/1/6	3336
2013/1/7	6105
2013/1/8	6322
2013/1/9	5841
2013/1/10	5715
2013/1/11	5270
2013/1/12	3413
2013/1/13	3040
2013/1/14	5418
2013/1/15	5833
2013/1/16	5599
2013/1/17	5165
2013/1/18	5972
2013/1/19	3747
2013/1/20	2532
2013/1/21	5062
2013/1/22	8147
2013/1/23	8322
2013/1/24	11731
2013/1/25	8185
2013/1/26	5477
2013/1/27	4645
2013/1/28	6981
2013/1/29	6350
2013/1/30	6034
2013/1/31	7143
2013/2/1	6815
2013/2/2	4626
2013/2/3	3898
2013/2/4	6603
2013/2/5	6553
2013/2/6	6140
2013/2/7	6033
2013/2/8	5336
2013/2/9	3683
2013/2/10	4079
2013/2/11	6404
2013/2/12	6009
2013/2/13	5970
2013/2/14	5574
2013/2/15	5218
2013/2/16	3491
2013/2/17	3674
2013/2/18	5340
2013/2/19	6327
2013/2/20	5892
2013/2/21	7227
2013/2/22	6086
2013/2/23	3747
2013/2/24	3464
2013/2/25	6183
2013/2/26	5789
2013/2/27	6686
2013/2/28	5669
2013/3/1	5192
2013/3/2	3513
2013/3/3	3360
2013/3/4	6015
2013/3/5	6062
2013/3/6	6566
2013/3/7	5932
2013/3/8	5137
2013/3/9	3531
2013/3/10	3107
2013/3/11	6067
2013/3/12	5991
2013/3/13	5785
2013/3/14	6086
2013/3/15	5435
2013/3/16	3576
2013/3/17	3326
2013/3/18	6457
2013/3/19	6410
2013/3/20	5869
2013/3/21	5495
2013/3/22	5669
2013/3/23	3674
2013/3/24	3131
2013/3/25	5449
2013/3/26	5494
2013/3/27	5502
2013/3/28	4941
2013/3/29	4438
2013/3/30	3138
2013/3/31	2734
2013/4/1	5576
2013/4/2	5867
2013/4/3	5999
2013/4/4	5574
2013/4/5	5243
2013/4/6	3423
2013/4/7	3109
2013/4/8	5680
2013/4/9	5540
2013/4/10	5505
2013/4/11	5280
2013/4/12	5529
2013/4/13	3560
2013/4/14	3174
2013/4/15	5359
2013/4/16	5617
2013/4/17	5361
2013/4/18	5094
2013/4/19	4934
2013/4/20	3306
2013/4/21	3547
2013/4/22	5620
2013/4/23	5837
2013/4/24	5123
2013/4/25	5339
2013/4/26	5027
2013/4/27	3773
2013/4/28	3267
2013/4/29	5397
2013/4/30	5255
2013/5/1	5265
2013/5/2	4792
2013/5/3	5305
2013/5/4	3519
2013/5/5	3184
2013/5/6	5693
2013/5/7	5311
2013/5/8	6364
2013/5/9	5454
2013/5/10	4430
2013/5/11	3778
2013/5/12	3428
2013/5/13	5810
2013/5/14	5420
2013/5/15	5310
2013/5/16	5304
2013/5/17	5008
2013/5/18	3909
2013/5/19	3071
2013/5/20	6015
2013/5/21	5570
2013/5/22	5641
2013/5/23	5231
2013/5/24	4313
2013/5/25	3336
2013/5/26	3362
2013/5/27	3565
2013/5/28	5701
2013/5/29	5944
2013/5/30	5770
2013/5/31	5469
2013/6/1	3998
2013/6/2	3509
2013/6/3	5508
2013/6/4	5785
2013/6/5	6005
2013/6/6	5442
2013/6/7	5327
2013/6/8	4328
2013/6/9	3939
2013/6/10	5737
2013/6/11	6228
2013/6/12	6066
2013/6/13	5801
2013/6/14	5607
2013/6/15	3919
2013/6/16	3724
2013/6/17	5932
2013/6/18	6003
2013/6/19	5712
2013/6/20	5598
2013/6/21	5408
2013/6/22	3817
2013/6/23	3500
2013/6/24	6024
2013/6/25	6034
2013/6/26	5788
2013/6/27	5689
2013/6/28	5485
2013/6/29	3560
2013/6/30	3107
2013/7/1	5782
2013/7/2	5592
2013/7/3	5512
2013/7/4	3138
2013/7/5	4660
2013/7/6	3362
2013/7/7	3357
2013/7/8	6139
2013/7/9	6346
2013/7/10	6019
2013/7/11	5463
2013/7/12	4975
2013/7/13	3231
2013/7/14	3292
2013/7/15	6192
2013/7/16	6405
2013/7/17	6442
2013/7/18	6278
2013/7/19	5985
2013/7/20	3810
2013/7/21	3692
2013/7/22	6102
2013/7/23	5841
2013/7/24	5592
2013/7/25	5299
2013/7/26	5378
2013/7/27	3446
2013/7/28	3007
2013/7/29	5959
2013/7/30	5435
2013/7/31	5571
2013/8/1	4818
2013/8/2	5091
2013/8/3	3247
2013/8/4	3204
2013/8/5	5919
2013/8/6	5917
2013/8/7	5206
2013/8/8	4920
2013/8/9	4670
2013/8/10	3169
2013/8/11	3087
2013/8/12	5428
2013/8/13	5616
2013/8/14	5384
2013/8/15	5262
2013/8/16	5132
2013/8/17	3679
2013/8/18	3362
2013/8/19	5365
2013/8/20	5459
2013/8/21	4961
2013/8/22	5000
2013/8/23	4931
2013/8/24	3529
2013/8/25	3247
2013/8/26	5107
2013/8/27	5065
2013/8/28	5232
2013/8/29	5159
2013/8/30	4485
2013/8/31	3135
2013/9/1	3001
2013/9/2	3015
2013/9/3	5717
2013/9/4	5261
2013/9/5	5219
2013/9/6	4738
2013/9/7	3621
2013/9/8	3391
2013/9/9	5273
2013/9/10	5307
2013/9/11	5370
2013/9/12	5341
2013/9/13	4794
2013/9/14	3080
2013/9/15	3223
2013/9/16	5295
2013/9/17	4953
2013/9/18	5723
2013/9/19	4864
2013/9/20	4351
2013/9/21	3637
2013/9/22	3071
2013/9/23	4702
2013/9/24	5625
2013/9/25	5249
2013/9/26	5151
2013/9/27	4823
2013/9/28	3466
2013/9/29	3158
2013/9/30	5393
2013/10/1	5647
2013/10/2	5698
2013/10/3	5671
2013/10/4	5457
2013/10/5	3221
2013/10/6	2835
2013/10/7	5761
2013/10/8	5932
2013/10/9	5752
2013/10/10	5313
2013/10/11	4805
2013/10/12	2861
2013/10/13	2550
2013/10/14	3768
2013/10/15	5454
2013/10/16	5691
2013/10/17	5255
2013/10/18	5088
2013/10/19	3360
2013/10/20	2954
2013/10/21	5909
2013/10/22	5563
2013/10/23	6742
2013/10/24	6992
2013/10/25	6770
2013/10/26	4157
2013/10/27	3395
2013/10/28	5805
2013/10/29	6400
2013/10/30	5730
2013/10/31	5146
2013/11/1	5097
2013/11/2	3485
2013/11/3	3860
2013/11/4	6493
2013/11/5	5871
2013/11/6	5544
2013/11/7	5431
2013/11/8	6182
2013/11/9	3598
2013/11/10	3350
2013/11/11	4427
2013/11/12	7195
2013/11/13	7234
2013/11/14	6323
2013/11/15	5364
2013/11/16	3932
2013/11/17	2963
2013/11/18	5760
2013/11/19	6810
2013/11/20	6196
2013/11/21	6281
2013/11/22	4406
2013/11/23	2458
2013/11/24	6023
2013/11/25	9623
2013/11/26	7321
2013/11/27	5767
2013/11/28	3161
2013/11/29	4579
2013/11/30	4190
2013/12/1	3232
2013/12/2	5489
2013/12/3	5942
2013/12/4	5792
2013/12/5	5755
2013/12/6	5442
2013/12/7	3888
2013/12/8	4425
2013/12/9	6615
2013/12/10	6716
2013/12/11	6847
2013/12/12	7608
2013/12/13	6674
2013/12/14	4369
2013/12/15	4456
2013/12/16	7045
2013/12/17	6484
2013/12/18	6199
2013/12/19	5723
2013/12/20	5198
2013/12/21	3309
2013/12/22	3219
2013/12/23	5724
2013/12/24	4524
2013/12/25	3171
2013/12/26	5989
2013/12/27	5365
2013/12/28	3304
2013/12/29	3345
2013/12/30	6053
2013/12/31	5431
2014/1/1	3822
2014/1/2	6241
2014/1/3	6354
2014/1/4	7372
2014/1/5	5555
2014/1/6	7085
2014/1/7	11367
2014/1/8	10998
2014/1/9	8644
2014/1/10	6723
2014/1/11	4370
2014/1/12	4540
2014/1/13	6429
2014/1/14	6743
2014/1/15	6578
2014/1/16	6511
2014/1/17	6365
2014/1/18	4009
2014/1/19	4283
2014/1/20	4600
2014/1/21	6794
2014/1/22	8771
2014/1/23	10219
2014/1/24	9162
2014/1/25	6345
2014/1/26	5453
2014/1/27	7959
2014/1/28	8479
2014/1/29	7818
2014/1/30	8102
2014/1/31	5927
2014/2/1	4579
2014/2/2	3517
2014/2/3	6165
2014/2/4	6902
2014/2/5	7080
2014/2/6	8776
2014/2/7	7672
2014/2/8	5501
2014/2/9	4661
2014/2/10	7289
2014/2/11	7804
2014/2/12	7202
2014/2/13	6262
2014/2/14	6699
2014/2/15	4836
2014/2/16	4841
2014/2/17	6838
2014/2/18	6837
2014/2/19	7100
2014/2/20	6554
2014/2/21	6775
2014/2/22	4365
2014/2/23	4355
2014/2/24	7349
2014/2/25	7380
2014/2/26	7228
2014/2/27	7185
2014/2/28	7595
2014/3/1	4807
2014/3/2	4096
2014/3/3	6691
2014/3/4	7059
2014/3/5	6690
2014/3/6	6937
2014/3/7	5930
2014/3/8	4356
2014/3/9	3945
2014/3/10	6310
2014/3/11	6079
2014/3/12	6014
2014/3/13	6809
2014/3/14	6299
2014/3/15	4122
2014/3/16	4275
2014/3/17	6140
2014/3/18	6539
2014/3/19	6443
2014/3/20	6257
2014/3/21	5849
2014/3/22	4525
2014/3/23	4160
2014/3/24	7120
2014/3/25	6003
2014/3/26	6112
2014/3/27	5927
2014/3/28	5246
2014/3/29	3959
2014/3/30	4449
2014/3/31	6269
2014/4/1	6216
2014/4/2	6054
2014/4/3	5895
2014/4/4	5694
2014/4/5	4268
2014/4/6	3802
2014/4/7	5839
2014/4/8	6210
2014/4/9	5757
2014/4/10	5765
2014/4/11	5653
2014/4/12	3832
2014/4/13	3865
2014/4/14	5837
2014/4/15	5131
2014/4/16	6054
2014/4/17	5900
2014/4/18	4912
2014/4/19	3522
2014/4/20	3234
2014/4/21	5722
2014/4/22	5567
2014/4/23	5832
2014/4/24	5769
2014/4/25	5464
2014/4/26	4116
2014/4/27	3743
2014/4/28	6066
2014/4/29	5926
2014/4/30	7299
2014/5/1	7830
2014/5/2	5876
2014/5/3	4394
2014/5/4	3789
2014/5/5	6589
2014/5/6	6364
2014/5/7	5850
2014/5/8	6124
2014/5/9	5645
2014/5/10	4409
2014/5/11	4387
2014/5/12	6689
2014/5/13	6130
2014/5/14	6231
2014/5/15	5689
2014/5/16	6169
2014/5/17	5013
2014/5/18	4480
2014/5/19	6128
2014/5/20	6422
2014/5/21	6499
2014/5/22	5826
2014/5/23	5514
2014/5/24	3820
2014/5/25	4537
2014/5/26	4766
2014/5/27	7054
2014/5/28	6204
2014/5/29	5959
2014/5/30	6314
2014/5/31	4615
2014/6/1	4577
2014/6/2	6354
2014/6/3	6236
2014/6/4	6354
2014/6/5	5928
2014/6/6	5923
2014/6/7	4662
2014/6/8	4459
2014/6/9	6786
2014/6/10	6829
2014/6/11	6262
2014/6/12	6042
2014/6/13	6435
2014/6/14	4800
2014/6/15	4861
2014/6/16	7031
2014/6/17	6865
2014/6/18	7051
2014/6/19	6536
2014/6/20	6351
2014/6/21	5035
2014/6/22	4497
2014/6/23	6540
2014/6/24	7141
2014/6/25	6369
2014/6/26	6608
2014/6/27	6230
2014/6/28	4651
2014/6/29	4418
2014/6/30	6510
2014/7/1	6620
2014/7/2	6735
2014/7/3	6396
2014/7/4	3371
2014/7/5	4505
2014/7/6	4241
2014/7/7	6816
2014/7/8	6929
2014/7/9	7499
2014/7/10	6572
2014/7/11	6021
2014/7/12	4399
2014/7/13	3936
2014/7/14	6579
2014/7/15	7083
2014/7/16	6703
2014/7/17	6338
2014/7/18	5968
2014/7/19	4319
2014/7/20	4194
2014/7/21	6399
2014/7/22	6163
2014/7/23	5982
2014/7/24	5997
2014/7/25	5703
2014/7/26	4489
2014/7/27	4096
2014/7/28	6567
2014/7/29	5992
2014/7/30	5869
2014/7/31	5593
2014/8/1	5480
2014/8/2	4161
2014/8/3	3913
2014/8/4	5285
2014/8/5	6382
2014/8/6	6002
2014/8/7	5808
2014/8/8	6033
2014/8/9	4333
2014/8/10	4080
2014/8/11	6224
2014/8/12	5727
2014/8/13	6202
2014/8/14	5526
2014/8/15	5250
2014/8/16	4610
2014/8/17	3945
2014/8/18	5953
2014/8/19	6133
2014/8/20	5905
2014/8/21	5418
2014/8/22	5058
2014/8/23	4530
2014/8/24	4202
2014/8/25	5764
2014/8/26	5909
2014/8/27	5435
2014/8/28	5756
2014/8/29	5200
2014/8/30	4034
2014/8/31	3904
2014/9/1	3938
2014/9/2	6461
2014/9/3	5951
2014/9/4	6350
2014/9/5	5935
2014/9/6	4431
2014/9/7	3923
2014/9/8	6255
2014/9/9	5572
2014/9/10	5690
2014/9/11	5663
2014/9/12	5403
2014/9/13	3688
2014/9/14	3509
2014/9/15	5585
2014/9/16	5863
2014/9/17	6192
2014/9/18	5858
2014/9/19	5580
2014/9/20	4581
2014/9/21	4054
2014/9/22	5996
2014/9/23	5637
2014/9/24	5713
2014/9/25	4667
2014/9/26	5411
2014/9/27	4577
2014/9/28	3882
2014/9/29	6350
2014/9/30	5498
2014/10/1	5762
2014/10/2	5580
2014/10/3	5335
2014/10/4	4085
2014/10/5	4065
2014/10/6	6171
2014/10/7	5949
2014/10/8	5727
2014/10/9	5391
2014/10/10	5309
2014/10/11	4001
2014/10/12	4030
2014/10/13	4056
2014/10/14	5831
2014/10/15	5690
2014/10/16	5723
2014/10/17	5465
2014/10/18	4192
2014/10/19	4631
2014/10/20	7877
2014/10/21	6176
2014/10/22	6057
2014/10/23	7219
2014/10/24	6348
2014/10/25	4697
2014/10/26	4190
2014/10/27	6659
2014/10/28	6180
2014/10/29	5577
2014/10/30	6634
2014/10/31	6423
2014/11/1	5617
2014/11/2	6329
2014/11/3	7773
2014/11/4	5345
2014/11/5	6008
2014/11/6	6096
2014/11/7	6251
2014/11/8	5382
2014/11/9	4199
2014/11/10	6573
2014/11/11	4772
2014/11/12	5812
2014/11/13	7107
2014/11/14	7077
2014/11/15	5905
2014/11/16	5101
2014/11/17	7198
2014/11/18	9068
2014/11/19	9013
2014/11/20	7080
2014/11/21	7065
2014/11/22	4853
2014/11/23	4015
2014/11/24	6046
2014/11/25	5331
2014/11/26	5534
2014/11/27	3557
2014/11/28	5226
2014/11/29	4583
2014/11/30	4161
2014/12/1	6873
2014/12/2	6952
2014/12/3	6222
2014/12/4	6592
2014/12/5	6030
2014/12/6	4277
2014/12/7	4894
2014/12/8	8141
2014/12/9	8905
2014/12/10	6958
2014/12/11	6465
2014/12/12	6399
2014/12/13	4765
2014/12/14	4101
2014/12/15	6228
2014/12/16	6100
2014/12/17	5834
2014/12/18	5938
2014/12/19	5521
2014/12/20	4506
2014/12/21	4136
2014/12/22	6216
2014/12/23	4966
2014/12/24	4213
2014/12/25	2940
2014/12/26	4104
2014/12/27	3477
2014/12/28	3659
2014/12/29	6685
2014/12/30	6327
2014/12/31	5214
2015/1/1	4178
2015/1/2	5338
2015/1/3	4139
2015/1/4	3867
2015/1/5	7123
2015/1/6	7633
2015/1/7	8990
2015/1/8	11318
2015/1/9	8018
2015/1/10	6005
2015/1/11	5318
2015/1/12	6591
2015/1/13	6952
2015/1/14	6101
2015/1/15	5435
2015/1/16	5836
2015/1/17	5071
2015/1/18	4481
2015/1/19	4877
2015/1/20	6356
2015/1/21	6900
2015/1/22	6504
2015/1/23	6338
2015/1/24	4689
2015/1/25	4150
2015/1/26	6084
2015/1/27	4972
2015/1/28	7634
2015/1/29	7009
2015/1/30	6144
2015/1/31	6399
2015/2/1	4891
2015/2/2	7182
2015/2/3	9393
2015/2/4	8296
2015/2/5	7393
2015/2/6	7525
2015/2/7	5000
2015/2/8	4793
2015/2/9	6980
2015/2/10	6710
2015/2/11	6668
2015/2/12	6526
2015/2/13	7557
2015/2/14	5323
2015/2/15	6172
2015/2/16	10434
2015/2/17	8477
2015/2/18	7541
2015/2/19	7900
2015/2/20	9438
2015/2/21	6378
2015/2/22	5803
2015/2/23	8923
2015/2/24	9105
2015/2/25	7907
2015/2/26	7698
2015/2/27	6970
2015/2/28	5537
2015/3/1	4824
2015/3/2	7383
2015/3/3	7680
2015/3/4	7877
2015/3/5	6691
2015/3/6	7467
2015/3/7	5514
2015/3/8	4932
2015/3/9	7763
2015/3/10	8218
2015/3/11	8221
2015/3/12	8226
2015/3/13	7143
2015/3/14	5287
2015/3/15	5177
2015/3/16	7744
2015/3/17	7432
2015/3/18	7923
2015/3/19	7373
2015/3/20	6593
2015/3/21	4956
2015/3/22	4580
2015/3/23	7390
2015/3/24	6956
2015/3/25	6585
2015/3/26	6607
2015/3/27	6905
2015/3/28	4769
2015/3/29	4515
2015/3/30	7073
2015/3/31	7104
2015/4/1	6801
2015/4/2	6459
2015/4/3	5602
2015/4/4	4448
2015/4/5	3815
2015/4/6	6761
2015/4/7	6892
2015/4/8	6985
2015/4/9	6614
2015/4/10	5957
2015/4/11	4529
2015/4/12	4382
2015/4/13	6509
2015/4/14	6593
2015/4/15	6677
2015/4/16	6440
2015/4/17	6386
2015/4/18	5183
2015/4/19	4597
2015/4/20	7209
2015/4/21	6786
2015/4/22	6715
2015/4/23	7201
2015/4/24	6692
2015/4/25	4983
2015/4/26	4551
2015/4/27	6847
2015/4/28	6727
2015/4/29	6915
2015/4/30	6354
2015/5/1	6349
2015/5/2	4523
2015/5/3	5025
2015/5/4	6926
2015/5/5	6964
2015/5/6	6757
2015/5/7	6706
2015/5/8	6176
2015/5/9	5065
2015/5/10	5175
2015/5/11	7190
2015/5/12	7115
2015/5/13	6293
2015/5/14	6596
2015/5/15	6096
2015/5/16	4551
2015/5/17	4807
2015/5/18	6755
2015/5/19	6776
2015/5/20	6675
2015/5/21	6250
2015/5/22	5528
2015/5/23	4643
2015/5/24	4696
2015/5/25	4963
2015/5/26	7288
2015/5/27	6895
2015/5/28	7068
2015/5/29	6660
2015/5/30	5492
2015/5/31	5135
2015/6/1	7533
2015/6/2	6724
2015/6/3	6957
2015/6/4	6448
2015/6/5	6101
2015/6/6	5435
2015/6/7	5235
2015/6/8	6993
2015/6/9	6909
2015/6/10	7055
2015/6/11	6993
2015/6/12	6994
2015/6/13	5536
2015/6/14	5136
2015/6/15	7988
2015/6/16	7814
2015/6/17	7207
2015/6/18	6716
2015/6/19	6650
2015/6/20	5096
2015/6/21	5104
2015/6/22	7555
2015/6/23	7549
2015/6/24	7909
2015/6/25	7385
2015/6/26	6640
2015/6/27	4538
2015/6/28	5077
2015/6/29	8042
2015/6/30	7206
2015/7/1	7537
2015/7/2	6248
2015/7/3	4758
2015/7/4	4345
2015/7/5	4587
2015/7/6	6840
2015/7/7	6948
2015/7/8	6938
2015/7/9	6480
2015/7/10	6099
2015/7/11	4984
2015/7/12	4936
2015/7/13	7312
2015/7/14	7041
2015/7/15	7240
2015/7/16	6943
2015/7/17	6168
2015/7/18	4979
2015/7/19	5068
2015/7/20	7995
2015/7/21	7360
2015/7/22	6798
2015/7/23	6868
2015/7/24	6031
2015/7/25	5060
2015/7/26	4409
2015/7/27	7255
2015/7/28	6626
2015/7/29	6994
2015/7/30	6858
2015/7/31	6563
2015/8/1	5035
2015/8/2	4832
2015/8/3	6917
2015/8/4	7043
2015/8/5	7135
2015/8/6	6548
2015/8/7	6302
2015/8/8	5062
2015/8/9	4689
2015/8/10	6954
2015/8/11	6230
2015/8/12	6441
2015/8/13	6365
2015/8/14	5950
2015/8/15	4881
2015/8/16	4546
2015/8/17	6539
2015/8/18	7054
2015/8/19	6875
2015/8/20	6201
2015/8/21	6081
2015/8/22	4902
2015/8/23	4692
2015/8/24	6482
2015/8/25	6652
2015/8/26	6276
2015/8/27	6284
2015/8/28	5960
2015/8/29	5316
2015/8/30	4454
2015/8/31	6714
2015/9/1	7755
2015/9/2	6553
2015/9/3	6086
2015/9/4	6127
2015/9/5	4888
2015/9/6	5076
2015/9/7	4871
2015/9/8	7044
2015/9/9	6805
2015/9/10	6583
2015/9/11	6575
2015/9/12	4780
2015/9/13	4575
2015/9/14	6574
2015/9/15	6438
2015/9/16	6651
2015/9/17	6649
2015/9/18	6369
2015/9/19	5428
2015/9/20	4695
2015/9/21	6993
2015/9/22	6440
2015/9/23	6401
2015/9/24	6227
2015/9/25	5894
2015/9/26	5240
2015/9/27	4864
2015/9/28	6527
2015/9/29	6136
2015/9/30	6858
2015/10/1	6067
2015/10/2	6773
2015/10/3	7156
2015/10/4	5495
2015/10/5	7074
2015/10/6	6408
2015/10/7	6814
2015/10/8	6475
2015/10/9	5958
2015/10/10	4585
2015/10/11	4505
2015/10/12	4836
2015/10/13	7086
2015/10/14	6234
2015/10/15	6458
2015/10/16	6658
2015/10/17	6274
2015/10/18	7223
2015/10/19	9662
2015/10/20	7317
2015/10/21	6506
2015/10/22	6055
2015/10/23	6361
2015/10/24	5847
2015/10/25	4572
2015/10/26	7375
2015/10/27	7190
2015/10/28	6657
2015/10/29	6439
2015/10/30	6309
2015/10/31	5388
2015/11/1	4543
2015/11/2	6611
2015/11/3	5956
2015/11/4	6404
2015/11/5	6363
2015/11/6	6327
2015/11/7	4948
2015/11/8	4685
2015/11/9	7480
2015/11/10	6213
2015/11/11	4596
2015/11/12	5457
2015/11/13	9819
2015/11/14	6159
2015/11/15	5154
2015/11/16	6921
2015/11/17	7492
2015/11/18	7138
2015/11/19	6285
2015/11/20	6784
2015/11/21	5486
2015/11/22	5260
2015/11/23	8420
2015/11/24	7712
2015/11/25	6070
2015/11/26	3614
2015/11/27	4525
2015/11/28	4089
2015/11/29	4729
2015/11/30	7854
2015/12/1	6847
2015/12/2	6501
2015/12/3	6982
2015/12/4	6788
2015/12/5	5086
2015/12/6	4703
2015/12/7	7173
2015/12/8	6593
2015/12/9	6468
2015/12/10	6004
2015/12/11	5816
2015/12/12	4953
2015/12/13	4223
2015/12/14	6355
2015/12/15	6385
2015/12/16	6250
2015/12/17	5822
2015/12/18	5932
2015/12/19	5852
2015/12/20	4846
2015/12/21	6475
2015/12/22	5307
2015/12/23	5279
2015/12/24	4526
2015/12/25	3235
2015/12/26	3339
2015/12/27	3854
2015/12/28	6672
2015/12/29	6712
2015/12/30	6280
2015/12/31	4675
2016/1/1	4324
2016/1/2	4529
2016/1/3	4816
2016/1/4	9061
2016/1/5	12011
2016/1/6	8416
2016/1/7	7120
2016/1/8	6401
2016/1/9	5002
2016/1/10	4829
2016/1/11	7887
2016/1/12	7493
2016/1/13	8545
2016/1/14	7678
2016/1/15	5959
2016/1/16	4354
2016/1/17	4411
2016/1/18	6261
2016/1/19	10338
2016/1/20	7849
2016/1/21	7504
2016/1/22	9190
2016/1/23	5215
2016/1/24	4512
2016/1/25	8182
2016/1/26	8445
2016/1/27	8223
2016/1/28	6729
2016/1/29	6425
2016/1/30	5017
2016/1/31	4610
2016/2/1	6494
2016/2/2	6652
2016/2/3	6509
2016/2/4	6818
2016/2/5	6276
2016/2/6	4848
2016/2/7	4687
2016/2/8	6562
2016/2/9	6942
2016/2/10	6968
2016/2/11	7344
2016/2/12	8785
2016/2/13	7567
2016/2/14	9907
2016/2/15	8736
2016/2/16	9271
2016/2/17	7557
2016/2/18	7282
2016/2/19	6969
2016/2/20	5052
2016/2/21	4520
2016/2/22	7179
2016/2/23	6967
2016/2/24	7507
2016/2/25	7765
2016/2/26	7323
2016/2/27	5333
2016/2/28	4638
2016/2/29	6957
2016/3/1	6800
2016/3/2	6847
2016/3/3	7043
2016/3/4	6221
2016/3/5	5262
2016/3/6	4572
2016/3/7	6802
2016/3/8	6990
2016/3/9	6766
2016/3/10	6897
2016/3/11	7006
2016/3/12	5174
2016/3/13	4687
2016/3/14	6956
2016/3/15	7084
2016/3/16	6707
2016/3/17	7140
2016/3/18	6537
2016/3/19	5389
2016/3/20	5001
2016/3/21	6408
2016/3/22	6822
2016/3/23	6819
2016/3/24	6388
2016/3/25	5629
2016/3/26	5089
2016/3/27	4549
2016/3/28	6006
2016/3/29	7647
2016/3/30	7283
2016/3/31	6659
2016/4/1	6402
2016/4/2	5206
2016/4/3	6231
2016/4/4	6948
2016/4/5	7520
2016/4/6	6798
2016/4/7	6298
2016/4/8	6600
2016/4/9	4875
2016/4/10	4707
2016/4/11	6690
2016/4/12	6542
2016/4/13	6480
2016/4/14	6505
2016/4/15	6428
2016/4/16	5074
2016/4/17	5010
2016/4/18	6716
2016/4/19	6800
2016/4/20	6469
2016/4/21	5995
2016/4/22	6684
2016/4/23	4938
2016/4/24	4745
2016/4/25	6585
2016/4/26	6219
2016/4/27	6235
2016/4/28	6309
2016/4/29	6174
2016/4/30	5458
2016/5/1	4672
2016/5/2	6858
2016/5/3	7262
2016/5/4	6722
2016/5/5	6798
2016/5/6	6657
2016/5/7	6923
2016/5/8	4774
2016/5/9	7492
2016/5/10	6660
2016/5/11	7036
2016/5/12	6907
2016/5/13	6204
2016/5/14	5612
2016/5/15	4905
2016/5/16	7003
2016/5/17	6582
2016/5/18	6578
2016/5/19	6609
2016/5/20	7105
2016/5/21	5515
2016/5/22	5344
2016/5/23	7161
2016/5/24	6814
2016/5/25	7351
2016/5/26	7237
2016/5/27	6514
2016/5/28	5438
2016/5/29	5391
2016/5/30	4815
2016/5/31	8187
2016/6/1	7459
2016/6/2	7111
2016/6/3	6613
2016/6/4	5702
2016/6/5	4937
2016/6/6	7862
2016/6/7	7407
2016/6/8	6778
2016/6/9	6896
2016/6/10	7003
2016/6/11	6026
2016/6/12	5369
2016/6/13	7288
2016/6/14	7748
2016/6/15	7689
2016/6/16	6912
2016/6/17	6893
2016/6/18	6193
2016/6/19	6304
2016/6/20	7694
2016/6/21	7492
2016/6/22	7194
2016/6/23	7099
2016/6/24	6913
2016/6/25	5905
2016/6/26	5640
2016/6/27	7252
2016/6/28	7441
2016/6/29	7942
2016/6/30	6832
2016/7/1	6291
2016/7/2	5236
2016/7/3	5682
2016/7/4	5032
2016/7/5	7538
2016/7/6	7268
2016/7/7	6959
2016/7/8	6259
2016/7/9	5298
2016/7/10	5315
2016/7/11	7476
2016/7/12	7215
2016/7/13	6974
2016/7/14	7146
2016/7/15	7151
2016/7/16	5386
2016/7/17	5473
2016/7/18	7734
2016/7/19	7618
2016/7/20	6829
2016/7/21	6991
2016/7/22	6775
2016/7/23	5300
2016/7/24	5159
2016/7/25	7890
2016/7/26	7840
2016/7/27	6878
2016/7/28	6908
2016/7/29	6721
2016/7/30	5245
2016/7/31	4759
2016/8/1	7365
2016/8/2	7248
2016/8/3	6968
2016/8/4	6670
2016/8/5	6549
2016/8/6	5472
2016/8/7	5462
2016/8/8	7149
2016/8/9	7052
2016/8/10	6514
2016/8/11	6807
2016/8/12	6771
2016/8/13	5693
2016/8/14	5543
2016/8/15	7563
2016/8/16	7054
2016/8/17	6999
2016/8/18	6526
2016/8/19	6496
2016/8/20	5311
2016/8/21	4571
2016/8/22	7089
2016/8/23	6836
2016/8/24	6435
2016/8/25	6473
2016/8/26	5671
2016/8/27	5189
2016/8/28	5091
2016/8/29	7123
2016/8/30	6767
2016/8/31	6801
2016/9/1	6222
2016/9/2	6194
2016/9/3	5619
2016/9/4	5254
2016/9/5	4714
2016/9/6	7118
2016/9/7	6855
2016/9/8	7230
2016/9/9	6846
2016/9/10	5604
2016/9/11	5403
2016/9/12	6956
2016/9/13	6923
2016/9/14	6733
2016/9/15	6969
2016/9/16	6495
2016/9/17	5699
2016/9/18	5164
2016/9/19	5716
2016/9/20	7190
2016/9/21	7542
2016/9/22	6866
2016/9/23	6265
2016/9/24	5338
2016/9/25	5161
2016/9/26	6424
2016/9/27	6534
2016/9/28	6364
2016/9/29	6036
2016/9/30	5601
2016/10/1	5106
2016/10/2	4709
2016/10/3	6206
2016/10/4	5955
2016/10/5	6463
2016/10/6	6473
2016/10/7	6163
2016/10/8	4967
2016/10/9	4326
2016/10/10	5623
2016/10/11	7895
2016/10/12	6353
2016/10/13	6606
2016/10/14	6890
2016/10/15	5138
2016/10/16	4546
2016/10/17	7656
2016/10/18	6829
2016/10/19	6204
2016/10/20	5884
2016/10/21	6393
2016/10/22	5861
2016/10/23	5923
2016/10/24	7866
2016/10/25	8980
2016/10/26	8908
2016/10/27	8074
2016/10/28	7108
2016/10/29	5881
2016/10/30	5370
2016/10/31	7575
2016/11/1	7380
2016/11/2	6982
2016/11/3	6691
2016/11/4	6528
2016/11/5	5523
2016/11/6	3385
2016/11/7	8642
2016/11/8	5373
2016/11/9	5481
2016/11/10	6420
2016/11/11	5794
2016/11/12	5854
2016/11/13	4474
2016/11/14	6974
2016/11/15	7213
2016/11/16	6947
2016/11/17	6704
2016/11/18	6595
2016/11/19	5322
2016/11/20	6180
2016/11/21	9430
2016/11/22	8146
2016/11/23	6253
2016/11/24	4018
2016/11/25	5034
2016/11/26	4544
2016/11/27	4442
2016/11/28	7156
2016/11/29	7219
2016/11/30	7086
2016/12/1	7302
2016/12/2	7182
2016/12/3	5637
2016/12/4	5484
2016/12/5	7236
2016/12/6	7437
2016/12/7	7361
2016/12/8	6904
2016/12/9	8042
2016/12/10	6307
2016/12/11	5959
2016/12/12	7209
2016/12/13	7291
2016/12/14	7137
2016/12/15	9285
2016/12/16	9614
2016/12/17	6034
2016/12/18	5317
2016/12/19	7842
2016/12/20	8117
2016/12/21	7136
2016/12/22	6407
2016/12/23	5524
2016/12/24	3929
2016/12/25	3570
2016/12/26	4172
2016/12/27	6257
2016/12/28	6937
2016/12/29	6330
2016/12/30	6070
2016/12/31	4196
2017/1/1	4263
2017/1/2	4275
2017/1/3	7161
2017/1/4	7244
2017/1/5	7679
2017/1/6	6487
2017/1/7	5744
2017/1/8	6620
2017/1/9	9928
2017/1/10	8880
2017/1/11	6741
2017/1/12	6878
2017/1/13	6696
2017/1/14	5475
2017/1/15	4791
2017/1/16	5798
2017/1/17	6929
2017/1/18	6837
2017/1/19	7343
2017/1/20	6344
2017/1/21	5245
2017/1/22	5102
2017/1/23	8017
2017/1/24	8652
2017/1/25	7854
2017/1/26	7063
2017/1/27	7133
2017/1/28	5863
2017/1/29	5110
2017/1/30	7485
2017/1/31	7253
2017/2/1	7661
2017/2/2	7053
2017/2/3	6666
2017/2/4	5431
2017/2/5	4874
2017/2/6	7220
2017/2/7	6776
2017/2/8	6534
2017/2/9	5923
2017/2/10	8003
2017/2/11	5464
2017/2/12	5005
2017/2/13	7970
2017/2/14	6831
2017/2/15	7267
2017/2/16	7096
2017/2/17	6678
2017/2/18	5211
2017/2/19	4917
2017/2/20	5135
2017/2/21	7151
2017/2/22	6729
2017/2/23	6764
2017/2/24	6596
2017/2/25	5047
2017/2/26	5051
2017/2/27	7030
2017/2/28	6583
2017/3/1	6093
2017/3/2	7351
2017/3/3	6974
2017/3/4	6103
2017/3/5	5950
2017/3/6	7113
2017/3/7	6458
2017/3/8	6618
2017/3/9	5927
2017/3/10	6250
2017/3/11	5594
2017/3/12	5662
2017/3/13	7426
2017/3/14	5454
2017/3/15	10499
2017/3/16	9348
2017/3/17	7194
2017/3/18	5169
2017/3/19	5188
2017/3/20	7274
2017/3/21	6980
2017/3/22	7132
2017/3/23	5644
2017/3/24	6338
2017/3/25	5264
2017/3/26	4888
2017/3/27	7199
2017/3/28	7000
2017/3/29	6661
2017/3/30	6833
2017/3/31	6683
2017/4/1	5361
2017/4/2	5379
2017/4/3	7519
2017/4/4	132
