2012/07	NYPD	25873
2015/01	LPC	1
2012/06	DOHMH	4752
2013/09	3-1-1	81
2016/07	DOF	5066
2015/09	DCA	1632
2016/02	DOF	8076
2016/06	DCP	5
2014/10	NYCPPF	1
2015/11	MOVA	1
2014/08	EDC	110
2016/06	DOF	7318
2016/11	DPR	5001
2012/10	DSNY	9169
2016/07	TLC	2133
2010/03	DOHMH	3843
2017/04	3-1-1	9
2016/03	CAU	2
2010/08	DEP	14593
2016/08	DPR	11459
2010/06	DOT	25234
2012/05	FDNY	602
2014/08	DPR	10704
2012/08	DOT	20694
2010/12	TLC	1935
2012/12	NYPD	25084
2012/02	TLC	1685
2012/11	HRA	769
2014/01	HPD	99852
2016/05	HPD	34651
2015/03	SBS	1
2016/02	MOIA	1
2013/01	DOHMH	3573
2013/05	DOP	4
2013/02	3-1-1	62
2015/04	EDC	260
2014/07	DPR	14417
2015/04	HPD	45622
2013/03	HRA	799
2011/12	TLC	1981
2015/04	OATH	12
2014/11	DEP	11563
2009/03	NYPD	11675
2016/04	DOHMH	5128
2010/01	DFTA	892
2013/12	NYCEM	23
2012/07	DOHMH	5160
2016/04	DCP	8
2016/12	DHS	2721
2017/04	DOB	517
2010/07	NYPD	23603
2014/01	DOE	212
2016/06	CCRB	1
2016/07	DOITT	161
2014/10	DOT	21404
2011/12	DOB	7093
2014/12	HRA	1806
2012/06	TLC	1938
2016/01	OPS	2
2016/06	EDC	82
2014/02	NYCPPF	1
2015/01	DPR	3155
2012/01	DEP	9204
2013/08	DOE	48
2015/12	DHS	1100
2015/01	DFTA	705
2011/03	DOT	35323
2015/07	DFTA	927
2014/03	HPD	54665
2016/12	DOT	20173
2011/12	SBS	1
2016/07	DPR	14098
2013/04	DOT	24507
2015/10	DFTA	834
2013/07	DOP	5
2015/10	DHS	611
2016/01	DOHMH	4268
2012/12	HRA	684
2011/03	DOITT	118
2015/06	ACS	1
2016/10	OPS	2
2010/03	DCA	2203
2012/09	OAE	1
2012/09	NYPD	30592
2014/10	DEP	13402
2016/08	DCP	4
2011/09	DOT	23372
2015/04	DOHMH	4718
2015/06	OATH	5
2013/12	FDNY	535
2012/02	DOT	19982
2013/03	FDNY	574
2016/08	ACS	39
2014/01	DOF	9106
2013/08	HPD	33495
2014/02	OATH	18
2014/04	EDC	111
2012/04	NYPD	23684
2012/01	DOF	8504
2013/08	DOF	6560
2014/10	TLC	1836
2014/04	DSNY	9790
2015/11	DOT	18831
2016/10	NYPD	58795
2017/03	DFTA	926
2013/02	DOE	109
2015/03	DCA	1733
2010/06	DEP	17789
2016/11	LAW	1
2012/03	DOB	7936
2010/09	DOITT	80
2017/01	DOF	7531
2013/02	TLC	1399
2014/08	DOITT	50
2014/12	3-1-1	93
2012/05	DPR	8890
2016/07	DCP	4
2012/06	DEP	18325
2016/12	DSNY	13355
2014/09	HPD	32782
2009/02	3-1-1	33
2015/09	OCME	1
2014/01	DEP	13948
2012/04	3-1-1	919
2013/05	CHALL	83
2015/08	NYCEM	23
2013/02	NYCOOA	1
2015/01	FDNY	577
2016/03	NYPD	49246
2016/05	CCRB	1
2014/01	NYPD	27738
2015/05	DSNY	11963
2017/02	NYPD	46015
2013/10	EDC	110
2015/05	AJC	1
2016/08	3-1-1	103
2012/02	COIB	1
2009/02	DOE	498
2012/10	NYPD	24815
2015/12	OATH	11
2016/05	CHALL	2
2014/08	DOP	2
2017/04	HPD	3615
2016/07	DFTA	844
2013/02	OPS	208
2016/03	DOB	7460
2016/12	COIB	3
2010/09	3-1-1	27
2016/11	NYPD	51649
2014/01	DCAS	1
2017/01	DFTA	839
2011/01	DOT	23835
2016/04	DOF	4658
2014/10	DCA	1641
2017/03	DOHMH	4652
2016/10	FDNY	586
2010/05	DHS	2695
2013/01	DCLA	1
2016/07	DOB	8090
2012/12	CHALL	1
2010/10	DCA	1858
2017/04	DOE	9
2015/04	TLC	1867
2015/10	NYPD	50012
2015/09	DSNY	13318
2016/01	DOB	6191
2011/06	HPD	37233
2013/02	DYCD	1
2015/02	HPD	83504
2011/11	FDNY	345
2009/01	NYPD	9675
2010/12	DOT	22532
2014/09	FDNY	672
2011/04	DOITT	120
2016/07	DSNY	15454
2010/03	DEP	13622
2016/01	DOITT	18
2010/09	DOE	370
2016/06	3-1-1	120
2010/07	HPD	39302
2012/12	OATH	3
2016/02	DOB	6552
2015/12	DOF	6232
2013/08	OATH	3
2014/08	CCRB	1
2015/11	DEP	13542
2013/05	DOT	23760
2010/11	DFTA	1009
2014/04	NYCOOA	1
2015/03	DYCD	1
2010/06	DSNY	11678
2013/04	MOIA	2
2015/07	MOPD	3
2013/01	NYCEM	17
2013/07	SBS	1
2016/04	DOE	99
2010/10	DOITT	96
2016/06	ACS	8
2015/11	3-1-1	92
2016/06	FDNY	643
2014/06	DEP	16138
2016/02	FDNY	605
2011/09	DOITT	92
2016/09	DPR	9489
2017/04	DOF	398
2017/03	ACS	47
2016/03	TLC	2297
2014/06	NYPD	48637
2011/12	DOF	7954
2013/07	DOT	21541
2012/11	DOE	124
2011/05	DHS	2884
2012/01	DOE	182
2012/06	HPD	31807
2016/10	DEP	14678
2011/01	DSNY	13495
2016/07	CHALL	116
2013/07	HPD	37942
2013/06	DOITT	29
2010/09	DFTA	1079
2013/11	DSNY	8315
2016/12	DOP	2
2013/04	CHALL	8
2013/11	EDC	63
2011/07	DHS	2524
2014/02	DHS	90
2012/06	DSNY	10978
2014/09	DPR	8361
2010/07	DHS	2858
2015/03	DOT	46164
2011/10	DOHMH	3498
2012/07	COIB	2
2009/01	DEP	16848
2015/12	DOE	98
2011/10	DCA	1640
2017/01	MOIA	1
2016/01	FDNY	577
2010/09	DOF	4717
2016/10	EDC	91
2010/06	TLC	2308
2014/11	TLC	1723
2014/06	DSNY	12904
2016/10	DCA	1479
2013/04	DOP	6
2013/06	EMTF	1
2014/09	DSNY	11639
2017/04	DEP	1413
2014/11	EDC	134
2014/01	EDC	49
2012/07	EDC	23
2013/05	OPS	28
2016/02	DFTA	812
2011/12	DOE	143
2014/11	AJC	1
2014/02	DOT	33686
2012/01	DOB	7350
2011/06	EDC	154
2010/03	DHS	3123
2013/07	OCME	1
2013/10	DPR	7362
2014/09	OPS	1
2012/12	DCAS	1
2015/03	EDC	53
2015/03	DPR	3377
2013/03	DSNY	10378
2015/02	OATH	11
2015/02	DPR	1886
2013/03	ACS	1
2015/08	FDNY	571
2012/10	MOC	1
2012/10	FDNY	624
2016/03	3-1-1	112
2012/02	DPR	2258
2010/03	DOT	43684
2011/09	DEP	13127
2015/09	DHS	874
2016/03	DOE	114
2012/07	DOITT	128
2014/12	DFTA	645
2013/07	3-1-1	79
2012/01	FDNY	356
2015/06	DCAS	1
2014/03	3-1-1	95
2016/06	HRA	1738
2013/07	CCRB	1
2012/09	MOIA	1
2016/11	DHS	2683
2010/10	DEP	12289
2014/04	TLC	1676
2011/10	DHS	2132
2016/08	CHALL	182
2013/09	NYPD	33535
2012/02	DYCD	1
2012/09	CAU	1
2017/01	FDNY	291
2012/04	HRA	137
2016/10	COIB	1
2016/05	DPR	9965
2016/11	MOIA	2
2016/04	TLC	2345
2011/04	NYPD	22214
2015/09	DOT	23160
2016/09	HRA	2226
2012/08	DFTA	956
2009/01	DFTA	36
2016/10	HPD	54702
2015/01	OATH	9
2014/10	LAW	2
2011/02	HPD	58267
2016/08	DOHMH	7466
2015/08	HPD	37317
2012/03	IA	1
2010/01	DCA	1713
2016/02	CHALL	2
2015/03	CAU	1
2010/01	DEP	11272
2016/03	HPD	47813
2014/09	NYCSERVICE	1
2012/06	DOT	22161
2015/12	DOC	1
2015/01	DSNY	11038
2016/03	DOF	7238
2013/02	HPD	59658
2011/12	COIB	1
2016/01	MOIA	2
2012/01	MOVA	1
2013/11	FDNY	549
2013/04	FDNY	626
2011/02	DCA	1541
2014/01	DCA	1594
2011/02	DEP	10810
2014/09	EDC	105
2013/11	OATH	1
2017/03	DEP	13424
2013/09	DOE	138
2013/03	DOITT	44
2015/05	3-1-1	119
2016/12	HPD	74733
2016/01	DOF	6493
2012/11	DOF	4768
2015/10	DOE	116
2016/05	DSNY	13674
2010/11	EDC	47
2011/02	EDC	54
2011/06	DOT	22974
2014/10	DPR	7573
2011/07	EDC	80
2013/04	DOHMH	3972
2016/09	DOITT	129
2016/01	MOPD	2
2015/12	NYPD	48464
2012/11	NYCEM	16
2013/11	DOHMH	3262
2010/06	DCA	2156
2013/01	DCA	1489
2015/10	3-1-1	121
2011/02	DOT	33270
2016/12	NYCHA	2
2013/09	DHS	102
2015/12	DOB	6627
2016/12	NYCOOA	1
2011/10	HPD	68281
2013/04	HPD	41860
2012/09	DOF	5860
2017/02	DPR	4403
2013/05	DPR	9947
2014/10	MOPD	1
2014/04	DOT	28788
2013/11	DOT	20710
2013/04	LAW	1
2015/02	EDC	37
2014/02	DSNY	16233
2016/04	HRA	2007
2010/10	DOT	24668
2015/10	HPD	63194
2010/10	DFTA	1029
2016/12	FDNY	398
2012/09	HPD	33107
2016/04	3-1-1	122
2015/12	EDC	86
2013/02	DCA	1507
2010/01	HPD	81030
2014/11	HPD	72546
2015/03	DOP	4
2012/12	FDNY	458
2010/09	DOB	9956
2015/03	CHALL	2
2013/05	DOHMH	4472
2010/10	EDC	84
2017/04	EDC	3
2016/09	NYCERS	1
2014/03	DOITT	37
2016/08	NYPD	57039
2009/01	DOITT	86
2012/02	DOHMH	3214
2016/10	ACS	51
2016/02	DSNY	11854
2014/10	FDNY	615
2012/08	HPD	36429
2011/12	NYCEM	18
2013/09	MOIA	2
2017/02	DOHMH	4804
2014/02	DOP	5
2015/02	NYCPPF	1
2016/06	DOP	2
2015/01	AJC	2
2017/01	EDC	55
2011/04	3-1-1	40
2015/03	OATH	14
2014/07	NYPD	43439
2013/03	NYPD	25964
2011/11	3-1-1	999
2016/08	FDNY	617
2014/01	NYCEM	20
2012/08	DOB	8146
2009/02	DOB	9814
2009/01	DOB	10001
2009/02	DFTA	38
2013/10	DOITT	37
2014/09	3-1-1	98
2012/08	DEP	13703
2014/04	DFTA	780
2012/10	DOB	7179
2016/03	LOFT	1
2016/05	FDNY	584
2011/04	HPD	45254
2017/04	DCA	136
2014/10	COIB	1
2014/09	DOP	2
2015/09	DOP	1
2015/10	DOF	5013
2012/03	HPD	46817
2017/01	NYCEM	5
2015/07	HRA	1977
2014/09	OATH	8
2014/09	CHALL	3
2014/01	DPR	2678
2016/07	DOHMH	6859
2016/01	DOE	319
2011/03	HPD	62420
2010/04	TLC	2442
2016/01	DPR	4426
2010/01	DPR	2680
2016/02	DCA	1387
2011/03	EDC	70
2012/08	NYCEM	21
2012/04	DHS	335
2009/03	DOT	33037
2012/03	DFTA	964
2011/06	DSNY	11558
2015/05	NYPD	60100
2015/08	CCRB	1
2014/03	FDNY	621
2013/09	DOF	7480
2013/10	DHS	118
2009/03	TLC	2074
2012/06	DOP	3
2012/08	COIB	1
2013/08	CAU	1
2011/01	DPR	1827
2015/09	DOHMH	5616
2012/09	DOE	59
2013/04	DEP	11598
2015/03	MOIA	3
2011/12	DOITT	62
2011/07	DOE	107
2015/03	FDNY	684
2015/05	OPA	1
2010/09	NYPD	26522
2015/02	DOP	3
2014/07	DCA	2020
2012/03	DEP	10793
2016/06	DEP	16214
2013/07	TLC	1778
2013/01	EDC	32
2016/08	EDC	54
2011/03	DCA	2054
2013/09	HRA	1085
2012/07	HRA	278
2012/11	DOB	6422
2014/05	DOE	103
2015/01	DCA	1350
2013/08	DOP	6
2012/11	3-1-1	178
2015/10	CHALL	2
2010/02	DOT	25821
2017/02	OATH	2
2014/07	DHS	155
2012/01	3-1-1	921
2010/08	TLC	2233
2016/08	DHS	6151
2012/02	NYCEM	12
2014/07	DOT	24829
2012/03	DOT	22750
2012/09	DOB	6655
2013/11	OCHIA	1
2012/05	DOHMH	4595
2017/01	DOP	4
2016/06	TLC	2264
2014/12	OCME	1
2011/10	3-1-1	1208
2015/11	OCME	1
2015/08	NYCHA	1
2013/03	TLC	1759
2011/12	DCA	1512
2014/08	3-1-1	113
2013/02	NYCEM	21
2016/03	DEP	18988
2016/08	DOT	21176
2016/09	DCP	8
2013/11	DOP	5
2013/04	TLC	2012
2014/05	DOF	5719
2009/02	DPR	3130
2014/07	DOITT	33
2010/06	EDC	97
2015/03	OCME	1
2013/11	TLC	1557
2014/12	AJC	2
2013/10	CHALL	117
2013/03	DOT	26654
2011/08	DCA	1922
2010/06	DFTA	1147
2010/04	DOT	31861
2016/03	IA	1
2013/03	DFTA	743
2012/10	DOE	105
2015/12	3-1-1	109
2017/03	OCME	2
2012/05	DYCD	1
2014/12	OATH	11
2010/08	DOT	22709
2015/12	DEP	12765
2014/04	FDNY	641
2010/06	DOHMH	4703
2014/08	DHS	226
2011/07	DOHMH	4252
2015/06	DCA	2056
2017/04	DPR	511
2013/06	DCLA	1
2012/06	HRA	196
2012/05	NYPD	27569
2010/12	NYPD	20945
2015/07	NYCHA	2
2016/06	DOT	23866
2011/06	DOITT	115
2012/12	DEP	9701
2010/06	DOF	5844
2014/12	FDNY	499
2014/06	DFTA	778
2014/11	DCLA	4
2016/07	DOT	20256
2014/04	DOHMH	4224
2012/08	DOF	6665
2010/01	DSNY	11389
2011/01	DFTA	1100
2012/04	DOF	6469
2013/02	DFTA	806
2013/11	DCA	1462
2012/11	TLC	1779
2012/10	DOF	5269
2011/07	DOF	5603
2017/01	TLC	1656
2016/03	FDNY	646
2014/09	DOT	21205
2015/10	DOB	7861
2016/01	OPA	1
2015/07	3-1-1	117
2012/10	DOHMH	3584
2015/05	DOB	8126
2013/07	DOB	7812
2012/02	CCRB	1
2011/12	HRA	1
2015/07	FDNY	569
2014/08	OATH	10
2014/05	DCA	1927
2014/05	DEP	16311
2016/12	OATH	2
2014/06	TFA	1
2014/05	DFTA	829
2016/12	DOF	6192
2010/06	DOE	202
2015/02	MOFTB	3
2014/01	DOHMH	3667
2015/10	TLC	2751
2015/06	OPS	1
2012/08	DOE	57
2013/09	DOB	6932
2009/01	3-1-1	39
2015/06	CHALL	2
2013/07	EDC	32
2014/10	NYCEM	33
2012/04	DOE	104
2010/10	TLC	2321
2013/04	VAC	1
2010/03	DFTA	935
2015/05	HRA	1972
2015/03	DOITT	33
2010/09	DSNY	10586
2013/06	DCA	1815
2012/08	TLC	2079
2013/01	DEP	12877
2010/01	DHS	2935
2016/05	OATH	1
2013/04	DESIGNCOM	1
2015/02	DOT	25476
2013/07	MOIA	1
2013/10	DFTA	799
2015/03	DFTA	800
2015/08	DFTA	813
2013/07	OPS	14
2012/02	DOB	6820
2016/10	DFTA	697
2013/09	OPA	1
2016/04	DCA	1600
2015/02	NYCEM	18
2013/08	DOT	20003
2012/10	HRA	584
2015/07	NYPD	53666
2013/10	COIB	1
2013/02	NYPD	22102
2011/09	HPD	49812
2013/10	FDNY	743
2009/03	DPR	2825
2013/02	DPR	3512
2012/12	DCA	1512
2014/06	EDC	117
2015/11	DOB	7219
2013/06	HPD	33030
2013/08	TLC	1739
2016/06	HPD	31786
2016/06	NYCHA	2
2013/03	EDC	66
2016/01	MOFTB	1
2014/03	HRA	1295
2013/10	DOP	2
2015/03	OPS	1
2010/01	TLC	1655
2014/07	DOP	5
2011/06	NYPD	25608
2012/03	DOP	3
2015/06	DHS	472
2013/11	HRA	474
2017/01	DOT	22856
2012/06	SBS	1
2014/01	DOITT	30
2014/08	FDNY	589
2016/10	DSNY	13399
2013/12	DOHMH	2915
2013/12	OPS	2
2010/02	DSNY	16061
2014/12	NYCEM	19
2011/07	DPR	8978
2011/06	DOHMH	4676
2015/03	ACS	1
2012/02	DOE	107
2016/08	DOP	5
2013/08	DOITT	50
2013/03	DEP	10303
2014/09	DEP	12608
2014/11	OATH	5
2014/02	DPR	2646
2014/05	DOB	7430
2016/12	OPS	1
2016/02	DHS	978
2015/06	NYCOOA	1
2013/05	HPD	36311
2010/08	3-1-1	29
2013/03	DOP	5
2013/11	DEP	8980
2009/01	DOE	640
2013/12	DPR	2997
2012/08	3-1-1	604
2009/01	DPR	1581
2009/02	DCA	2264
2014/06	OATH	7
2016/06	EMTF	1
2016/03	DOP	4
2011/09	DSNY	11288
2012/12	DFTA	696
2017/03	NYCHA	1
2016/03	DCA	1553
2014/12	CHALL	1
2010/08	DPR	8733
2013/04	EDC	47
2016/07	DOP	4
2013/09	DPR	7704
2014/12	HPD	63570
2016/07	NYCEM	8
2012/05	DSNY	9720
2011/04	EDC	159
2016/10	OATH	1
2015/02	DEP	15200
2016/08	NYCEM	6
2015/09	DPR	9679
2015/10	DOITT	21
2012/07	DCA	1935
2014/10	DOITT	51
2011/11	NYPD	21660
2012/07	DOB	7901
2012/11	HPD	71607
2016/11	NYCEM	5
2015/01	DOF	6771
2016/03	DFTA	869
2010/09	HPD	39283
2016/12	DOE	134
2010/06	DOB	9910
2015/06	EDC	123
2014/10	DHS	234
2012/04	DOB	7347
2014/05	HPD	35092
2014/08	DOHMH	5142
2013/05	DOB	7467
2011/02	DOHMH	3290
2013/01	TLC	1446
2010/09	DEP	12928
2014/02	LOFT	1
2011/07	DOB	7627
2011/04	DOB	6971
2013/06	DEP	14785
2010/11	DOT	21458
2016/04	DFTA	715
2010/07	TLC	2143
2016/09	FDNY	693
2014/10	MOIA	1
2015/05	DOHMH	5391
2012/08	OCHIA	1
2014/06	DOC	1
2015/01	DOE	148
2013/07	DSNY	11728
2015/06	DOT	29863
2011/01	TLC	1649
2015/05	DOF	5132
2012/04	NYCEM	12
2012/11	OATH	1
2013/01	3-1-1	72
2016/02	DEP	16788
2013/07	DOF	6728
2013/05	DOITT	32
2014/10	OATH	10
2013/12	DCA	1714
2011/07	DSNY	11954
2012/07	DOC	1
2016/09	NYCHA	1
2016/04	COIB	5
2013/01	HPD	79550
2014/07	OATH	7
2016/04	FDNY	609
2016/12	DOB	6945
2017/03	EDC	52
2016/09	NYCEM	12
2011/05	DCA	1997
2016/10	DPR	7161
2015/11	DOE	138
2014/04	DCA	1874
2011/12	DHS	1739
2014/06	TLC	2150
2010/09	DOT	23422
2015/04	NYCHA	1
2014/11	DHS	233
2015/08	3-1-1	103
2013/05	DOE	168
2010/07	DEP	24680
2017/03	DCP	4
2013/06	DOF	7126
2017/02	DCA	1325
2011/09	NYPD	25507
2015/05	DOE	176
2013/10	DEP	11843
2015/03	DHS	243
2011/01	EDC	98
2011/11	WF1	1
2012/02	DOF	9981
2014/06	DOB	8045
2017/02	DSNY	14676
2016/09	3-1-1	113
2010/11	DHS	3057
2015/11	TLC	2328
2014/12	EDC	291
2013/07	DOE	93
2017/02	DHS	1562
2014/02	DOF	6849
2012/01	DOT	22435
2016/01	NYCEM	55
2013/02	DSNY	9037
2011/03	TLC	2121
2012/05	DEP	13856
2016/02	3-1-1	129
2012/05	DFTA	845
2016/10	DCP	2
2015/05	DOITT	44
2017/02	DFTA	649
2015/07	NYCOOA	1
2015/11	DOF	4986
2016/05	DCP	6
2017/02	DOT	20733
2010/03	3-1-1	43
2013/10	DOT	21040
2010/03	DOF	7798
2016/10	OCME	1
2014/06	DOITT	50
2012/01	NYCEM	18
2014/05	LAW	1
2013/09	DOITT	43
2015/06	NYCEM	22
2016/11	AJC	1
2014/04	DHS	90
2015/09	NYPD	55157
2014/08	DFTA	761
2012/07	3-1-1	1101
2014/03	DFTA	800
2013/06	NYCPPF	1
2013/08	DPR	9597
2011/05	DOHMH	4387
2015/09	DOF	6029
2011/10	NYPD	23434
2013/01	DOT	25639
2010/03	HPD	63822
2012/08	DOITT	162
2012/07	DOE	72
2013/07	FDNY	583
2010/11	DSNY	8716
2010/04	DOITT	91
2011/07	TLC	1721
2015/01	CHALL	2
2011/04	DFTA	895
2014/02	DOE	171
2016/05	MOVA	1
2011/10	DOITT	79
2016/07	3-1-1	108
2010/05	DFTA	1002
2013/10	DOHMH	3852
2016/02	HRA	2097
2015/12	HRA	1837
2012/09	DFTA	835
2014/02	DOITT	30
2014/08	NYCEM	32
2015/06	MOFTB	1
2012/10	DOITT	126
2012/03	DSNY	8968
2016/03	DOT	29275
2011/08	DOF	4488
2012/08	HRA	340
2010/11	DOITT	79
2009/01	DSNY	13491
2015/04	DSNY	11550
2013/08	OPS	15
2016/11	3-1-1	108
2014/10	NYPD	42808
2010/02	HPD	59223
2015/10	DCA	1541
2013/09	DCA	1517
2012/12	DOP	5
2013/04	NYPD	27460
2015/12	DSNY	10876
2012/04	DSNY	9441
2016/01	DOP	4
2015/06	3-1-1	110
2012/11	DOT	22196
2015/09	DOE	222
2013/05	DHS	12
2015/08	HRA	1887
2010/02	DEP	8954
2014/12	DOT	22596
2012/07	DOF	6826
2012/06	DOITT	104
2016/11	DCA	1335
2016/03	OATH	7
2011/06	DOB	8306
2010/05	HPD	37917
2010/02	DOB	8266
2015/08	NYPD	55299
2011/08	TLC	1885
2015/01	DOB	5688
2012/04	DOITT	73
2011/10	DPR	8250
2011/09	DPR	10145
2014/04	HPD	41891
2017/03	TLC	1904
2015/07	DEP	19725
2013/02	HRA	835
2012/06	DOE	102
2015/12	DOT	21751
2011/10	DCP	1
2010/07	EDC	56
2013/10	NYPD	30838
2015/08	DOITT	49
2012/03	OATH	2
2013/05	DOF	4965
2012/03	NYPD	23470
2013/08	DFTA	854
2013/06	DOE	97
2011/04	DOF	4626
2014/07	NYCEM	18
2013/11	DOF	8667
2015/04	MOVA	2
2012/10	NYCEM	31
2012/12	EDC	30
2010/02	NYPD	20003
2013/10	DCAS	1
2017/03	DOB	7064
2015/05	MOVA	1
2013/03	DCA	1603
2017/03	SBS	1
2012/11	DPR	20220
2010/10	DOF	3670
2010/03	DOE	173
2011/12	DOT	21221
2016/11	DSNY	12968
2014/12	DOITT	38
2014/11	OCME	1
2015/06	DOP	2
2009/01	DOHMH	3366
2013/06	HRA	853
2012/02	CWI	1
2010/06	DOITT	85
2009/03	DEP	13655
2015/02	3-1-1	77
2015/01	TLC	1389
2016/01	DFTA	799
2015/07	MOVA	1
2013/06	DOB	7137
2013/12	DHS	54
2010/08	DSNY	11489
2015/02	CHALL	3
2011/07	DOITT	96
2015/11	DHS	682
2014/06	NYCEM	35
2014/06	DOF	8053
2013/02	DEP	10318
2012/06	CAU	2
2014/05	FDNY	605
2014/02	NYCOOA	2
2014/10	3-1-1	110
2014/02	DOB	7019
2012/01	DOP	5
2012/02	OPS	2
2014/02	OPS	2
2014/07	CHALL	3
2013/04	DOITT	44
2012/10	TLC	2164
2016/12	NYCSERVICE	1
2013/11	CHALL	43
2012/06	DFTA	895
2014/05	3-1-1	102
2014/01	TLC	1512
2012/01	EMTF	2
2015/09	DFTA	816
2012/03	DOHMH	3651
2017/02	DOP	5
2010/03	DOB	11064
2010/07	DOB	9795
2011/08	DOE	59
2012/04	EDC	55
2015/09	OPS	1
2012/05	EDC	95
2009/02	HPD	61042
2016/12	NYPD	52088
2015/10	DOT	22189
2012/04	AJC	1
2012/10	DCA	1510
2017/02	FDNY	105
2013/01	DOP	2
2014/06	DOE	100
2009/03	DOITT	118
2012/05	NYCEM	9
2012/10	DPR	17482
2012/05	CAU	1
2010/10	DOHMH	3728
2014/02	DEP	11428
2015/07	DCA	1982
2015/09	DOB	7904
2011/10	COIB	1
2015/05	FDNY	510
2009/02	DEP	13509
2012/06	DPR	9785
2011/01	DEP	10634
2016/05	3-1-1	133
2010/11	DPR	4063
2013/12	3-1-1	81
2013/04	DPR	7269
2015/07	DPR	12895
2014/03	EDC	86
2015/03	DSNY	15445
2016/03	MOIA	1
2015/04	FDNY	599
2016/06	DOITT	131
2011/11	DOHMH	2998
2011/02	DOE	355
2012/06	DOF	7571
2016/04	NYPD	55068
2009/03	DSNY	13613
2011/06	DOE	378
2011/08	DOB	8390
2013/04	HRA	912
2010/12	DCA	1467
2014/03	OPS	1
2010/12	DEP	11437
2011/04	DOE	192
2015/03	3-1-1	123
2013/11	DOE	71
2014/12	DOHMH	3381
2012/09	NYCERS	1
2013/09	DSNY	9307
2012/12	DOT	23554
2013/06	DFTA	856
2014/01	DHS	132
2013/05	EDC	84
2013/09	EDC	84
2010/10	DOE	474
2016/01	DOT	22842
2015/09	DEP	15056
2012/11	DOP	4
2013/07	MOC	3
2014/12	DSNY	9641
2013/02	DOITT	19
2015/10	DPR	8730
2011/06	DOF	6182
2017/04	DOHMH	485
2013/01	DFTA	930
2010/02	DOF	6236
2014/02	NYPD	30313
2016/03	DPR	6097
2012/12	TLC	2000
2012/05	DOP	5
2011/05	DOT	26436
2013/06	OCHIA	1
2015/01	MOIA	2
2011/02	DOF	4692
2015/12	DOP	2
2014/07	DOF	7743
2010/04	DSNY	11455
2014/08	DCLA	1
2014/07	DFTA	816
2010/08	DOHMH	4727
2014/04	3-1-1	114
2016/10	OCHIA	2
2014/07	TLC	1742
2015/03	MOFTB	1
2011/04	DSNY	10547
2012/04	DORIS	1
2017/03	DOF	7562
2013/07	DCA	1869
2014/07	DSNY	12526
2012/05	DHS	200
2010/10	DOB	9145
2010/02	DOE	224
2015/01	NYPD	35818
2016/02	DOITT	23
2011/08	3-1-1	1253
2015/01	EDC	70
2013/07	CHALL	501
2011/06	DEP	16244
2013/11	NYPD	27819
2012/04	DCAS	1
2016/02	DPR	4658
2017/01	DCA	1371
2017/04	TLC	202
2013/11	DOB	6945
2016/01	NYPD	45491
2013/07	NYPD	28663
2015/11	NYCEM	11
2012/02	HPD	52760
2015/11	DFTA	721
2017/04	DOITT	10
2016/08	DOITT	153
2010/02	TLC	1731
2011/09	FDNY	333
2010/10	HPD	60925
2010/08	NYPD	26041
2012/08	DSNY	12502
2014/04	OPA	1
2016/12	DFTA	646
2011/10	OPS	1
2013/01	HRA	1041
2010/12	HPD	90456
2014/09	DOITT	44
2010/08	DOB	10468
2013/08	DEP	10534
2011/02	3-1-1	19
2016/12	DCP	3
2014/08	TLC	1651
2011/06	TLC	1984
2010/04	DHS	2838
2013/11	MOFTB	1
2009/01	HPD	101751
2012/08	OAE	1
2016/03	DSNY	12472
2011/10	NYCPPF	1
2015/04	DOF	6024
2010/05	DOB	10243
2012/07	DPR	10740
2009/03	DCA	2531
2017/03	OPS	1
2016/05	EDC	118
2015/01	MOFTB	1
2013/12	DFTA	636
2012/10	DHS	27
2011/09	DOHMH	3979
2016/05	NYCEM	9
2015/12	HPD	52812
2016/10	DOITT	154
2017/03	DOE	231
2013/08	NYCEM	38
2013/10	HPD	45402
2016/11	COIB	1
2010/04	DOE	148
2012/09	DPR	9131
2014/08	HRA	1512
2015/09	FDNY	599
2014/03	TLC	1834
2009/02	DOITT	65
2010/07	DOF	4753
2009/01	DCA	2162
2015/04	HRA	1978
2013/03	HPD	50914
2017/01	DHS	1849
2011/07	DOT	20850
2010/11	DOB	6928
2014/09	DOB	7401
2010/08	DOE	60
2015/10	DOP	3
2016/09	TAT	1
2011/03	DPR	3974
2011/10	CAU	1
2014/06	NYCPPF	1
2013/01	DPR	3744
2017/04	DFTA	47
2015/12	DOITT	21
2011/05	DFTA	932
2012/09	EDC	52
2012/07	HPD	34806
2010/11	DEP	18424
2017/02	DOITT	277
2017/01	NYPD	51830
2016/09	DOP	2
2016/11	HRA	2250
2012/11	DCA	2429
2011/11	NYCEM	18
2014/11	HRA	1710
2012/06	FDNY	617
2013/11	DHS	76
2016/08	TLC	2101
2016/04	NYCEM	1
2012/01	TLC	1554
2015/07	DOITT	68
2011/05	DSNY	10858
2011/01	NYPD	23611
2010/01	DOE	345
2011/07	DEP	22668
2014/02	DFTA	667
2017/02	FUND	1
2010/10	DHS	3413
2017/04	DHS	207
2012/06	DOB	7567
2014/07	DOE	78
2014/10	HPD	48892
2014/11	DV	1
2011/08	FDNY	370
2011/12	3-1-1	890
2013/09	HPD	30485
2015/05	OPS	2
2014/02	HPD	62204
2016/10	NYCEM	10
2015/02	DOB	5382
2016/12	DOITT	176
2016/03	NYCEM	8
2014/07	MOC	1
2016/07	EDC	72
2011/06	DHS	3039
2014/11	DOHMH	3695
2013/06	NYPD	34414
2013/12	NYPD	27599
2012/04	TLC	1944
2013/09	OPS	14
2015/08	OATH	9
2015/06	DPR	12315
2015/07	DOP	4
2010/04	DFTA	895
2010/12	EDC	29
2012/07	TLC	1837
2011/12	HPD	70991
2014/03	DOB	9255
2013/10	3-1-1	111
2013/11	DFTA	597
2014/01	CHALL	3
2013/10	DOB	7533
2017/01	DOHMH	4609
2014/04	DOITT	48
2017/01	HPD	68132
2014/08	DSNY	11534
2010/01	DOF	6557
2012/05	DOT	21779
2017/03	OEC	4
2013/09	DEP	9987
2012/01	EDC	72
2011/02	DOB	5414
2016/09	CHALL	122
2015/11	NYPD	47502
2014/07	DOB	8113
2014/02	CCRB	1
2015/01	3-1-1	100
2013/07	DOHMH	5285
2015/11	DPR	5891
2015/03	MOVA	1
2015/09	HPD	37273
2016/12	CHALL	122
2014/08	DEP	12790
2015/03	DOHMH	4145
2011/12	DPR	3207
2016/11	TLC	1932
2016/04	EDC	133
2010/07	3-1-1	28
2015/04	DOE	97
2015/07	DSNY	15087
2010/05	DOE	220
2011/03	3-1-1	47
2014/08	AJC	1
2016/06	DFTA	811
2012/01	DOHMH	3427
2015/08	EDC	211
2016/06	CHALL	1
2010/04	NYPD	24500
2012/07	MOFTB	2
2015/07	HPD	37973
2016/02	EDC	59
2013/07	OATH	5
2010/04	DOF	4567
2016/05	DOT	27565
2010/07	DOE	114
2016/07	MOIA	1
2016/08	CCRB	1
2010/04	DCA	2185
2010/07	DFTA	1165
2014/06	DCA	1915
2015/08	OPS	1
2014/06	NYCOOA	1
2014/09	DOE	174
2011/06	DCA	2038
2012/08	EDC	30
2016/03	DOHMH	4944
2016/01	3-1-1	128
2013/12	DOB	7215
2012/07	DOP	4
2013/05	DSNY	9278
2014/03	DEP	12911
2011/12	FDNY	279
2010/08	DOF	4390
2013/07	DEP	20326
2015/04	DOB	7249
2014/07	FDNY	514
2012/01	DPR	2603
2010/05	DOF	2992
2010/07	DPR	10694
2013/07	NYCEM	44
2014/03	NYPD	32661
2013/08	DOHMH	4904
2015/11	HRA	1785
2013/03	NYCEM	18
2011/11	DHS	1913
2009/01	DOT	29161
2012/04	DOT	19690
2012/11	EDC	49
2012/07	FDNY	672
2014/01	MOIA	1
2011/04	DOHMH	3642
2012/10	HPD	43894
2010/11	DOHMH	3406
2016/09	DOT	19055
2012/06	OAE	1
2016/03	DCP	7
2015/02	DOE	151
2014/09	DOF	7528
2013/12	DOE	118
2016/12	NYCEM	2
2012/02	FUND	1
2010/11	DOF	3370
2012/03	EDC	83
2013/03	COIB	1
2014/05	NYPD	45045
2016/02	SBS	1
2010/10	NYPD	26599
2015/05	DOP	6
2017/01	COIB	2
2012/09	DOITT	130
2015/04	DOC	1
2013/08	DCA	1798
2016/05	DFTA	705
2009/02	NYPD	9374
2014/11	DCA	1366
2013/10	MOFTB	1
2015/03	NYPD	41026
2015/02	MOVA	2
2016/09	DEP	15109
2013/08	NYPD	34575
2015/05	DHS	350
2012/04	FDNY	516
2012/08	FDNY	566
2013/09	CCRB	1
2014/05	CHALL	2
2014/02	FDNY	629
2011/03	DSNY	10476
2013/05	DFTA	939
2012/05	OPS	1
2016/06	MOVA	1
2013/08	EDC	87
2013/04	DSNY	9695
2015/03	TLC	1888
2012/08	NYPD	27035
2015/02	DOF	8449
2013/06	OATH	9
2016/11	NYCHA	4
2010/12	DSNY	9205
2013/08	CCRB	1
2015/04	DEP	15216
2010/11	DOE	515
2016/04	DPR	8629
2014/05	DOHMH	5142
2014/06	CHALL	3
2014/03	DCA	1688
2015/07	DOT	24129
2014/06	HRA	1429
2011/03	DHS	3531
2014/03	DOF	7974
2014/08	NYCHA	1
2012/03	NYCEM	15
2013/05	HRA	889
2015/01	NYCEM	11
2017/04	ACS	5
2016/11	OATH	1
2015/11	FDNY	547
2010/08	DFTA	1252
2016/10	DHS	3595
2010/02	3-1-1	19
2010/01	DOB	9190
2011/10	DEP	10943
2015/09	DOITT	24
2016/10	TLC	2059
2015/06	FDNY	531
2017/02	DOF	7644
2015/03	HRA	3561
2013/10	DOF	11567
2015/08	TLC	2443
2014/05	NYCOOA	1
2010/06	NYPD	24730
2013/09	CHALL	58
2012/05	TLC	2032
2017/02	TLC	1488
2012/02	DSNY	7645
2017/03	DCA	1654
2017/02	DCP	8
2011/07	HPD	38053
2011/11	DOT	20358
2010/07	DOITT	99
2015/01	HRA	2283
2016/07	DCLA	1
2017/03	NYCEM	10
2011/01	DOHMH	3220
2017/02	CHALL	93
2012/08	MOIA	3
2012/01	DHS	1655
2012/11	VAC	2
2011/05	NYPD	26359
2016/05	NYPD	65383
2016/12	DPR	3631
2011/06	DPR	9539
2016/11	DOB	6902
2013/07	DFTA	856
2014/02	NYCEM	20
2011/10	DOB	7189
2015/01	DHS	237
2012/10	DESIGNCOM	1
2015/07	OPS	1
2011/03	NYPD	22198
2010/04	DOB	10654
2016/02	OPS	1
2013/10	DOE	119
2015/06	DFTA	818
2017/01	OPA	1
2016/05	DOP	1
2015/04	DPR	6229
2015/07	TLC	2524
2013/06	FDNY	563
2015/04	3-1-1	105
2015/12	DOHMH	4039
2013/12	DOF	13238
2015/10	OPS	2
2011/09	DHS	2237
2012/12	DOB	6196
2014/01	DFTA	760
2015/01	DOT	22350
2015/06	DOE	135
2014/04	NYPD	33146
2012/03	TLC	2091
2015/08	DOB	8308
2012/08	DOHMH	5481
2013/08	FDNY	609
2016/05	TLC	2477
2013/01	DOE	166
2011/08	DOITT	87
2014/12	DOB	6104
2012/01	COIB	2
2012/07	DOT	20010
2014/10	DFTA	827
2016/05	DOITT	187
2014/04	DPR	6845
2013/11	HPD	64377
2016/11	DOE	99
2014/05	HRA	1481
2013/04	DCAS	1
2016/03	CHALL	3
2012/05	DOITT	128
2011/10	DOE	151
2012/11	DOITT	41
2014/12	NYPD	37907
2012/03	DPR	4413
2016/04	NYCOOA	1
2011/11	TLC	1981
2017/03	DOITT	201
2010/05	TLC	2677
2012/04	DOP	5
2010/01	DOITT	93
2017/04	FDNY	10
2013/04	DHS	21
2014/10	EDC	73
2013/12	EDC	64
2011/10	OATH	1
2016/09	DFTA	737
2012/09	DOHMH	4055
2016/10	DOE	124
2015/06	DOF	9480
2016/03	MOPD	1
2015/05	DOT	27482
2015/03	DEP	15431
2013/02	FUND	1
2017/03	HRA	2172
2012/05	3-1-1	1560
2014/03	DOE	126
2016/03	DORIS	24
2014/12	DOC	1
2014/09	CCRB	1
2011/11	CWI	1
2012/07	DFTA	1108
2014/03	MOVA	1
2012/04	DFTA	821
2014/03	MOFTB	1
2012/06	DHS	138
2013/09	FDNY	606
2011/02	DOITT	94
2015/04	NYPD	44004
2016/08	DEP	20663
2016/03	DOITT	45
2016/02	DCLA	1
2011/05	DPR	7911
2016/05	DCA	1654
2011/02	NYPD	21792
2017/02	DOE	120
2012/08	DCA	1882
2011/09	DFTA	910
2010/06	DHS	2867
2011/12	DOHMH	2997
2014/10	DOB	7196
2017/01	3-1-1	84
2013/06	DOT	23150
2015/12	CHALL	3
2013/10	TLC	1692
2011/01	DHS	2860
2016/09	EDC	123
2011/11	DSNY	10070
2010/10	3-1-1	18
2015/10	DOHMH	5071
2010/01	3-1-1	27
2016/06	NYPD	67949
2014/06	DOP	1
2014/08	NYPD	47751
2015/08	DEP	15973
2010/04	DPR	7661
2014/05	NYCEM	25
2010/02	DOITT	68
2016/01	DSNY	14888
2016/10	DOF	5621
2016/11	FDNY	522
2014/02	OPA	1
2013/04	DCA	1769
2016/01	OATH	8
2015/03	DCAS	1
2012/03	FDNY	477
2013/09	DFTA	736
2014/06	DHS	112
2011/09	DOB	7317
2014/11	OPS	1
2017/02	DOB	6511
2016/03	DHS	3622
2013/03	DPR	4597
2014/01	DOP	8
2011/11	EDC	202
2014/03	DPR	4696
2014/07	3-1-1	107
2012/02	NYPD	19223
2016/09	NYPD	65095
2016/05	HRA	1994
2016/11	DCP	4
2013/05	DEP	13535
2016/11	HPD	59378
2016/06	NYCEM	6
2016/10	3-1-1	90
2012/09	TLC	1864
2016/04	DHS	4058
2013/05	TLC	2055
2014/06	3-1-1	108
2011/11	DPR	5421
2016/02	DORIS	26
2013/01	DOF	7034
2016/02	HPD	70457
2014/12	DOE	112
2013/12	MOIA	1
2014/06	MOIA	1
2016/11	DOF	5815
2014/09	LAW	2
2014/04	HRA	1419
2017/02	NYCEM	2
2011/10	DOF	5424
2016/02	LAW	1
2015/03	NYCEM	14
2012/03	HRA	153
2010/08	HPD	40569
2012/12	DSNY	7621
2016/07	HRA	2060
2013/06	COIB	1
2014/12	DOF	7632
2016/06	OPS	4
2009/03	DOHMH	3695
2016/12	EDC	44
2014/05	OATH	14
2012/05	HPD	33259
2011/08	DOT	24364
2010/04	DEP	12428
2012/07	DSNY	12533
2010/04	DOHMH	3897
2013/10	HRA	474
2012/07	DEP	20561
2011/10	DV	1
2013/05	NYPD	33672
2014/02	MOPD	1
2014/08	NYCOOA	1
2013/01	MOIA	1
2010/09	EDC	81
2012/12	DOF	6119
2015/01	DOP	3
2017/03	FDNY	109
2012/08	DHS	78
2015/08	DCA	1889
2012/11	FUND	7
2013/08	NYCERS	1
2014/02	3-1-1	55
2013/02	DOP	3
2015/08	DOF	5266
2016/02	OATH	10
2015/11	DSNY	11806
2012/02	DOITT	90
2011/05	DOF	4435
2012/02	DHS	1085
2013/06	NYCEM	13
2011/01	DOB	5753
2016/05	DEP	16745
2016/11	EDC	74
2016/06	DPR	13911
2014/11	DOT	19451
2015/06	DOITT	45
2015/12	DFTA	670
2012/05	DOB	8917
2010/03	DPR	10704
2015/02	MOC	1
2014/03	OATH	6
2016/02	DOT	27510
2013/02	DHS	17
2015/02	DOITT	20
2012/06	NYCEM	21
2011/04	DOT	27967
2011/03	DEP	12513
2017/03	DOP	4
2015/06	DOB	8883
2013/01	DHS	25
2014/08	DOE	58
2015/03	NYCSERVICE	1
2014/12	DEP	11772
2010/05	DSNY	12501
2017/03	DHS	1563
2014/01	IA	4
2014/07	HPD	36424
2010/09	DOHMH	3993
2015/11	DCA	1423
2011/07	NYPD	23447
2011/04	DEP	11795
2011/05	DOE	384
2013/11	OPS	9
2014/09	MOIA	1
2015/03	MOPD	2
2012/11	NYPD	19762
2014/10	DOF	6529
2011/02	DFTA	980
2013/03	OPS	107
2014/10	DSNY	11053
2011/12	ACS	1
2013/06	DOP	3
2016/05	NYCHA	1
2015/01	HPD	82059
2015/05	DEP	15918
2014/12	TLC	1723
2012/01	DOITT	91
2011/03	DOB	6907
2011/03	DFTA	1097
2013/03	3-1-1	74
2011/04	TLC	1846
2011/07	3-1-1	1602
2014/03	DOHMH	3794
2016/06	DCA	1751
2014/06	DOT	28189
2015/10	EDC	160
2016/10	DOB	7704
2015/01	NYCHA	1
2014/09	DOHMH	4863
2015/08	DSNY	13754
2010/11	NYPD	22140
2013/04	DFTA	817
2012/07	NYCEM	14
2014/01	HRA	1152
2016/10	DOHMH	5137
2015/12	FDNY	528
2015/07	OATH	7
2015/01	DOITT	37
2011/09	DOF	5628
2012/12	NYCEM	18
2016/01	HPD	83062
2013/03	DOHMH	3545
2013/12	HRA	731
2015/06	TLC	2590
2014/01	DOT	27133
2011/07	DCA	1977
2013/01	DOB	6929
2016/12	3-1-1	105
2012/06	3-1-1	1526
2012/10	VAC	1
2012/07	DCLA	1
2014/01	COIB	2
2016/09	DOHMH	5949
2016/09	DOB	7575
2013/11	DPR	4782
2010/10	DSNY	9498
2013/05	FDNY	618
2013/06	DHS	25
2011/03	DOE	342
2013/01	CCRB	1
2015/05	ACS	1
2014/01	3-1-1	92
2012/12	DOE	81
2010/10	DPR	8208
2013/06	DOHMH	4957
2011/01	DOITT	74
2011/08	DOHMH	4111
2013/06	TLC	1934
2012/09	NYCEM	15
2016/01	DCA	1374
2009/02	TLC	1878
2010/09	TLC	2240
2015/08	DOE	68
2015/06	DSNY	13267
2016/03	EDC	121
2012/12	DHS	30
2016/08	DCA	1790
2011/09	DOE	235
2016/01	DHS	1322
2010/09	DPR	17756
2011/04	DCA	1874
2013/09	DOHMH	4088
2016/04	DOP	5
2011/07	DFTA	856
2012/01	NYPD	20502
2016/12	DOHMH	4128
2013/08	HRA	1169
2011/03	DOHMH	3869
2011/12	NYPD	22061
2014/03	CHALL	2
2015/12	TLC	2315
2011/02	DHS	2654
2014/12	DHS	177
2015/04	NYCEM	7
2011/02	TLC	1567
2011/11	OCHIA	2
2015/05	DFTA	748
2014/07	EDC	84
2014/08	DOF	6222
2013/04	IA	1
2013/02	DOT	25319
2012/02	EDC	53
2015/06	LAW	3
2017/01	DPR	4029
2011/01	DOF	4294
2013/10	OPS	9
2012/05	DOF	6135
2012/03	DOITT	113
2014/11	DOP	3
2011/12	DSNY	8711
2017/01	DCP	5
2012/02	HRA	88
2010/01	DOT	26628
2014/10	HRA	1851
2011/05	DOB	7368
2013/06	EDC	84
2015/08	DPR	11267
2017/04	DSNY	1305
2012/01	DFTA	1044
2012/02	DCA	1506
2011/12	DEP	8984
2014/10	DOE	152
2012/08	DPR	9669
2013/08	3-1-1	93
2011/08	DHS	2467
2012/02	DFTA	866
2016/12	MOIA	2
2015/06	FUND	1
2013/08	CHALL	68
2014/09	HRA	1636
2014/02	CHALL	2
2016/12	DCA	1436
2017/03	DOT	24785
2009/01	TLC	1835
2017/03	CHALL	292
2013/04	DOE	74
2010/12	DOITT	101
2010/12	DFTA	989
2016/08	HPD	37723
2012/11	OPS	49
2016/02	NYPD	40898
2016/02	DOP	2
2013/06	DSNY	10651
2010/11	HPD	76005
2017/04	HRA	166
2011/01	DOE	506
2015/01	DOHMH	3597
2012/12	HPD	62101
2010/04	3-1-1	42
2013/10	DSNY	10234
2012/03	3-1-1	935
2015/04	MOIA	1
2017/03	MOPD	1
2011/05	DEP	13563
2010/05	DOHMH	4166
2012/02	FDNY	329
2013/01	LAW	1
2016/01	EDC	42
2013/07	DOITT	32
2013/09	OATH	5
2016/05	DOF	4340
2017/04	DOT	2948
2013/01	OPS	305
2012/12	DOITT	44
2017/02	ACS	46
2017/01	ACS	35
2012/04	DOHMH	3553
2014/12	DCA	1508
2013/12	DOITT	31
2013/12	OATH	7
2011/08	NYPD	21851
2015/02	HRA	4374
2011/03	DOF	6355
2016/09	TLC	2135
2013/12	DOP	3
2017/01	NYCERS	1
2015/02	DFTA	692
2015/06	DEP	18139
2016/02	DOHMH	4343
2013/04	DOF	7031
2011/10	DSNY	10044
2016/09	MOIA	1
2012/04	DEP	10143
2013/11	3-1-1	94
2013/03	DYCD	1
2017/04	CHALL	78
2015/04	DOT	33998
2016/05	DOHMH	6447
2015/06	HRA	2036
2016/12	OCME	1
2010/05	DOT	26132
2014/08	HPD	32419
2017/01	DOITT	199
2012/10	EDC	76
2015/12	DPR	3989
2016/07	DCA	1772
2011/02	DSNY	13880
2016/07	DEP	21251
2017/01	NYCOOA	1
2016/05	OPA	1
2012/04	HPD	38546
2014/06	DOHMH	5572
2016/09	DSNY	14342
2014/10	DOHMH	4728
2012/10	DEP	11372
2014/04	CHALL	2
2015/11	DOHMH	4304
2010/07	DOT	22601
2011/07	FDNY	347
2015/05	OATH	9
2014/07	DEP	17843
2013/10	DCA	1630
2012/12	DOHMH	3171
2016/09	DOF	5812
2015/07	OCME	1
2011/10	EDC	135
2012/03	WF1	2
2016/12	HRA	2027
2014/06	FDNY	650
2012/02	DEP	8847
2016/06	DHS	5493
2015/03	DOE	199
2009/02	DOT	29334
2011/08	DSNY	10607
2017/02	COIB	2
2014/03	DSNY	10932
2012/12	OPS	442
2017/02	DVS	1
2017/01	HRA	2584
2013/01	FDNY	613
2013/05	DCA	1848
2013/06	3-1-1	89
2014/02	EDC	61
2012/05	DOE	188
2011/01	3-1-1	321
2013/09	TLC	1721
2016/12	TLC	2027
2016/04	DEP	15918
2013/12	DEP	8938
2010/06	DPR	10140
2014/01	MOVA	1
2016/04	DOT	25069
2012/09	DCA	1704
2016/12	DEP	12088
2010/12	DOE	548
2015/01	MOVA	1
2011/05	DOITT	153
2011/09	TLC	1940
2014/04	DEP	13741
2016/08	COIB	1
2011/11	DOITT	58
2013/07	DPR	10251
2015/12	ACS	1
2012/03	DHS	566
2016/11	ACS	38
2011/04	DPR	5380
2016/07	NYPD	62330
2014/08	DOB	7195
2015/01	DEP	13045
2015/07	DOB	8702
2015/09	EDC	93
2012/05	COIB	2
2012/09	HRA	447
2014/03	DOP	5
2014/07	HRA	1569
2016/04	DOITT	110
2014/10	CHALL	3
2015/05	NYCEM	10
2016/04	DSNY	11926
2010/07	DOHMH	4881
2013/06	OPS	18
2011/08	DEP	17894
2016/07	HPD	33673
2010/05	DEP	13136
2013/12	TLC	1657
2015/09	NYCEM	14
2015/04	DFTA	931
2017/02	HPD	52079
2014/03	NYCEM	18
2011/01	HPD	79959
2011/05	3-1-1	36
2016/08	DSNY	15902
2012/03	DCA	1763
2016/05	DOE	210
2014/11	MOIA	1
2014/03	DHS	99
2015/06	NYPD	54623
2012/01	DV	1
2016/11	DOP	4
2015/10	DSNY	11798
2010/12	DOF	4522
2014/11	DFTA	574
2012/09	FDNY	675
2013/07	HRA	1093
2014/06	HPD	31253
2010/05	DOITT	113
2015/07	DOE	88
2016/03	HRA	2209
2014/12	DPR	4107
2014/11	DSNY	9131
2010/03	DSNY	11554
2013/11	NYCEM	25
2015/11	HPD	61158
2014/04	DOB	7445
2015/05	TLC	2142
2014/01	FDNY	666
2010/03	NYPD	21646
2015/10	OATH	15
2010/02	DCA	1617
2014/06	MOVA	1
2013/06	DPR	10823
2014/02	HRA	1120
2015/10	NYCSERVICE	1
2015/04	DOITT	37
2016/05	DOB	7639
2013/06	MOVA	2
2016/09	DOE	216
2011/05	TLC	2022
2012/03	CWI	1
2014/06	DPR	12088
2015/10	MOVA	1
2013/12	DOT	22006
2012/04	LOFT	1
2015/02	NYPD	34419
2015/10	HRA	1806
2013/05	NYCEM	14
2017/03	3-1-1	107
2013/04	DOB	7028
2011/08	DPR	18079
2015/03	DOF	8283
2016/09	DHS	5069
2014/11	NYPD	38251
2015/04	DOP	5
2013/10	NYCEM	37
2014/02	TLC	1495
2014/04	DOE	83
2010/12	DPR	3234
2011/06	DFTA	943
2015/07	EDC	149
2011/02	DPR	3000
2015/04	CHALL	2
2013/08	NYCHA	1
2016/11	DFTA	616
2011/05	EDC	143
2013/03	DHS	22
2014/07	MOIA	2
2015/09	HRA	1871
2012/11	FDNY	476
2010/03	TLC	2470
2016/09	HPD	31373
2015/10	NYCEM	14
2013/04	NYCEM	29
2010/05	DPR	11751
2012/09	DEP	11822
2016/04	CHALL	1
2016/11	DEP	13972
2015/04	DHS	294
2016/02	NYCEM	16
2015/09	TLC	2632
2012/10	DOP	3
2013/02	FDNY	575
2014/05	DHS	132
2014/11	DPR	5346
2010/01	DOHMH	3438
2009/02	DOHMH	3132
2014/01	DSNY	15062
2011/10	TLC	2095
2015/05	HPD	34220
2013/04	3-1-1	74
2012/12	3-1-1	63
2015/07	DHS	661
2015/03	FUND	2
2014/04	OATH	18
2012/03	DESIGNCOM	1
2010/11	3-1-1	27
2011/11	DOE	143
2010/04	HPD	45340
2012/01	DSNY	8734
2010/02	DHS	2983
2016/11	DOHMH	4172
2017/02	EDC	65
2017/03	HPD	61039
2013/09	DOT	20060
2012/04	DCA	1771
2015/03	NYCHA	2
2015/05	DCA	1969
2016/05	DHS	4629
2015/11	OATH	5
2011/01	DCA	1618
2015/07	DOF	6302
2016/10	DOT	19479
2013/06	CAU	1
2010/08	DHS	4199
2014/03	DOT	31812
2013/12	HPD	64257
2015/03	HPD	57015
2013/12	MOFTB	1
2012/11	OAE	1
2017/03	DSNY	19506
2011/06	3-1-1	38
2009/03	DOB	11373
2016/01	CHALL	2
2012/07	DHS	76
2013/08	MOC	2
2009/03	3-1-1	53
2014/07	DOHMH	5586
2017/03	DPR	4950
2011/11	DOF	6805
2010/12	DOB	5926
2012/09	DHS	45
2012/11	DFTA	632
2012/06	EDC	73
2014/05	OCHIA	1
2014/01	OATH	11
2014/11	FDNY	547
2011/08	DFTA	1074
2015/09	3-1-1	118
2010/02	DOHMH	2821
2015/03	DOC	3
2011/12	DFTA	1019
2016/04	NYCPPF	1
2012/09	DOT	19973
2013/04	OPS	49
2013/08	DHS	107
2010/05	DCA	2175
2014/04	DOF	6194
2013/02	EDC	18
2016/11	DOT	18003
2012/06	DCA	2065
2010/05	3-1-1	33
2011/10	DOT	22409
2013/08	DSNY	10286
2016/05	COIB	2
2016/08	DOF	4769
2017/02	NYCHA	1
2014/04	NYCEM	21
2015/08	DOP	3
2014/05	DOT	31077
2013/09	NYCEM	35
2012/11	DEP	8984
2010/07	DCA	2313
2012/12	CWI	1
2013/10	OATH	9
2016/06	COIB	1
2012/11	DSNY	5052
2014/09	DCA	1761
2017/01	DSNY	16788
2015/11	EDC	83
2013/03	DOF	8361
2010/05	EDC	54
2016/12	ACS	36
2011/11	DFTA	879
2015/03	DOB	6649
2013/02	DOB	5718
2011/05	HPD	37334
2012/02	3-1-1	721
2013/07	DYCD	1
2013/10	OMB	1
2012/05	DCA	1920
2009/03	DFTA	30
2011/10	DFTA	989
2014/11	DOF	5263
2013/05	3-1-1	90
2011/11	COIB	5
2016/06	DOHMH	7411
2017/02	3-1-1	94
2010/03	DOITT	114
2016/08	DOE	64
2013/02	OATH	1
2015/02	DSNY	15315
2013/07	DHS	34
2011/11	DCA	1576
2017/02	DEP	13979
2015/06	HPD	37205
2016/02	DCP	5
2016/06	DOB	7889
2011/11	DEP	10807
2016/07	DHS	5326
2015/08	DHS	796
2015/08	DOHMH	5865
2009/03	DOE	758
2015/08	MOFTB	1
2010/02	DFTA	737
2017/04	NYPD	6317
2016/08	HRA	2395
2014/09	NYPD	44527
2015/02	DCA	1399
2010/09	DHS	4211
2010/11	TLC	2162
2014/12	DCLA	1
2010/12	DOHMH	3331
2010/12	DHS	2794
2016/07	FDNY	511
2014/03	MOC	1
2012/05	HRA	163
2013/03	DOE	105
2012/08	DOP	3
2015/02	DOHMH	3595
2011/09	DCA	1788
2016/07	ACS	23
2014/11	DOE	114
2014/08	DCA	1980
2013/05	DCAS	1
2012/09	DSNY	9832
2015/07	MOIA	1
2012/10	DOT	22294
2012/12	DPR	4425
2016/01	TLC	1906
2014/05	TLC	2166
2014/08	CHALL	2
2013/12	DSNY	8510
2015/10	COIB	1
2016/02	DOE	116
2009/03	HPD	57417
2014/10	DOP	1
2017/01	DEP	14728
2016/06	DOE	128
2013/01	NYPD	23480
2013/01	DSNY	9734
2011/09	EDC	52
2015/12	MOIA	1
2014/09	DFTA	800
2016/08	DFTA	885
2016/04	HPD	38196
2014/04	NYCPPF	1
2015/10	FDNY	595
2016/01	DORIS	8
2010/12	3-1-1	1586
2013/09	DOP	5
2010/08	EDC	49
2012/11	DOHMH	2975
2011/12	EDC	78
2016/10	DOP	1
2017/02	HRA	1976
2012/03	DOE	175
2015/09	OATH	11
2010/09	DCA	1968
2010/11	DCA	1668
2012/01	OAE	1
2014/01	OPS	4
2015/10	DEP	15294
2010/08	DOITT	96
2012/06	NYPD	27285
2012/02	DOP	7
2015/11	DOITT	31
2016/09	DCA	1611
2014/01	DOB	8180
2010/02	DPR	3286
2014/02	DOHMH	3126
2016/06	AJC	1
2009/02	DSNY	11970
2017/03	NYPD	51999
2013/08	DOB	7142
2016/04	OATH	2
2016/11	DOITT	131
2014/11	DOITT	30
2014/06	CCRB	1
2011/08	HPD	44510
2015/07	DOHMH	6691
2011/11	DOB	6873
2014/09	NYCEM	20
2012/01	DCA	1581
2014/11	NYCEM	19
2011/08	EDC	55
2016/10	HRA	2180
2015/11	DOP	7
2016/02	TLC	2007
2016/04	DORIS	9
2013/02	OCME	1
2015/07	NYCEM	15
2013/02	DOHMH	3112
2015/04	NYCPPF	1
2013/11	DOITT	39
2012/03	DOF	9144
2014/05	DOITT	48
2015/12	NYCEM	5
2014/09	TLC	1716
2012/09	DOP	1
2017/01	DOB	7075
2010/07	DSNY	12443
2012/09	3-1-1	346
2016/05	SBS	1
2015/05	EDC	180
2015/12	DCA	1590
2016/01	HRA	2176
2016/10	CHALL	129
2012/11	DHS	26
2016/04	DOC	1
2010/08	DCA	2234
2014/09	DHS	254
2012/01	HPD	77628
2013/01	DOITT	32
2012/02	EMTF	1
2014/05	EDC	68
2014/05	DOP	2
2014/11	3-1-1	101
2016/07	DOE	125
2012/10	3-1-1	338
2016/08	DOB	8510
2017/01	CHALL	133
2011/10	FDNY	360
2012/10	DFTA	839
2014/02	DCA	1471
2016/01	DEP	14919
2015/04	DCA	1800
2015/05	DPR	10565
2016/11	CHALL	118
2013/02	DOF	8156
2014/05	DSNY	11074
2016/11	DYCD	1
2010/06	HPD	37199
2015/02	FDNY	596
2016/09	ACS	36
2012/04	DPR	6538
2014/03	DYCD	1
2012/12	DCP	1
2014/05	DPR	10919
2010/05	NYPD	28597
2013/03	DOB	6444
2010/06	3-1-1	30
2013/06	CHALL	111
2015/06	DOHMH	5794
2016/01	DCP	10
2014/10	OPS	1
2014/08	DOT	21304
2011/09	3-1-1	1707
2011/04	DHS	2628
2015/08	DOT	23494
2017/01	DOE	196
2014/10	NYCERS	1
2010/01	NYPD	20786
2015/02	TLC	1652
2016/06	DSNY	16056
2015/09	CHALL	1
2011/06	FDNY	115
2011/11	HPD	66459
2016/04	DOB	7217
2015/02	DHS	254
2014/11	DOB	6263
