2011/07	STATEN ISLAND	7304
2010/09	BRONX	16379
2010/01	BRONX	14426
2016/12	BRONX	42867
2010/08	BROOKLYN	32547
2012/11	QUEENS	41533
2014/09	MANHATTAN	33591
2014/10	STATEN ISLAND	7928
2009/03	QUEENS	28048
2009/01	BROOKLYN	25917
2014/09	BRONX	25874
2012/03	MANHATTAN	31047
2010/05	Unspecified	40408
2011/07	BROOKLYN	48173
2012/10	QUEENS	37437
2016/01	Unspecified	7846
2015/02	BROOKLYN	60388
2017/03	BROOKLYN	60774
2013/10	STATEN ISLAND	6815
2011/08	MANHATTAN	28124
2014/12	BROOKLYN	52972
2013/03	BRONX	29189
2013/06	MANHATTAN	29783
2015/07	BRONX	33646
2012/04	BRONX	23874
2016/02	QUEENS	41984
2010/04	QUEENS	32714
2015/05	BROOKLYN	56370
2014/11	STATEN ISLAND	6086
2015/11	BRONX	34325
2014/01	QUEENS	41300
2015/07	Unspecified	8365
2016/10	QUEENS	42981
2010/09	MANHATTAN	22548
2016/06	STATEN ISLAND	10358
2013/07	BROOKLYN	47190
2016/09	Unspecified	6752
2015/06	STATEN ISLAND	10314
2014/07	Unspecified	6558
2015/03	BRONX	37316
2012/08	MANHATTAN	27804
2010/07	MANHATTAN	23681
2014/08	MANHATTAN	32498
2011/06	Unspecified	2209
2014/06	STATEN ISLAND	9547
2015/07	BROOKLYN	59106
2010/02	BRONX	14260
2010/02	Unspecified	61887
2015/10	MANHATTAN	45728
2011/05	Unspecified	2394
2013/01	BRONX	36724
2010/03	BRONX	18583
2014/06	BROOKLYN	55059
2015/08	Unspecified	6842
2010/06	Unspecified	39668
2012/05	STATEN ISLAND	7484
2011/02	MANHATTAN	20490
2010/09	QUEENS	38825
2010/02	MANHATTAN	18781
2017/01	Unspecified	9584
2014/08	Unspecified	5899
2011/10	BRONX	34117
2016/05	BRONX	33488
2013/12	BRONX	34760
2012/06	STATEN ISLAND	7792
2015/03	QUEENS	49136
2014/07	STATEN ISLAND	9243
2012/02	BROOKLYN	41056
2012/05	Unspecified	3928
2011/04	BROOKLYN	46651
2012/04	QUEENS	29410
2012/06	QUEENS	34947
2015/08	BRONX	31547
2012/05	BROOKLYN	43859
2013/03	Unspecified	5735
2010/12	BROOKLYN	27281
2013/02	Unspecified	6977
2013/02	QUEENS	30934
2010/03	MANHATTAN	22998
2013/12	MANHATTAN	32402
2014/02	BRONX	36978
2015/12	QUEENS	38948
2013/04	STATEN ISLAND	7600
2009/03	STATEN ISLAND	7007
2015/05	MANHATTAN	39147
2016/05	QUEENS	44198
2015/02	Unspecified	10917
2014/04	STATEN ISLAND	8765
2013/07	STATEN ISLAND	8390
2015/10	STATEN ISLAND	8333
2016/03	MANHATTAN	45130
2012/10	BROOKLYN	45708
2010/11	STATEN ISLAND	5537
2016/08	BROOKLYN	58740
2012/04	Unspecified	3781
2016/07	QUEENS	46874
2010/10	QUEENS	30133
2012/02	QUEENS	27259
2014/12	Unspecified	6499
2011/02	BRONX	15273
2015/08	STATEN ISLAND	8779
2014/03	STATEN ISLAND	9090
2015/04	QUEENS	42276
2012/09	MANHATTAN	26918
2016/06	MANHATTAN	44263
2012/07	MANHATTAN	27648
2016/07	Unspecified	6493
2015/01	MANHATTAN	38939
2012/03	STATEN ISLAND	6858
2011/09	Unspecified	1909
2015/04	BROOKLYN	53197
2016/02	Unspecified	8453
2010/03	QUEENS	38437
2012/01	QUEENS	32817
2016/11	BROOKLYN	55365
2010/06	BROOKLYN	33383
2010/12	BRONX	12886
2016/05	STATEN ISLAND	8889
2014/09	QUEENS	36855
2010/01	MANHATTAN	19695
2014/10	BRONX	30159
2013/02	MANHATTAN	30929
2015/09	MANHATTAN	38879
2012/06	Unspecified	4224
2013/09	QUEENS	30843
2011/12	MANHATTAN	32851
2011/05	MANHATTAN	29813
2013/04	MANHATTAN	32237
2016/04	QUEENS	40718
2016/04	Unspecified	6378
2017/03	STATEN ISLAND	10119
2012/10	MANHATTAN	30447
2011/09	STATEN ISLAND	9197
2012/10	Unspecified	3955
2011/12	BRONX	35201
2011/01	MANHATTAN	17868
2015/02	BRONX	41898
2010/04	BRONX	16699
2013/05	Unspecified	4873
2012/07	Unspecified	4447
2009/03	BROOKLYN	27780
2014/11	MANHATTAN	38941
2014/01	BRONX	47535
2015/07	QUEENS	45830
2016/12	Unspecified	6843
2014/06	MANHATTAN	35659
2012/09	STATEN ISLAND	6888
2017/02	STATEN ISLAND	8738
2012/02	MANHATTAN	28158
2011/08	BRONX	28786
2011/11	STATEN ISLAND	7481
2013/08	BRONX	24289
2017/02	Unspecified	7818
2014/02	Unspecified	6214
2013/11	BROOKLYN	47368
2012/02	BRONX	28985
2014/11	Unspecified	5403
2009/03	MANHATTAN	19222
2011/10	QUEENS	35453
2013/12	QUEENS	31799
2016/08	Unspecified	6952
2010/04	Unspecified	48055
2015/05	QUEENS	43431
2011/03	STATEN ISLAND	8984
2009/01	MANHATTAN	17089
2016/11	Unspecified	7020
2009/01	BRONX	11566
2011/11	BRONX	32391
2013/01	BROOKLYN	55405
2010/01	STATEN ISLAND	6814
2010/08	MANHATTAN	21719
2011/07	BRONX	30970
2014/02	MANHATTAN	33548
2014/11	BROOKLYN	53859
2017/01	STATEN ISLAND	9836
2013/10	Unspecified	10249
2014/11	QUEENS	36433
2013/10	BRONX	26974
2012/11	BROOKLYN	51309
2013/06	QUEENS	34927
2012/01	STATEN ISLAND	6867
2012/06	BROOKLYN	44436
2012/02	STATEN ISLAND	5829
2015/01	BROOKLYN	58311
2011/07	QUEENS	35927
2011/11	Unspecified	3250
2016/02	STATEN ISLAND	8146
2012/01	Unspecified	5037
2014/04	BRONX	29096
2015/09	STATEN ISLAND	9000
2010/11	MANHATTAN	22075
2011/05	BRONX	27035
2015/06	MANHATTAN	38862
2015/06	BROOKLYN	60291
2013/08	BROOKLYN	44701
2010/09	Unspecified	41783
2014/02	STATEN ISLAND	9512
2014/01	BROOKLYN	65668
2015/02	QUEENS	42010
2014/01	STATEN ISLAND	9377
2010/12	Unspecified	92499
2016/03	BROOKLYN	56239
2015/09	BRONX	30279
2010/10	MANHATTAN	23139
2012/12	STATEN ISLAND	6035
2016/06	BROOKLYN	62565
2011/12	QUEENS	32178
2012/06	BRONX	27380
2013/01	MANHATTAN	36098
2014/05	QUEENS	40512
2013/05	STATEN ISLAND	7599
2016/03	BRONX	34610
2012/05	QUEENS	32563
2011/09	BROOKLYN	50930
2010/05	BROOKLYN	33417
2011/12	BROOKLYN	50103
2011/03	QUEENS	37334
2013/03	STATEN ISLAND	7084
2010/11	Unspecified	77962
2017/04	BROOKLYN	5709
2015/11	MANHATTAN	42598
2011/02	Unspecified	60276
2009/03	BRONX	11703
2012/04	BROOKLYN	40548
2016/12	STATEN ISLAND	9306
2016/04	BROOKLYN	53292
2011/08	BROOKLYN	51404
2015/04	STATEN ISLAND	9358
2014/07	MANHATTAN	35203
2011/04	MANHATTAN	29501
2010/02	STATEN ISLAND	7833
2014/10	QUEENS	37178
2017/02	QUEENS	37398
2011/06	BROOKLYN	48174
2015/05	BRONX	30030
2011/01	Unspecified	82181
2017/03	MANHATTAN	39116
2011/07	Unspecified	2200
2011/09	MANHATTAN	30643
2010/12	STATEN ISLAND	5392
2009/02	STATEN ISLAND	6084
2016/09	MANHATTAN	39557
2010/08	QUEENS	31884
2010/08	Unspecified	43260
2014/09	STATEN ISLAND	7564
2016/04	MANHATTAN	44208
2014/01	Unspecified	8214
2013/11	BRONX	33239
2014/10	MANHATTAN	37762
2017/01	QUEENS	43718
2012/04	MANHATTAN	28143
2012/08	Unspecified	4305
2015/05	STATEN ISLAND	9475
2011/06	STATEN ISLAND	8382
2013/09	Unspecified	6337
2013/05	QUEENS	33752
2011/11	MANHATTAN	33344
2014/06	BRONX	28757
2016/12	MANHATTAN	42260
2011/08	QUEENS	42539
2015/10	QUEENS	43163
2013/02	BROOKLYN	45457
2013/06	Unspecified	5527
2011/06	QUEENS	36327
2012/10	STATEN ISLAND	7645
2016/11	MANHATTAN	40133
2013/10	MANHATTAN	34032
2010/10	Unspecified	63076
2011/12	Unspecified	4124
2011/01	BROOKLYN	27948
2016/07	STATEN ISLAND	10010
2010/04	MANHATTAN	23769
2009/02	Unspecified	62156
2014/05	MANHATTAN	36223
2010/09	BROOKLYN	32638
2015/11	STATEN ISLAND	7411
2016/10	Unspecified	7521
2015/12	MANHATTAN	38404
2011/02	BROOKLYN	29296
2017/04	STATEN ISLAND	935
2014/05	Unspecified	5709
2009/02	QUEENS	26250
2010/07	Unspecified	42060
2016/12	BROOKLYN	60450
2017/02	MANHATTAN	35807
2017/01	BRONX	42318
2014/05	BRONX	28915
2014/02	QUEENS	38918
2016/06	QUEENS	48240
2011/09	BRONX	29014
2015/01	Unspecified	7477
2017/04	BRONX	3164
2017/01	BROOKLYN	60873
2014/09	Unspecified	5916
2015/02	STATEN ISLAND	8933
2010/05	STATEN ISLAND	7743
2016/05	Unspecified	6214
2016/04	STATEN ISLAND	8907
2013/08	STATEN ISLAND	7351
2010/11	BRONX	13577
2013/05	MANHATTAN	31850
2013/12	STATEN ISLAND	5626
2016/07	BRONX	36188
2016/05	MANHATTAN	47327
2017/03	QUEENS	46220
2011/04	Unspecified	2332
2014/03	Unspecified	6138
2015/03	STATEN ISLAND	11478
2011/06	MANHATTAN	28402
2016/10	STATEN ISLAND	9305
2014/08	STATEN ISLAND	8120
2015/06	BRONX	31902
2010/05	BRONX	16983
2013/01	STATEN ISLAND	7726
2012/11	BRONX	32464
2016/09	BRONX	31078
2010/03	Unspecified	66791
2016/10	MANHATTAN	43594
2013/06	BROOKLYN	47794
2012/08	QUEENS	36126
2014/05	BROOKLYN	54636
2011/03	BRONX	31481
2011/02	STATEN ISLAND	8076
2014/04	BROOKLYN	46583
2013/11	MANHATTAN	35012
2014/11	BRONX	37355
2012/10	BRONX	26296
2016/08	MANHATTAN	41928
2014/12	MANHATTAN	35966
2009/02	MANHATTAN	17276
2015/01	BRONX	40824
2012/07	STATEN ISLAND	7866
2013/04	Unspecified	4765
2015/08	MANHATTAN	38210
2013/05	BROOKLYN	47106
2015/07	MANHATTAN	37654
2016/02	BRONX	41157
2014/05	STATEN ISLAND	9321
2016/03	Unspecified	7583
2015/03	Unspecified	9758
2013/11	Unspecified	7180
2014/08	BROOKLYN	49784
2011/06	BRONX	27630
2013/06	BRONX	26149
2010/08	BRONX	17402
2010/05	MANHATTAN	24310
2014/03	QUEENS	39971
2013/03	BROOKLYN	46663
2010/04	STATEN ISLAND	7788
2010/01	QUEENS	27572
2011/08	STATEN ISLAND	10674
2017/03	BRONX	40441
2011/04	STATEN ISLAND	7574
2010/05	QUEENS	33543
2017/04	Unspecified	545
2013/08	MANHATTAN	28601
2014/10	Unspecified	6139
2016/09	STATEN ISLAND	8496
2014/07	BRONX	30413
2009/02	BROOKLYN	24523
2015/03	BROOKLYN	60984
2012/12	BRONX	30406
2013/04	BRONX	25912
2015/04	MANHATTAN	38742
2015/06	QUEENS	47546
2014/04	MANHATTAN	33445
2014/06	Unspecified	6218
2015/01	QUEENS	37841
2013/07	BRONX	30013
2015/09	QUEENS	42273
2009/01	QUEENS	26962
2012/03	BROOKLYN	43366
2011/05	BROOKLYN	45661
2011/05	STATEN ISLAND	7951
2015/10	BRONX	35112
2013/03	QUEENS	31247
2013/09	BROOKLYN	40704
2012/07	QUEENS	36241
2012/06	MANHATTAN	29134
2014/03	MANHATTAN	34958
2013/09	BRONX	22539
2011/01	STATEN ISLAND	6617
2010/07	QUEENS	33367
2012/08	BRONX	25809
2013/11	STATEN ISLAND	5529
2013/04	QUEENS	31458
2012/03	BRONX	28397
2011/10	Unspecified	2023
2015/11	BROOKLYN	54542
2016/06	Unspecified	6343
2014/07	QUEENS	42587
2011/12	STATEN ISLAND	6487
2013/07	QUEENS	35643
2012/12	BROOKLYN	47800
2012/05	MANHATTAN	29304
2013/08	QUEENS	32799
2016/08	QUEENS	46009
2013/02	BRONX	31767
2016/01	BROOKLYN	62303
2012/03	Unspecified	4867
2012/08	STATEN ISLAND	7795
2012/04	STATEN ISLAND	6351
2010/11	BROOKLYN	27718
2012/01	BROOKLYN	51938
2011/03	BROOKLYN	49859
2011/10	MANHATTAN	34911
2015/12	Unspecified	6613
2012/12	Unspecified	5114
2010/03	BROOKLYN	37651
2010/10	BRONX	15235
2014/04	QUEENS	35477
2016/06	BRONX	33825
2010/02	BROOKLYN	28438
2009/01	STATEN ISLAND	6261
2015/11	QUEENS	38153
2017/04	QUEENS	4284
2016/12	QUEENS	41499
2016/03	QUEENS	42439
2016/02	MANHATTAN	42186
2016/01	MANHATTAN	46112
2015/11	Unspecified	6065
2013/12	BROOKLYN	47714
2015/12	STATEN ISLAND	6990
2010/04	BROOKLYN	31979
2015/07	STATEN ISLAND	9667
2009/03	Unspecified	59094
2014/01	MANHATTAN	41524
2016/08	BRONX	36244
2012/01	MANHATTAN	33756
2011/08	Unspecified	1939
2014/03	BROOKLYN	51730
2012/01	BRONX	37458
2011/01	QUEENS	26262
2015/10	Unspecified	6502
2013/01	QUEENS	36336
2012/09	BRONX	23420
2013/12	Unspecified	11032
2015/08	QUEENS	44742
2012/12	MANHATTAN	32081
2010/12	MANHATTAN	17849
2011/10	STATEN ISLAND	9059
2013/11	QUEENS	30596
2010/09	STATEN ISLAND	7046
2012/03	QUEENS	30752
2014/10	BROOKLYN	51864
2014/04	Unspecified	5578
2012/12	QUEENS	32606
2015/12	BRONX	33065
2012/07	BRONX	28966
2013/02	STATEN ISLAND	6452
2013/10	BROOKLYN	45538
2016/11	QUEENS	40205
2014/12	STATEN ISLAND	6724
2010/06	BRONX	19426
2012/02	Unspecified	6000
2015/08	BROOKLYN	55292
2015/05	Unspecified	8685
2010/10	STATEN ISLAND	6404
2013/08	Unspecified	6045
2016/08	STATEN ISLAND	9385
2009/02	BRONX	9792
2011/05	QUEENS	34348
2015/06	Unspecified	9610
2011/01	BRONX	13978
2014/08	BRONX	27383
2014/06	QUEENS	43101
2016/10	BRONX	35370
2016/02	BROOKLYN	57489
2016/09	BROOKLYN	57779
2017/02	BRONX	35146
2012/08	BROOKLYN	45269
2013/09	STATEN ISLAND	6741
2013/04	BROOKLYN	44943
2011/09	QUEENS	37776
2013/07	Unspecified	5786
2014/12	BRONX	35612
2013/06	STATEN ISLAND	8400
2010/07	BROOKLYN	34971
2010/03	STATEN ISLAND	12338
2010/02	QUEENS	26851
2016/01	QUEENS	42509
2010/06	STATEN ISLAND	7480
2010/07	STATEN ISLAND	6837
2013/07	MANHATTAN	30280
2017/01	MANHATTAN	40561
2016/09	QUEENS	43373
2013/03	MANHATTAN	33164
2012/07	BROOKLYN	46496
2015/09	Unspecified	6782
2017/03	Unspecified	7597
2013/10	QUEENS	32074
2017/04	MANHATTAN	3754
2010/06	MANHATTAN	23245
2017/02	BROOKLYN	53759
2014/02	BROOKLYN	54177
2011/03	Unspecified	14016
2012/05	BRONX	25334
2012/11	Unspecified	4237
2011/03	MANHATTAN	31741
2012/11	STATEN ISLAND	7753
2011/11	QUEENS	33294
2016/11	STATEN ISLAND	8438
2014/03	BRONX	33530
2012/09	QUEENS	33423
2015/04	BRONX	30812
2015/10	BROOKLYN	58919
2013/05	BRONX	25092
2014/09	BROOKLYN	48413
2015/12	BROOKLYN	51913
2010/12	QUEENS	25130
2015/02	MANHATTAN	38374
2010/06	QUEENS	32917
2015/09	BROOKLYN	54889
2010/01	Unspecified	84093
2012/09	BROOKLYN	42760
2016/01	BRONX	44691
2010/08	STATEN ISLAND	7059
2011/07	MANHATTAN	28168
2016/10	BROOKLYN	59160
2014/07	BROOKLYN	54070
2013/01	Unspecified	6445
2016/05	BROOKLYN	59010
2015/01	STATEN ISLAND	7058
2011/04	QUEENS	32938
2010/07	BRONX	20612
2014/08	QUEENS	38478
2016/07	MANHATTAN	40932
2010/01	BROOKLYN	28030
2016/04	BRONX	30138
2014/12	QUEENS	35865
2012/09	Unspecified	3795
2012/11	MANHATTAN	31273
2010/10	BROOKLYN	30036
2016/03	STATEN ISLAND	9179
2016/11	BRONX	36629
2011/11	BROOKLYN	49814
2011/02	QUEENS	28268
2009/01	Unspecified	102877
2011/04	BRONX	27154
2015/04	Unspecified	8225
2016/01	STATEN ISLAND	7875
2011/10	BROOKLYN	52705
2010/11	QUEENS	26205
2016/07	BROOKLYN	59849
2013/09	MANHATTAN	28648
2015/03	MANHATTAN	38236
