2010	BRONX	196468
2009	QUEENS	81260
2016	QUEENS	521029
2011	Unspecified	178853
2017	MANHATTAN	119238
2013	STATEN ISLAND	85313
2011	QUEENS	412644
2016	Unspecified	84398
2013	Unspecified	80951
2013	QUEENS	392408
2010	STATEN ISLAND	88271
2015	BROOKLYN	684202
2012	MANHATTAN	355713
2009	MANHATTAN	53587
2009	BROOKLYN	78220
2010	Unspecified	701542
2012	BROOKLYN	544545
2011	BRONX	333030
2016	MANHATTAN	517630
2009	BRONX	33061
2011	BROOKLYN	550718
2013	BROOKLYN	560583
2015	Unspecified	95841
2011	STATEN ISLAND	97786
2012	Unspecified	53690
2016	STATEN ISLAND	108294
2016	BROOKLYN	702241
2012	STATEN ISLAND	85163
2010	MANHATTAN	263809
2017	QUEENS	131620
2013	MANHATTAN	383036
2014	BRONX	391607
2014	BROOKLYN	638815
2014	MANHATTAN	429318
2017	Unspecified	25544
2009	Unspecified	224127
2017	BRONX	121069
2017	STATEN ISLAND	29628
2014	Unspecified	74485
2015	BRONX	410756
2014	STATEN ISLAND	101277
2014	QUEENS	466675
2013	BRONX	346647
2012	BRONX	338789
2016	BRONX	436285
2015	MANHATTAN	473773
2010	BROOKLYN	378089
2015	QUEENS	515349
2017	BROOKLYN	181115
2009	STATEN ISLAND	19352
2011	MANHATTAN	345856
2015	STATEN ISLAND	106796
2010	QUEENS	377578
2012	QUEENS	405114
