2013	QUUENS	1
2016	FORTLEE	1
2013	Little Neck	2162
2015	N/A	78
2012	EAST ROCKWAY	1
2010	ROCVILLE	1
2011	NORTHVALE	2
2012	Far Rockaway	4735
2014	BEDFORD HILLS	1
2015	FARMINGDALE	8
2013	UNN	1
2012	HAMMOND	1
2010	SEAFOR	1
2009	MIDDLETOWN	1
2010	PLANO	1
2012	BELMORE	3
2011	WESTCESTER	1
2014	OLD BETHPAGE	1
2014	CARLEY PLACE	1
2011	ALBANY	3
2013	PARKRIDGE	1
2011	ISLANDIA	10
2010	SAINT	1
2016	Rosedale	3264
2015	FORT LEE	2
2012	KINGS PORT	1
2014	HILLSDALE	1
2010	MASTETH	1
2016	NORWELL	2
2009	HARRISBURG	6
2016	LITTLE NECK	2764
2012	WEST NEW YORK	1
2013	ROSEDALE	1829
2016	WHITPLAINS	1
2013	Whitestone	3062
2016	TORONTO	1
2015	HUNTNGTON STATION	1
2011	SIOUX FALL	1
2010	NORTH BELLMORE	2
2013	YORKTOWN HEIGHTS	1
2015	AMITYVILLE	1
2011	KEANSBURG	1
2017	PHILADELPHIA	1
2014	FLORAL PARK	427
2012	220	1
2013	NEW MLFORD	1
2012	BEVERTON	1
2012	WOODLANE HILL	1
2011	EDENTON	1
2010	SARASOTA	3
2012	HOLYOKE	1
2016	SAN FRANCISCO	1
2010	LOMBARD	2
2012	BUFFALLO	1
2009	WESTBERRY	1
2012	SYOSSET	3
2010	TONAWANDA	1
2013	REGO PARK	3292
2017	RIDGEWOOD	3786
2014	HARRISBURG	2
2013	EDANSTON ILL	1
2009	ELMHURST	3404
2014	NORWALK	2
2011	WEST LINWOOD	1
2012	WAPPINGERS FALLS	2
2015	ARVERNE	1063
2010	BELLEROSE	2817
2014	BELLMORE	8
2011	GREAT NECK	12
2011	EMHURST	1
2015	UNION CITY	9
2011	BOSTON	1
2015	EDGE WATER	1
2016	HEMPSTEAD BAY	1
2010	UNKNOWN	9
2014	INGLEWOOD CLIFF	1
2011	EAST ATLANTIC BEACH	1
2014	MOUNT KISCO	1
2014	ESCONDIDO	1
2010	NEW HYDE PARK	456
2012	HARRISBERG	1
2014	NANUET	1
2017	HATBORO	1
2010	PITTSBURGH	1
2013	SHERMAN	1
2010	BRONX	377510
2010	ELMHURST	12394
2017	ORADELL	1
2012	PARSIPPANY	5
2009	CHERRYHILL	1
2013	Long Island City	5103
2013	OCEANSIDE	3
2011	Elmhurst	362
2012	COLLEGE POINT	3505
2011	MORNINGSIDE STATION	1
2012	OAK BROOK	1
2015	SCHENECTADY	1
2013	ARMONK	1
2012	LAKE GROVE	2
2014	PHOENIX	3
2016	WEST PALM BEACH	1
2013	SOMMERSET	1
2012	ASTORIA	21038
2009	NEW MILFORD	1
2016	HOLBROOK	3
2013	N/A	106
2015	CLARKSVILLE	1
2010	HOLYOKE	1
2011	ROCHESTER	4
2015	BAYSIDE	4548
2013	VALHALLA	1
2016	JERICO	1
2009	EL PASO	2
2010	PONOMA	1
2009	JACKSON HEIGHTS	2679
2011	HOWARD BEACH	4867
2015	JERSEY CITY	44
2017	QUEENS VILLAGE	1458
2016	BLOOMINGTON	2
2013	Ridgewood	10385
2010	BIRMINGHAM	3
2013	FRANKLIN SQ	1
2013	UNIONDALE	10
2010	*	2
2011	LANDOVER	1
2013	BRIDGEWATER	4
2010	MERRICK	5
2017	SYOOSSET	1
2011	SAITN JOSEPHS	1
2011	PORT WASHINGTON	2
2011	BK	1
2014	Cambria Heights	1999
2011	PORT CHESTER	1
2012	TEANECK	1
2014	Flushing	19230
2011	NEW YORK CITY [?]	1
2014	Richmond Hill	4654
2010	ALEXANDRIA	2
2010	SOUTH RICHMOND HILL	10026
2015	ELMHURST	7480
2010	BLUE BELL	1
2010	NESCONSET	1
2015	ROCKAWAY PARK	2548
2013	SCRANTON	1
2011	DES MONES	1
2014	EAST SETUAKET	1
2009	ST LOUIS PARK	1
2012	WILKES BARRE	1
2011	HAZELWOOD	1
2010	WEST HAMPSTEAD	1
2011	HEWLETT TOWN	1
2016	WEST HARRISON	1
2012	TAMPA	3
2017	TEMPE	1
2015	MARENO VALLEY	1
2014	ROCKAWAY PARK	2198
2011	SACRAMENTO	1
2010	MEDFORD	2
2013	SPRINGFIELD GARDENS	2466
2009	JAMAICA	11637
2013	NASHVILLE	3
2010	HAVERHILL	3
2016	LINDENHURST	1
2010	LYNWOOD	2
2013	East Elmhurst	4748
2014	LEVITTOWN	2
2012	PORTLAND	1
2015	NIAGARA FALLS	1
2012	WOODMERE	3
2011	BREA	1
2012	WARWICK	1
2011	FLORA PARK	1
2012	JERSEY CIY	1
2014	HALIFAX	1
2017	Rosedale	832
2010	ALBANY	9
2014	GARDEN CITY	19
2015	HEWLETT BAY PARK	1
2015	ROOSEVELT	2
2010	ANA HEIM	1
2013	SUMMERVILLE	1
2012	VIRGINIA BEACH	1
2009	AMITTYVILLE	1
2015	NEWSRK	1
2010	NORTH PORT	1
2011	CHARLOTTES	1
2017	Far Rockaway	2837
2013	DENVER	1
2013	PORT CHESTER	1
2013	LIVINGSTON	1
2016	HUNTINGTON	3
2013	SAKURAISHI	1
2015	WANTAGH	4
2015	JACKVILLE	1
2014	CARROLTOWN	1
2010	CONYMANS HOLLOW	1
2014	East Elmhurst	5542
2010	LINDEN	1
2017	Ridgewood	3456
2011	FOREST HILLS	11108
2015	LITTLE FERRY	1
2014	NEW YORK	410007
2015	CENTER MORICHES	1
2012	ELIZIBETH	1
2011	LOMBARD	1
2010	Jamaica	5793
2011	NEW ROCHELL	1
2012	MANALABAN	1
2012	NATICK	1
2012	UNION DALE	1
2014	NORTH BERGEN	8
2016	ABERDEEN	1
2010	MINIOPOLIS	1
2010	ROCK HILL	1
2010	WAYNE	1
2009	MINEOLA	1
2009	DULSA	1
2010	SIOUX FALLS	5
2015	SEATTLE	1
2013		181585
2016	VALLEY COTTAGE	1
2012	ARCADE	1
2009	QUEENS	188
2017	FIVE TOWNS	1
2010	DES MOINES	1
2013	MINEAPPOLIS	1
2016	CARROLLTON	1
2013	ORNAGE	1
2015	OLD GREENWICH	2
2015	ANONYMOUS	3
2017	LYNNWOOD	1
2014	SAINT CHARLES	1
2013	WILLISTON PARK	2
2009	PORT JEFFERSON	1
2011	SOUTH GATE	2
2012	NYC	2
2009	NORFORK	1
2010	YORKTOWN	1
2013	NORTH PROVO	1
2010	Cambria Heights	813
2016	MANARONECK	1
2011	KEYPORT	2
2009	THOUSAND OAKS	1
2010	ROSELLE	1
2010	Ozone Park	1373
2014	CHAPPAQUA	1
2012	NJ	3
2015	PEARL RIVER	1
2013	ROCK HILL	1
2015	RENTON	6
2011	UNKOWN	2
2011	LEVINGTON	1
2012	GREENWICH	1
2017	YONKERS	6
2010	Howard Beach	965
2012	POUND BRIDGE	1
2010	CHESTER FIELD	1
2011	SAN HOSE	1
2012	FLORIDA	1
2011	NIAGRA FALLS	1
2017	NY	7
2012	SOUTH ORANGE	3
2017	LOS ANGELES	1
2011	SUNNYSIDE	5021
2010	BAY SHORE	1
2012	NEWARD	1
2014	SYOSSETT	1
2016	LAS VEGAS	1
2010	HUNTINGTON STATION	2
2014	HOBOKEN	13
2013	HOWELL	1
2016		148910
2013	ROSLYN	3
2013	ROSEVILLE	1
2017	OAKLAND GARDENS	639
2014	JACKSON	1
2011	Arverne	31
2013	LINDENHURST	4
2015	STATEN ISLANDE	1
2016	TEANECK	3
2013	LIVINGHURST	1
2011	SAINT PAULS	1
2016	ARDSLEY	1
2014	TENAFLY	1
2009	EAST ORANGE	1
2015	OAK RIDGE	1
2015	WOODHAVEN	5594
2010	MIDDLE VILLAGE	6373
2010	CARLE  PLACE	1
2013	NORTH PORT	2
2011	PHOENIX	1
2012	LYNDHURST	2
2017	Flushing	5665
2010	NORTH BABYLON	3
2016	QUEENS	497
2012	LAKEWORTH	1
2010	VALLEY STREET	1
2011	RONKONKOMA	4
2010	WYOMISSING	1
2013	OKLAHOMA CITY	1
2011	ROCKLAND COUNTY	1
2009	HORSHAM	8
2010	CINCINNATI	1
2014	JACKSONVILE	1
2009	LOS ANGELES	1
2016	CENTRAL VALLEY	1
2012	GRAPE VINE	1
2015	HARRISON	1
2013	ENGLEWOOD CLIFFS	1
2017	Astoria	4526
2010	NASSAU	4
2015	SOUTH RICHMOND HILL	6931
2010	LYNNWOOOD	1
2015	XXXXXXXXXXXXXXX	1
2013	SOUTH GATE	1
2011	CARSON	1
2013	OORT WASHINGTON	1
2012	CLOSTER	2
2015	FLORAL PARK	549
2013	COLLEGE STATION	1
2014	FARMINDELE	1
2013	BIRMINGHAM	5
2013	WEEHAWKEN	2
2010	OAKAHOMA	1
2012	NEW YORK NEW YORK	1
2015	HEMPSTEAD	9
2012	ALBANY	4
2012	East Elmhurst	1881
2010	SAN DIAGO	1
2011	COURT JEFF STA	1
2012	STATE ISLAND	1
2010	GREENBOX	1
2015	N MASSAPEQUA	1
2009	CHERMAN	1
2016	MINEOLA	6
2012	MINNEAPOLIS	7
2015	DAVEY	1
2013	INDIAN VILLAGE	1
2011	FOLSOM	1
2015	LAS VEGAS	1
2016	JERICHO	2
2011	JERICHO	5
2016	RICHARDFIELD PARK	1
2013	TENAFLY	2
2012	Forest Hills	2313
2012	STATEN  ISLAND	2
2010	BROOLYN	1
2011	MASSAPEQUA PARK	2
2015	CARSON CITY	1
2010	South Ozone Park	1284
2013	Rockaway Park	4042
2012	KEW GARDENS	3201
2010	WAYLAND	1
2010	BOHEMIA	2
2011	MALVERNE	3
2017	MANHATTAN	2
2016	MILFORD	2
2016	WESTBERRY	1
2009	QUENNS	1
2016	LINBROOK	1
2010	South Richmond Hill	995
2009	PHONIX	1
2015	ROCKVILLE CENTRE	6
2017	OZONE PARK	1730
2013	STATEN ISLAND	82549
2013	EAST RUTHERFORD	3
2013	SECUACUS	1
2012	QUEEN	1
2011	LAUREL HOLLOW	1
2017	ROCHESTER	1
2012	Springfield Gardens	1768
2015	COLUMBUS	2
2012	AMHERST	2
2016	NEWARK	186
2010	MT. VERNON	2
2012	MIAMI	6
2017	SYOSSET	2
2012	ROSLIN HEIGHTS	1
2014	NEWFANE	1
2010	NOT AVAIL	1
2014	HICKSVILLE	7
2013	SEAGIRT	1
2013	BAYYON	1
2015	BELMONT	1
2012	INWOOD	1
2013	WILKES-BARRE	1
2013	WAPPINGER FALLS	1
2011	WEST HEMPSTEAD	1
2012	STE	1
2016	SUFFERN	1
2016	OSSINING	2
2013	PHILADELPHIA	1
2014	BAYSHORE	2
2013	CARLISLE	1
2013	LIVERMORE	1
2011	EAST BRUNSWICK	1
2010	FLORAL PARK	606
2010	PATERSON	1
2015	HASBROUCK HEIGHTS	1
2009	BOSTON	2
2013	HASBROUCK HEIGHTS	1
2011	MONROE	1
2012	Flushing	6421
2013	JOHNSON CITY	1
2013	SOUTH FIELD	1
2010	DENVER COLORADO	1
2009	N/A	23
2014	MORWALK	1
2014	NASSAU	2
2014	MEDFORD	3
2013	COL.ANVURES	1
2010	HORFHAM	1
2014	Corona	7823
2010	WATERVILLE	1
2010	LAS VEGAS	6
2013	BRENTWOOD	2
2013	WHITEPLAINS	1
2015	Breezy Point	162
2015	SEWAREN	2
2012	PATTERSON	1
2016	SAINT ALBANS	3264
2012	CROTON HUDSON	1
2011	PHONIEX	1
2015	CEDARHURST	2
2012	UNKNOWN	7
2012	POST FALLS	2
2010	SUNNYSIDE	4939
2012	MIDDLETOWN	3
2010	METAIRE	1
2012	WEST HEMPSTEAD	1
2017	CARLE PLACE	2
2011	VIRGINIA BEACH	1
2012	CORAM	1
2011	JAMAICA	47913
2015	AVERNE	1
2013	NORTH BELLMORE	3
2011	BONX	1
2012	FARMINGDALE	5
2010	LARGO	3
2011	PHILADELHIA	1
2011	QUEENS	780
2014	WHITE PLANS	1
2010	ISLANDER	3
2013	MIDDLETOWN	1
2012	KANSAS CITY	2
2011	CHAPPAQUA	1
2012	WESTLAKE OH	1
2017	BAYSHORE	1
2012	STATEN ISAD	1
2017	PORT JEFFERSON	1
2012	GLENCLOVE	1
2010	BAYPORT	1
2016	NORTHPORT	1
2011	ALEXANDERIA	1
2012	CLEVELAND	1
2012	SOUTH OZONE PARK	7356
2015	EDGEWATER	7
2010	HIGH POINT	1
2017	ELMONT	3
2012	Arverne	1248
2011	NANUET	1
2013	CORONA	6039
2009	CAMBRIA HEIGHTS	1124
2011	OMAHA	1
2011	LAS VEGAS	2
2012	BROOKILLE	1
2011	MANALAPAN	1
2014	NEW ALBANY	1
2013	BRICKTOWN	1
2011	QUEEENS	1
2014	TARRYTOWN	3
2012	ST. PETERSBURG	1
2010	NORFOLK	15
2014	WESTBURY	13
2014	NEW MILFORD	2
2013	RIVERSIDE	1
2010	SCRANTON	1
2016	TOLEDO	1
2017	RD	1
2011	ANYWHERE	1
2010	HAUPPAGUE	1
2009	ROOSEVELT ISLAND	1
2013	NASSAU	1
2015	WILLIAMSDILLE	1
2016	BOSTON	4
2009	PLYMOUNTH	1
2012	OAKLAND GARDENS	3982
2014	GREENSVILLE	1
2010	SKOKYE	1
2012	ENGLEWOOD CLIFF	1
2012	DENVER	2
2014	MERRICK	3
2014	BOLTON LANDING	1
2010	SECASCUS	1
2010	WANTAUGH	1
2011	CHESTER	1
2014	GREENVILLE	7
2010	VALLEY SPRING	1
2012	HOBKEN	1
2013	SAYVILLE	1
2012	WARREN	5
2011	RAPID CITY	1
2010	FARMERS BRANCH	1
2009	DEER PARK	1
2013	ROCKDALE CENTER	1
2011	WEST DES MOINES	1
2015	RYE BROOK	1
2015	REGO PARK	4387
2011	NASSAU	1
2014	FARMNGDALE	1
2009	HAMILTON	1
2010	NEW HIDE PARK	1
2016	FAR ROCKAWAY	5539
2010	DICKSON	2
2013	OVERLAND PARK	1
2016	MAHWAH	1
2013	SAN FRANCISCO	1
2017	NEWARK	35
2012	BUFFALO	18
2013	Richmond Hill	3447
2012	NEW PORT RICHY	1
2011	GLEN COVE	1
2015	RUTHERFORD	1
2010	COLUMBIA	1
2015	HOLBROOK	1
2013	EAST HARTFORD	1
2012	CORRAM	1
2016	SPRING VALLEY	1
2013	NEWPORT NEWS	1
2016	CAROL STREAM	1
2013	OLANDO	1
2012	HEMSTED VILLAGE	1
2014	LONGWOOD	3
2016	BAYSHORE	1
2011	Breezy Point	1
2012	WEST BOROUGH	1
2010	ROCKVILLE CENTRE	1
2009	LAGRANGE	1
2011	ENGLEWOOD CLIFFS	1
2010	/	1
2009	HORSHAN	1
2014	NEWWARK	1
2012	FAIR LAWN	1
2017	EAST ROCKAWAY	1
2012	GETTSVILLE	1
2011	FRANKLIN SQUARE	2
2011	DES-PLAINES	1
2012	SHELDON	1
2013	HARRISON	4
2012	ELMSORD	1
2010	BROOLKYN	1
2010	WEST PALM BEACH	5
2011	Springfield Gardens	107
2012	PORT CHESTER	1
2014	ROSELAND	1
2011	NEWHIDE PARK	1
2015	ALTON	1
2015	MANHASETTE	1
2010	Bellerose	479
2014	ROCKVILLE CENTER	2
2011	EAST RUTHERFORD	1
2014	SONOMA	3
2016	ELMIRA	1
2012	College Point	837
2011	BAYSHORE	1
2012	Corona	2735
2016	PALOS VERDES PENINSULA	1
2009	OCEANSIDE	2
2015	OVERLAND PARK	1
2015	PATCHOUGE	1
2011	PARKVILLE STATION	1
2012	NORCROSS	1
2017	SOUTH RICHMOND HILL	1458
2017	MILFORD	1
2010	NEW ROCHELL	1
2010	FT. WASHINGTON	1
2013	UNION	1
2014	HOUSTON	3
2011	PHILADELPHIA	4
2010	QUEENS VILLAGE	11686
2010	NORTH WOODMERE	1
2013	WILKES BARRE	1
2012	FRESNO	1
2012	PLEASANTANTON	1
2010	LONGBEACH RD	1
2011	HOUSTON	17
2011	DENBER	1
2011	ST. PAUL	2
2011	PLAINFIELD	1
2009	WASHINGTON DC	1
2011	Howard Beach	94
2009	BELLEVUE	1
2014	FRESH MEADOWS	4934
2011	STATEN ISLAND NY	1
2017	LONG ISLAND CITY	1996
2011	*	3
2015	BALDWIN	4
2015	FT LAUDERDALE	1
2013	SOUTH AMBOY	2
2011	BROOKLY	1
2010	BKLYN	5
2011	RENTON	3
2016	CAPE GIARDEAU	1
2015	ALBANY	2
2014	ST. PAUL	1
2016	WEST ISLIP	1
2010	MENANDS	1
2011	ADDISION	1
2013	MAHOPOC	1
2013	ARDSLEY	2
2014	ROSEDALE	2241
2014	MAHOPAC	1
2012	SHERMAN	1
2014	PALISADES PARK	1
2010	SAINT ALBANS	7053
2010	WHEATON	1
2016	JERSEY CITY	52
2010	WILLINGBORO	1
2012	MT VERNON	2
2015	WESTBURY	7
2011	FORTJEFFERSON	1
2011	Saint Albans	132
2010	DICKISON CITY	1
2012	POMONA	1
2011	SYLVANIA	3
2013	JAMAICA	15587
2010	SANTA ANNA	1
2016	DOUGLASTON	1
2015	College Point	2835
2014	LIDO BEACH	1
2016	ROCHESTER	1
2010	MEMPIS	1
2016	PERTHAMDOY	1
2013	BELLMORE	10
2014	OCEAN	1
2015	BLOOMFIELD	1
2010	PURCHASE	5
2011	TINLEY PARK	1
2012	TENNAFLY	1
2013	ST PETE	1
2009	BOTHEL	1
2009	SYOSSET	1
2013	PORT JEFFERSON STATION	8
2017	ISLAND PARK	1
2012	FREDERICK	1
2012	FORT MILL	1
2016	ROCKVILLE CENTER	2
2010	SACREMENTO	1
2011	HASBROUCK	1
2010	BABYLON	2
2015	NEWARK	180
2013	GARDEN CITY	9
2016	SPRINGFIELD GARDENS	3404
2016	RONKONKOMA	4
2014	Springfield Gardens	4673
2016	MARIEPTA	1
2012	LEONIA	1
2012	WEST HAMPTON	1
2017	HOWARD BEACH	761
2014	NO NAME	1
2014	LINDEN	1
2010	SPRINGFIELD GARDENS	8030
2011	AURORA	2
2011	SAN DIEGO	4
2017	Corona	2539
2013	Rego Park	4010
2014	MOUNT VERNON	5
2016	NEWPORT	1
2010	CAROL STREAM	1
2012	SAN ANTONIO	1
2013	FORT JEFFERSON	1
2015	NORTH BELLMORE	1
2009	LAS VEGAS	2
2011	LAS VAGAS	1
2013	LOS ANGELES	1
2014	BELLEROSE	1573
2014	BREEZY POINT	142
2012	PELHAM	3
2015	NAUGATUCK	1
2014	PEARL RIVER	1
2013	PARAMUS	3
2012	MT. SINAI	1
2012	FOREST HILLS	8253
2011	NONE	1
2011	NEW JERCY	2
2015	OLEANS	1
2015	CARLE PLACE	3
2014	TEANECK	4
2015	Arverne	2902
2010	GUTTENBURG	1
2010	Middle Village	849
2014	MASTECH	1
2010	College Point	656
2012	GRANTSPASS	1
2011	OAK RIDGE	1
2016	RIDGEFIELD	1
2015	LAURELSON	1
2010	NAWELL	1
2016	RICHMON HILL	1
2012	SAN DIEGO	13
2011	WAPPINGERS FALLS	1
2017	AVERNE NEW YORK	1
2011	GETZVILLE	1
2010	GREELEY	1
2016	LYNNWOOD,	1
2010	NORTH FORK	2
2009	EDEN PRAIRIE	2
2016	TARRYTOWN	3
2015	COLUMBUS OHIO	1
2015	BUFFOLA	1
2010	SYRACUSE	1
2017	ESSEX COUNTY	1
2011	DEER PARK	2
2014	RICHARDSON	2
2009	NORFOLK	3
2012	ELMONT	13
2010	CLIFFSIDE	1
2014	SYOSSET	2
2014	Bellerose	1595
2012	ELISABETH	1
2013	VLLA PARK	1
2011	CEDAR FALLS	4
2013	RICHMOND HILL	3045
2012	BELLEVILLE	1
2013	MT VERNON	1
2012	Howard Beach	1556
2010	RODCHESTER	1
2014	ALPINE	1
2011	RIDGEWOD	1
2010	SALT LAKE CITY	2
2011	HICKSVILLE	2
2016	SCARSDALE	1
2009	SMITHTOWN	1
2016	NY	8
2014	ISLIP	1
2016	OCEANSIDE	3
2015	Sunnyside	3500
2012	NEW TOWN	1
2010	LIVINGSTON	3
2014	IRVINGTON	2
2015	INDUSTRY	1
2012	BOCA RATON	2
2011	COCONUT	1
2015	NEW JERSEYQ	1
2013	TOLEDO	2
2009	GETZVILLE	1
2012	Bayside	1328
2013	WOODBOURNE	1
2012	SOLON	2
2017	SAINT ALBANS	691
2015	OZONE PARK	7323
2016	SOUTH RICHMOND HILL	7399
2017	BAYSIDE	1217
2017	ROSEDALE	508
2016	STAMFORD	2
2011	ROCKVILLE CENTRE	3
2013	Astoria	13082
2009	BLASDELL	1
2012	PORT WASHINTON	1
2010	WEEHAKEN	1
2014	FOREST HILL	1
2013	New Hyde Park	257
2015	PEEKSKILL	3
2012	ALBERTSON	1
2010	WILKES-BARRE	1
2009	PURCHASE	1
2016	NORTH BERGEN	9
2009	WOODBURY	5
2013	BOSTON	2
2016	BACOI	1
2013	WILMINGTON	1
2015	WOBURN	1
2012	EAST MEADOWN	1
2011	WESTCHESTER	3
2015	WEST PALM BEACH	1
2010	XX	1
2015	LINDEHURSTN	1
2014	VALLEYSTREAM	1
2010	WESTCHESTOR	1
2012	OAK HARBOR	1
2011	HARTSDALE	3
2011	CINCINNATI	2
2016	Far Rockaway	10206
2012	Woodside	3056
2011	CENTER LINE	1
2015	SUMMIT	1
2015	HAUTPAUGE	1
2009	RED OAK	1
2009	SAN FRANCISCO	1
2011	BRIDGEWATER	1
2011	MARRITA	1
2010	SOUND BEACH	1
2014	SEACACUS	1
2014	MONTROSE	1
2010	LEVITOWN	1
2014	DIX HILLS	1
2009	PITTSBURG	2
2014	MALVERNE	2
2011	VALLEY COTTAGE	1
2009	PHOENIX	4
2012	SPARKS	5
2013	PLANTATION	1
2010	HI-NELLA	1
2013	WESTFIELD	1
2017	WESTCHESTER COUNTY	1
2009	DEPW	1
2010	SYSSET	1
2014	MANCHESTER	1
2016	ELMSFORD	1
2013	NY	9
2011	GREENVIEW	1
2010	NJ	3
2010	EAST MEADOW	3
2013	ST. JOHNS	1
2016	CORONA	11028
2015	CAPITAL HEIGHTS	1
2009	UNION	1
2011	BLADWIN	1
2013	ROUND ROCK	2
2011	OH	1
2009	RICHMOND	2
2016	NEWWARK	1
2017	Howard Beach	750
2012	WINDSOR	1
2010	WEST ISLIP	1
2011	RYE BROOK	1
2012	ATLANTA	4
2015	NASSAU COUNTY	2
2016	JAMESTOWN	1
2016	TUCKER	1
2011	PLYMOUTH	1
2013	GLEN COVE	9
2013	0000	1
2011	HAWTHORNE	1
2013	WOODMERE	5
2013	SELDEN	1
2011	FARMINGVILLE	1
2010	ALL THAT IS KNOWN MASPETH QUEENS	1
2011	UNION DALE	2
2012	WEST WINDSOR	1
2011	SEATTLE	2
2017	LOS ANGELOUS	1
2010	HOBOKEN	16
2013	STAMFORD	4
2012	N/A	126
2011	GREENVILLE	4
2013	SIOUX FALLS	2
2010	LINDENHURST	1
2014	WARRENTON	3
2014	BOCA RATON	3
2014	Fresh Meadows	5267
2011	BREEZY POINT	109
2016	EAST MEADOW	3
2010	UNKOWN	1
2013	CEDARHURST	1
2014	CARLFEAD	1
2012	MOUNT VERON	1
2009	MCALLEN	1
2015	CARTHAGE	1
2013	EDISON	1
2012	WILMINTON	2
2011	OVERLAND PARK	1
2016	WEST NEW YORK	5
2010	WARRENVILLE	1
2012	BURMINGHAM	1
2016	SOUTH EASTERN	1
2012	P.O. BOX 1233	1
2015	FAIR LAWN	1
2015	BLOOMINTON	1
2010	LONG VALLEY	1
2014	MT VERNON	2
2015	RIDGEFIELD	1
2011	PITSBURG	1
2012	PHOENIX	4
2009	LAKE SUCCESS	1
2010	DEERFIELD BEACH	1
2010	New Hyde Park	61
2010	MASPETH	7207
2009	CLEVELAND	2
2013	LYNDENURST	1
2014	WEST ISLIP	1
2014	WEST NYACK	1
2011	MOUNT SINAI	1
2017	HOLLIS	552
2016	COLUMBUS	4
2014	HAWTHORNE	1
2012	HOUSTON	16
2011	PALISADES	1
2016	NORTH BALDWIN	1
2015	VALLEY STREET	1
2010	BRONX NY	1
2012	PLEASANTVILLE	1
2010	WATERLOO	6
2011	SCARSDALE	3
2012	SADDLEBROOK	1
2011	FECAUSUS	1
2012	ORLANDO	4
2011	Woodside	317
2010	Saint Albans	1143
2012	LONG BEACH	6
2012	NASSAU COUNTY	1
2011	BABYLON	1
2016	WOODBURY	3
2017	RIVERHEAD	1
2013	GREENVILE	1
2014	NEW ORLEANS	1
2010	HEOENIX	1
2010	JACKSON	3
2015	MISSIFFAUGA	1
2016	UNIONDALE	5
2010	BAKERSFIELD	1
2012	JACKSONVILE	1
2014	Floral Park	296
2013	ROCKAWAY PARK	2673
2010	HARTSDALE	1
2015	PATCH OFE	1
2011	FLUSHING QUEENS	1
2010	HOPEWELL JUNCTION	1
2012	LONG ISLAND CITY	7518
2012	WESTFIELD	1
2009	WOODHAVEN	1820
2016	NEWWARD	1
2010	BENSALEM	1
2015	GREAT NECK	5
2012	DESPLAINES	1
2012	SMITH TOWN	1
2012	LAS VEGAS	3
2012	BRONXVILE	1
2010	LEHIGH	1
2011	CARLSBAD	1
2016	CHESAPEAKE	1
2012	DICKSON CITY	1
2012	JAMIAICA	1
2015	BLAIN	1
2012	BETHPAGE	2
2015	SOUTH FLORAL PARK	1
2014	Whitestone	3901
2016	SAN ANTONIO	1
2012	SPRINGFIELD GARDENS	5805
2010	PEEKSKILL	1
2013	WAPPINGERS FALL	1
2010	STATEN ISLAND	98760
2013	HOUSTON	11
2013	LINDENURST, LONG ISLAND	1
2016	ARVERNE	1505
2013	LINBROOK	1
2017	LAWRENCE	1
2012	MINNIAPPOLIS	1
2009	KEW GARDENS	1096
2013	PITTSBURGH	1
2012	VANCOUVER	1
2011	NEW JERSEY	4
2013	NEW WINDSOR	1
2009	COLLEGE POINT	1331
2012	NYACK	1
2009	SOUTH RICHMOND HILL	2123
2015	SCARSDALE	4
2011	0000 0000	2
2013	BOHIEMA	1
2017	HUNTINGTON	2
2014	INDIAN WELLS	1
2013	HAZELWOOD	1
2013	ISLANDIA	5
2015	LOS GATOS	1
2013	PALLISADES	1
2011	OAKLAND GARDENS	5029
2012	CANTON	1
2014	LANCASTER	1
2015	NORWELL	1
2016	ALBANY	5
2012	Whitestone	1356
2014	SOUTH FALLSBURGH	1
2013	MONSEY	1
2010	CANCUN 2R	1
2010	TULSA	1
2013	CO-OP CITY SECTION 5	1
2014	SOMERSET	1
2013	QUEENS	471
2015	BIRMINGHAM	2
2010	PHOENIX	4
2011	WOODALE	1
2017	HEMPSTEAD	2
2015	GREENWICH	3
2011	HOLBROOK	1
2011	RICHMOND HILL	8178
2012	SA	1
2014	NORTHFOLK	1
2010	OKSPA	1
2015	SHERWOOD	1
2011	LYNWOOD	2
2010	PARAMUS	2
2012	GREAT NECKS	1
2010	SYOSETT	2
2015	SELDEN	1
2011	College Point	211
2012	QUEENS VILLAGE	9246
2010	NORCROSS	2
2010	SCHAUMBURG	1
2012	MANALAPAN	1
2014	FARMINGVILLE	1
2014	BIRMINGHAM	1
2013	RONKONKOMA	1
2010	BEAVERTON	2
2010	SEWELL	1
2011	MIAMI	1
2015	HOBOEKEN	1
2015	WATERLOO	1
2012	HAWTHORNE	4
2016	SAIRPORT	1
2011	BROOKYN	2
2010	JAMAICA	45399
2016	MELVILL	2
2011	TULSA	1
2009	CHERRY HILL	1
2011	ISLAND PARK	8
2015	LEVITT TOWN	1
2010	BOWLING BROOK	1
2009	WHITE PLAINS	2
2009	PARSIPPANY	1
2011	BELMOORE	1
2014	WANTAGH	5
2011	NORTHFOLK	1
2010	RICHMOND HILL	8250
2015	BETHPAGE	6
2013	PALISADES	1
2012	WILMINGTON	3
2013	SECAUCAS	1
2010	PLAINFIELD	1
2014	HOLLIS	2848
2012	ROCKVILLE CENTRE	1
2015	PALISADES PARK	1
2011	Cambria Heights	80
2014	Woodhaven	3922
2013	GARDEN CITY PARK	1
2014	ROBBINSVILLE	1
2010	FISHKILL	1
2012	FAIRPORT	3
2013	BETHPAGE	1
2009	MARLTON	1
2010	CHESTERSPRING	1
2016	MIDDLEBORO	1
2014	ARVERNE	975
2015	WOODMERE	11
2014	SPRINGFIELD GARDENS	3028
2009	WOODMERE	3
2009	PATCHOGUE	2
2011	Forest Hills	190
2016	LARCHMONT	2
2017	South Richmond Hill	1930
2014	BABLYLON	1
2017	MAMARONECK	1
2015	FOREST HILLS	7026
2013	EWR	1
2010	311 TEST SERVICE REQ	2
2013	TUSCAN	1
2013	CATONAH	1
2015	JACKSONVILLE	8
2015	LYNDHURST	1
2014	SANTIAGO	1
2012	BROOKLY	1
2016	CAMDEN	1
2016	Kew Gardens	2862
2016	ALBERTSON	1
2016	CASTLETON	1
2013	HAUPPEUGE	1
2013	MINNEAPOLIS	2
2014	SAN ANTOINIO	1
2010	GREEN	1
2012	ROCHESTER	1
2014	EAST ISLIP	1
2009	HANOVER	1
2009	CHICAGO	5
2010	ST CHARLES	2
2010	HACKENSACK	1
2011	SYLAVANIA	1
2009	MILL VALLEY	1
2014	HOWARD BEACH	3177
2010	WILLIMINGTON	1
2015	South Richmond Hill	5271
2017	BELLEROSE	493
2011	SADDLE BROOK	1
2011	0	1
2012	PERTH AMBOY	1
2017	GRANTS PASS	1
2009	ST PAUL	2
2013	IRVINE	1
2013	WESTBURY	10
2017	Breezy Point	34
2010	Astoria	2855
2016	EAST MIDDLE	1
2015	EDISON	1
2010	BRONXVILLE	1
2017	ROCKVILLE CENTER	2
2014	WHITE PLAINS ROAD	1
2010	KE GARDENS HILLS	1
2012	VERMONT	1
2015	GLENCOVE	1
2016	Hollis	3702
2012	BROOKYN	1
2011	BELLEVILLE	1
2014	GLENDALE	1
2011	LAKE SUCCESS	3
2013	EDEN PRAIRIE	3
2010	RENTON	3
2014	FLUSHING	17387
2012	ROSLYN HEIGHTS	1
2010	CLOSTER	1
2011	SCOTCH PLAINS	1
2016	NYC	3
2013	ELMONT	8
2010	BUFFALO	13
2012	SOUTH AMBOY	1
2010	NORTH BRUNSWICK	1
2009	OCEANSIDE NEW YORK	1
2011	LYNDHURST	4
2015	FLATBUSH	1
2009	LONG BEACH	2
2011	NORFOLK	5
2017	LONG BEACH	2
2016	ASTORIA	19087
2010	FT LAUDERDALE	1
2015	BROOKLYN	665900
2009	FLORAL PARK	188
2011	NIEGRA FALLS	1
2010	CRANBURY	1
2015	SPRINGFIELD GARDENS	3431
2010	CHESAPEAKE	1
2014	EAST ELMHURST	6604
2015	LINBROOK	1
2016	BELLMORE	4
2011	HACKENSACK	2
2013	MEMPHIS	1
2015	WEST ORANGE	1
2012	MORRISTOWN	1
2012	TOLEDO	5
2013	ELMFORD	2
2015	NORTH BABYLON	1
2011	LITTLE ROCK	1
2015	SPRINGFIELD	2
2017	OLD GREENWHICH	1
2014	HIGHLAND MILLS	1
2012	MT. VERNON	1
2010	FLUSH MEADOWS	1
2014	LOS ANGELES	2
2012	LINDEN	2
2015	WOODLAND HILLS	1
2012	EDGE WOOD	1
2016	MORRISTOWN	1
2014	PISCUTAWAY	1
2012	GETZVILLE	1
2009		29906
2010	JAMESTOWN	1
2011	HOLLIS	7395
2014	KANSAS	1
2012	ROCKVILL CENTRE	1
2012	ENGLEWOOD CLIFFS	2
2010	PORT WASHINGTON	3
2016	JACKONVILLE	1
2011	PHOENNIX	2
2015	RADIO CITY STATION	1
2011	LAUREL	1
2011	HEMPSTEAD	9
2016	IRVIE	1
2015	DES PLAINES	1
2017	ALPHARETTA	1
2010	ROCKY MOUNT	1
2010	GREENBOXO	1
2014	DOBBS FERRY	1
2011	PLEASANTON	3
2012	NA/	1
2010	INDIANAPOLIS	2
2010	MASSAPEQUA PARK	1
2011	CALDWELL	1
2010	EAST ROCKAWAY	2
2012	SUFFOLK	1
2010	CASTLEBURY	1
2012	MANHATTAN	17
2014	SMITHTOWN	1
2013	GARFIELD	1
2016	Woodhaven	3940
2013	SARASOTA	1
2014	Kew Gardens	3058
2010	SOMERSET	2
2017	BRISTOL	1
2012	NORWALK	1
2014	NORTHPORT	2
2015	WOOD-RIDGE	1
2013	EASTON	1
2014	DALLAS	5
2012	MONROE	1
2016	NEW BRUNSWICK	1
2015	CLEVELAND	1
2017	BAYONNE	3
2012	BONX	1
2016	RICHMOND HILL	5450
2013	SOMERSET	1
2010	QUEENS/BROOKLYN	1
2010	ELMSORDD	1
2015	MOUNT VERNON	8
2011	VALLEY STREAM	19
2014	EAST ROCKAWAY	1
2015	JAMAICA	23010
2011	DALLAS	7
2011	WESTPORT	1
2014	SOUTH FLORAL PARK	1
2011	METAIRIE	1
2010	ELMSFORD	4
2013	MANCHESTER	1
2012	STATEN	1
2011	CLEVLAND	1
2010	HOFFMAN ESTATE	1
2013	South Richmond Hill	5901
2014	SCARSDALE	3
2016	NEW ROCHELLE	14
2011	BROOKSVILLE	1
2013	NORFOLK	5
2011	RIDGEFIELD PARK	1
2010	JACKSON HEIGHTS	9889
2009	ROCKVILLE CENTER	1
2016	IRVERNE	1
2012	EAGLEWOOD CLIFF	1
2012	POBOX 3517	1
2009	ROUND ROCK	2
2015	Ridgewood	12077
2013	GREAT NECK, NEW YORK	1
2011	BX	1
2014	DELLMORE	1
2010	VALLEY STREAM, LONG ISLAND	1
2009	MANHATTAN	6
2010	ROCKVILLE	5
2016	ROSALYN	1
2009	MANHASSETTE	1
2016	CHAPPAQUA	1
2011	LANGHORNE	1
2010	BETH PAGE	1
2011	INWOOD	1
2011	SYIFFET	1
2016	WEEHAWKEN	9
2016	JAMAICA	24450
2011	FARMIONGDALE	1
2010	RONKONKAMA	1
2011	BRIARWOOD	1
2011	JACKSONVILLE	6
2010	ISLANDIA	6
2014	INWOOD	1
2014	NORTHWEST	1
2017	New Hyde Park	40
2013	LAKEWOOD	1
2010	LEHIGH VALLEY	1
2013	HICKSVILLE	8
2012	MARLTON	1
2013	NORCOSS	1
2010	NESA	1
2010	BROJTON	1
2010	RIDGEFIELD PARK	2
2014	PLEASANTON	2
2013	FRANKLYN SQ	1
2016	WEST BABYLON	3
2016	Middle Village	3290
2015	WINNIPEG	1
2011	ISELIN	1
2014	NORCROSS	1
2016	COON RAPIDS	2
2016	ASBURY PARK	1
2013	ELIZABETH	4
2011	PUEBLO	1
2009	NILES	1
2011	SPARKS	4
2013	BRISTOL	1
2015	NEW CITY	1
2017	EAST ELMHURST	1798
2009	WILLIAMSVILLE	1
2012	BURNSIDE	1
2017	Jackson Heights	1856
2010	SECACUS	1
2011	STATEN	1
2016	OMESTEAD	1
2011	ROCKVILLE CENRE	1
2011	SAIRPORT	1
2010	IRVINE	2
2014	WEST HEMSTEAD	1
2012	NORTHFOLK	1
2014	GLENCOVE	1
2012	LAURENS	1
2017	BLLOMINGTON	1
2016	ROCKAWAY PARK	2524
2010	NORTH FOLK	3
2016	TUCKAHOE	1
2010	NASSAU COUNTY	1
2009	NEWTON	1
2017	RONKONKOMA	2
2010	FAIR LAWN	1
2012	FRISCO	1
2015	BAYTOWN	1
2012	BKLYN	1
2014	Woodside	8100
2011	ISELING	1
2010	CONCORD	1
2009	WOODSIDE	3796
2011	MARIETTA	1
2017	WEST HEMPTSTEAD	1
2012	VAUXHALL	1
2011	SOUTH ORANGE	1
2012	ROSEVILLE	1
2015	Jackson Heights	6173
2016	RYE BROOK	1
2016	BAYVILLE	2
2009	CHARLOTTE	1
2015	New Hyde Park	205
2011	ST LOUIS	2
2011	WESTBERY	1
2009	BROOKLYN	146090
2010	OSSINING	2
2016	FORT WASHINGTON	2
2012	South Richmond Hill	1626
2011	MORDANDILLE	1
2015	GIG HARBOR	5
2012	NORTH TONAWANDA	3
2009	SANTA ROSA	1
2012	CEDARHURST	3
2014	OZONE PARK	6504
2016	EAST TURHERFORD	1
2012	BROOKLYN	527937
2013	BLOOMINGDALE	1
2012	NEW YORK	331527
2017	SPRINGFIELD GARDENS	699
2015	WOODSIDE	8604
2011	BELLEROSE	3400
2013	TRUMBULL	1
2014	MIAMI	3
2014	WHITESTONE	3654
2016	STONY BROOK	2
2016	BABYLON	1
2013	QUEEN	2
2013	GREAT  NECK	1
2010	RICHMOND COUNTY	1
2009	HIGHLAND PARK	1
2010	LIVERPOOL	2
2014	BETHEL	1
2013	Jackson Heights	5603
2010	WOODBURY	12
2014	ORLANDO	3
2015	HUNTINGTON BEACH	1
2012	HEMSTEAD	1
2013	NIAGARA FALLS	1
2011	Queens Village	269
2012	KATONAH	1
2010	HUNGTINGTON	1
2013	LODI	1
2013	SECAUCUS	3
2012	MONTCLAIR	1
2016	NORTH MASSAPEQUA	1
2015	DOBBS FERRY	1
2015	PHILEDEPHIA	1
2012	ELMSFORD	5
2013	FORT LAUDERDALE	1
2015	ELMSFORD	2
2017	Queens Village	1821
2016	Maspeth	4021
2013	KISCO	1
2009	SOUTH OZONE PARK	2163
2016	MANHATTAN	10
2016	LOCKPORT	1
2016	KNOXVILLE	1
2016	ROCKLYN CENTER	1
2011	BRONX	359636
2010	FORT LEE	5
2014	HACKENSACK	5
2017	CORONA	2386
2013	INWOOD	3
2016	NATIONAL TENNESSEE	1
2011	WOODBERRY	1
2011	CAMBRIA HEIGHS	1
2010	PLEASANTON	1
2010	DES MOINS	1
2009	PENSACOLA	1
2011	CAMBRIA HEIGHTS	3703
2015	CLIFFWOOD	1
2010	GARDEN CITY	12
2013	PEEKSKILL	1
2014	QNS	2
2010	RALEIGH DURHAM	1
2017	PORT WASHINGTON	1
2012	UKNOWN	1
2011	BLOOMFIELD	1
2015	Rockaway Park	3316
2015	RIVERHEAD	1
2015	LAWRENCEVILLE	1
2015	EAST ORANGE	1
2011	NORWELL	17
2014	RIVERSIDE	2
2009	ST. PAUL	3
2013	THORNWOOD	4
2015	Springfield Gardens	4941
2009	WEST BURLIN	1
2011	YONKERS	19
2012	JACKSONVILLE FL	1
2012	BLOOMFIELD	2
2015	GREATNECK	2
2017	OAKS	1
2014	SOUTH OZONE PARK	5223
2015	LONG ISLAND CITY	6937
2011	IRVINE	1
2010	FRANKLIN SQUARE	4
2010	NEW CANAAN	1
2009	IRVING DALLAS	1
2013	WEST ORANGE	2
2012	CANOOGA PARK	1
2010	GARLAND	1
2012	VALHALLA	1
2013	RYBROOK	1
2015	LOS ANGELES	1
2013	BRONXVILLE	1
2016	MASSAPEQUA	3
2011	HIDE PARK	1
2010	OLD WESTBURY	1
2011	THORNWOOD	2
2010	AMURST	1
2013	BUTLER	1
2016	NA	19
2011	SKOKYE	1
2014	PELHAM	1
2013	NYC	1
2012	GLEN OAKS	2053
2014	HAZELWOOD	1
2016	UNKNOWN	3
2013	Oakland Gardens	2280
2010	GRAND JUNCTION	1
2012	BUFFALY	1
2013	CROTON	1
2009	FORT WORTH	1
2011	South Richmond Hill	239
2012	LINDBROOK	1
2011	Corona	1398
2015	WESTLAKE	1
2013	FAR ROCKAWAY	3336
2013	WAPPINGERS FALLS	1
2013	BELLEVIEW	1
2012	DIX HILLS	1
2011	Glen Oaks	63
2014	N/.A	1
2017	RYEBROOKE	1
2014	FORT LEE	8
2012	SCARSDALE	5
2010	SCARSDALE	5
2009	DALLAS	4
2010	BELMONT	1
2016	WESTFIELD	2
2014	GRAY	1
2013	BACDWIN	1
2015	SECAUCUS JUNCTION	1
2012	NEW JERSEY	4
2015	FREEPORT	5
2014	LONG ISLAND CITY	6529
2011	WILMININGTON	1
2011	TAMPON SPRINGS	1
2017	LAKE SUCCESS	1
2014	FLEETWOOD	1
2012	FARMDALE	1
2013	ARVERNE	719
2009	NORWELL	3
2016	LONG BEACH	5
2015	HILLSBORO BEACH	1
2009	ISLANDIA	4
2015	NEW YOK	1
2011	ORCHARDPARK NY	1
2010	PLAINVIEW	4
2013	NEW CITY	1
2016	HICKSVILE	1
2014	Howard Beach	3803
2010	NEWTON	6
2015	FRANKLIN SQUARE	3
2017	TARRY TOWN	1
2012	BALDWIN	2
2017	CENTRAL STREAM MORICHES	1
2010	ROCKVILLE ENTER	1
2010	STATEN ISLAD	1
2010	PALISADES PARK	3
2013	MINEOLA	6
2011	MANALABAN	1
2015	LONGWOOD	2
2009	ROCHESTER	1
2011	00000000000	1
2013	SHREWSBURY	1
2016	HEMPSTEAD	7
2015	Elmhurst	8584
2013	RONKOMKOMA	1
2009	SANDY	1
2012	CLEARWATER	1
2017	NEW CANAAN	1
2012	LOS ANGELES	7
2012	FLUSING	1
2015	BRICK	1
2010	KEW GARDENS	3859
2011	MEMPHIS	2
2010	MASSAURI	1
2014	Elmhurst	7785
2011	EAST SANBORN	1
2014	ARCADE	1
2011	LAWRENCE	6
2017	LA MESA	1
2016	LAKE WORTH	1
2010	WEST HEMPSTEAD	4
2016	NEW JERSEY	8
2016	WHITESTONE	4088
2010	IRVING	1
2012	CARTERET	1
2011	NORTHPORT	2
2013	GREEN VILLAGE	1
2017	COLLEGE POINT	889
2013	NA	20
2011	FORT WASHINGTON	2
2012	VALLEYSTREAM	1
2010	YONKER	1
2015	MORRISTOWN	1
2014	WOODMERE	9
2011	00	1
2016	KEYPORT	1
2017	WESTBURY	1
2017	RIDGEFIELD PARK	1
2014	WESTBERRY	1
2015	FAR ROCKAWY	1
2012	HICKSVILLE	8
2009	CINCINNATI	1
2009	DULUTH	1
2010	PORTHCHESTER	1
2010	MISSOULA	1
2015	NEW MEXICO	1
2011	RIDEWOOD	1
2015	SCARDALES	1
2012	MAHWAH	2
2010	RICHMOND NY	1
2013	GARDEN GROVE	1
2016	FARMINGDEALE	1
2012	999	1
2013	LAKE ARIEL	1
2012	Rego Park	1366
2013	TEANECK	3
2010	UNION	1
2009	HOBOKEN	6
2012	RIDGEWOOD	15028
2010	SAN ANTIONIO	1
2015	COLUMUS	1
2011	MIDDLEVILLAGE	1
2016	CO OP CITY	1
2010	CHERRY HILL	3
2014	COLOMBUS	1
2010	SADDLEBROOK	1
2011	TRENTON	1
2012	PARAMUS	3
2009	LONGWOOD	1
2010	FT. PIERCE	1
2016	WOODCLIFF LAKE	1
2014	REGO PARK	3741
2013	LAWERENCE	1
2015	SALT LAKE CITY	1
2010	INGLEWOOD CLIFF	1
2017	WHITE PLAINS	2
2013	FAIRPORT	1
2010	CHARLOTTE	3
2010	YONKERS	27
2010	FREEHOLD	1
2011	QUEENS VILLAGE	11864
2011	PARAMUS	2
2010	Woodside	1778
2014	NY	14
2014	OVERLAND PARK	2
2013	EVANSTON	2
2015	Oakland Gardens	3002
2009	TORRANCE	1
2013	HARTSDALE	1
2014	LIC	1
2013	DOWNEY	1
2010	ANGLEWOOD	1
2009	MASPETH	1844
2014	ROCKILLE CENTER	1
2011	LAKEWOOD RANCH	2
2013	ROSYLN	1
2011	UKNOWN	1
2017	LOS VEGAS	1
2015	PITTSBURGH	1
2011	BROOKLYN	584034
2009	BRONX	101436
2015	CLIFTON	3
2011	SAINT PAUL	1
2012	RICHMOND HILL	5702
2010	BOCAROPON	1
2015	HAZELWOOD	1
2017	GREENWOOD VILLAGE	1
2017	UNKNOWN	1
2010	BOTHELL	1
2011	SOUTH RICHMOND HILL	9624
2015	NEW JERSEY	12
2010	NEW	1
2010	NORTHFOLK	2
2009	FAR ROCKAWAY	3333
2010	00	1
2014	RONKONKOMA	2
2012	MASPETH	5880
2011	WANTAGH	3
2010	NA	49
2010	FORT JEFFERSON CITY	1
2016	KEW GARDENS	2702
2014	TOBYHANNA	1
2013	BLOOMIGTON	1
2011	BALDWIN NY	1
2013	BRICK	1
2010	WESTPORT/FAIRFIELD	1
2010	FAIRFAX	1
2013	LOS ANGELAS	1
2015	LYNBROOK	7
2012	LONGISLAND	1
2011	ST.LOUIS	1
2010	FLORIDA	1
2014	UNION CITY	5
2010	THOROFAIR	1
2016	ST PUL	1
2012	THORNWOOD	1
2011	COON RAPIDS	1
2016	MELVILE	1
2009	IRVINGTON	1
2013	CRANTON	1
2012	BOSTON	3
2010	COMMACK	1
2013	HAMDEN	1
2014	NEW ROSCHELLE	1
2017	Cambria Heights	629
2009	?	1
2014	BOCA RACON	1
2013	CARLSBAD	1
2017	WEEHAUKEN	1
2015	EAST ATLANTIC BEACH	1
2014	FORT JEFFERSON STATION	1
2013	ROCHESTER	2
2010	DEER PARK	4
2016	HAYWARD	1
2013	JAMACA	1
2011	VESTAL	1
2016	UNK	1
2010	NEWYORK	1
2009	FORT LAUDERDALE	1
2017	FARMINGDALE	3
2011	NA	29
2012	MIDDLEVILLAGE	1
2010	BREEZY POINT	200
2012	DEERFIELD BEACH	2
2010	WOODMERE	8
2011	SEAFORD	1
2014	Little Neck	2644
2015	FRANKLIN	1
2014	LA CROSSE	1
2010	CROTONA PARK	1
2011	WESTBURY	13
2014	HOBOKIN	1
2016	ROCHLLE PARK	1
2011	Rosedale	68
2017	NEWBURGH	1
2011	ROCKVILLE CT.	1
2010	QUENNS	2
2014	FOREST HILLS	6095
2012	MALT BONER	1
2012	PLANO	1
2015	ROSLYN HEIGHTS	2
2013	FOREST HILLS	5108
2010	DUBLIN	1
2015	LAWRENCE	5
2013	EAST MEADOW	2
2013	NEW  YORK	1
2010	SALEM	2
2012	COMMACK	9
2016	FAIRFIELD	1
2010	Garden City	2
2016	WESTBOROUGH	1
2014	HOLBROOK	3
2012	BELLEOSE	1
2012	CLINTONDALE	1
2016	PT LOOKOUT	1
2012	ROCKAWAY PARK	3103
2015	East Elmhurst	5863
2014	BLUEPOINT	1
2016	HILLSIDE	1
2014	BERGEN	1
2015	PRINCETON	1
2014	HAMILITON	1
2010	HASBROOK	1
2013	LONGISLAND	1
2016	MENANDS	1
2016	BISON	1
2010	ST ALBANS	1
2014	ALPHARATTA	1
2013	Springfield Gardens	3881
2011	CORDOVA	1
2013	MIDDLE VILLAGE,	1
2016	BREAT NECK	1
2014	EL  DORADO	1
2015	Astoria	19462
2010	GERMANTOWN	1
2010	SUCCESS DRIVE	1
2010	COLOMBUS OHIO	1
2011	HECKVELLE	1
2014	DEAR PARK	1
2016	MONTCLAIR	3
2010	TEMPE	1
2013	Arverne	2486
2010	DENVER	10
2012	Ridgewood	3696
2011	SPRING VALLEY	2
2015	GREAT NECK NY	1
2010	BUFFALLO	1
2013	ROOSEVELT	2
2013	RIDGEWOOD	7625
2015	Bayside	4347
2012	ROCKAWAY BECH	1
2013	BROOKLYN	533474
2009	PLAINVIEW	2
2016	Forest Hills	7245
2017	NASSAU COUNTY	1
2011	Floral Park	12
2013	MIAMI	1
2017	WEST SAYVILLE	1
2014	MANHASSET	3
2010	SEACAUCUS	1
2015	N.A	1
2015	RIVER EDGE	1
2009	GLEN OAKS	732
2015	JAMAICA QUEENS	1
2017	WEST NEW YORK	2
2013	FORT JEFFERSON STATION	1
2012	ALLENVILLE	1
2016	OZONE PARK	8512
2014	UNIONDALE	11
2014	JACKSONVILLE	1
2012	YORKTOWN HEIGHTS	1
2013	SYOSET	1
2012	NORCROSS GA	1
2015	GREENVILLE	6
2016	Sunnyside	3262
2016	WEST BABYLON AVE	1
2013	ENGLEWOOD	2
2009	FRESH MEADOWS	1942
2010	LANGHORNE	2
2015	UUNKNOWN	1
2014	FRANKLIN LAKE	1
2011	HEMSTEAD	1
2009	SYLVANIA	1
2010	HARRISON	2
2013	Saint Albans	4724
2016	AURORA	1
2015	MANHATAN	1
2010	COUBERSTORT	1
2010	NEWTONVILLE	1
2011	FREDERICKSBURG	1
2012	UNION CITY	5
2010	SKOKIE	1
2016	LINDHURST	1
2012	LIVERMOORE	1
2015	#200 BREA	1
2015	BOHENIA	1
2009	ILLONOIS	1
2010	HALESITE	1
2016	BROOKHAVEN	2
2013	Cambria Heights	1758
2015	BELLEROSE	1843
2010	DEER PARK,	1
2015	FRESH MEADOWS	6301
2015	UNION	1
2013	FRESH MEADOWS	4228
2010	CAMBRIA HEIGHTS	3366
2013	PLEASANTVILLE	1
2010	WESTLACO	1
2013	PHOENIX	3
2013	NEW JERSEY	1
2011	LOS ANGOLES	1
2010	ESCONDIDO	1
2012	NEW HOPE	1
2015	NORTH BELMORE	1
2012	KINGS POINT	1
2017	Fresh Meadows	1492
2009	COLUMBUS	10
2010	NEW JERSEY	3
2011	COLLEGE POINT	5088
2011	FORT WORTH	1
2010	DALLAS	6
2013	HUNTINGTON STATION	1
2010	Whitestone	1019
2014	SUFFOLK	1
2013	MADISON	1
2013	FRANKLIN SQUARE	3
2014	EAST MEADOW	5
2014	Glen Oaks	1124
2016	LUISVILLE	1
2010	DAYONNE	1
2013	SUNNYSIDE	1959
2013	HICKVILLE	1
2014	WILMINGTON	1
2016	WILKES-BARRE	1
2010	NEW ROCHELLE	9
2013	WESTCHESTER	2
2014	EVERETT	1
2014	NEWARK	157
2013	SOUTH OZONE PARK	3875
2016	MURRIETA	1
2011	SKOKIE	1
2014	LOCAL	1
2016	Rego Park	4217
2011	ENGELWOOD CLIFFS	1
2009	BLOOMINGTON	7
2011	MELVILLE	8
2010	ELLEN	1
2012	HERIETTA	1
2012	CUMANCK	1
2013	DEER PARK	1
2016	EAST RUTHEFORD	1
2010	TAMPA	5
2014	MELVILLE	7
2016	HOBOKEN	17
2012	SECAUCUS	1
2012	CITY OF INTERESION	1
2017	LITTLE NECK	621
2011	CEDARHURST	2
2012	OLD BETHPAGE	2
2016	CRANBERRY	1
2011	Rockaway Park	50
2013	INDIANA WELCH	1
2016	WILLISTON PARK	1
2016	MONROE TOWNSIP	1
2012	LAKE SUCCESS	3
2013	WOODBRIDGE TOWNSHIP	1
2010	OVERLAND PARK	1
2011	CLIFFSIDE PARK	1
2012	FARMING DALE	1
2011	PITSBURGH	1
2015	IRVINGTON	2
2013	Forest Hills	5209
2010	ST. CLOUD	1
2012	PORT WASHINGTON,	1
2010	HOLLIS	6615
2014	TAMPA	2
2010	ELMHERST	1
2009	HUSTON	1
2015	Woodside	9268
2012	FAIRFAX	1
2014	Far Rockaway	9943
2010	GREEN ALLEN	1
2013	ROCHELLE	1
2009	ST. ALBANS	1
2015	SAINT ALBANS	3070
2012	WHITE PLAINS	2
2011	WESTON	1
2016	MELLVILLE	1
2010	HARRISBUG	1
2013	TARYTOWN	1
2016	WESTBURY	10
2015	FORT LAUDERDALE	1
2011	BELLMORE	2
2016	East Elmhurst	5783
2011	STATEN ISLAND	97664
2014	ELIZABETH	1
2010	MOUNT VERON	1
2010	MADSION	1
2011	HASTINGS	1
2016	0	5
2014	RICHMOND  HILL	1
2015	BOSTON	6
2010	LINWOOD	1
2009	LITTLE NECK	1097
2010	SEACUCUS	1
2014	ROCHESTER	3
2014	BAYONNE	1
2012	LONG BRANCH	1
2010	CONNECTICUT	1
2011	LOWELL	1
2016	LAWRENCE	1
2015	SUNNYSIDE	3109
2015	FLUSHING MEADOWS	1
2013	LEVIT TOWN	1
2011	GREAT FALLS	1
2013	NEW YERSEY	1
2010	WEST NEW YORK	1
2016	RICHMOND	3
2014	WHITEPLAINS	3
2014	ROBINSVILLE	1
2013	NEW YORK CITY	2
2010	BROOKLY	1
2011	SANBORN	2
2012	ENGLEWOOD	2
2010	LI	1
2009	NANUET	1
2014	HARRISON	1
2012	SANDIAGO	1
2010	CHICAGO	4
2016	New Hyde Park	190
2010	ROCKAWAY PARK	3761
2014	NEWARD	1
2009	ARCADE	2
2010	MEMPHIS	2
2015	ROTKBILLE CENTRE	1
2016	PORTCHESTER	1
2010	PHILADELPIA	1
2015	CORONA	9878
2015	SMITHTOWN	1
2010	ROANOKE	2
2009	TRENTON	1
2017	ISLANDIA	1
2014	DOVER	1
2015	PARKCHESTER	1
2013	MOUNT VERNON	4
2015	/A	1
2016	GLEN HEAD	1
2014	CARLE PLACE	2
2017	HUNTINGTION	1
2009	SUNNYSIDE	1222
2016	NEWPORT BEACH	1
2016	ST PAUL	1
2016	PRINCETON	1
2011	BLOOMINGTON	10
2012	EDEN PRAIRE	1
2012	LEYNNWOOD	1
2013	NJ	1
2017	NEW ROCHELLE	5
2011	HOLBOKEN	1
2010	FORT LAUDERALE	1
2010	ASRETTA	1
2012	JFK	2
2010	WILLIAMSVILLE	10
2012	LYNBROOK	5
2011	Bayside	221
2010	RICHMOND	1
2013	GARNERVILLE	1
2016	GREENVILLE	5
2011	ELMSFORD	5
2014	TEXAS	1
2014	VALEY STREAM	1
2010	Rockaway Park	518
2015	CARMEL	2
2017	SPRING VALLEY	2
2015	NEWTON	1
2013	OSSINING	1
2011	SIOUX FALLS	2
2015	Saint Albans	5021
2016	NEW  YORK	1
2014	NORTH BELMORE	1
2010	HEMPSTEAD	3
2014	EAST GARDEN CITY	1
2009	VALLEY STREAM	4
2011	HORSHAM	5
2016	DOYLES TOWN	1
2014	Long Island City	6443
2017	WHITESTONE	1033
2011	FRESH MEADOWS	8358
2016	ROSLYN	5
2012	Breezy Point	234
2010	AROUND NEW HYDE PARK EXIT	1
2014	Oakland Gardens	2832
2012	WHITEFULTHUR T STRINNY	1
2015	NEWPORT	1
2013	MT KISCO	1
2016	EDISON	4
2009	MIDDLE VILLAGE	1609
2010	CINNAMON	1
2010	RIDGEWOOD	19608
2011	GLENCOVE	2
2010	ANTIOCH	1
2011	GLEN CLOVE	1
2012	VILLA PARK	1
2013	BAYONNE	4
2016	WEST HEMPSTEAD	6
2015	Glen Oaks	1422
2010	PHIL	1
2012	CARMEL	2
2013	SALEM	1
2011	UNKWN	1
2014	TULSA	2
2013	BRIARWOOD	1
2011	DOBBS FERRY	1
2013	RICHFIELD	1
2013	MEDFORD NEW YORK, SUFFOLK COUNTY	1
2013	TUSLA	1
2011	FREEPORT	6
2016	EAST RUTHERFORD	5
2016	TWINSBURG	1
2017	FORT ST LUCIE	1
2015	EASTPOINT	1
2014	BALDWIN	3
2011	CARLE PLACE	4
2010	BRAIN TREE	1
2011	Fresh Meadows	166
2014	KINGS PARK	1
2011	KENNESAW	1
2015	COVINA	1
2016	ROSLYN HEIGHTS	1
2011	PORTLAND	1
2013	WESTCHESTER COUNTY	1
2010	Richmond Hill	1049
2012	VESTAL	1
2015	SCHAUMBURG	1
2012	CAROL STREAM	1
2017	KANSAS CITY	1
2010	GRAND CENTRAL STATION	1
2014	CHARLESTON, NEVIS	2
2015	BELMOUNT	1
2016	MINNEAPOLIS	1
2017	WOODHAVEN	1345
2015	Queens Village	7514
2010	EDGEWATER	4
2014	GREAT NECK	14
2013	CHESTER	1
2015	CHELSEA	2
2010	GREAT NECK	12
2013	FORT WORTH	1
2011	BAYSIDE	7511
2014	COLLEGE POINT	3147
2015	KENILWORTH	1
2011	TARRY TOWN	1
2009	COMMACK	1
2011	TREVOSE	1
2010	BROOKHAVEN	1
2010	MORRISTON	1
2015	MT VERNON	1
2011	GREENWICH	2
2010	ST.  PAUL	1
2010	ENGLEWOOD CLIFFS	5
2016	Bayside	4217
2017	WEST HARRISON	1
2015	PLANO	1
2012	WHITESTONE	5387
2010	SPARKS	7
2009	ELIZABETH	1
2017	AUSTIN TOWN	1
2016	ROSEDALE	2581
2014	WESBURY	1
2016	Breezy Point	142
2013	LEVITOWN	1
2012	NEW ROCHELLE	5
2011	NEWHYDE PARK	1
2015	POUGHKEEPSIE	1
2014	CHARLOTTE	1
2010	Sunnyside	599
2016	VOORHEES	1
2017	Jamaica	7863
2011	COMMACK	10
2017	FRESH MEADOWS	1873
2014	SECACUSE	1
2011	SECAUCUS	1
2014	RODCHESTER	1
2011	BUFFALO GROVE	1
2011	DELRAY BEACH	1
2011	EDGEWATER	4
2011	RENO	1
2014	GEENVILLE	1
2011	FORESTHILL	1
2011	PANAMA CITY	1
2012	Middle Village	1284
2011	BURLINGTON ORLANDO	1
2013	ANAHEIM	1
2015	SIOUX FALLS	1
2014	Rego Park	4516
2014	YONKERS	27
2010	Newark	2
2011	UNIONDALE	5
2010	RENEON	1
2013	MOUNT POCANO	1
2014	E	1
2016	FRANKLIN SQUARE	4
2015	CHESTNUT RIDGE	1
2011	LONGWOOD	5
2010	GREATNECK	2
2011	ENGLEWOOD CLIFF	3
2016	ALANTA	1
2015	MAMARONECK	1
2013	Sunnyside	3029
2015	SPRING VALLEY	2
2011	MADISON	1
2015	FAR ROCKAWAY	5066
2012	FARROCKWAY	1
2016	SANDERSVILLE	1
2013	SOMONA	1
2010	Maspeth	1200
2016	SECAUCUS	5
2010	MONROE	2
2012	HEWLETT	1
2017	WEST NYACK	1
2017	ELMWOOD PARK	1
2015	PLAINS	1
2010	OZONE PARK	11463
2013	SANTA ANA	1
2010	HORSHAN	1
2014	MINNEAPOLIS	2
2013	MASON	1
2013	NEW ROCHELLE	7
2012	COMMAC	1
2010	SHELTER ISLAND HIGHT	1
2016	Long Island City	7517
2012	WHEATRIDGE	1
2017	MINNETONJA	1
2016	PAUL	1
2010	UNIONDALE	10
2013	MARMARONECK	1
2015	GREENVILLA	1
2016	LOWELL	1
2011	HUNTINGTON STATION	1
2009	WILMINTON	1
2012	EAGAN	1
2009	EDGEWATER	1
2012	CAMARILLO	1
2010	ROSEVILLE	1
2011	OCEANSIDE	1
2017	RICHMOND HILL	1357
2010	BRRROKLYN	1
2014	LOMBARD	1
2010	CITY OF INDUSTRY	2
2011	WESTBURRY	1
2009	JACKSONVILLE	5
2015	WARRENVILLE	2
2014	ROCKLEIGH	1
2014	PEEKSKILL	1
2015	Richmond Hill	4899
2009	CHESTERFEILD	1
2011	EAST NORWICH	1
2016	HUNGTINGTON	1
2011	EL PASO	1
2011	CARROL STREEM	1
2013	LYME	1
2009	EDIMA	1
2010	STAMFORD	2
2010	ISLANCIA	1
2013	CLIFTON	1
2013	JERICHO	1
2010	HUNTIGTON STATION	1
2013	BELMORE	1
2012	SANTA CLARA	1
2012	BABYLON	1
2016	RISLANDA	1
2011	LOS ANGELES	3
2011	SPRIGFIELD GARDEN	1
2010	PORT CHESTER	1
2013	NEWBURGH	2
2016	RIDGEFIELD PARK	1
2017	CAMBRIA HEIGHTS	359
2011	W HEMPSTEAD	1
2009	PRINCETON	1
2015	NEWYORK	1
2010	FORT WORTH	2
2013	NEWTOWN	1
2014	Hollis	4039
2012	GARDEN CITY	11
2011	FLORAL PAK	1
2017	GARDEN CITY	3
2016	STATEN ISLAND	107036
2011	LINDENHRST	1
2015	PHILADELPHIA	2
2010	Corona	1386
2015	DEER PARK	2
2012	OVERLAND PARK	1
2010	HORSHAM	5
2011	GREENSVILLE	1
2012	ORANGE BURGS	1
2010	PHOROFARA	1
2012	Rosedale	1286
2011	KENILWORTH	1
2014	MONTEREY	1
2012	CLIFFHILL PARK,	1
2013	LAWRENCE	6
2015	EAST BRUNSWICK	1
2014	NEW YORK CITY	3
2016	FORT COLLINS	1
2013	FRANLIN SQUARE	1
2012	LONG ISLAND  CITY	1
2016	Richmond Hill	4926
2010	PHILADELPHIA	3
2014	HARTFORD	1
2010	LAKE SUCCESS	3
2011	WILLINGTON	1
2015	CINCINNATI	2
2013	ATLANTIC	1
2017	GREENVILLE	1
2010	OKLAHOMA	1
2010	FLUSHING	35380
2010	GREENVALLE	1
2017	NYC	1
2011	LYNNWOOD	2
2016	ENGLEWOOD CLIFFS	1
2015	SPRING	1
2013	COSTA MESSA	1
2014	QUENNS	1
2011	Richmond Hill	238
2011	MIAMI BEACH	1
2011	MONTOURSVILLE	1
2011	CAROL STREAM	1
2015	HUNTINGTON	5
2017	CENTRAL ISLIP	1
2011	HOUTON	1
2012	PINE LAKE	1
2016	BELMORE	2
2013	BREEZY POINT	62
2010	SOUTH PAUL	1
2016	EAST ATLANTIC BEACH	1
2011	JACKSON VILLE	1
2010	ARCADE	1
2016	VESTAL	1
2011	Astoria	517
2016	BEAR	1
2013	ROCKLAND COUNTY	1
2012	New Hyde Park	81
2017	TARRYTOWN	1
2013	BELLEROSE	1507
2011	QWYNN OAKS	1
2010	BALITMORE	1
2014	OKLAHOMA CITY	1
2009	RIDGEWOOD	4699
2013	NESCONSET	1
2015	South Ozone Park	5647
2010	NE W HYDE PARK	1
2011	POWDER SPRINGS	1
2015	OCEANSIDE	7
2011	ALANTA	1
2010	N/	1
2011	FARMERSBRANCHE	1
2016	CYPRESS	1
2010	AMHURST	1
2010	Kew Gardens	429
2015	EAST FETAUKET	1
2014	MONTBILLE	1
2010	LAWRENCE	5
2009	OAKLAND GARDENS	1176
2012	BEACON	1
2014	WARREN	1
2015	SALEM	2
2010	BELMORE	1
2010	HALLANDALE	1
2011	WILLIAMSVILLIE	1
2014	LEONIA	1
2010	ATLANTA	16
2013	BURMINGHAM	1
2016	BEDFORD	1
2017	MIDDLE VILLAGE	1237
2012	SAN ANTOINO	1
2013	BRANDON	1
2011	SOUTH OZONE PARK	9845
2015	EAST ELMHURST	7554
2009	BAYSIDE	1842
2016	GREAT RIVER	1
2009	EAST ELMHURST	2731
2017	COPIAGUE	1
2012	OAKBROOK	1
2011	LIBERMORE	1
2016	NEW HAVEN	1
2010	RENO	1
2012	Oakland Gardens	1013
2010	PORTSMOUTH	1
2011	MANHASSETT	1
2017	BX	1
2011	GREATNECK	1
2012	WILLIAMSVILLE	1
2010	SUNRISE	3
2015	WARRINGTON	1
2015	NORTHVALE	1
2010	SEATTLE	1
2010	MORGAN HILL	2
2014	NORFORD	1
2012	CARROLTON	1
2014	EAST WINDSOR	1
2015	Howard Beach	3575
2010	PLOVER	1
2015	HOLTSVILLE	1
2010	TRUJILLO ALTO	1
2009	DOVER	1
2010	NEWBURG	2
2009	MOUNT SINAI	1
2016	PELHAM	2
2012	LARGO	2
2013	MANATTAN	1
2015	STANFORD	3
2013	PATCHOGUE	2
2012	ANONYMOUS	1
2016	DUMONT	1
2010	VIRGINIA BEACH	1
2011	ATLANTA	8
2013	BUSHKILL	2
2010	CARLSPRINGS	1
2013	ELMSFORD	1
2014	BATESBURGE	1
2013	BAYSIDE	3504
2016	BOWLING GREEN	1
2014	Sunnyside	3359
2014	RARETAN	1
2009	SIOUX FALLS	1
2016	NASSAU COUNTY	2
2009	OKLAHOMA CITY	2
2013	EAST ELMHURST	5293
2014	WOODSTOCK	1
2012	UNIONDALE	9
2010	HUTCHINSON	1
2009	BALDWIN	1
2014	WEST HEMPSTEAD	2
2012	BLOOMINGTON	7
2013	WEST BABYLON	4
2011	ELIZABETH	6
2012	DOBER	1
2012	0	1
2015	LA GUARDIA AIRPORTS	1
2013	WANTAGH LI	1
2013	NEWTON	2
2011	NEW HYDE PARK	541
2011	COMACK	1
2015	WILLIAMSBURG  MI 49690	1
2009	DOUGLASTON	1
2012	LIVERPOOL	1
2016	BUFFALO	1
2014	OYSTER BAY	1
2015	NORWALK	1
2011	Hollis	79
2016	SOUTH HACKENSACK	1
2011	PORCHESTER	1
2014	YAPHANK	1
2010	WEST BABYLON	3
2012	JAMAICA	34064
2009	DEMAREST	1
2010	OKLAHOMA CITY	3
2011	GREEN BAY	1
2010	ARETTA	1
2012	DENMORE	1
2014	COURT JEFFERSON	1
2013	GLENDALE	1
2012	ROCKVILLE CENTER	2
2013	YONKERS	24
2010	CITY ISLAND	1
2016	GARDEN CITY	7
2011	HOBOKEN	21
2010	GLEN OAKS	1946
2014	NEW HYDE PARK	237
2013	ROSELYN	1
2016	NJ	1
2015	BX	1
2013	BLOOMINGFIELD	1
2013	COMMACK	5
2017	MINEOLA	1
2015	WEST BABYLON	1
2017	HOUSTON	2
2012	BRONXVILLE	3
2011	CASPER	1
2011	FARMINDALE	1
2016	MOORE	1
2010	GLEN COVE	3
2011	NEWTON	1
2012	VALEY STREAM	1
2010	STONEY BROOKE	1
2016	NEWBURG	1
2015	ATLANTIC CITY	1
2011	LEDGEWOOD	1
2015	SAINT CLOUD	1
2011	OSSINING	2
2012	CHARLOTTE	1
2014	MONTCLAIR	2
2014	FAR ROCKAWAY	4250
2011	BRONXVILLE	6
2011	CHEEKTOWAGA	1
2014	PEORIA	3
2012	CAROL PLACE	1
2010	CLEAR WATER	2
2010	KINGS PARK	1
2013	HENDERSON	2
2010	WHITESTONE	5986
2015	Floral Park	331
2010	SHIRLEY	1
2010	NEW BRUNSWICK	1
2015	RIVERSIDE	1
2015	NORTH CHARLESTON	1
2013	MALVERNE	1
2009	CONCORD	1
2010	HORSAM	1
2016	South Ozone Park	6211
2014	HALBOCKEN	1
2011	DEERFIELD BEACH	2
2014	ELMSFORD	6
2011	BALTIMORE	1
2012	HOWARD BEACH	3917
2016	CEDERHURST	1
2015	MILLBURN	1
2015	MASPETH	5619
2010	ALVERNE	1
2016	MARGATE	1
2015	PATCHOGUE	3
2016	GARWOOD	1
2010	HARRISBURG	13
2009	MORRISTOWN	2
2009	SCRANTON	1
2015	PO BOX 11590 ROCK HILL	1
2015	NEWWARK	2
2013	EDINA	1
2014	SUMMERS	1
2016	BROOKLYN	687524
2012	South Ozone Park	1676
2013	Rosedale	2568
2014	SALT LAKE CITY	1
2013	MT. VERNON	1
2013	ELMHURST	5242
2010	WOODSIDE	13259
2012	TARRY TOWN	1
2010	LOS ANGELES	2
2015	MILLSTONE	1
2009	ELMSFORD	2
2015	FAIRLAWN	1
2010	BRIGHTON BEACH	1
2010	ST. LOUIS	1
2011	FOREST HILL	1
2010	PORT RICHEY	2
2013	WARREN	2
2016	FOREST HILLS	6770
2017	Woodside	2406
2015	Flushing	21103
2015	HICKSVILLE	4
2014	ELIZABETH,	1
2017	ELMHURST	1956
2016	PALISADES PARK	1
2014	SOMMERSET	1
2016	TERRYTOWN	1
2009	GARDEN CITY	5
2012	NORWELL	5
2012	LINDENHURST	2
2016	Little Neck	2630
2014	BOSTON	1
2015	QUEEN	1
2016	CENTEREACH	1
2015	HUNTSVILLE	1
2011	NJ	2
2015	JACKSON HEIGHTS	6070
2009	PARSIPPANI	1
2009	LIVINGSTON	2
2013	SOUTH RICHMOND HILL	4190
2010	KENNASAN	1
2011	POBOX 64886	1
2016	EAST ELMHURST	8000
2012	NAVADA	1
2011	GRACIE STATION	1
2012	TULSA	1
2015	WEST MORELAND	1
2011	INDIANAPOLLIS	1
2013	COPPELL	1
2016	FLUSHING	20042
2011	BRAIRWOOD	1
2011	CARTERET	2
2016	REGO PARK	4420
2011	PALATINE	1
2015	Middle Village	3471
2015	SCARDALE	1
2011	JERSEY CITY	32
2015	MANHASSET	4
2017	LOCUST	1
2009	FORT LEE	1
2011	MENDOTA HEIGHTS	2
2010	EDISON	3
2012	COLOADO SPRINGS	1
2010	000	1
2011	VALLY STREAM	2
2011	RIDGEFIELD	2
2012	NASSU	1
2010	SAINT PAULS	1
2011	ANDERSON	1
2015	Kew Gardens	2945
2012	Hollis	1349
2017	FRANKLIN SQUARE	1
2011	ATLATA	1
2013	South Ozone Park	4165
2010	SOUTH OZONE PARK	9262
2009	PREVOSE	1
2016	NEW HYDE PRK	1
2010	CHEEKTOWAGA	1
2011	CRANFORD	1
2011	ROSLYN HEIGHTS	1
2010	PATCHHOGUE	1
2011	PORT JEFFERSON STATION	3
2017	NEW JERSEY	4
2014	SAN ANTONIO	2
2012	SCHENECTADY	1
2016	QNS	1
2010	RAMSEY	2
2012	CORAL SPRINGS	1
2016	HEMSTEAD	3
2017	LINDENHURST	1
2009	POM COAST	1
2013	WILLOW	1
2013	SAINT ALBANY	1
2015	LAKE SUCCESS	1
2013	JAMAICA, NY	1
2010	JACKSONVILLE	8
2015	EL DORADO HILLS	1
2010	FANWOOD	1
2011	CARROLTON	1
2009	EDINA	2
2016	BETHPAGE	2
2015	SAN DEIGO	1
2012	SAUK RAPIDS	1
2013	LAPORT	1
2015	MAHWAH	4
2013	HOLLIS	1953
2010	ST. PAUL	1
2012	GLEN COVE	1
2015	N. CANTON	1
2014	LINBROOK	1
2012	WILLIAMSTOWN	2
2014	ELMHURST	6490
2014	College Point	2705
2013	BOTHELL	1
2011	NEWBRUGH	1
2015	PISCATAWAY	2
2010	OKLAHOMA CITY, OK	1
2012	WOODSIDE	10920
2013	EAST  RUTHERFORD NJ	1
2011	BIRMINGHAM	2
2011	WIXOM	2
2015	LONG ISLAND	22
2012	BIRMINGHAM	2
2017	CENTRAL PARK	4
2012	GREENWOOD VILLAGE	1
2015	ROSEDALE	2557
2011	PLANTATION	1
2009	YONKERS	3
2010	ARMONK	1
2010	VALLEYSTREAM	1
2010	UNKWN	1
2011	OZONE PARK	11715
2013	PASSAIC	1
2010	MINNEAPOLIS	6
2015	HUNTINGTON STATION	1
2015	PORT JEFFERSON	2
2014	NEW ROCHELE	1
2016	SUNNYSIDE	2741
2010	ITHACA	1
2013	ST LOUIS	1
2011	FARMINGDALE NY	1
2010	East Elmhurst	1117
2016	RIVERSIDE	2
2011	BELMORE, LONG ISLAND	1
2014	CHEEKPOWA	1
2017	Rego Park	1199
2013	FLORENCE	1
2015	WATTINGERS FALLS	1
2014	WHIPPANY	1
2014	ROCKY POINT	1
2015	MONROE	1
2012	ARVERNE	2215
2015	SLEEPY HOLLOW	2
2013	KINGSTON	1
2015	BOCARATON	1
2010	TARRYTOWN	3
2015	NEWARKK	1
2010	LAGRANGEVILLE	1
2013	EDEN PRAIRE	1
2010	RIVER FOREST	1
2010	ELIZABETH	5
2012	ELIZABETH	3
2013	MINEAPOLIS	2
2013	GLEN OAKS	1029
2015	PRINSTON	1
2013	HOOBKEN	1
2012	BAYSTATTION	1
2015	CAMBRIA HEIGHTS	1762
2010	LEVITTOWN	3
2013	MASSAPEQUA PARK	1
2014	JAMAICA	19181
2011	CLIMONT	1
2010	CANOGA	1
2015	LITTLE NECK	2639
2014	BK	2
2012	Sunnyside	1140
2014	SKOKIE	1
2012	WOODBERRY	3
2015	PORT JEFFERSON STATION	1
2014	FORAL PARK	1
2013	LARCHMONT	1
2012	CHATHEM	1
2011	COLUMBUS	16
2011	NORWOOD	1
2015	NUTLEY	1
2011	WESTCHESTER COUNTY	1
2012	CHESTER	1
2017	EDJEWATER	1
2010	POMPANO	1
2013	Bellerose	1244
2009	BALTIMORE	3
2014	CAMBRIA HEIGHTS	1518
2009	RIDGWOOD	1
2015	SAVANNAH	2
2016	WOOD LAND HILLS	1
2011	ARCADE	2
2014	TARRY TOWN	1
2011	MONTCLEAR	1
2013	OLD WESTBURY	3
2012	BERGUN	1
2016	NASSAU	1
2016	SOUTH HAMPTON	1
2012	NEWBURGH	1
2011	UNKNWN	1
2010	WOODSTOCK	1
2011	SOMERSET	1
2014	SOMERVILLE	1
2015	MALVERNE	4
2011	DES MOINES	2
2010	BX	2
2017	SAN DIEGO	1
2014	KNOXVILLE	1
2011	SYRACUSE	1
2016	LINDEN	1
2014	MINEOLA	5
2015	MELVILLE	13
2015	MERINO VALLEY	1
2012	COLUMBUS	13
2012	MANHASSET	3
2010	WOODBRIDGE	2
2014	SANDIEGO	2
2010	LARCHMONT	1
2012	EAST AMHERST	1
2016	LYNDHURST	2
2014	WEST LYNNWOOD	1
2011	WOODLAND HILLS	1
2010	MOUNT CLAIRE	1
2011	LONG BEACH	2
2010	OLD FORGE	1
2011	MAUMEE	1
2010	FAIRPORT	2
2011	RIDGEWOOD	19692
2009	UNIONDALE	2
2016	Ridgewood	12207
2014	ROCKAWAY  BLVD	1
2014	WOODNERE	1
2014	TERRYTOWN	1
2011	AMHERST	4
2015	DOVER	1
2009	STATEN	1
2016	MENIFEE	1
2011	JERSEY CTY	1
2010	Springfield Gardens	1166
2010	SCHAUMBURGIL	1
2014	BROKLYN	1
2015	RICHMOND	1
2013	Floral Park	241
2012	STATEN ISLAND	84316
2010	N?A	1
2013	NEW HYDE PARK	241
2012	RONKONKOMA	2
2011	Little Neck	136
2009	LONG ISLAND	5
2010	WOODALE	1
2012	WALL	1
2011	WALNUT CREEK	1
2012	MIDDLE VILLAGE	5006
2013	MERRICK	3
2009	OYSTER BAY	1
2014	OMAHA	1
2016	TENAFLY	1
2013	BLOOMINGTON	7
2013	FANWOOD	1
2016	BIRMINGHAM	1
2016	ENGLEWOOD	1
2014	HUNTIGTON	1
2010	ALTAVENA	1
2010	DICKSON CITY	2
2016	MANALAPAN	1
2010	ENGLWOOD	1
2013	FORT LEE	6
2010	NORTH HILLS	1
2010	SAN ANTONIO	4
2011	MAMARONECK	1
2011	WEEHAWKEN	6
2012	LAKE MARY	1
2016	CALDWELL	1
2012	HIGHLND PARK	1
2012	NEW HAVEN	1
2016	SOMERVILLE	1
2012	ALLEN TOWN	1
2015	JFK	1
2010	COPIAGUE	2
2013	NORTHWEST PROVO	1
2014	GREENWOOD VILLAGE	2
2016	Cambria Heights	2225
2013	COOPER STATION	1
2016	GLEN COVE	1
2012	CHULA VISTA	1
2013	WEST NEW YORK	3
2010	TANAFLY	1
2010	NEW BERLIN	1
2011	CALIFORNIA	1
2013	PISCATAWAY	1
2010	PHILDELPHIA	1
2016	FAR ROACKAWAY	1
2015	HEMPHSTEAD	1
2011	NEW HYDE  PARK	1
2013	CHARLOTTE	2
2011	LAWERENCE	1
2013	MANHATTAN	4
2011	SALT LAKE CITY	1
2014	South Richmond Hill	11482
2010	LOS ANGLES	1
2017	TENAFLY	1
2011	UNKNOWN	12
2010	MELLVILLE	3
2013	HUNT BALLY	1
2010	CHASKA	1
2010	AMHERST	3
2012	FLORAL PARK	590
2014	WASHINGTON	2
2010	CLINTON	2
2011	CHESTNUT RIDGE	1
2017	MELLVILLE	1
2012	HARTHORNE	1
2010	ROOSEVELT AVENUE	1
2010	LONG BEACH	9
2010	HOLBROOK	1
2014	SAN DIEGO	12
2011	HASTINGS- ON HUDISON	1
2010	MIRAMAR	1
2010	SYOSSET	8
2011	OANGEBURG	1
2013	MEDFORD	2
2017	RYE BROOK	1
2014	CARLASBAD	1
2011	MOREELL	1
2017	OWENSBORO	1
2010	Far Rockaway	1955
2016	CEDARHURST	10
2009	TOLEDO	2
2017	KEW GARDENS	618
2012	SAINT PAUL	1
2011	EAST ROCKAWAY	1
2010	COLUMBUS	27
2011	MERRICK	3
2009	BOHEMIA	1
2010	MANHATTAN	23
2017	QUEENS	101
2013	Corona	6847
2015	PLEASANTON	1
2011	FAR ROCKAWAY	14628
2015	EAST WINDSOR	1
2016	NEWARK AIRPORT TERM.	1
2017	NEW HYDE PARK	73
2010	WALKILL	1
2015	MASON	1
2014	Forest Hills	7015
2011	Jamaica	706
2013	DELTONA	1
2009	CORONA	3176
2009	WOODLAND HILLS	1
2010	NEWARK	67
2016	HOUSTON	3
2013	COLORADO SPRINGS	1
2016	CARLSTADT	1
2012	SANTA ROSA	1
2010	WHITE PLAINS	6
2015	CHERRY HILL	2
2011	MINNIAPILIS	1
2015	1	1
2011	FLORAL PARK	676
2012	JERSEY CITY	52
2014	SOUTH HAMPTON	1
2014	WIXOM	1
2009	ROCKAWAY PARK	900
2014	BRONX	375874
2016	Astoria	17557
2011	ALPHARETTA	1
2011	PISCATAWAY	1
2013	HAWTHORN	1
2010	NYACK	1
2010	THEEKTOWAGA	1
2013	NEWARK AIRPORT	4
2014	SCOTTSDALE	1
2012	CARMACK	1
2016	MIAMI	2
2009	TAMARC	1
2011	GLEN OAKS	2161
2013	COLUMBUS	7
2013	PLEASANTON	6
2010	HOWARD	1
2010	CLEARWATER	2
2011	JAMAICA ESTATE	1
2012	Saint Albans	1843
2011	PURCHASE	2
2014	GREEN BAY	1
2011	LEVITTOWN	5
2012	BINGHAMTON	1
2013	MELVILLE	17
2011	WESTVILLE	1
2011	WOODSBURY	1
2009	PHILADELPHIA	3
2014	HUNTINGTON	2
2010	NORWALK	1
2015	WESTCHESTER	2
2010	ADENA	1
2017	YONKER	1
2015	OCEAN SIDE	1
2012	TREVOSE	1
2010	PITTSBURG	1
2016	TEMPE	2
2014	PLAINVIEUW (NEW YORK	1
2014	CHERRYHILL	1
2017	ARVERNE	255
2015	HEMSTEAD	2
2010	NORTH WOODNERE	1
2010	WANTAGH	1
2015	AUGUSTA	1
2010	LEVITS TOWN	1
2015	PENFIELD	1
2015	CHICAGO	4
2011	ANAHIEM	1
2015	MINNEAPOLIS	1
2010	WEST HEMSTEAD	1
2011	BROKLYN	1
2009	ROCKVILLE	1
2013	JACKSON HEIGHTS	4390
2013	GOSHEN	1
2012	SAN DEIGO	3
2015	MILFORD	1
2017	MOUNT VERNON	4
2015	ALBERTSON	1
2012	NEWTON	3
2010	FORT LAUDERDALE	1
2014	PLANO	4
2015	NEW PROVIDENCE	2
2012	FLUSHING MEADOWS	1
2013	MASPETH	3561
2010	CEDARHURST	2
2013	JERSEY CITY	41
2009	JOHNSOL	1
2012	Fresh Meadows	1480
2017	FORT LAUDERDAL	1
2011	ITHICA	1
2017	SOMERVILLE	1
2010	ROSLYN HEIGHT	1
2016	ROOSEVELT	3
2014	BASKING RIDGE	1
2016	CLIFTON	2
2010	ORLANDO	9
2012	ELMHURST	10287
2015	Forest Hills	7298
2010	QUEEENS	1
2014	RENTON	3
2010	SOLON	3
2016	COPIAGUE	1
2014	BETHPAGE	1
2015	PORT CHESTER	4
2015	0	4
2010	SPARTA	1
2011	Middle Village	151
2013	HAUPPAUGE	5
2013	TARRYTOWN	2
2013	OLATHE	2
2014	BLOOMINGTON	3
2012	MIDDLE VILLAGE, QUEENS	1
2013	MAYWOOD	1
2015	UNIONDALE	10
2015	MIDDLE VILLAGE	4947
2014	EAST ELMHURTS	1
2013	CHICAGO	4
2010	BETHAPAGE	1
2015	PORTSMOUTH	1
2010	LYNNWOOD	4
2012	MADISON	2
2014	GREATNECK	1
2010	ELK GROVE VILLAGE	1
2016	MT.VERNON	1
2012	AMHURST	1
2013	FLUSING	1
2009	NY	4
2010	MT. CLEMENS	1
2014	BROOKLYN	619413
2012	SECACUS	1
2013	ATLANTA	7
2014	OAKLAND GARDENS	2565
2014	UNKNOWN	10
2011	MARION RD	1
2009	BETHLEHEM PA	1
2012	EAST RUTHERFORD	2
2016	INGLEWOOD	1
2015	FAIRPORT	1
2015	VILLA PARK	1
2015	HUNGINGTON	1
2015	Jamaica	30259
2010	MAMARONECK	2
2015	ROCKY POINT	1
2015	ENGLEWOOD	3
2016	Glen Oaks	1115
2016	Howard Beach	3634
2013	MIDDLE VILLAGE	3139
2011	CHICAGO	8
2014	NJ	2
2015	MINEOLA	3
2009	BUFFALO	10
2009	WEEHAWKEN	1
2013	FLORAL PARK	338
2011	DICKSHILLS	1
2015	ST PAUL	2
2010	EDISON RT9 EXIT	1
2016	N BERGEN	1
2013	SCARSDALE	5
2010	BAYSIDE	7718
2015	KATONAH	1
2016	MOUNT VERNON	10
2014	MINESOTA	1
2010	NOT KNOWN	1
2017	SUNNYSIDE	697
2014	LYNNWOOD	3
2014	CAMBRIDGE	2
2013	PORT CHESETR	1
2013	CARDISS	1
2013	Maspeth	3495
2016	HIGHLAND PARK	1
2015	WESTERLEIGH	1
2009	JERSEY CITY	6
2013	JFK	1
2009	OAKS	4
2014	GLEN OAKS	984
2012	Rockaway Park	1686
2013	ESCONDIDO	1
2011	RIVERDALE	2
2013	N	1
2013	CLIFFSIDE PARK	1
2013	NORWALK	2
2010	HIGHLAND PARK	2
2014	LYNDENHURST	1
2011	GARDEN CITY	10
2014	BONX	1
2011	LOS ANGELOS	1
2014	SAINT ALBANS	2790
2015	PARSIPPINY	1
2009	LAWERENCE	1
2013	NORTH BERGEN	4
2010	Woodhaven	817
2009	NEW HYDE PARK	123
2011	HAUPPAGUE	1
2011	FAIRFIELD	2
2010	HAUPPAUGE	6
2016	Whitestone	3662
2009	TAMARACK	1
2012	LAKEGROVE	1
2014	ISLANDIA	6
2014	MANHATTAN	7
2012	COPAGUE	1
2015	YONKKERS	1
2013	MOUNT BURNIN	1
2011	MASPETH	7994
2011	ORANGE	3
2013	OZONE PARK	4744
2013	TREVOSE	1
2011	Jackson Heights	210
2013	FARMINDALE	1
2012	CHICAGO	7
2012	EDGEWATER	1
2017	BETHPAGE	1
2015	OLD BETH PAGE	1
2012	SCEAUCUS	1
2010	TOMS RIVER	1
2013	GLENCOVE	1
2016	N. MERRICK	1
2011	ST. LOUIS	3
2011	WOODBURY	12
2010	MIDDLETOWN	3
2010	IRVINGTON	1
2017	HICKSVILLE	2
2010	HORSEHAM	1
2010	SOMMERSET	1
2017	WANTAGH	1
2010	ROSELIE	1
2017	Sunnyside	1119
2013	WALDWICK	1
2012	PHILADELPHIA	2
2014	MIDLOTHIAN	1
2017	LONG ISLAND	3
2012	TENAFLY	1
2013	GREENWICH	1
2011	ROOSERVELT	1
2011	ENGLISHTOWN	1
2011	CLEAR WATER	1
2016	MAMARONECK	1
2009	PHONEIX	1
2010	HASBROUCK HEIGHTS	1
2010	OAKS	5
2013	DECATUR	1
2010	FOREST HILLS	12375
2015	DFD	1
2011	ORANGEBURG	1
2015	BREEZY POINT	197
2010	MT SINAI	1
2016	Queens Village	6901
2012	BROOKSVILLE	1
2011	VALLEY STEAM	1
2010	Hollis	845
2013	SAN DIEGO	10
2015	EAST MEADOW	2
2014	BEDFORD	1
2016	CHAMPAIGN	1
2014	PARSIPPANY	2
2011	LINHURST	1
2011	COPIAGUE	2
2011	MANHATTANVILLE	1
2012	NIAGRA FALLS	1
2016	SALT LAKE CITY	1
2017	CORTLANDT MANOR	1
2014	FT. JEFFERSON STATION	1
2014	NYC	3
2017	PARSIPPANY	1
2013	MOUNT SINAI	1
2011	WEST NEW YORK	7
2017	BELLMORE	3
2012	LOG BEACH	1
2010	ANDOVER	1
2011	OXFORD	1
2012	NEWYOK	2
2011	SALEM	2
2014	EDISON	1
2014	HOUSON	1
2011	GREENSBORO	1
2015	QUEENS VILLAGE	6455
2017	BRONX	117379
2016	WOODHAVEN	6224
2016	GLEN OAKS	1220
2011	Kew Gardens	45
2013	Kew Gardens	1890
2011	BAKERSFIELD	1
2011	ASTORIA	26340
2014	TARZANA	1
2009	OZONE PARK	2830
2010	HELMSTEAD	1
2012	MELVILLE	11
2015	ROCKVILLE CENTER	6
2013	ALBERTSON	2
2014	FAIR LAWN	1
2015	GLEN HEAD	1
2013	WYCKOFF	1
2016	WAPPINGER FALLS	1
2014	CONCORD	2
2016	REAT NECK	1
2012	FARMER'S BRANCH	1
2010	WILLIAM VILLE	1
2010	JACKSONVILL	1
2014	SYOSET	1
2011	EAST MEADOW	1
2010	ENGLEWOOD CLIFF	2
2010	SECAUCUS	3
2016	WHITE PLAINS	9
2010	DURHAM	1
2009	NORTH BELLMORE	1
2012	SOUTH OZONE PK	1
2015	ELIZABETH	4
2011	WEST BABYLON	3
2010	HAUPPAUGD	1
2009	SAN DIEGO	1
2017	NEW YORK	114825
2014	GLEN HEAD	1
2009	LYNDHURST	1
2010	W NEW YORK	1
2015	GOLDENS BRIDGE	1
2013	GREENWOOD VILLAGE	1
2009	QUEENS VILLAGE	3320
2017	MANHASSET	3
2013	ANSONIA	1
2015	WOOSIDE	1
2016	COSTA MESA	1
2011	NORTH SALEM	1
2013	RYE	1
2010	MT VERNON	4
2015	Maspeth	4632
2012	NORTH BELMORE	1
2015	PATERSON	1
2015	BABYLON	2
2010	JUPITER	1
2010	NOREROSS	1
2011	WILLAIMSVILLE	1
2010	NORTH FORT	1
2011	GUTTENBERG	1
2014	CARROLTON	1
2012	BROOLYN	2
2012	Little Neck	1079
2009	WOODBERRY	2
2012	NEW HYDE PARK	360
2011	STOCKTON	1
2015	NASHVILLE	1
2013	LIC	1
2014	BRIDGEWATER	1
2017	NORWOOD	1
2014	NEW HEMPSTEAD	1
2009	REGO PARK	1569
2013	BALDWIN	4
2010	TEANECK	3
2015	BLOOMINGTON	1
2012	WESTBURY	10
2016	SKOKIE	1
2011	TALAHASSEE	1
2012	Maspeth	1717
2009	SAINT ALBANS	1980
2014	OAK BROOKE	1
2012	PITTSBURGH	1
2012	MASON	1
2011	MASON	1
2015	EAST AURORA	1
2011	IRVERING BLVD	1
2017	STATEN ISLAND	29369
2009	UNKNOWN	2
2011	NBLOOMINGTON	1
2011	JAMESBURG	1
2012	BAYSIDE	5649
2014	HAMPTON	1
2016	CORAL GABLES	1
2015	WILLISTON PARK	1
2010	PHILA.	1
2010	TAYLOR	1
2012	CHEEKTOWAGA	1
2012	GARDEN HILLS	1
2013	CARLETON	1
2016	BELLEROSE	2004
2010	NUTLEY	1
2010	SARPORT	1
2013	EAST SETAUKET	1
2012	NEWARK AIRPORT	1
2013	SOLON	2
2010	MARANTE	1
2011	New Hyde Park	5
2015	CLARK	1
2009	HAWTHORNE	1
2014	HAUPPAUGE	1
2016	CAMBRIA HEIGHTS	1669
2012	JACKSONVILLE FLORIDA	1
2010	FRMNGDALE	1
2015	Cambria Heights	2593
2014	SOUTHGATE	2
2009	WILKES BARRE	3
2015	NEWTOWN	1
2010	VALLEYSTEAM	1
2015	RIDGEFIELD PARK	1
2011	WAUWATOSA	1
2011	BROOKHAVEN	1
2014	RIVER VALE	1
2012	OKLAHOMA CITY	1
2012	SALEM	1
2011	WOODBRIDGE	1
2012	TEME	1
2011	THOROSARE	1
2013	HAWTORNE	1
2013	BELLEVILLE	1
2016	PATTERSON	1
2013	WOODBRIDGE	1
2012	BELLEVUE	1
2015	MOONACHIE	1
2012	ROOSEVELT ISLAND	1
2015	NORTH RIDGE	1
2012	BELLEROSE	2687
2009	SYRACUSE	3
2011	SEA CLIFF	1
2012	IRVINGTON	2
2012	HEMPSTEAD	4
2015	HEWLETT	1
2015	ORLANDO	6
2017	GLENDALE	1
2011	P.O. BOX 643	1
2013	LONG CITY	1
2014	PISCATAWAY	1
2013	CHELSEA	2
2012	CLERMONT	1
2010	SUMMERSET	1
2016	MAPLEWOOD	2
2010	ASTORIA	24090
2010	WEST LYNNWOOD	1
2016	MERRICK	6
2016	FREEPORT	10
2011	MINNEAPPOLOUS	1
2012	MERRICK	2
2011	OYSTER BAY	1
2009	EATONTOWN	1
2012	ENGELWOOD CLIFFS	1
2015	WHIPPANY	1
2014	HASBROCK	1
2014	VALLEY STREAM	18
2010	GARDEN CITY PAK	1
2010	HOWARD BEACH	4298
2014	JERICHO	1
2014	MILLBURN	1
2010	WILLISTON PARK	1
2016	OOO	1
2015	UNION DALE	2
2013	TROY HILLS	1
2010	SEA CLIFF	2
2015	NEW ROSHELL	1
2011	NORWALK	1
2013	LITTLE NECK	2354
2014	Rosedale	3156
2009	NEW HAVEN	1
2016	LONGWOOD	1
2017	Middle Village	1010
2015	NEW MILFORD	2
2011	MINNEAPOLIS	8
2011	FLORAL OARK	1
2013	AVENEL	1
2011	999	1
2010	JERICHO	2
2010	BALTIMORE	4
2011	SPRINGFIELD GARDENS	8038
2014	FARMINGDALE	12
2012	FLUSHING	25765
2009	CEDARHURST	1
2012	ONEONTA	1
2012	BELLMORE	3
2014	MELVERN	1
2013	SECAUCAUS	1
2010	TRENTON	2
2015	Ozone Park	7064
2013	HACKENSACK	1
2017	FOREST HILLS	1693
2011	WILKES BARRE	2
2015	GLEN COVE	2
2012	Glen Oaks	346
2015	MANHASSETT	1
2012	SANTA ANA	2
2011	VALLYSTREAM	1
2015	ROCHESTER	2
2013	EAST BRUNSWICK	2
2013	CLIFSIDE PARK	1
2012	NORTH BERGEN	3
2013	JOURNAL SQUARE	1
2012	MANHATAN	1
2014	RIVER EDGE	1
2015	CENTRAL PARK	118
2014	PLAINVIEW	5
2012	ESCONDIDO	1
2013	HUNTINGTON	2
2014	SHAKER HIGHTS	1
2010	CARROLLTON	1
2011	ANTONIO	1
2012	GREEN BAY	1
2010	THORN WOOD	1
2010	PALM HARBOR	1
2014	NN	1
2011	EAST HARTFORD	1
2015	Whitestone	4128
2013	Fresh Meadows	3781
2014	Bayside	3917
2016	DEER PARK	3
2009	NUTLEY	1
2016	HARRISON	2
2014	BUFFALO	3
2015	PECK SLIP	1
2012	NEWTOWN	1
2014	SECAUCUS	4
2010	OMAHA	1
2013	ISLIP	1
2009	SATTLEBROOK	1
2015	MANORVILLE	1
2016	MUNSTER	1
2012	PERRINEVILLE	1
2015	ROSYLYN HIGHTS	1
2017	Little Neck	661
2016	DIXHILLS	1
2016	NYACK	2
2014	BROOKLY	2
2012	OCEANSIDE	2
2013	Elmhurst	6377
2015	FAIRFIELD	2
2011	Woodhaven	125
2010	KNOXVILLE	1
2012	Bellerose	569
2011	WEST HARRISON	1
2013	LAKE HIAWATHA	1
2010	ST. ALBANS	1
2014	BRONXS	1
2017	CLAVERTON	1
2009	SANBORN	1
2017	TWINSBURG	1
2015	CHESTER	1
2010	SEACACUS	2
2011	LITTELE NECK	1
2016	NEW YORK	499512
2015	NEW WARK	1
2010	SANDIEGO	1
2015	HACKENSACK	1
2016	Jamaica	28686
2012	MCCARRAN	1
2012	ROSELAND	2
2011	HARSHAM	1
2016	NORCROSS	1
2012	SARASOTA	2
2013	RANDALLS ISLAND	1
2014	ST GEORGE	1
2010	MILLER PLACE	1
2012	FREEPORT	4
2013	PORT WASHINGTON	2
2016	FRISCO	1
2014	NEW YORK JFK AIRPORT	1
2010	PHEONIX	1
2015	LENOIA	1
2011	OAKLAND	2
2015	NORFOLK	4
2015	PORT ST LUCIE	1
2016	BRONX HILL ROAD	1
2013	IRVINGTON	1
2014	ENGLEWOOD	2
2014	LEVITOWN	1
2011	EDEN PRARIE	1
2011	BROXTON	1
2017	MORRISTOWN	1
2012	CARLE PLACE	1
2011	PELHSM	1
2012	FORT WORTH	1
2017	NA	5
2014	FAIRPORT	1
2014	ROHWAY	1
2015	RICHFIELD	1
2010	LYNBROOK	8
2016	NEW PORT RICHEY	1
2015	ROCKHILL	1
2012	VALLEY STREAM	25
2011	INGELWOOD CLIFFS	1
2015	FORT MYERS	1
2014	PARAMUS	3
2017	ORANGETOWN	1
2012	WOOD DALE	1
2013	LONG ISLAND CITY	4806
2009	WING FARMINGDALE	1
2012	CAMBRIA HEIGHTS	2924
2010	PLANTATION	1
2012	POUKEPSIE	1
2016	Corona	8621
2010	OTTAWA	1
2014	WOODBURY	7
2009	SALT LAKE CITY	2
2010	SAN DIEGO	6
2013	HAWTHORNE	2
2013	BUCKEYE	1
2010	WESTBURRY	1
2015	OYSTER BAY	1
2014	SONAMA	1
2009	HAZELWOOD	1
2016	THOUSAND OAKS	1
2010	ST PAUL	8
2014	DEER PARK	3
2012		128530
2016	LAKE SUCCESS	2
2016	ST. PAUL	1
2013	WOODBERRY	1
2016	WIXON	1
2010	ROSEDALE	5627
2015	BASKING RIDGE	1
2013	Flushing	15977
2016	UNION CITY	3
2009	WHITESTONE	1524
2015	BELLMORE	5
2015	ARMONK	1
2009	PORT SMITH	1
2012	TUCWILA	1
2015	ROOSEVELT ISLAND	1
2015	COSTA MESA	3
2013	Queens Village	6727
2012	WOODBURY	10
2010	LOS ANGELAS	1
2012	OZONE PARK	8408
2010	EAST RUTHFORD	1
2016	ADDISON	1
2015	DIG HARBOR	1
2013	WILLIAMSTOWN	1
2014	CEDARHURST	1
2013	WANTAGH	2
2015	BUFFALO	5
2011	MOUT VERNON	1
2013	EIMHURST	1
2011	ROCKVILLE CENTER	4
2012	ROSEDALE	3953
2016	GRANDVIEW	1
2012	MIDLOTHIAN	1
2011	HARRISBURG	8
2012	GREAT NECK	9
2017	HACKENSACK	1
2011	N/A	71
2016	TWINS BURG	1
2015	ROCK HILL	1
2011	GLENDALE	1
2011	GLENN COVE	1
2010	SUFFIX	1
2011	CLEVELAND	1
2013	SAINT ALBANS	2251
2014	KENNESAW	1
2014	PROVIDENCE	1
2009	PARISSIPANY	1
2016	KEARNY	1
2016	HAWTHORNE	2
2015	STAMPFORD	1
2012	WESTHEMPSTEAD	1
2014	ELMONT	9
2010	MINEOLA	4
2010	PETERBOROUGH	1
2013	PARLIN	2
2016	BELTSVILLE	1
2017	SCARSDALE	2
2012	DOBBS FERRY	1
2016	COONRATIDS	1
2015	HEMPSTEAD VILLAGE	1
2011	MARGATE ROAD	1
2014	CLIFFSIDE PARK	1
2013	COLTS NECK	1
2010	MASSEPEQUA	1
2016	CLIFFSIDE PARK	2
2015	WOODBURY	5
2010	MAPLEWOOD	1
2017	Whitestone	962
2009	ARVERNE	1021
2011	ELMHURST	12064
2009	NORTH BERGEN	1
2015	WAPPINGERS FALLS	1
2014	MASSAPEQUA	1
2010	EAST ELMHURST	10524
2010	MONTICELLO	1
2015	BRONX	395192
2011	LONG ISLAND	8
2011	GIBSONTON	1
2012	DELRAY BEACH	2
2015	SOUTH GATE	1
2016	NORFOLK	1
2014	DURHAM	1
2012	BELTSVILLE	1
2013	LONG BEACH	4
2011	NEWARK	61
2009	WAYNE	1
2015	WILLIAMSVILLE	1
2013	NEWWARK	1
2015	WESTFIELD	1
2012	YONKERS	18
2017	East Elmhurst	1588
2013	COLUMBIA	1
2010	JERSEY  CITY	1
2009	ENGLEWOOD CLIFF	1
2010	SMITHTOWN	1
2016	ROCKCHEASTER	1
2011	WOODLAND HILL	1
2012	HARTHWORNE	1
2009	WARREN	1
2011	ANAHEIM	1
2012	JAMICA	2
2011	MOHEGAN	1
2013	ALBANY	3
2011	Bellerose	51
2013	HASBROUK HEIGHTS	1
2014	NASSAU COUNTY	3
2011	NASSAU COUNTY	1
2013	ALLENTOWN	1
2013	FARMINGDAE	1
2014	WHITE PLAINS	13
2011	NEW YORK	348539
2016	SYOSSET	3
2013	PORT JEFFERSON	2
2011	NEW BRUNSWICK	3
2015	NEW ROCHELLE	20
2012	NEW	1
2016	WINSTON-SALEM	1
2010	VALLEY STREAM BLVD.	1
2016	HORSHAM	2
2012	FRESH MEDOWS RD	1
2013	HASBROUCK	1
2011	NIAGARA FALLS	2
2012	Cambria Heights	795
2012	Queens Village	2601
2014	VALLEY STREET	1
2012	HORSEHAM	1
2010	WEST HARRINGTON	1
2017	Arverne	501
2014	LAKE SUCESSS	1
2012	COLD SPRING HARBOR	1
2014	BALTIMORE	1
2011	EAST ORANGE	1
2016	GROVE CITY	2
2016	GROE CITY	1
2010	BREYER WOOD	1
2012	PORT WASHINGTON AVENUE	1
2014	BAYSIDE	3988
2015	BENTON HARBOR	1
2012	GATES	1
2015	CONCORD	1
2016	RUTHERFORD	1
2012	LINDEN HURSH	1
2009	ENGLEWOOD	4
2017	MONTPELIER	1
2017	WEST HEMPSTEAD	1
2017	VALLEY STREAM	5
2016	FLORAL PARK	699
2012	NILES	1
2016	JACKSONSVILLE	1
2012	SAYVILLE	1
2015	RYEBROOK	1
2010	ROOSEVELT ISLAND	2
2014	MADISON	1
2011	MIDDLE VILLAGE	6470
2011	TEREBORO	1
2015	EWING	1
2011	HAMDEN	1
2013	HASBROCK HEIGHTS	1
2016	WIXOM	1
2015	PARAMUS	1
2015	HASTINGS ON HUDSON	1
2015	UNKNOWN	3
2017	UNION CITY	1
2009	SAN ANTONIO	2
2015	DEPEW	1
2017	Saint Albans	1222
2013	DALLAS	3
2009	HAUPPAUGE	2
2017	Ozone Park	1741
2010	PELHAM	2
2012	RICHARDSON	1
2013	WOODLAND PARK	1
2011	Ozone Park	206
2015	CENTRAL ISLIP	1
2014	STATEN ISLAND	99903
2011	LITTLE NECK	4649
2016	NORTHBROOK	1
2014	MASSAPEQUA PARK	1
2012	TETERBORO	3
2015	COPIAGUE	3
2015	RIDGEWOOD	12777
2011	WHTESTONE	1
2011	FAR ROCKWA	1
2017	HERKIMER	1
2013	VALLEY STREAM	17
2014	WAYNE	1
2015	EAST ROCKAWAY	1
2014	ASTORIA	15191
2013	FORT MILL	1
2014	LONG BEACH	3
2015	PEQUANNOCK	1
2009	SALEM	2
2010	WESTBURY	15
2017	JAMAICA	5530
2009	MOUNT HOLLY	1
2010	LYNBROOK , NASSUA COUNTY	1
2013	N/	1
2010	NEWARD	1
2011	JEFFERSON CITY	1
2017	CLIFTON	1
2012	JHACKSONVILLE	1
2009	NA	11
2012	WAVERLY	1
2011	WANTGAH	1
2011	PATCHOGUE	2
2012	MASTIC BEACH	1
2009	WEKESBARRE,	1
2012	PHILADEPHIA	1
2013	ROCKVILLE CENTRE	2
2010	SOUTH GATE	1
2013	COCKEYSVILLE	1
2011	SANTA ANA	4
2012	DALLAS	1
2011	WILKES BARRY	1
2011	ST PETERBURG	1
2017	College Point	754
2011	BRENTWOOD	2
2015	STAMFORD	1
2012	SENTEREACH	1
2011	Sunnyside	61
2014	ISLANDER	1
2016	N/A	80
2014	HEMPSTEAD	7
2010	TREVOSE	4
2009	MINNETONKA	2
2012	ROCKCHESTER	1
2014	ROSLYN HEIGHTS	1
2013	BAYSHORE	2
2011	MT VERNON	1
2010	TRAVIS	1
2013	MANHASSET	6
2015	BROOKYLN	1
2013	TUCKAHOE	1
2010	TUIPEA BUFFALO GROVE	1
2015	OSSINING	1
2011	KANSAS CITY	2
2014	STATEN	1
2010	LOUISGILLE	1
2016	ATLANTA	4
2017	WILKES BARRE	1
2010	NEW YORK CITY	1
2013	FARMINGDALE	11
2013	LYNBROOK	7
2016	WESTCHESTER	5
2011	ST.ALBANS	1
2017	MELVILLE	1
2011	OLATHE	1
2011	NORTH BABYLON	2
2016	LIVETTOWN	1
2016	LONG ISLAND	16
2015	TERRYTOWN	1
2016	OLDBRIDGE	1
2013	College Point	2217
2017	NEW YORK CITY	1
2012	SANTA ANNA	1
2013	HOWARD BEACH	2524
2010	CORONA	13543
2016	South Richmond Hill	5904
2013	GREAT NECK	15
2010	MACOMB	2
2012	GARFIELD	4
2014	GREENWOOD LAKE	2
2010	COLLEGE POINT	4088
2013	RYEBROOK	1
2011	WOODHAVEN	7559
2014	LOWELL	1
2014	LONG  BEACH	1
2010	CAROLL STREAM	1
2017	LINDEN	1
2009	WILLAMSVILLE	1
2015	BELTSZILLE	2
2015	Hollis	3918
2014	QUEENS VILLAGE	5220
2009	LOUISVILLE	1
2012	AMELIA	1
2011	CLEVAND	1
2015	AMHERST	1
2013	EAST BRANCH	1
2012	Elmhurst	2845
2010	WEEHAWKEN	4
2010	HORSEHEADS	1
2010	JERSEY CITY	32
2014	ALBERTSON	2
2014	HOFFMAN	1
2010	CASPER	1
2015	NJ	1
2014	ATLANTA	6
2012	RICH FIELD PARK	1
2011	NEWIRK	1
2015	WATCHUNG	2
2011	ORLANDO	4
2015	INWOOD	5
2012	HIGHLAND PARK	1
2015	WEST NEW YORK	2
2014	SUNNYSIDE	2256
2010	EL PASO	1
2014	NEW ROCHELLE	14
2014	NA	17
2013	EUCLID	1
2016	MANHASSET	6
2011	ISLIP	1
2013	MENOMONEE FALLS	1
2010	ELMONT	10
2011	CARROLLTON	2
2016	Oakland Gardens	2971
2009	LONG ISLAND CITY	2630
2014	RIVERHEAD	1
2015	CHATSWORTH	1
2012	PLAIN VIEW	1
2014	LYNBROOK	7
2011	CORONA	13099
2014	GUTTENBURG	1
2015	SAN DIEGO	1
2017	NEW WINDSOR	1
2010	MODESTO	1
2010	WEST BERRY	1
2017	Elmhurst	3086
2011	EASTCHESTER	1
2013	NEW YOR	1
2016	MANHASSETT HILLS	1
2015	NEW YORK CITY	1
2013	POMPANO BEACH	1
2015	BELMORE	2
2015	FLUSHING	19001
2011	SALLS	1
2013	WEST HEMPSTEAD	2
2011	SAINT CLOUD	1
2013	HEMPSTEAD	3
2012	NY	18
2015		167117
2016	HOLLYWOOD	4
2009	INDIANAPOLIS	4
2012	PORT JEFFERSON STATION	4
2017	STAMFORD	1
2013	JERICHO, LI	1
2011	Far Rockaway	192
2011	Oakland Gardens	135
2010	TOLEDO	3
2010	KATANAH	1
2014	ALBANY	2
2015	EDEN PRAIRIE	1
2012	TEXAS	1
2017	UNIONDALE	4
2012	HARRISBURG	2
2012	SCHENTADY	1
2015	ATLANTA	2
2014	Queens Village	7325
2010	Jackson Heights	888
2012	NIAGARA FALLS	1
2009	WATERLOO	1
2010	WILIMINGTON	1
2016	HAMILTON	1
2016	Ozone Park	7772
2009	WEST MINSTER	1
2010	NEEDHAM	1
2013	PANAMA	1
2013	HORSHAM	4
2013	STANFORD	1
2016	GRAY NECK	1
2010	AURORA	1
2010	MATHEWS	1
2011	ELMONT	21
2015	YONKERS	20
2017	SOUTH OZONE PARK	1483
2012	FRANKLYN PARK	1
2016	ROSYLN	1
2012	RENTON	1
2009	BREEZY POINT	46
2013	FLUSHING	14586
2012	PITSBURG	1
2014	ALPHARETTA	1
2013	NEW YORK	356754
2009	DESTIN	1
2015	MONMOUTH	1
2009	ANNONYMOUS	1
2016	NEW JERSY	1
2014	SPENCER	1
2011	FRISCO	1
2010	WILLMINGTON	2
2016	PHILADELPHIA	1
2012	BAY SHORE	1
2011	MOBILE	1
2013	HOBOKEN	14
2014	SADLEBROOK	1
2012	RUTHERFORD	2
2014	VALHALLA	1
2016	WILLIFTON PARK	1
2016	HORSHAN	1
2011	NY	22
2011	EAST ELMHURST	10692
2010	NEWIRK	1
2013	BKLYN	1
2015	NORMAL	1
2011	MANHATTEN	1
2014	MAHWAH	1
2012	CANOGA PARK	1
2014	Breezy Point	101
2017	Floral Park	99
2010	THOROFARE	4
2012	FRESH MEADOWS	7467
2015	Bellerose	1652
2013	WILLIAMSVILLE	1
2017	JACKSON HEIGHTS	1424
2011	TAMPA	4
2014	NEW JERSEY	5
2015	WHYOMING	1
2012	Richmond Hill	1484
2011	WEST  BUREY	1
2011	SANDSTON	1
2010	ARLINGTON HEIGHTS	1
2012	SUISUN CITY	1
2012	DANA POINT CALIFORNIA	1
2010	OYSTER BAY	2
2014	PORTCHESTER	2
2013	PURCHASE	1
2014	0	1
2011	PLANO	1
2010	NEW YORK	361843
2012	HASBROUCK	1
2013	HARRISBURG	9
2010	ALATHA	1
2010	OAKLAND GARDENS	4908
2013	GREENWITCH	1
2015	SECAUCUS	8
2015	WHITESTONE	4218
2010	SADDLE BROOK	1
2010	REGO PARK	6452
2015	NORTH BERGEN	2
2010	N.Y	1
2017	GREAT NECK	2
2010	BROOKSVILLE	1
2013	SONOMA	4
2010	LONGWOOD	3
2009	MINEAPOLIS	1
2013	JFK AIRPORT	1
2012	LIVERMORE	4
2009	CEDAR KNOLLF	1
2011	WILLIAMSVILLE	3
2012	ATLANTIC HIGHLANDS	1
2016	ATLANTIC BEACH	1
2017	Maspeth	1239
2011	GILLETTE,	1
2016	NOTH WOODMERE	1
2016	SOUTH DAYTONA	1
2010	EDINA	3
2015	JACKSON VILLE	1
2010	CRANSORD	1
2014	WESTFIELD	1
2011	CHERRY HILL	1
2015	JERICHO	1
2009	NEW YORK CITY	2
2015	WEEHAWKIN	1
2016	FRESH MEADOWS	6808
2012	ROOSEVELT	1
2015	HAUPPAGE	1
2013	DOBBS FERRY	1
2013	NANUET	4
2010	Long Island City	1473
2016	NORTH BERGAN	1
2009	SANDIAGO	1
2011	PARSIPPANY	3
2015	WEST HEMPSTEAD	5
2010	ESDONDIDO	1
2012	CORTLANDT MANOR	1
2013	TULSA	1
2012	ANDOVER	3
2014	LODI	1
2016	Fresh Meadows	6313
2011	OAKS	5
2010	NORTH LAKE	1
2014	ISELIN	1
2015	HARLEM	2
2010	PATCHOGUE	1
2011	LIVERMORE	5
2011	BRONX NY	1
2014	NY JAMAICA	1
2014	EAST MEDOW	1
2012	BALDWIN HARBOR	1
2015	LOUISVILLE	1
2013	FAIRFIELD	1
2009	JERESY CITY	1
2017	IRVINGTON	1
2014	KEW GARDENS	2180
2012	NASHVILLE	2
2016	CLEARMONT	1
2015	STANDFORD	1
2010	/A	1
2012	PORT JEFFERSON	1
2013	OAKLAND GARDENS	2265
2017	FLORAL PARK	103
2012	SAINT ALBANS	5734
2013	Hollis	3398
2016	RIDGEWOOD	15506
2016	RYE	3
2012	CARLSTADT	2
2010	SAINT LOUIS PARK	1
2010	SUNSET	1
2013	NEW CAMAAN	2
2015	NYC	4
2012	MENEAPOLIS	1
2010	MARIETTA	6
2012	BAYSHORE	1
2013	QUEENS VILLAGE	4194
2014	CENTRAL PARK	119
2013	PORT JEFFERSON STA	1
2009	HUCHINSON	1
2015	BERGEN COUNTY	1
2014	KOMACK	1
2014	TOTOWA	1
2014	FAMINGDALE	1
2016	TREVOSE	2
2013	WINTERBINE	1
2015	CORNWELL	1
2013	BOCA RATON	1
2016	TAPE LIBERTY	1
2017	PORT ELIZABETH	1
2014	ROSLYN	1
2017	WOODSIDE	2410
2010	Elmhurst	1096
2013	STEWART MANOR	1
2016	CARLE PLACE	3
2017	Rockaway Park	866
2014	BURBANK	1
2014	QUEENS	707
2010	WALLINGTON	1
2010	PHIONEX	1
2011	IRVINGTON	3
2010	COLUBMUS	1
2016	CARL PLACE	1
2012	UNION	1
2015	HIOBOKEN	1
2009	HOPEWELL JUNCTION	1
2015	TAPPAN	1
2009	MINNEAPOLIS	2
2013	ST ALBIN	1
2013	SIUX CITY	1
2012	FAR ROCKAWAY	8933
2010	FAR ROCKAWAY	13688
2010	WOODBERY PO BOX 9004	1
2010	PRATTVILLE	1
2014	FREEPORT	10
2015	LODI	1
2016	HICKSVILLE	14
2011	NEWPORT NEWS	1
2017	GLEN OAKS	252
2015	AUSTIN	1
2016	FRANKLIN	1
2011	ROCKAWAY PARK	3735
2011	LINHOPE	1
2010	GLEN ALLEN	1
2013	OCEAN SIDE	3
2015	WILKES-BARRE	1
2016	Saint Albans	4812
2015	HIGHLAND	1
2013	NILES	1
2017	BOSTON	1
2011	WLLINGTON	1
2015	HAUPPAUGE, SUFFOLK	1
2012	HORSHAM	6
2014	SOLON	1
2014	Ozone Park	6897
2010	PARSIPPANY	5
2010	SANTA ANA	5
2015	NEW JER	1
2015	EAST ELM HURST	1
2011	FARMING DALE	1
2013	LINWOOD	1
2010	LYNDHURST	4
2014	PRINCETON	2
2012	CROWNPOINT	1
2014	BALDWIN HARBOUR	1
2016	LYNBROOK	3
2010	MARGATE	1
2009	PHEONIX	1
2013	MINNIAPOLIS	2
2017	ROSLYN HEIGHTS	1
2012	LONG SLAND	1
2012	HOBOKEN	15
2016	WANTAUGH	1
2013	ST. PAUL	3
2017	LAURENCE	1
2010	RIO GRANDE	1
2013	BUFFALO	14
2010	FRESH MEADOWS	8744
2013	BAY SHORE	1
2011	EDEN PRAIRE	1
2015	ATLANTIC BEACH	1
2011		116815
2015	WILMINGTON	2
2011	SAN ANTONIO	2
2013	RAEFORD	1
2012	WYCKOFF	1
2014	Middle Village	3017
2013	JACKSONVILLE	2
2011	ADINA	1
2009	UNION DALE	2
2011	WHITEPLAINS	1
2010	HALBROOK	1
2013	UKNOWN	1
2010	DEPEW	1
2012	PRINCETON	1
2010	OLD BRIDGE	1
2011	BELLROSE	2
2016	GREAT NECK	9
2014	CARSON CITY	1
2015	WESTCHESTER COUNTY	1
2013	LONG ISLAND	7
2016	LODI	1
2010	CLARA BARTON	1
2014	NORFOLK	5
2017	RAPID	1
2014	Rockaway Park	3086
2011	GREENICH	2
2017	STATEN  ISLAND	1
2015	VALLEYSTREAM	1
2015	NEW HYDE PARK	301
2014	PLATO	2
2011	CARRY TOWN	1
2017	Hollis	965
2010	MOUNT VERNON	7
2012	HUNTINGTON	2
2011	MENDHAM	1
2011	SAINT ALBANS	7866
2013	MONTVALE	2
2010	EAST RUTHERFORD	2
2012	FRANKIN SQUARE	1
2012	AUSTIN	1
2012	HAUPPOUGH	1
2011	NORTH BERGEN	3
2010	Fresh Meadows	1246
2013	UNKNOWN	6
2014	PORT CHESTER	2
2014	MELBOURNE	1
2011	FARMINGDALE	7
2017	Woodhaven	960
2015	AMYTVILLE	1
2013	PARSIPPANY	1
2010	VALLY STREAM	1
2015	GARFIELD	1
2011	ANTIOCH	1
2016	REDBANK	2
2016	CARLE   PL	1
2014	WEST HEMPSTEAD,	1
2010	BLOOMBRID	1
2013	ROCKVILLE CENTER	2
2015	PACOIMA	1
2013	SOUTH OZONE	1
2012	CITY ISLAND	1
2013	Bayside	3024
2011	Long Island City	286
2016	SANDIEGO	1
2010	WOODHAVEN	7723
2010	QUENS	1
2016	QUEENS VILLAGE	6863
2013	LAKE SUCCESS	2
2016	LAUREL PARK	1
2014	N/A	70
2017	MASPETH	1818
2013	ORLANDO	5
2014	NEWBURGH	1
2010	RONKONKOMA	5
2011	NEW ROCHELLE	5
2010	KATONAH	2
2016	Bellerose	1673
2010	HUSTON	3
2015	HICKVILLE	2
2011	VALLEY VEIW	1
2012	BEALVIEW	1
2014	LONG ISLAND	12
2015	FRANKLIN  SQUARE	1
2015	SOUTH OZONE PARK	6512
2010	GLEN RIDGE	1
2016	AMITYVILLE	1
2010	MIDLOTHIAN	1
2012	CHEEPOWAA	1
2013	CHEEKTOWAGA	2
2016	PARSITPANY	1
2017	COLUMBUS	1
2015	RICHMOND HILL	4741
2012	Woodhaven	1388
2012	KENNESAW	1
2014	BUFFALOO GROVE	1
2017	N/A	21
2014	RIVSERSIDE	1
2014	STATE CHARLES	1
2010	TERRYTOWN	1
2012	SHAKER HEIGHTS	1
2015	HOUSTON	5
2015	EAST RUTHERFORD	4
2012	NARCROSS	1
2015	MARONECK	1
2014	JERSEY CITY	36
2010	CARLSBAD	1
2011	BLOOMINTON	1
2014	PORT JEFFERSON STATION	1
2012	Kew Gardens	877
2011	LYNBROOK?	1
2011	NYC	1
2010	ROCKVILLE CENTER	5
2011	RED BANK	1
2011	MONTCLAIR	1
2011	CAROL STREME	1
2009	ASTORIA	6503
2015	JERSEY	2
2016	STATE ISLAND	1
2016	TETERBORO	1
2016	NORTH PLAINFIELD	1
2013	WEEHAWKIN	1
2013	DOBS FERRY	1
2015	CLIFFSIDE PARK	2
2010	BLOOMINGTON	8
2016	ELMHURST	8313
2012	BREEZY POINT	199
2013	BEACHWOOD	1
2015	JACKSON	2
2009	SAINT CLOUD	1
2015	LEVITTOWN	2
2013	WOODSIDE	5552
2010	Arverne	388
2013	UNION CITY	3
2015	QNS	3
2010	WOODBERRY	2
2015	Far Rockaway	11137
2011	WARREN	3
2009	GREENVILLE	1
2013	Far Rockaway	9160
2014	WILKES-BEARRE	1
2014	BIRMINGHAM,	1
2012	WEEHAWKEN	4
2016	MECHANICSBURG	1
2016	WHITEPLAN	1
2013	BRONX	324002
2016	SOUTH OZONE PARK	7071
2016	WILLIAMSVILLE	3
2016	DALLAS	2
2016	WANTAGH	3
2012	FORT WASHINGTON	1
2015	STATEN ISAND	1
2015	Rego Park	5150
2010	CARLTON	1
2016	ELMONT	10
2010	LONG ISLAND	14
2012	000	2
2013	ATLANTIC BEACH	2
2015	SATATEN ISLAN	1
2015	GRAND RAPIDS	1
2015	POMONA	1
2016	PIEDMONT	1
2017	INDIONAPOLIS	1
2010	NOWELL	1
2014	VIRGINIA BCH	1
2015	NEWARDK	1
2009	BOCA RATON	1
2012	ST LUIS	1
2011	FARMNGDALE	1
2016	CHICAGO	2
2015	PORRINGTON	1
2013	WALTHAM	1
2014	TOLEDO	2
2011	REGAL PARK	1
2010	PELLA	1
2010	FARMING DALE	1
2012	CARROLLTON	6
2012	SCOTRUN	1
2013	LITTLE FERRY	1
2011	WILKES-BARRE	1
2012	SOUTH PORT	1
2014	WOODHAVEN	4608
2014	RICHMOND HILL	4009
2017	LANGHORNE	1
2015	WYOMISSING	1
2014	BRONXVILLE	1
2014	TRIANGLE	1
2013	PELHAM	2
2011	GREAT BARRINGTON	1
2015	WESTBERRY	1
2014	ENGLEWOOD CLIFTON	1
2016	DEAR PARK	1
2010	PALM BAY	1
2009	NEW YORK	90184
2013	ASTORIA	13083
2011	MAHATTAN	2
2012	CLARKVILLE	1
2012	BEAVER TOWN	1
2011	BEFDORD	1
2012	VILLAPARK	1
2017	HUNTINGTON STATION	1
2017	NORTH BERGEN	2
2011	RYEBROOK	2
2010	Breezy Point	18
2015	BRIARCLIFF	1
2012	MASSAPEQUA	2
2009	MOONTOWNSHIP	1
2015	LIVINGSTON	1
2012	SYRACUSE	1
2014	OLD BRIDGE	2
2012	ISLANDIA	4
2016	PORT MONMOUTH	1
2010	PULSA	1
2016	NORWALK	3
2016	SHORT HILLS	1
2014	Arverne	2282
2012	JERICHO	3
2010	New York	2
2016	BAYSIDE	4438
2011	TENAFLY	1
2014	EVANSTON	1
2012	EAST WINDSOR	1
2013	AUSTIN	1
2013	CORTLANDT MANOR	1
2011	UNION CITY	3
2010	COLMBUS	1
2011	LYNBROOK	3
2011	WARWICK	1
2011	HUSTON	2
2009	PLYMOUTH	1
2009	X	1
2014	RIVERVALE	1
2012	BALTIMORE	2
2017	BALDWIN	4
2017	JERICHO	1
2017	PEONIX	1
2016	ELIZABETH	2
2016	HARRISBURG	3
2011	ENGLEWOOD	3
2011	MULLICA HILL	1
2016	OAKLAND GARDENS	2499
2012	DEER PARK	2
2012	CENTER REACH	1
2015	CLARKSTON	1
2012	Jackson Heights	1970
2013	ST CLOUD	1
2010	ARVERNE	3865
2015	TEMPE	2
2012	GREENVILLE	2
2014	BELTSVILLE	1
2015	GARDEN CITY	15
2011	Flushing	851
2016	PELHAM MANOR	1
2015	TEANECK	3
2012	CLARKSTON	1
2017	WESTFIELD	1
2014	LAFAYETTE	1
2016	EDGEWATER	5
2011	OKLAHOMA CITY	1
2013	WHITE PLAINS	7
2013	BARNEGAT	1
2013	CAMBRIA HEIGHTS	1351
2016	LONG ISLAND CITY	8191
2014	Saint Albans	4676
2015	NEWBURGH	1
2012	ROSLYN	4
2014	DELMORE	1
2015	GLENN COVE	1
2009	INGLEWOOD	1
2012	NEW ROCHELL	2
2013	WINTER PARK	1
2011	FLUSHING	33160
2013	BELPORT	1
2013	Breezy Point	127
2010	GUTTENBERG	1
2013	HEWLETT	2
2013	Glen Oaks	901
2012	BRONX	320395
2012	MILFORD	1
2011	LONG ISLAND CITY	8999
2012	HARRISON	1
2014	GLEN COVER	1
2010	EAS AMHERST	1
2011	WOODSIDE	13670
2011	SUMMIT	1
2010	MANHASSET	4
2009	PHILIDELPHIA	1
2015	SAINT JAMES	1
2010	SACRAMENTO	2
2014	LAWRENCE	3
2010	STATEN ISNALND	1
2010	Floral Park	89
2011	GEPZVILLE	1
2016	JACKSONVILLE	8
2013	COLLEGE POINT	2252
2010	FITZGERALD	1
2010	FARMINGDALE	26
2016	YONKERS	21
2016	PEACH TREE CORNERS GEORGIA	1
2014	NEWARK NJ	1
2010	FELDEN	2
2011	NEWYORK	3
2013	NEWARK	106
2017	MIAMI	2
2016	Flushing	20860
2013	PLAINVIEW	3
2016	COLTS NECK	1
2014	SOUTH HUNINGTON	1
2013	Woodside	6517
2012	BROOKILYN	1
2010	UTICA	2
2016	BELLEROSE VILLAGE	1
2010	HI NELLA	1
2011	ASTOIA	1
2010	ROCKAWAY	1
2010	HICKSVILLE	4
2010	BRADENTON	1
2011	South Ozone Park	171
2013	BROOKHAVEN	1
2016	FORT LEE	4
2015	HUTCHINSON	1
2014	MANHASSETT	2
2010	NORTHVALE	1
2013	ANONYMOUS	2
2011	MINEAPOLIS	1
2010	BROOKVILLE	2
2015	PARSITTANY	1
2011	NAUG.	1
2015	NA	22
2014	TAMARA	1
2010	MCALLES	1
2013	MASSAPEQUA	3
2011	PORT JEFFERSON STATI	1
2014	EAST ORANGE	1
2015	BRONXVILLE	2
2011	NEW YORK CITY	4
2015	GLEN OAKS	1028
2011	ROCKVILLA CENTER	1
2012	Astoria	4429
2016	BROOKYN NY	1
2013	PORTLAND MANOR	1
2016	SOUTH FLORAL PARK	1
2016	Elmhurst	8988
2016	NEW	1
2016	HOLTVILLE	1
2010	AUSTIN	2
2010	NORTH BERGEN	2
2009	LINBROOK	1
2012	HEMPSTEAD VILLAGE	1
2009	HOUSTON	4
2016	GIG HARBOR	1
2012	EDEN PRAIRIE	1
2012	OAKS	1
2012	ARMONK	1
2012	ST. CHARLES	1
2009	INWOOD	1
2013	SHORT HILLS	1
2014	SCARATON	1
2013	PEMBROKE PINES	1
2013	AMITYVILLE	1
2014	WINTER PARK	1
2012	RAMSEY	1
2011	HEMPSTEAD AVENUE	1
2015	TREVOSE	2
2014	BELMORE	1
2015	MONTICELLO	1
2014	Jackson Heights	6108
2016	Floral Park	408
2013	LEXINGTON	1
2011	BOLTIMORE	1
2010	TUSTIN	1
2014	OCEANSIDE	1
2012	GLEN ALLEN	1
2011	CANOGA PARK	1
2010	CHESTNUT RIDGE	1
2011	GLEN ALLEN	1
2016	ROCKVILLE CENTRE	3
2014	FRANKLIN SQUARE	1
2015	JERSY CITY	1
2014	DES PLAINS	1
2011	KEW GARDENS	4131
2014	Jamaica	28117
2016	NEWBURNSWICK	1
2010	Bayside	956
2010	OX	1
2017	JACKSONVILLE	1
2009	SPRINGFIELD GARDENS	2188
2012	MINEAPOLIS	2
2015	MANHATTAN	15
2015	PARSIPPANY	5
2012	NEW YOK	1
2016	BRONXVILLE	6
2010	BOGART	1
2013	KENNSHAW	1
2013	OAKS	1
2010	JACKSON VILLE	1
2014	SARASOTA	1
2015	MERRICK	2
2015	FLORHAM PARK	2
2013	SAN ANOTNIO	1
2013	UTUADO	1
2013	BRIARCLIFF MANOR	1
2012	RARITAN	1
2013	REDDING	1
2017	HARRISON	1
2013	VILLE	1
2017	FAR ROCKAWAY	1252
2011	ARVERNE	3778
2015	PORTCHESTER	1
2016	BRONX	421271
2012	NORFOLK	5
2017	AVON	1
2017	HOFFMAN ESTATES	1
2010	Flushing	3969
2010	DEDHAM	1
2014	BETHLEHEM	1
2012	LYNNWOOD	1
2013	ROCK HILLS	1
2014	Ridgewood	11765
2015	CONNETICUT	1
2010	HARRISBURGH	1
2009	HOLLIS	1651
2016	WHITEPLAINS	2
2012	KALISPELL	2
2012	ST. PAUL	4
2013	CENTRAL PARK	87
2012	WHITING	2
2015	KEW GARDENS	2657
2010	ELMUNT	1
2012	MARRIETTA	1
2013	RAPID CITY	1
2017	FLUSHING	4850
2012	HAWPHORNE	1
2010	DSW AIRPORT	1
2011	NORTH PLAIN FIELD	1
2015	SOMERS	1
2010	NORTH TONAWANDA	1
2014	RIDGEWOOD	9935
2010	TINLEY	1
2013	MIAMI BEACH	1
2011	AMHURST	1
2012	CLIFFSIDE PARK	1
2017	ASTORIA	4514
2013	BROOKYN	1
2016	ISLANDIA	4
2009	NEWARK	8
2014	DC	1
2010	NEW  YORK	2
2011	BOHEMIA	1
2013	WOODBURY	10
2010	LITTLE NECK	4189
2011	NEWBURGH	1
2013	WIXOM	1
2013	BALDWIN, NASSAU	1
2015	LINDEN	1
2014	THIELLS	1
2014	NEW HAVEN	1
2012	NA	32
2009	NEW ROCHELLE	1
2011	WHITESTONE	7187
2010	JFK	1
2010	LINDWOOD	1
2010	Rego Park	549
2013	ST. LOUIS	1
2013	WEST PALM BEACH	2
2013	ROOSEVELT ISLAND	1
2013	WOODHAVEN	3440
2015	NEW YORK	454327
2009	LAKEWOOD	1
2014	HUNTINGTON NEW YORK	1
2017	Glen Oaks	261
2013	FALLBROOK	1
2012	STONE MOUNTAIN	1
2016	NEW HYDE PARK	261
2014	BOHEMIA	2
2012	INDIANAPOLIS	1
2016	COLLEGE POINT	3513
2014	SOMERS	3
2014	FORT LAUDERDALE	1
2016	GREATNECK	1
2011	BROX	1
2011	ANDOVER	1
2016	PLAINVIEW	3
2014	NYPD	1
2015	BINGHAMTON	1
2010	ENGLEWOOD	4
2009	NEWTOW	1
2012	UNKONWB	1
2011	BETHPAGE	2
2010	NEW JERSY	1
2011	BROOKLN	1
2016	SAG HARBOR	4
2015	DOUGLASTON	1
2015	LINDENHURST	1
2010	BRAINTREE	1
2009	WILKES-BARRE	2
2016	HOLLIS	3304
2010	KEW GARDEN	1
2011	BRIDGEPORT	3
2013	WHIPPANY	1
2011	TOLEDO	2
2012	Long Island City	2396
2015	Long Island City	7501
2015	MONTGOMERY	1
2014	FLORAL PARK VILLAGE	1
2017	ALBANY	1
2014	DATONA	1
2016	KINSTON	1
2015	SLEEPY HIOLLOW	1
2017	SHORT HILLS	1
2015	MINOLA	1
2011	TEANECK	1
2010	HOPKINTON	2
2011	JACKSON HEIGHTS	10368
2013	NEW HIDE PARK	1
2014	NORTH BELLMORE	1
2016	WARWICK	1
2010	WARREN	6
2016	MEDFORD	1
2011	ESCONDIDO	2
2010	MALVERNE	1
2015	HAPPAGUE	1
2013	NORTHFOLK	1
2012	MONTVALE	1
2010	BAY RIDGE	2
2016	MAGNOLIA	1
2011	BALDWIN	1
2017	RYE	2
2010	UNION CITY	7
2012	ASBURY PARK	1
2016	MT VERNON	1
2010	QUEEN	2
2009	FLUSHING	8412
2009	EAST ISLANDIA	1
2013	GREENVILLE	2
2010	FREEPORT	3
2011	CONCORD	1
2012	SOUTHGATE	1
2016	NORTH BELLMORE	1
2014	New Hyde Park	262
2015	ROSLYN	1
2015	MENIFEE	1
2014	CORONA	7941
2009	FRANKLIN SQUARE	1
2017	PORT CHESTER	1
2010	DULUTH	3
2014	WEST BABYLON	2
2014	AMITTYVILLE	1
2010	BROOKLYN	599398
2013	MATAWAN	1
2015	QUEENS	575
2013	EAST NORTHPORT	3
2017	MAPLEWOOD	1
2010	NORFORK	1
2012	LAWRENCE	12
2015	SEAFORD	1
2012	THRONWOOD	1
2016	VALLEY STREAM	24
2014	MANHASSET HILLS	1
2013	COSTA MESA	1
2011	EXPORT	1
2013	BROOKSVILLE	2
2012	MANY	1
2011	WOODMERE	4
2009	POMONA	1
2010	LIVINGTONS	1
2017	Long Island City	1900
2012	BLOOMIGTON	1
2015	MOUNT SINAI	1
2009	GLENCOVE	1
2010	ISLANDA	1
2011	OCEAN SIDE	2
2016	FAIR LAWN	2
2017	Bayside	1317
2016	FISHKILL	1
2010	LIVERMORE	4
2014	WAPPINGERS FALLS	1
2016	BREEZY POINT	52
2014	ENGLEWOOD CLIFFS	2
2011	ELMSFRD	1
2012	Floral Park	115
2013	ELIZBETH	1
2011	HAVERHILL	1
2009	COON RAPIDS	1
2014	WEEHAWKEN	4
2010	MOUNT LAUREL	1
2016	HARTFORD	1
2010	ALBION	1
2015	COMMACK	9
2017	HAWTHORNE	1
2010	EDEN PRIARY	1
2014	VILLA PARK	1
2011	SLYVANIA	1
2017	HAUPPAUGE	1
2017	South Ozone Park	1535
2014	HORSHAM	3
2017	ROCKAWAY PARK	377
2013	NORTHRIDGE	2
2011	EVENPRAIRIE	1
2014	MIRALOMA	1
2010	MCALLEN	1
2014	BROOKYLN	1
2016	PERRY TOWN	1
2013	NORWELL	9
2014	JFK	1
2013	SYRACUSE	3
2010	LONG ISLAND CITY	8528
2011	GREENS BOROUGH	1
2016	NEWTON	1
2014	NASHVILLE	1
2009	RICHMOND HILL	2078
2010	PELHAM MANOR	2
2017	TITUSVILLE	1
2012	EASTE ELMHURST	1
2017	Springfield Gardens	1258
2010	X	1
2015	BURKE	1
2017	BUFFALO	1
2009	SPARKS	3
2009	HEMPSTEAD	1
2011	MANHASSET	5
2012	ARIZONA	1
2014	COMMACK	5
2010	WEST SAYEVILLE	1
2012	HACKENSACK	3
2012	FAIRFIELD	3
2015	PLAINVIEW	2
2012	MIDDLE VILLIAGE	1
2013	HOLBROOK	1
2016	FARMINGDALE	9
2009	TAMARAC	1
2009	ESCONDIBO	1
2015	NYACK	1
2016	SUN CITY	1
2017	SECAUCUS	1
2012	GOSHEN	1
2013	ST. JOSEPHS VILLAGE	1
2014	EASTON	1
2014	CARLSDAD	1
2016	BLOOMFIELD	1
2011	ST. TAUL	1
2013	WASHINGTON	1
2010	ROOSEVET ISALND	1
2013	MENDOTA  HEIGHTS	1
2016	JERCITY	1
2013	EDGEWATER	3
2016	STANFORD	1
2016	RENTON	3
2014	CHINO	1
2010	BRENTWOOD	1
2016	ORLANDO	1
2011	STONY POINT	3
2014	PITTSBURGH	2
2014	UNION CITY, NJ	1
2017	BERGENFIELD	1
2016	MELVILLE	5
2010	FORT MEYERS	1
2010	INWOOD	6
2010	THORNWOOD	4
2010	BALDWIN	6
2012	JACKSO VILLE	1
2016	PLEASANTON	1
2012	EAST ORANGE	1
2015	BELTSVILLE	1
2014	BERGEN COUNTY	1
2017	PLAINVIEW	3
2014	MASPETH	4702
2015	RYE	1
2014	SOUTH ORANGE	1
2013	FREEPORT	11
2012	Jamaica	8978
2016	Springfield Gardens	4699
2012	HOLLIS	4773
2014	South Ozone Park	5438
2015	NEEDHAM	1
2011	HOLTSVILLE	2
2010	POUGHKEEPSIE	1
2012	ST. PAULS	1
2016	WOODMERE	5
2017	REGO PARK	1165
2011	MAMHASSET	1
2016	JACKSON HEIGHTS	5930
2013	MASTETH	1
2012	WARWCK	1
2012	SAINT CHARLES	2
2010	VINELAND	2
2014	ROCKVILLE CENTRE	3
2014	Astoria	16825
2012	ST JAMES	1
2011	HAUPPAUGE	1
2016	MAYWOOD	1
2010	JACKSON HEIGHT	1
2010	GLENN ALLEN	1
2010	WHITEPLAINS	2
2016	WILKES	1
2015	NEW HAVEN	2
2012	LONG ISLANE	1
2014	CINCINATTI	2
2013	NV	1
2017	ANONYMOUS	1
2011	MTKA	1
2013	AVENTURA	1
2015	ANTIONO	1
2010	NY	23
2009	AMITYVILLE	1
2009	LYNBROOK	1
2010	ST PAULS	1
2017	BROOKLYN	177470
2010	PORT JEFFERSON STATION	3
2016	SURF CITY	1
2012	ARLINGTON	1
2010	ROCHESTER	1
2012	UNION HILLSIDE	1
2010	RIVERSIDE	1
2011	BELLEVUE	1
2015	SAN FRANCISCO	1
2016	RUTHERFORD?	1
2009	BROKKLYN	1
2015	GLENHEAD NY	1
2010	WINTERVILLE	1
2014	WEST NEW YORK	3
2011	PELHAM	2
2010	RIVERDALE	1
2013	LAS VEGAS	1
2015	ELMONT	7
2014	BAY RIDGE	1
2013	PROVO	1
2012	RICHMOND	1
2009	STATEN ISLAND	21648
2010	CHATHAM	1
2011	SD	1
2011	HAMPTON	1
2009	CAROL STREAM	2
2017	SEAFORD	1
2010	LAKE RONKONKOMA	1
2014	MONTEREY PARK	1
2016	INWOOD	4
2009	FOREST HILLS	2736
2010	FAMINDALE	1
2016	CENTRAL PARK	83
2011	ROSELLE	1
2012	LONG ISLAND	10
2011	PLEASENTVILLE	1
2014	JACKSON HEIGHTS	5944
2014	GLEN COVE	3
2012	BELLMOORE	1
2009	WILLMINGTON	1
2014	MONSEY	1
2010	WOODMEAR	1
2013	FREE PORT	1
2014	SECACUS	1
2013	CENTRAL ISLIP	1
2012	BOORHEES	1
2012	PETALUMA	1
2011	Ridgewood	268
2013	HEMSTEAD	1
2009	SOLON	1
2014	ANONYMOUS	4
2015	HAUPPAUGE	1
2016	MASON	1
2012	EASTCHESTER	1
2014	WILLAMSVILLE	1
2012	SATEN ISLAND	1
2012	HARISHAW	1
2016	ARCADE	1
2011	SINGAPORE	1
2012	PASSAIC	1
2012	CAMBELL HALL	1
2011	BEDFORD	1
2012	HALLANDALE BEACH	1
2011	ROSEDALE	5645
2014	WESTCHESTER	1
2012	REGO PARK	5657
2014	DES PLAINES	1
2012	DAVIS	1
2011	MANHATTAN	17
2011	PLAINVIEW	7
2015	LORAL PARK	1
2011	MOUNT VERNON	2
2014	PATCHOGUE	1
2009	WESTBURY	11
2010	OLD BECHPAGE	1
2015	BALDWIN PLACE	1
2015	HOWARD BEACH	3269
2010	Glen Oaks	337
2011	FAWNWOOD	1
2014		146122
2015	NORTH BRANCHBURG	1
2012	ALLEN	1
2011	ROSLYN	2
2015	ISLANDIA	2
2015	Corona	8857
2010	HALIFAX	1
2012	RIDGEFIELD PARK	1
2011	LOUISVILLE	1
2012	LITTLE NECK	3879
2011	SLEEPY HOLLOW	1
2016	SAINT PAUL	1
2011	Maspeth	241
2012	Ozone Park	1981
2014	COLONIAN	1
2013	LOCKPORT	1
2015	KINGS PARK	1
2010	N/A	115
2015	OLD BETHPAGE	1
2010	SAVANNAH	1
2009	CEDAR HURST	1
2015	HOBOKEN	17
2015	PEESKILL	1
2009	NIAGRA FALLS	1
2010	HINELLA	2
2012	SUNNYSIDE	4017
2014	STAMFORD	3
2010	DELUTH	1
2010	NEWBURGH	2
2016	PORT CHESTER	2
2012	VRIGINIA BEACH	1
2009	WILMINGTON	1
2015	EAST ELMURST	1
2015	FRANKLIN LAKES	1
2015	ASTORIA	17184
2010	STATEN ISAND	1
2010	NORWELL	15
2015	Little Neck	2970
2014	NORTH WOODMERE	1
2015	JAMICA	1
2014	LARCHMONT	2
2010	HEWLETT	4
2011	TARRYTOWN	3
2016	CROTON-ON-HUDSON	1
2015	LOCKAWANNA	1
2014	BAY SHORE	1
2010	Queens Village	1807
2009	ROSEDALE	1510
2010	NEARK	1
2014	THOROFARE	1
2014	MIDDLE VILLAGE	3901
2015	FARMINGVILLE	1
2011	EAST ISLIP	1
2010	LONDON	1
2017	NEW HYDE PARK RD	1
2016	BALTIMORE	1
2012	MAMARONECK	1
2011	SPRINGDALE	1
2009	HICKSVILLE	2
2015	WEEHAWKEN	10
2015	COLLEGE POINT	3031
2011	SYOSSET	7
2014	SOUTH RICHMOND HILL	5740
2009	FARMINGDALE	5
2014	DOUGLASTON	1
2010	KENNESAW	1
2010	BANNOCKBURN	1
2011	EAST AURORA	1
2013	TUXEDO PARK	1
2016	GREENWICH	5
2009	MONROE	1
2016	WADING RIVER	1
2016	JERSEY AVE	1
2017	Bellerose	415
2010	WORTH	1
2017	MADISON HEIGHTS	1
2011	PARKRIDGE	1
2016	Woodside	8575
2014	NEWTON	2
2016	AMNETYVILLE	1
2014	NEWARK AIRPORT	2
2013	SADDLE BROOK	1
2010	DOUGLASVILLE	1
2011	HUNTINGTON	5
2011	SHREWSBURY	1
2015	Woodhaven	4468
2016	WOODSIDE	8887
2012	PHILIDELPHIA	1
2013	ROSLAND	1
2010	ALTHARETT	1
2012	MOUNT VERNON	10
2009	MORRISVILLE	1
2011	JERSEY	2
2012	EAST OWALL	1
2011	IFLANDIA	1
2013	SCOTTSPLAIN	1
2010	ARDSLEY	5
2012	SMITHTOWN	1
2012	PLEASANTON	3
2017	JERSEY CITY	5
2016	PEEKSKILL	1
2014	EAST HANNOVER TWP	1
2014	POUGHKEEPSIE	1
2016	NEW WINDSOR	1
2012	CHANDLER	1
2012	FIVE TOWN	1
2010	SC0TTSDALE	1
2014	HUTCHINSON	1
2013	HAMILTON TOWNSHIP	1
2011	HARRIMAN	1
2010	TUCSON	1
2014	UNION DALE	1
2012	EATON TOWN	1
2012	STAMFORD	2
2016	SEA CLIFF	1
2011	NORTH BELLMORE	2
2011	FORT LEE	2
2014	UPPERSADDLE RIVER	1
2015	RONKONKOMA	1
2017	Oakland Gardens	914
2010	PHILLADELPHIA	1
2015	PORT WASHINGTON	2
2010	BLOOMFIELD	1
2015	ST ALBANS	1
2014	FORT JEFFERSON	1
2011	CHARLOTTE	3
2011	ALBERTSON	2
2011	WASHINTON, D.C.	1
2010	ISLAND PARK	3
2012	CORONA	10905
2016	NASHVILLE	1
2012	MINEOLA	10
2010	MT. SINAI	1
2013	UNK	2
2013	LYNDHURST	2
2013	WEST BURRY	1
2014	TRIBORO STATION	1
2017	Kew Gardens	815
2015	00	1
2014	MORRISTOWN	4
2012	FORT LEE	4
2014	NEW JERSEY CITY	1
2014	WOODSIDE	7075
2012	WOODBRIDGE	1
2016	Rockaway Park	3076
2010	SAINT PAUL	5
2009	HOWARD BEACH	1057
2013	Woodhaven	3503
2014	SYRACUSE	1
2013	METUCHEN	1
2010	PORT JEFFERSON	1
2016	FRAKLIN SQUARE	1
2010	WILMINGTON	7
2016	PRINCETON JUNCTION	1
2014	LITTLE NECK	2603
2010	MIAMI	3
2010	Ridgewood	1916
2016	AMHERST	1
2017	JERSEY	1
2015	MOUNT PLEASENT	1
2016	HOWARD BEACH	3567
2010	Rosedale	689
2013	Middle Village	2878
2013	ALBERTSON,	1
2013	BATAZIA	1
2015	HOLLIS	3071
2013	EAST ROCKAWAY	4
2012	BREWSTER	2
2012	PLAINVIEW	7
2016	FAIRPORT	1
2009	HORSHANM	1
2011	MEDFORD	2
2012	KNOX VALLEY	1
2014	Maspeth	4324
2015	Rosedale	3520
2010	BERGENFIELD	1
2011	WHITE PLAINS	6
2012	SIOUX FALLS	1
2015	LONG ILAND	1
2009	BELLEROSE	847
2015	HARRISBURG	5
2015	SECACUS	2
2016	SCRANTON	1
2016	CLOSTER	1
2012	WOODHAVEN	5943
2011	EDWARD CLIFTON	1
2013	ONPARIO	1
2013	RINGOEF	1
2012	HAUPPAUGE	2
2015	OAKLAND GARDENS	2586
2011	BKLYN	2
2015	WHITE PLAINS	13
2015	WHITEPLAINS	3
2010	WURTSBORO	2
2014	SEA CLIFF	2
2014	HUNTINGTON STATION	3
2011	Rego Park	127
2011	EDEN PRAIRIE	1
2017	HARRINGTON PARK	1
2015	DALLAS	1
2015	STATEN ISLAND	105468
2015	OLD WESTBURY	2
2016	CENTRAL ISLIP	2
2016	College Point	2901
2014	PALM BEACH	1
2013	BRIDGE  WATER	1
2012	SOUTH RICHMOND HILL	7173
2010	Little Neck	604
2010	HOUSTON	20
2010	POMPANO BEACH	1
2011	ST. CHARLES	2
2011	THOROFARE	1
2010	GLENDALE	1
2011	BUFFALO GROOVE	1
2016	JERSEY	2
2014	NEW HIDE	1
2014	WILLIAMSVILLE	2
2015	SAN ANTONIO	1
2010	HERSHEY	1
2017	BREEZY POINT	9
2014	COLUMBUS	1
2014	BRICK	1
2011	ST PAUL	5
2012	EAST ELMHURST	8603
2012	CARL PLACE	1
2016	BOCA RATON	1
2010	WOODRIDGE	1
2011	SOLON	1
2013	NEW BRUNSWICK	1
2010	BELLMORE	1
2016	ISLIN	1
2016	Arverne	2152
2011	JEARSEY CITY	1
2012	FRANKLIN SQUARE	3
2015	NY	18
2010	Forest Hills	1295
2014	CHERRY HILL	1
2015	BRIDGEPORT	2
2012	NEWARK	96
2013	GREATNECK	1
2016	BALDWIN	2
2011	STAMFORD	1
2011	BUFFALO	11
2010	CHESTERFIELD	1
2015	VALLEY STREAM	33
2016	COMMACK	3
2016	MIDDLE VILLAGE	4853
2010	CLEVELAND	2
2012	MANATTAN	1
2015	Fresh Meadows	6816
2014	TREVOSE	2
2016	HARTSDALE	4
2011	East Elmhurst	198
2011	MASSAPEQUA	2
2010	RICHARDSON	1
2013	JAMESTOWN	1
2017	SALEM	1
2011	REGO PARK	6911
2010		126192
2010	MELVILLE	4
2012	SOUTH GATE	2
2015	MANALAPAN	1
2009	MEMPHIS	2
2011	EDGEWOOD	1
2011	RASPBERRY	1
2014	000	1
2015	WOODCLIFF LAKE	1
2012	COLD SPRINGS HARBOR	1
2014	WEST BABALYON	1
2010	MARETTA	1
2012	LYME	1
2012	POUND RIDGE	1
2012	LORFORK	1
2011	CAROL SPRINGS	1
2017	Richmond Hill	1219
2012	PORT WASHINGTON	4
2016	PARSIPPANY	4
2015	NORTH BALDWIN	1
2010	LAS  VEGAS	1
2012	JACKSONVILLE	16
2009	AMHURST	2
2017	Forest Hills	1851
2016	MASPETH	6740
2013	SCHENECTADY	1
2013	ROCKAWAY  PARK	1
2011	WILMINGTON	5
2010	VALLEY STREAM	28
2016	PORT WASHINGTON	3
2009	MELVILLE	5
2014	L.I.	1
2015	CRANFORD	1
2011	FLUHNG	1
2014	LAKE SUCCESS	5
2009	ATLANTA	6
2012	WILLIAMSPORT	1
2016	WOODBERRY	2
2012	QUEENS	568
2012	JACKSON HEIGHTS	8657
2010	Oakland Gardens	687
2016	COIAGUE	1
2012	DOUGLASTON	2
2009	PELLHAM MANNOR	1
2017		41271
2011	PRESCOTT	1
2015	LONG BEACH	7
2012	FORT JEFFERSON STATION	2
2016	THREE RIVERS	1
2009	BIRMINGHAM	1
2012	VALLEY VIEW	3
2016	BAYONNE	3
2017	HOBOKEN	1
2010	SOUTH AMBOY	1
2013	KEW GARDENS	1651
2017	NORFOLK	1
2016	EAST NORWICH	1
2011	BELMORE	3
2009	SEAFORD`	1
2015	EDEN PRARIE	2
2013	WHITESTONE	3122
2011	MILWAUKEE	1
2016	WEEHOKEN	1
2010	CLIFF SIDE	2
2011	Whitestone	177
2012	VALLEY STREAMS	1
2013	Howard Beach	3102
2016	Jackson Heights	5609
2010	EAST NORTH PORT	1
2014	EAST RUTHERFORD	4
2010	SELINA	1
2013	WHARTON	1
2013	Ozone Park	5850
2013	POUGHKEEPSIE	1
2014	ORANGE PARK, FLORIDA	1
2014	TUSCAN	1
2016	LOMBARD	1
2010	WILKES BARRES	1
2012	STATN ISLAND	2
2010	CLIFTON	1
2009	NEW JERSEY CITY	1
2010	QUEENS	884
2009	BROOKYLN	2
2013	REDBANK	1
2011	X	4
2009	KNUTLEY	1
2013	Jamaica	25144
