NOISE - RESIDENTIAL	1180966
HEATING	994801
STREET LIGHT CONDITION	740578
STREET CONDITION	737206
HEAT/HOT WATER	676182
PLUMBING	644029
BLOCKED DRIVEWAY	556962
GENERAL CONSTRUCTION	533272
WATER SYSTEM	476232
ILLEGAL PARKING	442217
PAINT - PLASTER	383124
TRAFFIC SIGNAL CONDITION	344485
NOISE	323627
SEWER	279578
NONCONST	276319
DIRTY CONDITIONS	259559
ELECTRIC	253431
UNSANITARY CONDITION	244217
NOISE - STREET/SIDEWALK	236741
NOISE - COMMERCIAL	233422
GENERAL CONSTRUCTION/PLUMBING	231853
SANITATION CONDITION	210333
PAINT/PLASTER	209961
DAMAGED TREE	206988
BUILDING/USE	202701
RODENT	184350
DOF LITERATURE REQUEST	168632
BROKEN MUNI METER	168267
MISSED COLLECTION (ALL MATERIALS)	154461
TAXI COMPLAINT	135726
CONSUMER COMPLAINT	130373
DERELICT VEHICLE	127466
NOISE - VEHICLE	117736
DOOR/WINDOW	116199
GRAFFITI	114850
DERELICT VEHICLES	113690
WATER LEAK	105404
OVERGROWN TREE/BRANCHES	103000
NEW TREE REQUEST	102799
GENERAL	87774
BENEFIT CARD REPLACEMENT	85537
APPLIANCE	81274
FLOORING/STAIRS	80217
SNOW	79276
DOF PROPERTY - REDUCTION ISSUE	76772
SCRIE	75911
MAINTENANCE OR FACILITY	74701
ELEVATOR	70062
ROOT/SEWER/SIDEWALK CONDITION	66372
DOF PARKING - PAYMENT ISSUE	63668
HOMELESS PERSON ASSISTANCE	59632
DOF PROPERTY - OWNER ISSUE	59378
DEAD TREE	58347
FOOD ESTABLISHMENT	57514
AIR QUALITY	55238
STREET SIGN - DAMAGED	48347
SIDEWALK CONDITION	47908
DOF PROPERTY - REQUEST COPY	46355
NON-EMERGENCY POLICE MATTER	41749
DHS ADVANTAGE - TENANT	40930
OTHER ENFORCEMENT	40845
LEAD	39472
HOUSING - LOW INCOME SENIOR	39198
SPECIAL ENFORCEMENT	38392
INDOOR AIR QUALITY	34839
DOF PROPERTY - PAYMENT ISSUE	34528
HIGHWAY CONDITION	34019
CONSTRUCTION	33727
ANIMAL ABUSE	32893
DHS ADVANTAGE -LANDLORD/BROKER	30695
STREET SIGN - MISSING	30159
SAFETY	29121
WATER CONSERVATION	29049
VENDING	28801
ELECTRICAL	26728
TRAFFIC	26461
FOR HIRE VEHICLE COMPLAINT	25267
DCA / DOH NEW LICENSE APPLICATION REQUEST	24966
FIRE SAFETY DIRECTOR - F58	24753
SPECIAL PROJECTS INSPECTION TEAM (SPIT)	24579
NOISE - PARK	22587
HOMELESS ENCAMPMENT	22274
FOOD POISONING	22202
LITTER BASKET / REQUEST	19894
HAZARDOUS MATERIALS	19511
BROKEN PARKING METER	18004
AGENCY ISSUES	17903
UNSANITARY ANIMAL PVT PROPERTY	16545
NOISE SURVEY	16303
HPD LITERATURE REQUEST	15833
VACANT LOT	15790
ILLEGAL TREE DAMAGE	15578
ASBESTOS	15040
STANDING WATER	14397
HOUSING OPTIONS	14188
TRAFFIC/ILLEGAL PARKING	14047
BOILERS	13750
SMOKING	13327
STREET SIGN - DANGLING	13080
DOT LITERATURE REQUEST	12958
VIOLATION OF PARK RULES	12902
SCHOOL MAINTENANCE	12378
ANIMAL IN A PARK	12333
INDUSTRIAL WASTE	11380
DEAD/DYING TREE	11234
NON-RESIDENTIAL HEAT	9573
DRINKING	9571
OVERFLOWING LITTER BASKETS	9391
DOF PARKING - REQUEST STATUS	9046
DOF PROPERTY - UPDATE ACCOUNT	8637
WATER QUALITY	8587
DOF PARKING - REQUEST COPY	7987
INVESTIGATIONS AND DISCIPLINE (IAD)	7836
NOISE - HOUSE OF WORSHIP	7612
NOISE - HELICOPTER	7220
CURB CONDITION	7168
RECYCLING ENFORCEMENT	7031
TAXI REPORT	6962
INDOOR SEWAGE	6795
DERELICT BICYCLE	6652
ELECTRONICS WASTE	6543
BEST/SITE SAFETY	6399
EAP INSPECTION - F59	6345
SWEEPING/MISSED-INADEQUATE	6002
UNLEASHED DOG	5671
PUBLIC PAYPHONE COMPLAINT	5513
DPR INTERNAL	5444
ELDER ABUSE	5332
TAXI COMPLIMENT	4947
DISORDERLY YOUTH	4714
UNSANITARY PIGEON CONDITION	4683
OUTSIDE BUILDING	4627
DOF PARKING - TAX EXEMPTION	4565
BRIDGE CONDITION	4469
EMERGENCY RESPONSE TEAM (ERT)	3929
FERRY INQUIRY	3879
SWEEPING/MISSED	3762
HOME REPAIR	3408
FOUND PROPERTY	3271
URINATING IN PUBLIC	3127
BIKE/ROLLER/SKATE CHRONIC	3065
REQUEST FOR INFORMATION	2896
POSTING ADVERTISEMENT	2891
WINDOW GUARD	2854
CRANES AND DERRICKS	2685
DCA LITERATURE REQUEST	2637
DOF PROPERTY - RPIE ISSUE	2505
CITY VEHICLE PLACARD COMPLAINT	2484
SENIOR CENTER COMPLAINT	2430
MOLD	2286
PLANT	2266
ALZHEIMER'S CARE	2207
REQUEST XMAS TREE COLLECTION	1978
OEM DISABLED VEHICLE	1916
SCAFFOLD SAFETY	1905
BUS STOP SHELTER PLACEMENT	1839
ILLEGAL ANIMAL KEPT AS PET	1814
FIRE ALARM - REINSPECTION	1730
DOF PARKING - DMV CLEARANCE	1695
FERRY COMPLAINT	1691
PANHANDLING	1688
HEAP ASSISTANCE	1687
CABLE COMPLAINT	1632
ILLEGAL FIREWORKS	1448
OPINION FOR THE MAYOR	1371
COLLECTION TRUCK NOISE	1355
UTILITY PROGRAM	1301
BEACH/POOL/SAUNA COMPLAINT	1269
DHS ADVANTAGE - THIRD PARTY	1242
HARBORING BEES/WASPS	1228
SWEEPING/INADEQUATE	1215
DOF PROPERTY - CITY REBATE	1202
WEATHERIZATION	1157
COMPLAINT	1130
OEM LITERATURE REQUEST	1100
MISCELLANEOUS CATEGORIES	1062
FOR HIRE VEHICLE REPORT	972
DRIE	972
MOSQUITOES	965
HOME DELIVERED MEAL - MISSED DELIVERY	942
DOE COMPLAINT OR COMPLIMENT	901
DRUG ACTIVITY	891
FIRE ALARM - NEW SYSTEM	874
POISON IVY	822
BIKE RACK CONDITION	814
DOF PROPERTY - PROPERTY VALUE	800
DRINKING WATER	777
STALLED SITES	709
COMPLIMENT	705
TATTOOING	699
TEACHING/LEARNING/INSTRUCTION	680
DISCIPLINE AND SUSPENSION	679
FIRE ALARM - MODIFICATION	675
DAY CARE	673
HOME DELIVERED MEAL COMPLAINT	648
UNSANITARY ANIMAL FACILITY	633
FHE	615
MUNICIPAL PARKING FACILITY	596
DEP LITERATURE REQUEST	547
EVICTION	525
SPECIAL NATURAL AREA DISTRICT (SNAD)	516
HIGHWAY SIGN - DAMAGED	513
ANIMAL FACILITY - NO PERMIT	512
DOF PARKING - ADDRESS UPDATE	489
ADOPT-A-BASKET	433
MISC. COMMENTS	397
FORMS	385
PARKING CARD	363
REGISTRATION AND TRANSFERS	348
INVITATION	334
FORENSIC ENGINEERING	333
SUMMER CAMP	326
PUBLIC TOILET	323
ILLEGAL ANIMAL SOLD	320
PUBLIC ASSEMBLY	307
FERRY PERMIT	304
DPR LITERATURE REQUEST	284
HEALTH	260
HIGHWAY SIGN - MISSING	238
HOME CARE PROVIDER COMPLAINT	212
BEREAVEMENT SUPPORT GROUP	212
CASE MANAGEMENT AGENCY COMPLAINT	188
OPEN FLAME PERMIT	180
LITERATURE REQUEST	167
LEGAL SERVICES PROVIDER COMPLAINT	159
DHS INCOME SAVINGS REQUIREMENT	154
TREE WORK PERMIT REQUEST	136
TRANSPORTATION PROVIDER COMPLAINT	134
OVERFLOWING RECYCLING BASKETS	127
DFTA LITERATURE REQUEST	126
CALORIE LABELING	122
FIRE ALARM - ADDITION	119
BOTTLED WATER	118
HIGHWAY SIGN - DANGLING	110
ADVOCATE-PERSONAL EXEMPTIONS	104
ATF	103
LIFEGUARD	102
X-RAY MACHINE/EQUIPMENT	93
PARENT LEADERSHIP	84
FIRE ALARM - REPLACEMENT	82
LINKNYC	81
TUNNEL CONDITION	75
SPRINKLER - MECHANICAL	74
TAXPAYER ADVOCATE INQUIRY	70
DOR LITERATURE REQUEST	67
RADIOACTIVE MATERIAL	65
RANGEHOOD	59
ADVOCATE - OTHER	41
STANDPIPE - MECHANICAL	38
SQUEEGEE	37
NO CHILD LEFT BEHIND	35
RESEARCH QUESTIONS	32
HAZMAT STORAGE/USE	32
TRANS FAT	30
WATER MAINTENANCE	27
PORTABLE TOILET	24
ILLEGAL ANIMAL - SOLD/KEPT	23
TANNING	21
ADVOCATE-CO-OPCONDO ABATEMENT	21
PUBLIC ASSEMBLY - TEMPORARY	21
BUILDING CONDITION	19
STRUCTURAL	16
FOAM BAN ENFORCEMENT	16
NORC COMPLAINT	15
SRDE	14
ADVOCATE-PROP REFUNDS/CREDITS	13
ADVOCATE-SCRIE/DRIE	12
ADVOCATE-PROPERTY VALUE	11
INTERIOR DEMO	8
DOF PROPERTY - STATE REBATE	7
LOST PROPERTY	7
VACANT APARTMENT	6
ADVOCATE-COMMERCIAL EXEMPTIONS	6
HEALTHCARE FACILITIES	5
AGENCY	5
ADVOCATE-UBT	5
GAS STATION DISCHARGE LINES	4
HAZARDOUS MATERIAL	4
ADVOCATE - RPIE	3
COMMENT	3
LABORATORY	3
TRAPPING PIGEON	2
ADVOCATE-PROP CLASS INCORRECT	2
ADVOCATE-BUSINESS TAX	2
MEALS HOME DELIVERY REQUIRED	1
SNW	1
UNSPECIFIED	1
SEWER MAINTENANCE	1
MICRO SWITCH	1
ASBESTOS/GARBAGE NUISANCE	1
UNLICENSED DOG	1
SG-99	1
