2016/10	37993
2016/11	29984
2016/09	41503
2016/08	34719
2012/09	24198
2012/08	21121
2013/08	26653
2013/09	25268
2013/06	26132
2013/07	19909
2013/04	21073
2013/05	26377
2012/12	17828
2012/01	15849
2013/02	16069
2013/03	19753
2012/10	19704
2012/03	19348
2012/11	14027
2012/02	15279
2013/01	17172
2012/05	23132
2012/04	19379
2012/07	19312
2012/06	21965
2010/03	15226
2010/02	13444
2015/12	30480
2010/01	14347
2015/11	30775
2015/10	33571
2010/07	15807
2015/04	31837
2010/06	17615
2015/05	44610
2009/01	5280
2010/05	22228
2015/06	37128
2010/04	18788
2015/07	36220
2009/03	7981
2010/10	19430
2009/02	5792
2010/11	15851
2010/09	19805
2015/01	23586
2010/12	12917
2010/08	18547
2015/02	20620
2011/08	17298
2011/12	16728
2015/03	25151
2011/09	20934
2011/11	16844
2011/10	19309
2014/09	32152
2014/08	36845
2014/07	31499
2015/08	38118
2014/06	37365
2015/09	37410
2017/02	26970
2014/05	35608
2017/03	27799
2014/04	25114
2011/01	13544
2014/03	22544
2011/02	12962
2017/01	29669
2014/02	17983
2011/03	15067
2014/01	18434
2011/04	16620
2011/05	20550
2017/04	3988
2011/06	18660
2011/07	17876
2016/05	45182
2013/11	20340
2016/04	37265
2013/10	23402
2016/07	40060
2014/10	31221
2016/06	44270
2014/11	26508
2013/12	19099
2016/01	25790
2014/12	25053
2016/03	31580
2016/02	25089
2016/12	29167
