2016/10	197931
2016/11	187790
2016/09	187035
2016/08	199258
2012/09	137204
2012/08	147108
2013/08	143786
2013/09	135812
2013/06	152580
2013/07	157302
2013/04	146915
2013/05	150272
2012/12	154042
2012/01	167873
2013/02	152516
2013/03	153082
2012/10	151488
2012/03	145287
2012/11	168569
2012/02	137287
2013/01	178734
2012/05	142472
2012/04	132107
2012/07	151664
2012/06	147913
2010/03	196798
2010/02	158050
2015/12	175933
2010/01	180630
2015/11	183094
2015/10	197757
2010/07	161528
2015/04	182610
2010/06	156119
2015/05	187138
2009/01	190672
2010/05	156404
2015/06	198525
2010/04	161004
2015/07	194268
2009/03	152854
2010/10	168023
2009/02	146081
2010/11	173074
2010/09	159219
2015/01	190450
2010/12	181037
2010/08	153871
2015/02	202520
2011/08	163466
2011/12	160944
2015/03	206908
2011/09	159469
2011/11	159574
2011/10	168268
2014/09	158213
2014/08	162162
2014/07	178074
2015/08	185412
2014/06	178341
2015/09	182102
2017/02	178666
2014/05	175316
2017/03	204267
2014/04	158944
2011/01	174854
2014/03	175417
2011/02	161679
2017/01	206890
2014/02	179347
2011/03	173415
2014/01	213618
2011/04	146150
2011/05	147202
2017/04	18391
2011/06	151124
2011/07	152742
2016/05	199126
2013/11	158924
2016/04	183641
2013/10	155682
2016/07	200346
2014/10	171030
2016/06	205594
2014/11	178077
2013/12	163333
2016/01	211336
2014/12	173638
2016/03	195180
2016/02	199415
2016/12	203225
