2017	80111	1
2015	37214	1
2009	10801	1
2015	11021	9
2012	33155	1
2016	10111	15
2015	29601	2
2013	94105	1
2012	07202	2
2015	89117	1
2012	11228	5545
2012	11020	2
2012	10532	5
2014	11415	5244
2011	44139	1
2016	10123	16
2013	10604-1205	1
2010	11777	1
2015	10536	1
2013	06830	1
2011	33631	1
2011	11106	6798
2009	73135	1
2010	45242	1
2010	84101	1
2011	32750	2
2017	48071	1
2012	11423	6121
2013	11413	6353
2013	08840	1
2017	10178	7
2015	10522	1
2016	07072	1
2010	95834	1
2012	10023	8350
2014	11386	1
2012	11747-3173	1
2011	48195-0954	1
2009	02360	1
2017	97062	1
2015	02298-1002	2
2012	11439	1
2013	11241	8
2011	11211	19730
2017	10804	1
2011	07071	5
2015	10312	12655
2013	633-0004	1
2010	10467	32367
2011	06830	3
2015	11561-4717	1
2016	11790	1
2013	11725	3
2012	44145	1
2015	10111	28
2010	75261-9610	1
2013	32207	1
2010	UNKNOWN	1
2016	19034	1
2014	07458	1
2010	19020	1
2015	N/A	86
2011	28216	2
2011	78265-9728	2
2017	08876	1
2015	11345	1
2015	44333	1
2015	11214	16687
2011	02061-0601	1
2013	11733	1
2017	10016	4137
2011	84602-0147	1
2013	55344-7710	1
2012	10801	4
2017	11385	7249
2014	11359	16
2010	10007	2704
2012	10471	2887
2016	10003	19965
2010	07054	2
2013	11501	6
2010	85251	1
2010	94569	1
2010	60076-1027	1
2012	33716	1
2010	01840	1
2009	11204	3399
2011	10010	4889
2014	11507	2
2010	10031	22169
2013	32789	1
2010	22035	1
2016	32119	1
2010	30067	1
2011	11010	2
2012	10103	5
2010	07362	1
2013	74354-1904	1
2014	55125	1
2014	55426-1066	1
2012	02116	1
2009	15108	1
2014	10605	2
2011	01830	1
2012	07047	4
2009	30996	1
2014	11804	1
2012	11204	11915
2016	07304	2
2014	07390	1
2012	10119	7
2016	10583	2
2012	10591	1
2015	10003	16503
2012	12787	1
2010	11695	18
2010	11694	4427
2010	21288-0001	1
2011	03016	1
2015	11020	2
2012	1691	1
2011	43218-3071	1
2016	10110	19
2012	01810	1
2015	10014	10452
2011	57117-5529	2
2015	77403	1
2015	10580	1
2010	77081	4
2016	07090	2
2011	1207	1
2012	11229	13269
2012	11021	4
2014	11414	6987
2010	19714-7526	1
2011	73124	1
2012	02886	1
2013	77218-9785	1
2012	352093120	1
2011	30023	1
2013	11024-1019	1
2013	06831	1
2017	11101	3844
2015	43232-0500	1
2014	64108	1
2017	10994	1
2014	11420	10678
2012	43218-2118	1
2010	14240-0846	1
2012	11420	9015
2013	N/A	109
2017	10179	3
2014	29006	1
2016	07073	6
2010	30144	1
2013	100000	2
2014	29616-0759	3
2014	11729	3
2012	10022	7242
2010	1008	1
2011	08807	1
2013	14206	3
2017	10805	3
2011	59403-1013	1
2009	07632-2524	1
2016	55101	2
2010	10466	17576
2014	07940	1
2011	06831	1
2010	07940	1
2016	11791	3
2015	94116	1
2015	9268-0772	1
2009	75063	1
2009	11205	2029
2013	92008	1
2010	80201	1
2010	*	2
2011	38655-0948	1
2015	11102	8183
2013	76161-0247	1
2016	11704	5
2012	33484	1
2016	91711	1
2013	10048	32
2014	10038	4367
2015	11215	17212
2010	07710	3
2009	11428	1048
2010	10566	1
2014	15251	1
2017	10019	4175
2012	77077	2
2016	14450	2
2013	77036	2
2015	10272-0992	1
2015	10462	19271
2012	14068-1602	1
2014	11356	5852
2015	11352	1
2016	10989	1
2011	1106	1
2013	10050	1
2016	10002	19251
2014	02459	2
2010	74134	2
2010	94566	1
2010	97008	1
2014	11802-9060	2
2013	27292	1
2010	02061	17
2012	66017	1
2014	08854	2
2010	10032	21563
2009	31139	1
2011	18706	1
2012	11706	2
2012	13088	1
2013	55439	5
2015	12309	1
2009	79998	1
2012	60630	1
2014	10604	1
2016	14621	1
2014	08520	1
2012	11205	7476
2010	11543	1
2016	07305	6
2010	20874	1
2014	53707	1
2013	92210	1
2010	10108	1
2016	10580	2
2010	10006	908
2009	11556	1
2012	92723	1
2013	11379	6024
2012	10025	14080
2017	11102	1846
2013	92025	1
2015	06470	1
2011	10523-0935	1
2015	55423	1
2011	10606	1
2016	33433	1
2015	10583	8
2015	91311	1
2017	10024	3167
2015	07807	1
2014	11417	7368
2011	1065	1
2011	10108	1
2016	12550	1
2010	75403-5202	1
2015	07039	1
2011	94509-1380	1
2010	11001-2024	2
2011	11104	5074
2016	99999	9
2017	11218	4700
2016	07087	4
2010	12540	1
2014	11421	8536
2014	07054	2
2014	33319	1
2012	11421	7333
2013	11411	3109
2013	11251	1
2015	35043	1
2009	44139	1
2017	10176	4
2012	11530	12
2016	07070	2
2010	11693	2321
2011	11205	7514
2014	10952	1
2012	75244	1
2010	66062	1
2015	60601	1
2013	11731	3
2012	850067	1
2011	07073	1
2012	11520	3
2015	10314	16337
2011	67601	1
2011	45201	1
2010	10465	7547
2014	07207	1
2016	11792	1
2016	90630	1
2017	98036	1
2010	10591	3
2010	33607	1
2012	0000	4
2009	06510	1
2009	32142-0032	1
2012	14120	3
2013	33139	1
2011	19335	1
2009	07631	1
2015	11103	10054
2010	11096-0612	1
2013	10601	1
2014	10039	6863
2013		182353
2009	11429	1329
2017	10018	1196
2012	05679	1
2015	11741	1
2015	10463	18493
2014	11357	7557
2010	10001	7701
2011	10065	4993
2016	10001	15176
2014	11590	13
2011	77081	5
2015	ANONYMOUS	1
2010	94509-1380	1
2011	10710	2
2017	11802-9060	2
2012	85254	2
2012	1003	1
2014	33137-0098	1
2009	18773	3
2010	10033	15477
2014	30005	2
2017	10580	2
2015	11436	4512
2010	11767	1
2013	11355	10029
2011	11012	1
2016	10573	5
2014	11797-9012	1
2012	07660	2
2014	10603	5
2011	11771	1
2009	29601	1
2009	14221	1
2013	13790	1
2010	11542	4
2016	07306	9
2013	10577	1
2009	85064	1
2011	75007	3
2011	33318	1
2010	77063	1
2013	11378	7055
2010	23704	1
2016	19962	1
2014	10541	1
2016	07660	2
2015	91367	1
2012	10024	7956
2017	11103	2368
2009	11788-0154	1
2016	10112	82
2009	95402	1
2015	07020	9
2014	92036	1
2010	77074	1
2011	1*9138	1
2016	92618	1
2012	29616-0759	1
2014	11416	6034
2010	10162	21
2010	47117 5524	1
2017	07020	1
2013	10710	7
2013	10150	1
2015	11565	4
2015	35813	1
2011	75313	1
2010	06903	1
2011	11105	6871
2010	55113-2797	1
2017	11219	3759
2016		149224
2016	07086	8
2012	11050	5
2014	48195-0954	1
2016	33033	1
2014	11422	5387
2016	33146	1
2014	10710	2
2013	07002	4
2016	06830	3
2013	11416	4902
2010	11766	2
2016	07071	2
2012	NEWARK AIR	1
2010	11692	4253
2011	11204	12379
2014	06511	1
2012	77272	1
2009	55433	1
2011	11432	11285
2010	10464	1259
2013	10432	1
2012	10018	3896
2011	11230	19340
2016	11793	4
2013	11720	3
2016	98046-1548	1
2012	19013	1
2015	11776	2
2015	11949	1
2010	60555	1
2014	08827-4010	1
2009	07632	4
2012	37660	1
2012	12212	1
2013	10602	1
2010	18773	1
2013	11730	1
2013	11530	8
2015	11742	1
2012	1305	1
2015	10460	17830
2014	11354	9651
2011	11559	5
2010	10000	124
2011	3337	1
2012	10474	4383
2016	10000	119
2015	11201	14883
2017	10025	5168
2012	77043	2
2011	11021	9
2010	19886	1
2013	12401	1
2015	60630-2534	1
2009	92123	1
2010	10034	13030
2013	11354	8524
2017	10033	5177
2009	38184-0111	1
2010	11208	25057
2009	10065	1388
2011	11366	3004
2013	63042	1
2009	11211	4750
2009	33330	1
2011	60197-6103	2
2015	75074	1
2014	10577	1
2016	07670	1
2012	11203	18688
2016	07307	2
2013	14208	1
2011	75006	1
2010	1130	1
2012	54305-1654	1
2014	06801-1459	1
2011	11561	3
2012	12428	1
2015	11418	9641
2013	66063-3330	1
2015	33903	1
2009	85038-9704	2
2009	10048	10
2017	11104	1817
2010	11691	13327
2011	07650	1
2013	08620	1
2015	11566	2
2012	11735-0230	1
2010	07306	5
2017	48451	1
2011	10604	1
2017	10118	9
2013	10008-3772	1
2010	89103	1
2016	NEWARK	1
2016	07093	5
2015	07801	1
2012	11024	2
2011	94566	2
2014	11411	3515
2017	10026	2621
2011	92046-3023	1
2016	30346	1
2013	95476	5
2010	07054-5020	2
2010	06902	1
2016	01581	1
2011	11102	6006
2012	33614	1
2014	11423	6875
2014	07052	1
2015	11572	8
2009	30360	3
2013	11417	5699
2017	10174	5
2015	10526	1
2010	1414	1
2011	48393	1
2012	10027	12922
2011	11207	28641
2013	14209	2
2013	78746-6379	1
2016	08008	1
2012	11435	9182
2011	11433	9209
2009	77081	2
2011	92705	3
2010	10463	15481
2012	10019	11848
2010	11793	2
2011	11231	7318
2016	11794	1
2011	19101-7829	1
2010	114225	1
2015	11771	1
2015	10019	15883
2011	11429	4799
2010	11749	9
2015	11101	14102
2016	11701	2
2012	33487	1
2015	49690	1
2012	77070	1
2016	10096	1
2015	11743	5
2010	55435	3
2015	10461	14216
2012	10805	3
2014	11355	11494
2015	11357	8348
2011	11558	8
2010	10003	13130
2017	07105	1
2009	55439-2409	1
2013	19044	4
2012	10475	2417
2011	06610	1
2010	33065	1
2015	10107	8
2013	07003	2
2011	11020	3
2015	12603	1
2013	91761	1
2013	30348/5689	1
2017	14414	1
2010	10035	7800
2010	46219	2
2013	11590	10
2010	27802	1
2015	11434	12402
2014	77081	1
2013	11357	6179
2017	10032	4981
2010	11209	13369
2009	14227	1
2013	35209-3120	4
2010	11042	5
2012	10107	2
2011	11367	7483
2009	11210	4097
2014	10601	8
2012	11779	2
2010	10163	1
2016	11526	1
2013	18505	1
2012	59901-3413	2
2015	85283-4583	1
2015	91716	1
2013	10603	1
2014	18015	1
2012	07036	2
2015	11419	12208
2009	N/A	31
2012	14068	1
2011	30319	1
2016	07666	3
2016	92626	1
2017	11105	2215
2010	55164-0887	2
2011	07653	1
2011	32779	2
2010	07307	3
2015	10018	5273
2015	07026	1
2017	10119	33
2012	12550	1
2013	12590	3
2012	UNKNOWN	2
2015	57107-0145	1
2015	07030-5774	1
2011	1066	1
2016	10128	9322
2015	29616	2
2015	55127	1
2015	10533	1
2011	11103	7187
2015	06877	1
2013	08551	1
2009	90060 0578	1
2010	19101	1
2015	97302	1
2012	35209	2
2010	19850-5889	1
2013	11414	5629
2010	11764	1
2009	12533	1
2017	11714	1
2011	10530	3
2012	10026	7983
2011	11206	14018
2011	11430	460
2013	10280	522
2012	11434	10667
2014	11725	6
2011	17111	4
2015	10048	53
2010	11790	1
2011	92704	1
2017	11720	1
2010	10462	16830
2011	11232	7105
2016	11795	1
2013	11722	1
2011	11428	3535
2013	11238	16613
2010	.	1
2017	11530	3
2015	11106	9427
2017	12222	6
2013	10604	1
2015	37067	1
2010	08820	1
2015	07144	2
2014	95476-9005	1
2012	44139	2
2013	55164-0737	1
2015	10466	18505
2013	55439-0846	1
2010	08000	1
2015	11356	5866
2010	10002	14389
2011	07109	1
2016	37214	1
2015	11203	20298
2014	77072	3
2017	10027	4273
2016	11509	1
2011	02459	1
2011	11023	2
2011	10466	16986
2013	46	1
2010	10036	8341
2015	11435	11763
2013	89193-8873	2
2013	11356	4469
2017	10031	6400
2011	92612	1
2015	08723	1
2013	55435	1
2012	10104	4
2011	61702-3427	3
2011	11364	5142
2009	11213	6383
2010	81502	1
2014	10048	57
2012	11776	7
2014	32750	2
2011	11772	1
2009	11749	5
2012	11201	10610
2013	10572	1
2017	07087	1
2012	02109	2
2011	11563	4
2013	07109	1
2014	11735-9000	1
2013	17451	1
2017	11106	2616
2016	10129	28
2011	07652	1
2010	07304	2
2011	75035	1
2010	00721	1
2012	08759	2
2013	11549-3650	1
2011	38655	1
2015	10101	1
2014	11413	7696
2013	07078	1
2013	23562	1
2009	19904	1
2013	10153	17
2017	10020	47
2014	10308	5455
2015	10065	6470
2014	23502	4
2012	30328	1
2010	91716	1
2009	78501	1
2016	90274	1
2015	11570	14
2013	11415	3535
2017	NEWARK	2
2017	10172	8
2017	11717	1
2013	11808	1
2012	03079	1
2013	07643	1
2011	11201	10103
2012	57109	1
2013	11797 9004	1
2012	75240	1
2013	10281	107
2011	11431	1
2010	16601	1
2010	98011-3205	1
2010	11791	4
2013	94551	1
2010	10461	11121
2013	00083	87
2010	78217	1
2010	12211	1
2011	11233	23328
2016	43123-8895	2
2013	11239	895
2012	4412	1
2010	89434	7
2013	18344	1
2015	11343	1
2013	11735	11
2016	45040	1
2010	33615	1
2014	07712	1
2010	18577	1
2012	77072	1
2015	10467	32771
2014	33130	1
2015	63042	1
2010	08001	1
2015	11355	13899
2013	55120	1
2017	07103	1
2011	1103	1
2013	11507	3
2010	33067	1
2014	08691	2
2014	32896	1
2011	10467	32023
2013	07001	1
2010	30362	1
2017	14221	1
2012	07740	1
2011	10039-0841	1
2014	11501	5
2010	10037	4589
2012	76051	1
2009	75091	1
2012	10461	11190
2011	10989	1
2015	07495	1
2010	07042	1
2015	11432	13876
2013	11359	4
2017	10030	2741
2011	46219	1
2009	14225	5
2010	11763	2
2010	11040	523
2016	11208	25922
2011	11365	5532
2017	07670	1
2012	11797-9004	3
2009	11212	4541
2013	61702	5
2014	44122-5340	1
2012	07601	2
2012	08904	1
2013	30030-2534	1
2013	10573	4
2009	43233-1347	1
2013	12255	1
2011	*	3
2012	11215	12930
2012	55344	2
2010	07305	1
2011	10603	3
2014	10177	1
2015	29731-1590	1
2013	07644	1
2014	91752	1
2011	45040	1
2011	51564-0437	1
2015	07024	2
2014	11412	7466
2015	32896-5033	1
2015	11561	5
2010	07604	2
2014	10309	6140
2012	11691	11083
2011	11101	9167
2011	10506	3
2013	07670	2
2011	11218	14411
2017	06840	1
2014	11426	3173
2014	07981	2
2015	70120	1
2010	98108	1
2013	0031	1
2015	11577	5
2017	10173	6
2009	11590-8901	1
2010	48195-0210	1
2016	11756-0215	1
2009	48090	1
2013	10282	183
2010	08757	1
2014	11723	1
2012	11436	3592
2011	11436	4609
2010	66067	1
2013	08837	1
2017	10169	10
2011	07076	1
2017	11722	1
2010	32230	1
2010	10460	19542
2009	08091	1
2012	10014	8379
2011	11234	15696
2016	11797	4
2014	08776	1
2015	11772	6
2012	07172	1
2013	11236	13627
2014	78265	1
2015	10307	2580
2016	14009	1
2010	34230-4155	1
2013	11109	191
2015	11104	6607
2013	08232	1
2011	07111	1
2011	07751	1
2013	10606	2
2010	11796	1
2009	11422	1509
2010	10568	1
2010	33614	1
2011	02061	17
2015	11746	2
2015	10464	2306
2013	7117-7032	1
2013	06128	1
2010	60630	1
2012	02061-0601	1
2015	11354	10481
2013	328965	1
2014	10458	28289
2017	07102	2
2015	11205	11848
2011	77084	1
2014	08690	1
2009	11767	1
2017	10021	2060
2016	0000	2
2015	NEWARK	2
2011	10464	1304
2012	031546	1
2012	48090	2
2015	08401	1
2016	55555	1
2010	10038	3682
2016	08857	1
2012	10460	14897
2015	11433	9978
2013	11518	4
2013	11358	5818
2017	10037	1501
2013	33415	1
2015	95032	1
2009	10069	76
2010	11762	2
2016	11209	18924
2011	11362	2981
2013	07722	1
2015	30348-5658	1
2010	17032	1
2009	11215	3786
2015	R3B0C9	1
2013	11364	4533
2014	10573	4
2010	01010	1
2015	20705	3
2011	11565	4
2012	07035	1
2011	11749	11
2010	11101-2011	1
2013	11373	11619
2014	30303	1
2012	11214	13284
2013	11064	1
2011	06902	1
2011	07654	1
2017	07013	1
2016	10591	5
2010	07302	10
2012	55113-2722	1
2011	36685	1
2012	11220	14534
2016	10259	1
2017	10022	2197
2015	10306	12543
2010	01234	1
2012	11690	1
2011	23502	3
2009	92046	1
2012	11030	2
2011	94596	1
2014	11427	4019
2012	77263	1
2014	34230	1
2012	10543	2
2017	10170	1
2011	10533	2
2012	55407	1
2013	07645	1
2011	11203	21487
2014	10954	1
2012	75006	2
2014	11590-5114	1
2012	11431	2
2014	11722	1
2011	30042	1
2010	11797	7
2010	75266-0360	1
2011	07079	1
2013	07302	12
2010	40844	1
2009	08650	1
2013	9262	1
2011	11235	17005
2010	30360	5
2011	54305	1
2011	11219	13793
2011	08830	2
2017	10168	12
2013	11237	12917
2015	32752-2290	1
2015	11105	8990
2012	10003	12000
2010	19899	1
2009	11423	1652
2015	10119	39
2013	12345	4
2015	11747	13
2010	55439	6
2015	10465	9717
2010	08003	3
2013	10965	1
2014	10459	12571
2015	11204	14925
2010	10573	2
2013	32896-5022	1
2015	10103	28
2009	11766	1
2014	68135	1
2011	10465	6858
2011	32896	1
2016	19701	1
2015	11430	876
2010	10039	5219
2011	10075	3763
2012	10463	13574
2015	11238	20443
2012	48093	1
2017	10036	2778
2012	11782	1
2010	20359	1
2009	11802-9060	1
2015	19407	1
2012	11385	18740
2011	11363	1839
2009	11214	4074
2010	10027	13255
2015	10956	1
2013	11365	5408
2012	01581	1
2017	12553	1
2010	09070	1
2012	10111	3
2009	28272	1
2009	11228	1385
2011	11566	2
2013	11372	9990
2017	10913	1
2012	11217	9235
2017	11109	54
2011	07657	1
2014	11249	7172
2016	60197-6103	1
2009	11542	1
2012	98057	1
2011	11579	1
2014	1000000	1
2016	78265-9584	1
2009	11438	1
2012	11221	22030
2016	11636	1
2010	33351-7902	1
2009	14305	1
2011	1062	1
2015	11563	8
2012	11693	2592
2015	10101-2135	1
2014	11758	1
2011	44115-1299	1
2014	10023-0007	1
2016	30353-0949	1
2011	89193-8873	1
2016	NJ 07114	1
2016	071114	1
2014	11428	3991
2010	60148-8441	1
2010	11797-9012	1
2016	94104	1
2012	10308	4416
2016	10134	1
2013	07004	1
2012	91716	1
2017	10171	1
2017	11710	2
2012	012345	1
2015	07093	2
2010	12551	2
2013	07646	1
2013	11096	2
2014	07045	1
2012	75007	2
2010	12204	1
2009	55439	4
2013	35223	1
2012	11430	486
2011	11434	12061
2015	60173	1
2012	85001-0071	1
2013	07305	1
2013	92816	1
2010	11719	1
2012	10016	9436
2011	11236	15247
2012	14450	3
2013	02241-7460	1
2014	07102	3
2010	33442	1
2010	19850-5740	1
2013	11234	14875
2012	11557	1
2015	10305	9028
2017	11518	1
2014	29616	3
2011	10601	2
2012	10002	12622
2015	14202	1
2009	11420	2155
2015	07631	2
2011	98036	5
2012	91309	1
2017	64116	1
2010	34684	1
2015	01757-2821	1
2015	11207	29131
2013	11746	3
2015	14052	1
2017	10023	2737
2012	11797	8
2011	10462	17750
2011	644662	1
2012	55164-0437	1
2015	11575	2
2013	10964	2
2012	10462	16294
2015	11239	1020
2010	07047	4
2015	11431	1
2013	11516	1
2010	31750	1
2013	11418	6492
2017	10035	2509
2012	77057	1
2013	77056	3
2010	55614	1
2011	11360	2364
2011	198580	1
2010	11791-9036	4
2015	00116	1
2009	11217	2198
2010	10026	8252
2011	10048	53
2009	89434	3
2014	10044	372
2011	11776	6
2013	11366	2602
2012	10598	1
2016	11695	20
2009	11229	3392
2010	32801	1
2010	11959	1
2009	33321	1
2015	187739500	1
2013	11371	94
2015	12518	1
2012	11216	19189
2012	63302-1898	1
2013	19128	1
2016	11559	1
2010	73155-0779	2
2011	72765-0829	1
2011	20007-2113	1
2009	02061	3
2012	11222	8559
2015	10159-1323	1
2017	97526	1
2013	0000	3
2016	75403	1
2012	11692	3464
2011	34202-4175	1
2015	06870	2
2012	60197	1
2015	11003	8
2014	11429	4553
2013	13057	1
2013	10701	6
2013	11104	4985
2015	07086	11
2014	11	1
2016	12524	1
2013	11419	10083
2012	N/A	129
2011	66063	1
2010	12550	1
2013	07647	1
2012	14467	1
2015	92562	1
2012	332255	1
2009	07627	1
2016	33063	1
2012	11433	7902
2012	01810-1008	2
2016	60062	1
2010	11795	1
2011	11435	11006
2016	3358	1
2013	07304	4
2016	02114	1
2012	10017	4586
2016	10901	1
2011	11237	15382
2010	11702-3035	1
2015	10129	38
2013	14211	1
2013	11235	16232
2012	11554	3
2015	10304	10593
2016	07054	3
2010	43218-2273	1
2010	32225	1
2011	07114	26
2013	19456	1
2012	10001	6526
2011	11229	14815
2009	11421	1821
2015	07430	2
2011	31008	1
2015	11749	2
2012	91365	1
2015	11111	1
2009	14068	1
2016	10009	16898
2015	11206	19241
2012	29601	1
2013	11747	16
2012	10309	4925
2012	NY 10010-3	1
2015	11757	3
2011	10463	15421
2015	10471	4353
2013	10065	4708
2012	10465	6484
2014	90304	1
2010	07733	1
2014	48393-1022	1
2017	10034	4736
2015	23502	3
2012	11780	1
2014	7056	1
2011	11361	5324
2014	11772-3518	1
2014	11720	3
2009	11216	5209
2010	10025	14998
2010	33063	2
2016	29615	1
2012	07605	1
2012	10929	1
2013	11367	6079
2013	60630	1
2016	11520	10
2012	18102	1
2010	37689	1
2016	11694	5600
2016	10502	1
2012	60645	1
2010	1191-3416	1
2012	07030	9
2013	11370	3887
2016	17106-7015	1
2012	11211	14646
2009	60656	2
2010	11530	12
2014	14450	1
2011	63179-0317	1
2011	11577	2
2012	64129	1
2016	43218-2273	1
2012	11223	12027
2013	10550	5
2011	43614	2
2011	86303	1
2012	972286995	1
2015	07030	18
2011	10159	1
2012	11695	16
2016	14231-9054	1
2016	48931-1022	1
2017	11418	2577
2010	19801	1
2013	32255-1268	1
2013	08005	1
2015	07087	8
2009	10706-7105	1
2014	10153	36
2011	20785-4806	1
2013	63141	1
2014	11436	4396
2014	07047	8
2012	11432	11249
2013	61702-3427	1
2017	10165	5
2013	07307	1
2013	11768	2
2016	11030-3409	1
2012	10010	5021
2014	07104	1
2013	75225-5845	1
2010	85038	1
2012	32896-5033	1
2013	11232	6435
2015	10303	5721
2016	11459	1
2013	11105	7471
2010	11385	21545
2014	06902	2
2012	10000	111
2011	11228	5871
2009	11426	844
2017	11726	1
2014	07605	1
2016	07712	1
2016	89120-6224	1
2017	11251	2
2011	92123-2255	1
2016	10008	1
2015	14218	1
2009	07030	4
2009	11096	1
2012	11951	1
2012	11791	3
2015	11756	3
2011	10460	17113
2015	10470	5954
2014	17602	1
2009	19044	10
2011	0000 0000	3
2012	10464	1179
2012	11787	2
2017	11050	1
2009	14228	3
2012	33431	1
2014	11370	4814
2010	10024	10132
2014	10282	215
2012	07604	1
2013	07114	73
2013	11360	2024
2010	43215-5166	2
2015	10128	9720
2013	07463	1
2011	11005	74
2011	53713-3954	1
2012	10112	5
2011	22304-0156	1
2016	11697	193
2017	07649	1
2012	14217	2
2014	11797-9001	1
2014	08080	1
2011	01840	2
2013	07103	1
2013	11377	12068
2010	98036-1542	1
2012	11210	13594
2016	07310	14
2009	10040	4727
2013	10567	1
2010	33329-7858	1
2016	77044	1
2011	11576	1
2011	11753	4
2011	08901	3
2012	11224	6430
2015	02205	1
2013	10159	1
2014	10302	4499
2015	07033	1
2012	11694	4890
2009	10532	1
2014	85080	1
2012	55439	7
2010	11241	9
2017	11419	3388
2015	11001	740
2013	10703	1
2015	10075	3898
2011	19456	4
2013	56303	1
2009	84130	1
2014	11435	10597
2009	11598	4
2015	07090	1
2014	06901	1
2013	08830	1
2014	30071	1
2015	10552	1
2013	07306	6
2012	55164	3
2010	34668	2
2012	10011	10002
2011	50309	1
2013	07657	1
2011	33442	1
2013	11361	4504
2014	12590	1
2011	11421	7685
2013	11233	19595
2011	07203	1
2011	07047	3
2012	11552	2
2015	10302	5466
2010	36066	1
2013	11106	6675
2015	11109	334
2016	11709	1
2009	43614	2
2012	10007	2272
2009	11427	939
2014	20201	1
2016	07062	1
2013	11429	3944
2013	11229	12967
2013	21030	1
2016	75380-2068	1
2010	75081	1
2012	29603	1
2010	10577	2
2010	08831	1
2010	18547	1
2009	10474	1501
2015	62002	1
2011	10461	11912
2015	10473	9877
2013	80237	1
2011	32399	1
2013	11598	4
2013	07095-0549	1
2015	45040	1
2012	10467	28881
2015	11234	20537
2010	07731	1
2011	10706	2
2009	11756	2
2015	10285	1
2016	11202	3
2014	11371	22
2010	10023	9294
2014	10281	142
2011	10278	1
2014	10041	11
2014	11572	1
2013	07115	1
2009	23703	1
2010	33009	1
2012	11208	20280
2009	10458	8467
2011	11004	2224
2010	70004	1
2011	11375	11303
2010	55164-0909	1
2009	11224	1316
2016	30374-0283	1
2010	11242	11
2015	11411	4356
2011	11746	2
2014	10452	22678
2013	11801	3
2011	0	1
2012	11213	19865
2011	43537	1
2013	10566	2
2012	10128	6970
2014	1000	1
2009	11233	6400
2016	1182-9060	1
2013	07102	5
2010	07853	1
2011	11575	1
2014	91754	2
2012	11225	18782
2015	11010	3
2012	85053	1
2014	07920	1
2011	75024	1
2015	12590	1
2014	10303	6024
2012	11697	433
2009	11001	183
2010	80632	1
2013	12402-5240	1
2012	55438	1
2017	10977	2
2011	50701	1
2017	11416	1507
2015	11000	1
2015	07081	1
2016	01757	1
2014	92018	1
2011	07933	1
2011	11111	5
2010	60015-0738	1
2011	10044	191
2010	61702-3427	1
2014	11434	11085
2014	07041	1
2010	11797-9004	3
2015	07193	1
2013	07010	2
2015	10040	20080
2017	10167	5
2015	10553	2
2013	06851	2
2016	43218-2118	1
2015	11507	1
2014	320896	1
2017	33134	1
2012	10012	6852
2011	33441	1
2014	63042	1
2012	73155-0779	1
2014	10925	2
2011	11420	10025
2014	07670	1
2014	60523	1
2013	11230	16968
2013	02150	2
2017	10151	3
2012	11553	10
2015	10301	11635
2013	18436	1
2016	97114	1
2016	10602-5055	1
2012	10006	785
2011	11226	37927
2015	14206	3
2012	19107	1
2009	11377	3805
2015	48195-0969	1
2010	85022	1
2013	11428	3237
2013	11228	5152
2016	220194	1
2011	50613	4
2011	07050	1
2017	77272	2
2013	11111	5
2010	08650-4909	1
2011	07101	3
2015	NOT SURE	1
2015	19801	1
2011	98006	1
2014	07079	1
2009	10475	676
2015	10472	20657
2012	02459	5
2013	10468	23396
2012	11378	7621
2012	10466	14141
2015	11235	19728
2010	17109-0988	1
2011	10705	1
2009		30326
2015	10282	238
2010	43218-2119	2
2016	48393-0824	1
2016	11203	20713
2012	85249	1
2009	000000	1
2016	11801	8
2014	11372	12047
2010	10022	7797
2013	10954	4
2014	10280	544
2014	10040	18487
2015	11223	15797
2015	11427	4498
2013	11362	2974
2011	18773	2
2012	11209	12932
2009	10459	3456
2011	11003	18
2017	10280	104
2016	11219	14754
2011	11374	7038
2016	11691	12793
2010	15219	1
2009	11225	5980
2012	61702-3517	4
2014	10075	3894
2016	33417	1
2015	11412	8094
2011	11747	7
2013	11375	10319
2013	10314	12958
2012	11212	19410
2010	57117	4
2015	56303-9817	1
2012	10129	3
2012	32896-0061	1
2011	10282	159
2009	11232	1806
2014	22172	1
2011	11519	1
2016	10805	2
2012	11226	32487
2010	89506	1
2010	08360	1
2011	07666	1
2013	10553	1
2016	AIRPORT	1
2010	28272	3
2012	18773-9500	1
2012	19132	2
2017	10152	4
2011	11580	14
2012	00000000	2
2010	11243	26
2011	95630	1
2017	11417	1964
2014	37615	1
2013	10705	5
2010	92618	1
2014	10150	2
2014	92019	1
2011	11766-0402	1
2009	10704	1
2009	10472	5589
2011	11209	13962
2014	11433	8729
2013	60201	3
2010	60164	1
2015	10041	47
2017	10166	1
2015	10550	6
2012	07090	1
2010	12203	2
2014	75024-2959	2
2010	78704	1
2013	99999	7
2012	10013	8426
2009	60656-1494	1
2013	10129	21
2011	11423	7472
2016	19149	1
2013	11231	7187
2016	10917	1
2011	07201	9
2016	07701	1
2012	11550	5
2013	33027	1
2012	10005	1796
2017	07094	1
2011	11225	20580
2017	100701	1
2015	14043	1
2009	11374	1572
2010	89193-8873	2
2012	11417	5728
2014	66207	1
2011	92123	1
2012	78245	1
2014	10453	25160
2010	08086	3
2014	20188	3
2011	75403-5202	1
2012	33161	1
2013	11743	2
2010	6172	1
2017	10028	1923
2015	11753	1
2017	10281	10
2017	43226	1
2015	10475	3004
2014	92923	1
2014	11341	1
2011	53566-1364	1
2013	10469	11521
2011	07734	1
2012	11379	6296
2012	92123	13
2011	NOT SURE	1
2012	10469	12789
2010	07206	1
2015	11236	17518
2009	11358	1546
2011	10704	4
2012	11784	1
2016	10506	1
2011	10475	2622
2016	11040	452
2016	11802	3
2014	11373	14261
2010	10021	6334
2013	10116-0313	1
2010	08650	1
2015	11222	11703
2014	11570	4
2015	11426	3509
2013	11363	1550
2017	10044	121
2013	11568	3
2010	11050	4
2010	17332	1
2013	75019	1
2016	11218	17526
2011	11377	14002
2016	11050	4
2016	11690	1
2012	33770	1
2009	11226	10807
2014	11797-9004	1
2011	10532-1533	1
2010	11791-3416	3
2015	11413	8373
2013	11374	7308
2016	18773-9460	1
2013	33431	1
2012	18355	1
2010	55164-0437	3
2012	60630-2534	1
2016	11552	6
2014	11003	11
2009	11231	1661
2010	32668	1
2012	07024	4
2016	10804	4
2014	10553	2
2014	94524	2
2017	11359	2
2017	11111	3
2015	14450	1
2014	11251	7
2017	42301	1
2014	10301	10362
2013	08094	1
2015	01888-4133	1
2011	11581	6
2016	07608	1
2012	11239	654
2017	11414	1532
2013	13614	1
2013	89014	2
2013	10704	5
2015	07083	1
2010	19182	1
2010	07670	1
2012	92879	1
2010	92619	1
2013	07083	1
2014	01701-0166	1
2009	10705	1
2013	11803	3
2016	11212-5368	2
2014	14206	1
2011	11208	22627
2012	14301	1
2014	11432	11836
2015	32896-5053	1
2013	11802-9060	1
2012	14209	1
2012	08823	1
2015	06851	2
2012	78265-9707	1
2011	61702-3517	2
2010	60693	1
2012	75013	1
2013	10128	7542
2011	11422	5721
2012	12601	1
2010	23462	1
2017	10604	1
2017	10153	5
2011	07042	1
2011	93387-1750	1
2013	11101	9719
2012	10004	1550
2011	11224	5378
2009	11375	2738
2015	071114	1
2013	80111	1
2014	07601	5
2012	11416	4748
2015	11721	1
2010	08086-0129	2
2016	07047	11
2012	11050-4341	1
2010	33311	1
2010	18706	1
2017	10029	4485
2009	10473	1595
2015	10474	5429
2011	11518	1
2011	07735	2
2010	06604	1
2012	10468	20780
2011	111694	1
2015	11237	17370
2013	11510	6
2014	00000	33
2009	11359	4
2016	10075	4272
2015	07417	1
2015	60555	2
2014	6462430478	1
2011	10474	4971
2015	33409	1
2015	10280	665
2014	11901	1
2016	11201	16396
2016	11803	4
2014	11374	8253
2017	11933	1
2010	10020	264
2017	05620	1
2013	10956	1
2014	60148	1
2011	1120	1
2016	08861	1
2012	10454	6374
2015	11221	26196
2015	11421	10066
2017	10045	2
2009	11747	4
2011	11001	615
2017	10282	144
2012	10116	1
2016	11693	2954
2010	80221	1
2013	11010	6
2012	11767	2
2010	07060	1
2015	11414	6862
2011	11741	1
2010	23541	11
2013	10312	8815
2011	11112	1
2010	55127	1
2013	33701	1
2011	07102	1
2011	38111	1
2016	32205	1
2016	11553	6
2010	10805	1
2011	10280	384
2009	11230	5241
2009	11030	1
2011	11572	2
2011	11757	1
2011	30144	1
2016	10803	32
2014	10552	1
2017	11358	2114
2009	10038	751
2014	08540	2
2011	07660	2
2016	11549	1
2009	11004	732
2013	48034	1
2012	11238	15482
2014	10306	12591
2017	11415	1430
2015	11005	127
2013	92007	1
2011	07670	1
2013	10707	2
2009	11563	2
2011	08854	1
2012	14210	10
2013	11802	1
2016	11385	27726
2009	10044	116
2017	19713	1
2012	11004	2399
2012	07410	1
2014	11431	1
2014	07042	2
2010	46147	1
2015	07094	11
2014	14692-2878	1
2010	11710	5
2016	NA	23
2014	12814	1
2012	33634	1
2011	55422-4811	1
2009	44113	1
2017	10154	7
2010	11514-0363	1
2010	35209-3120	2
2017	00083	4
2014	11753	1
2017	11735	3
2013	11102	5300
2010	11708	1
2014	30339	1
2012	60191	1
2011	11223	12681
2014	07117	1
2009	11372	2678
2015	18644	1
2012	11415	4076
2015	11726	4
2012	07801	2
2013	11225	19794
2011	30062	1
2011	92867	1
2014	11749	6
2014	29603	1
2016	91367	1
2014	10451	12158
2010	08080	1
2013	11741	1
2012	06870	1
2010	33069	1
2015	07646	2
2010	07928	1
2009	10470	1027
2013	193330	1
2016	10990	1
2013	30353-1704	1
2014	33122	1
2010	11749-1500	1
2015	08648	1
2016	08876	1
2010	0000	11
2015	11230	20468
2011	06604	1
2011	19850	2
2016	40290-1094	1
2015	10281	191
2016	11206	19286
2016	11042	2
2011	07043	1
2011	XXXXX	1
2014	11375	13145
2013	10075	3537
2012	11797-1016	1
2012	10455	8674
2015	11220	20264
2014	11576	2
2015	11420	12170
2010	10553	2
2016	44087-2340	1
2015	10123	11
2012	10523-0935	1
2013	75090	1
2011	11371	82
2016	UNKNOWN	5
2016	11692	3660
2009	11220	3928
2013	10940	1
2012	11766	1
2015	11415	5593
2011	11742	2
2014	32824	1
2014	90036	1
2017	57709	1
2011	07105	2
2016	11550	7
2014	11001	603
2014	11241	13
2010	10804	1
2011	10281	60
2009	11237	3941
2014	11577	1
2009	10523	2
2012	14618	1
2012	07026	3
2011	11756	3
2011	57117	1
2015	02241-5789	1
2012	89102	1
2013	07405	1
2009	10039	1348
2014	44139	1
2009	43236	3
2010	07311	1
2016	?	2
2014	10307	2332
2011	11096	1
2012	75007-1958	2
2010	11784	2
2015	40269	1
2012	11237	13683
2017	11412	1913
2015	11004	2450
2014	10528	1
2011	921123	1
2012	000000	6
2009	11797-9001	1
2013	1046	1
2009	43216-3250	1
2012	11005	59
2014	11430	742
2013	NA	22
2012	10550	6
2015	10044	360
2009	11005	5
2012	07093	1
2012	48195-0391	1
2010	13502	1
2009	10159	1
2013	46350	1
2013	11011	1
2016	14901	1
2013	07652	2
2011	33445	1
2015	00000	42
2012	02061	4
2010	93912-0053	1
2015	11423	6962
2013	11434	9775
2017	10155	2
2013	00641	1
2013	11103	6733
2011	55164	6
2011	11222	8528
2011	30329	1
2009	11373	3402
2015	11580	17
2012	11414	5489
2011	11418	8415
2013	11224	5980
2011	07054	3
2014	45241	1
2014	11980	1
2010	11757-0602	1
2014	10456	22211
2009	23219	1
2009	11430	152
2015	07647	1
2015	11598	12
2009	10471	799
2013	20013	1
2013	11210	12469
2017	11510	4
2010	01810	1
2010	20902	1
2016	75266-9023	1
2010	07203	2
2015	11231	8823
2014	11581	7
2010	10546	1
2011	10701	11
2016	11040-4204	1
2010	44139	3
2016	11207	28654
2011	11368	14512
2009	18504	1
2011	10040	17528
2012	10456	19835
2010	07071	3
2010	07748	1
2010	10552	4
2015	10122	2
2011	80011	1
2013	33401	1
2011	20737	1
2014	08830	1
2011	11370	4033
2013	11030-3411	1
2009	11221	6474
2014	08086	1
2013	10009	11692
2011	11507	3
2015	11416	6487
2011	11743	5
2009	75234	1
2013	10310	4628
2012	11739100	1
2010	00	1
2014	11242	8
2014	327500	1
2017	07090	1
2011	11570	8
2012	11753	3
2014	45274-2596	1
2010	27263-1806	1
2016	10801	6
2014	10550	5
2009	10036	2100
2015	23225	1
2016	32231	2
2012	33009	1
2014	10304	10383
2015	10069	378
2015	NEW JERSEY	1
2011	11584	1
2009	07960	1
2015	06878	1
2012	11236	14085
2017	11413	1960
2011	10150	2
2013	10549	2
2012	10301	9233
2010	76065	1
2012	44720	1
2009	11561	1
2013	07086	2
2012	32857	1
2013	43219	1
2011	18519	1
2014	14203	1
2014	NY	1
2009	63006-0701	1
2010	11797-9001	1
2012	10553	3
2014	07901	1
2010	07310	7
2012	07094	3
2016	32255-1268	2
2011	10523	5
2010	NA	50
2017	46219	1
2011	11427	3806
2014	07675	2
2013	11435	9025
2014	75240	2
2010	11787	1
2016	11452	1
2014	80111	1
2012	10009	11342
2011	11221	25611
2010	78265-9728	1
2009	11370	995
2017	10162	23
2015	07438	1
2009	11236	3104
2012	11413	7572
2011	11419	9873
2013	11423	5346
2017	11501	1
2014	10457	23377
2010	11716	1
2009	11433	2410
2017	UNKNOWN	1
2010	08837	2
2015	07644	1
2015	11581	20
2013	11211	13528
2014	95762	1
2012	11570	2
2015	18773-4200	1
2015	12917	1
2011	03079-1048	1
2015	11232	8254
2011	06606	1
2010	10547	1
2010	11804	1
2012	11788	3
2016	85351	1
2011	10471	3433
2014	11580	16
2016	11204	15304
2011	11369	6827
2014	11377	15159
2016	9153	1
2011	10041	1
2015	20791	1
2012	10457	20070
2015	11226	38381
2012	01234	1
2015	11422	6077
2017	10040	4250
2013	32401	1
2011	35209-3114	1
2011	76161-0206	1
2011	11373	12433
2016	11054	2
2017	07640	1
2009	11222	2403
2013	10006	849
2012	23450	1
2015	11417	7899
2010	60168-4009	1
2011	3672	1
2013	28807	2
2012	11219	11506
2012	1101	1
2016	43216	1
2009	?	1
2013	48393-102	1
2010	43236	7
2012	33767	1
2014	07417	1
2014	10454	7751
2009	11235	3779
2012	60656	1
2011	01851	1
2012	07020	2
2012	07928	1
2014	11096	2
2017	11355	3748
2009	10037	854
2010	11520	4
2016	12222	16
2009	11570	1
2014	10305	8726
2011	89129	1
2012	11235	16492
2013	11005	82
2010	56806	1
2017	61702	1
2015	00083	118
2017	07030	1
2017	06870	1
2012	10302	4375
2010	60179	1
2009	07102	1
2014	07936	1
2011	40232	1
2015	07004	1
2013	07087	3
2009	07748	1
2013	43218	3
2011	NA	26
2012	94551	5
2014	63301	2
2012	10552	6
2015	11501	4
2014	55812	1
2009	44122	1
2012	07095	2
2010	11717	1
2015	12071	1
2012	55903	1
2011	0000	1
2015	06770-3437	1
2014	60076	1
2017	19456	1
2013	78265-9569	1
2011	11426	3443
2010	07650	3
2013	11436	3661
2014	11756	3
2011	11137	1
2010	24017	1
2011	38016	2
2012	10008	1
2011	11220	15977
2014	07114	130
2009	11371	9
2012	07102	4
2017	07093	2
2015	11725	7
2013	11422	4396
2013	11226	33074
2013	75403	1
2016	91360	1
2011	07107	1
2010	08083	4
2016	11428	4544
2009	11432	2831
2010	32752	3
2011	10468	24057
2013	11212	18586
2011	10522	1
2013	10708	1
2012	11372	10630
2010	07201	7
2015	11233	21873
2009	07020	1
2010	20850-5775	4
2015	67504-1344	1
2010	85004	1
2015	77272	1
2009	10465	1580
2011	10470	4313
2016	11205	16201
2013	07747	1
2014	UNSURE	1
2014	11378	9019
2013	10952	1
2015	11225	22078
2010	07073	2
2010	10550	9
2013	11368	12897
2017	10041	9
2016	14222	1
2009	10308	1142
2017	11040	110
2017	10573	3
2013	14692-2878	1
2012	11412	7578
2011	11372	10579
2009	08904	1
2013	60656-1490	1
2009	11223	3187
2014	11367	7880
2013	10007	2605
2016	29601	2
2012	07631	1
2012	07039	1
2012	11218	12639
2014	15219	1
2016	11557	1
2014	11004	2109
2010	10801	8
2014	08807	1
2014	10065	5468
2017	55343	1
2016	11429	4692
2017	11354	2708
2009	10034	3481
2016	92584	1
2009	43231	2
2011	11359	25
2013	98007	1
2017	14614	1
2009	07962	1
2010	11249	720
2016	07607	1
2012	11234	15110
2017	11411	989
2017	11360	831
2013	11004	1930
2012	10303	4706
2009	20850	1
2017	NY 10604	1
2014	11757	1
2013	11030	5
2011	000000000	1
2009	11797-9004	1
2013	07481	1
2016	07631	1
2010	40202	1
2013	29615	1
2009	11590	8
2016	12209	1
2009	55345-9001	1
2011	53201-2983	1
2016	10708	6
2015	07504	1
2014	07512	1
2010	11714	2
2013	00717	1
2013	00000	27
2012	19850	3
2009	15561	1
2014	54602	1
2017	10601	1
2017	10158	3
2013	06840	2
2009	73155-0779	1
2010	11789	1
2010	17111	5
2013	10111	24
2012	38037	1
2012	07103	1
2012	11411	3720
2014	07661	1
2013	11421	6946
2009	11234	3369
2013	11221	22389
2016	07042	3
2014	10455	10019
2013	10455	9276
2010	34604	2
2012	10075	3074
2010	07450	1
2016	55614	1
2009	14231-9027	1
2009	07039	1
2009	11435	2614
2014	07070	1
2011	10469	14325
2013	11213	20136
2012	11572	2
2012	11373	13137
2016	08102	1
2012	11755	3
2013	11757	5
2010	10701	5
2013	117723518	1
2010	11802	1
2009	10464	255
2011	10473	8560
2013	02453-3483	1
2016	18773	1
2014	23541-1223	1
2014	11379	6922
2009	17111	1
2011	11001-2024	1
2012	11369	6515
2013	30303	1
2012	10451	9301
2015	11224	7267
2014	6201-5773	1
2013	11369	6149
2016	14221	2
2009	10309	1355
2015	10453	27030
2014	11366	3816
2009	17106	2
2015	30328	1
2013	10004	1640
2012	07632	6
2014	11561	4
2017	10055	1
2016	32752-9963	1
2016	11554	2
2014	11005	119
2016	60148-8479	1
2013	43054	1
2017	10710	2
2013	10305	7264
2017	11	1
2011	12250	1
2010	13440	1
2017	11357	1992
2009	10035	2036
2013	92038	1
2012	12212-5368	1
2009	43232	1
2011	11358	7159
2009	11572	1
2015	600184501	1
2015	07932	2
2011	11735-9100	1
2012	07729	1
2017	11901	1
2011	11726	2
2015	11725-5710	2
2013	23606	1
2011	07302	13
2016	07606	1
2012	11233	18714
2017	11361	1704
2013	44122	1
2015	12345	1
2012	10304	8520
2010	43218	1
2014	11754	1
2010	98036	8
2016	23833	1
2011	14132	2
2017	44515	1
2016	07632	2
2009	55344	2
2012	11001	646
2011	0883	1
2014	33304	1
2013	48090	1
2017	33309	1
2013	07981	1
2010	07666	3
2015	07012	2
2014	32789	1
2015	92551	1
2016	55433	3
2009	19154-3210	2
2014	NEWARK	1
2013	07024	5
2010	07652	1
2013	11430	554
2010	11788	8
2011	07208	1
2015	10309	6451
2013	10112	41
2015	98124	1
2011	11414	4971
2013	11420	8050
2013	37214	1
2013	11220	16566
2011	30067	1
2015	10573	6
2013	10454	7033
2010	11400	2
2017	11749	1
2010	08360-4213	1
2014	02907	1
2016	11779	4
2010	07728	1
2009	11434	2719
2009	11365	1252
2015	07643	1
2009	10451	2676
2010	14009	1
2016	N.A	1
2013	11214	13065
2015	11001-2024	1
2011	07024	2
2017	11514	2
2013	10460	13455
2012	11370	3966
2012	07097	1
2016	11763	1
2013	11756	2
2013	13221	2
2014	60089	1
2012	30152-3469	1
2010	11803	4
2009	10467	8408
2011	10472	18639
2013	11572-5233	1
2010	90060-0578	2
2012	11368	13641
2012	10452	22034
2013	11762	1
2016	01757-2821	1
2009	11101	2616
2015	07114	152
2016	10065	6854
2017	11042	2
2013	11563	8
2015	10452	24408
2016	10023-6349	1
2010	30189	1
2016	11211	19495
2009	32750	1
2011	82601	1
2012	07524	1
2014	11365	6379
2013	10005	1939
2011	10920	1
2011	10459	13142
2016	11024	1
2010	10803	36
2009	19053	1
2015	07901	3
2010	17106-7015	3
2013	12206	1
2012	11757	3
2010	07016	1
2013	10304	8406
2016	10048	10
2017	11356	1643
2009	10032	6027
2014	85251-6547	1
2012	75085-2039	1
2011	11357	7378
2016	0	9
2014	08817	1
2010	1797	1
2012	07726	2
2012	95407	1
2015	11096	4
2016	43123	1
2012	11232	6166
2012	48346	1
2017	11362	782
2012	10305	7398
2009	61702-3517	2
2014	37214	1
2014	11226	37932
2010	43219	4
2014	10310	6201
2011	11590	14
2014	10163-4668	2
2010	?	1
2016	11725-9030	1
2012	60181	2
2011	1373	1
2012	14206	1
2010	10153	3
2010	60440-7249	1
2015	11514	3
2013	11431	1
2014	75244	1
2012	11558	2
2015	10308	6152
2010	11797-2016	1
2016	10801-6393	2
2014	07111	1
2012	13580	1
2012	75024	1
2010	60148	1
2015	11520	5
2011	11415	4175
2014	07663	1
2013	11427	3750
2013	08816	2
2014	10108	1
2016	07040	2
2014	35476	1
2011	60630	3
2011	14132-9097	1
2013	10457	21444
2015	44720	1
2009	11364	1174
2013	28590	1
2009	10452	6732
2011	06128	1
2013	07201	5
2013	11215	13388
2017	92131	1
2013	10461	10904
2012	11371	19
2013	10069	408
2012	JFK	1
2013	11751	1
2010	10543	1
2012	07101	1
2009	11758	1
2015	07410	1
2011	77074	2
2009	10466	3910
2015	10603	1
2010	10029	12150
2010	11352	1
2015	617023517	1
2013	11223	12208
2012	10453	20908
2013	11763	3
2015	07115	3
2013	11560	1
2015	10451	13657
2010	999999	2
2016	11210	17551
2017	19047	1
2015	11901	3
2013	07631	1
2014	11364	5392
2013	55113	1
2015	07000	1
2013	10002	13578
2013	19013	1
2010	01748-9100	2
2014	11563	9
2012	11725-5710	1
2010	10528	2
2013	08901	2
2009	11735	4
2016	11219-0283	1
2012	1105	1
2011	10458	27565
2012	10122	1
2014	98036	2
2017	44087	1
2010	80237	4
2009	11239	212
2011	DON'T KNOW	1
2011	10026	8431
2013	06477	1
2012	07624	2
2012	11758	2
2011	11510	3
2011	11758	3
2012	32256-7412	4
2013	10307	1959
2011	07310	8
2009	10033	3682
2014	11011	1
2011	11356	5298
2016	11749	4
2009	07201	1
2009	00919	1
2011	08650	1
2011	07300	1
2012	11231	6755
2017	11363	506
2013	11001	491
2014	10522	1
2012	10306	10845
2017	23541	1
2012	10940	2
2012	11003	11
2010	77072-1624	1
2016	12206	1
2010	07660	2
2012	33331	1
2015	11596	1
2015	87002	1
2013	5709-0100	1
2016	14094	1
2017	11430	186
2010	75247	1
2011	10314	15964
2015	11733	1
2011	14068	2
2010	07105	1
2013	07026	1
2013	11432	10479
2015	10543	2
2012	11559	12
2012	07087	5
2013	11216	19065
2014	55438-0902	1
2010	11701	1
2010	10960	1
2014	85711	1
2015	11729	3
2013	11426	2759
2013	11222	9106
2015	07010	2
2013	10456	18716
2009	11436	915
2009	11367	1991
2009	10029	2978
2014	07073	3
2012	44125	3
2013	07202	1
2013	11561	4
2012	91514	1
2012	11575	2
2010	24033	1
2013	10462	14868
2011	92193	1
2014	11103	8698
2016	75007	1
2015	14228	1
2009	07024	1
2010	10704	9
2009	14240	1
2010	11801	4
2009	10461	2600
2012	32239-5118	1
2011	11416	5352
2010	10028	7040
2015	0714	1
2015	08638	1
2015	07981	1
2015	11229	16902
2014	11579	2
2015	11429	5056
2009	19456	4
2009	11103	1769
2015	53566	1
2009	10304	2075
2009	10453	7886
2010	06840	1
2016	11213	22459
2013	1735-9100	1
2014	11363	1856
2009	55164	4
2013	10003	13046
2011	10926	1
2011	10457	23583
2010	21045	1
2011	63195	1
2012	10123	1
2009	11238	3537
2016	10514	1
2011	10027	14110
2013	10019	12110
2010	07014	1
2016	06901	1
2010	55164-0378	1
2012	17701	1
2013	10306	11426
2012	10708	4
2015	07206	1
2009	10030	2159
2014	11010	1
2011	11355	10420
2016	10528	1
2012	11747	7
2011	11725	10
2011	07307	4
2011	19886-5153	1
2011	92013	1
2012	11230	17778
2017	11364	1554
2009	10028	1602
2010	08512	1
2014	10523	6
2015	10605-1303	1
2013	10543	1
2010	12345	1
2012	10307	2045
2010	PE60ND	1
2014	11224	6330
2014	33486	3
2014	10312	11368
2009	32256	2
2012	10941	1
2011	0886	1
2011	10801	3
2011	07604	1
2012	11249	3775
2016	10550-1202	1
2015	77388	1
2010	07663	2
2015	07017	1
2013	07090	1
2016	33463	1
2015	10152	1
2010	75244	1
2013	10123	2
2014	11208	23340
2015	11516	2
2013	11433	7317
2011	60656-1490	3
2012	07086	3
2010	30092	1
2010	28705	1
2014	10930	1
2013	14614	1
2011	10303	5520
2015	08003	2
2010	07112	1
2015	43235	1
2011	11417	6728
2011	11553-0707	1
2013	60714	1
2012	11542	2
2014	11741	3
2014	10122	2
2012	91910	1
2013	10451	9683
2016	02346	1
2013	11749	5
2009	11366	696
2017	11242	4
2013	07203	1
2013	11217	9595
2009	10454	1557
2012	11576	5
2015	07310	14
2014	07410	2
2015	92649	1
2013	10463	16354
2012	11377	13946
2014	11102	7262
2012	80909	1
2013	11753	2
2010	10705	6
2010	33477	1
2010	78503	2
2011	77072	2
2009	10460	5010
2015	10601	11
2016	30092	2
2011	23451	1
2011	92807	1
2014	11599532	1
2011	07726	4
2009	19176-0101	1
2010	07470	1
2015	11228	7922
2015	11428	4464
2010	33336	1
2017	90054	1
2009	11102	1549
2010	78217-1274	1
2009	10305	1828
2013	11566	4
2013	77043	2
2011	68106	1
2015	10457	23922
2016	11212	22054
2011	11379	6632
2014	11362	3392
2014	14221-5783	1
2013	10000	117
2014	11565	2
2010	27713-2204	1
2009	10312	2466
2016	61826	1
2015	10153	21
2016	43218	1
2013	12865	1
2011	10024	9007
2015	10977	3
2013	10018	4510
2010	07015	1
2013	10301	8816
2012	10709	1
2015	07207	2
2010	11735-0230	2
2014	75024	2
2009	10031	6066
2012	85282	1
2011	11354	8886
2009	85004	1
2012	11746	4
2014	11549	1
2011	11722	1
2017	10704	2
2013	10333	1
2011	07306	6
2010	30622	1
2017	11365	1853
2013	11003	8
2014	11225	21090
2009	07104	1
2015	14304	1
2011	48980	1
2013	7666	1
2014	10538	2
2010	10577-0900	2
2016	12204	1
2015	43218	1
2009	11516	1
2015	07016	1
2013	07093	3
2010	89193	2
2012	14203	1
2016	28501	1
2011	11772-3518	1
2011	10456	22197
2012	07010	2
2017	11432	3587
2014	01850	1
2010	10150	1
2015	08820	1
2014	10984	1
2013	10122	2
2014	11209	15721
2010	07107	1
2013	07020	3
2016	60077	1
2012	75090	1
2014	55439	2
2010	11703	1
2013	11218	14454
2016	06515	1
2011	10302	5415
2013	10116	1
2010	07111	1
2013	07030	16
2009	10281	5
2014	07664	1
2011	30339	1
2009	90509-2829	1
2014	10123	7
2011	07945	1
2013	18773	1
2012	46308-6000	1
2016	11422	5849
2010	17106	2
2009	11361	1390
2014	74147	1
2015	11590	10
2015	11758	1
2012	07114	63
2015	11735	8
2013	08807	3
2011	07020	4
2012	11577	3
2017	11241	5
2013	10464	3028
2012	17446	1
2012	11374	7022
2014	11101	12695
2011	11249	253
2011	60197-5219	1
2009	10463	4095
2015	10606	1
2009	08053	1
2012	92132	1
2009	89117-5873	2
2013	11766	1
2009	11105	1467
2015	07110	1
2016	10069	421
2010	03079	2
2009	10306	2560
2009	10455	3011
2011	11378	8234
2015	10456	23484
2011	61702-3097	1
2011	44139-3442	1
2009	11729	1
2016	11215	17504
2017	19040	1
2014	11361	5460
2012	19044	7
2013	10001	7482
2013	07632	2
2010	19047	2
2013	11779	2
2014	08003	2
2012	43271	1
2010	14614	1
2010	94551	2
2009	10606	1
2012	ANONYMOUS	1
2011	10455	9040
2012	94954	1
2016	11228	8770
2016	11020	1
2010	43231	6
2010	171052461	1
2015	17104	1
2011	3370	1
2015	10970	1
2012	14051	1
2014	07801	1
2017	11352	1
2011	43218	4
2009	11242	1
2014	07730	1
2009	02459	2
2011	60477	1
2011	07305	1
2017	11366	1512
2014	23113	1
2012	78708	1
2013	10541	1
2014	782659705	1
2014	11222	10920
2011	L7R1H2	1
2014	10314	15719
2015	07003	2
2009	15250	1
2016	1150	1
2015	85285	1
2012	00000	39
2011	10803	14
2012	43614	4
2017	07040	1
2011	27455	1
2013	77077	1
2012	14202	2
2010	43614	2
2017	11433	2401
2009	11737-3515	1
2012	07481	1
2015	11510	4
2010	10603	1
2013	32808	1
2010	33755	2
2014	55438	1
2011	11040-4609	1
2010	11702	1
2010	43218-304	1
2011	10552	3
2014	1123	1
2009	11378	1844
2011	10301	10488
2014	23541	1
2012	10573	1
2009	10280	87
2013	10538	1
2016	23229	2
2014	11743	2
2016	115I0	1
2013	10453	22188
2016	11423	7011
2010	63179	1
2010	02184	2
2009	11360	446
2015	43001	1
2013	66061	1
2013	11219	11368
2014	66211	1
2010	67504	1
2011	10025	14076
2015	11797-9004	1
2013	10465	6511
2012	11375	10563
2012	10065	4686
2010	99999	9
2010	07446	2
2009	11354	2156
2011	10708	5
2009	10462	4483
2010	11747-9001	1
2013	11207	22964
2012	19456	1
2011	11411	3782
2010	11356	4744
2009	10950	1
2013	11767	1
2009	11413	2191
2009	11104	1222
2015	07111	1
2015	07660	1
2009	10307	453
2009	10456	6640
2010	82604	1
2015	92123	1
2015	10455	10119
2011	43219-6011	1
2016	11214	17698
2014	11360	2434
2009	60714	1
2016	20705	1
2015	19801-5148	1
2010	19044	8
2017	06460	1
2013	32725	1
2016	10055	2
2009	10310	1274
2011	10454	6857
2013	33309	1
2016	11229	17340
2016	11021	12
2011	NEWARK INT	1
2012	06088	2
2011	10022	7691
2009	11581	4
2011	1046-0232	1
2011	11514	4
2016	06902	2
2014	91356	1
2017	10065	1432
2013	10303	4791
2012	01760	1
2012	0	33
2012	92046-3023	1
2010	11528	1
2016	11542	1
2010	12550-0831	1
2009	11243	6
2009	32524	1
2017	91942	1
2017	19123	1
2012	90060-0578	3
2009	10025	3658
2015	02250-5126	1
2010	11514	1
2014	11223	14471
2011	14221	3
2010	48010-2036	1
2009	32255	1
2012	98036	2
2010	103132	1
2012	070370	1
2015	11509	1
2016	10278	26
2015	07014	2
2009	76161-1489	1
2009	14043	1
2014	67504	1
2017	11434	2997
2010	75243	1
2009	10457	8987
2010	11705	1
2011	10310	6192
2010	07101	1
2015	11513	1
2010	10602	2
2015	19013	1
2016	10151	4
2016	00877	1
2012	10960	1
2011	94566-9054	1
2017	32780	1
2015	NOT KNOWN	1
2016	94566-9046	1
2014	75201-4234	2
2010	10710	6
2013	07036	1
2011	11412	8002
2014	07666	4
2015	33486	1
2017	34987	1
2012	55101	2
2013	10452	22087
2017	11743	3
2016	11420	13264
2010	12589	1
2014	11111	4
2009	11363	371
2009	11379	1609
2012	07407	1
2010	14228	3
2016	06878	2
2013	07206	2
2017	11367	1930
2014	117	1
2011	06518	1
2010	77210	1
2012	53704	2
2013	10466	14894
2016	07032	1
2010	10940	2
2010	10708	1
2009	11355	2717
2011	14305	1
2011	32878-5063	1
2016	17108-0988	1
2013	11206	13666
2016	31131	2
2010	78749	1
2009	08055	1
2010	11357	7032
2012	10458	25112
2009	11412	1981
2012	06851	1
2010	32896-5008	1
2015	07661	1
2011	08873	1
2013	11565	1
2015	10454	8160
2016	11217	13577
2010	33102	2
2012	37927	1
2009	23260	1
2016	92193	1
2010	43218-3003	1
2014	11566	3
2009	07003	1
2015	07105	1
2011	29601	3
2011	78226	1
2011	10453	24716
2016	--------	1
2010	30350	1
2014	07430	1
2011	10023	8766
2011	11725-9030	1
2010	33025	1
2013	10302	3842
2012	10704	7
2012	1	1
2013	11386	2
2015	31405-1441	1
2016	11545	1
2009	11240	1
2016	02061	2
2012	11743	2
2017	10701	3
2015	35209	1
2017	11368	4925
2009	10024	2024
2014	30360	1
2014	27713	1
2014	11220	17588
2013	73154-0836	1
2009	11010	1
2013	11321	1
2014	75086	1
2012	11008	1
2013	07424	1
2009	10010	1444
2014	18519	1
2011	10805	2
2013	46528	1
2012	11012	1
2011	11804	1
2013	11367-0874	1
2013	66212	1
2009	07111	1
2016	10279	15
2013	07094	6
2009	14132-9097	1
2011	14127	1
2014	11756-0215	1
2015	91324	1
2017	11435	3107
2011	06477	1
2010	23059	1
2013	07023	1
2010	10601	3
2015	45237	1
2015	97477	1
2016	15544	1
2010	11704	5
2009	13209	3
2010	30096	2
2011	10550	1
2011	10307	2109
2014	000000	3
2013	10119	67
2010	14231	1
2011	12590	1
2012	11419	8801
2009	10282	59
2011	60197	1
2015	10028	8973
2010	11738	1
2010	07095-1304	1
2016	11421	10170
2017	11580	2
2010	000	1
2015	11803	4
2010	10977	1
2009	11362	730
2011	50368	1
2011	90024	1
2010	75006	2
2013	10107	8
2012	07111	2
2015	13905	1
2011	11405	1
2009	30328	1
2015	10566	4
2013	10467	27581
2010	11411	4181
2017	11590	1
2014	14009	1
2014	11106	8249
2016	11768	1
2009	11356	1331
2011	14304	3
2013	11205	8254
2009	08691	1
2015	98057	5
2012	11566	1
2012	007310	1
2011	60656	1
2010	11354	9679
2012	11361	4977
2011	11413	8154
2012	10459	11925
2016	10008-378	1
2009	11411	1124
2010	33481	1
2011	NJ 07201	1
2009	11106	1715
2009	10301	2598
2016	94545	1
2012	97076-0477	1
2016	11216	22727
2016	42101	1
2014	48090-2036	1
2015	11251	3
2016	11743	4
2013	11776	15
2009	11357	1524
2015	07104	2
2011	10452	22611
2011	07852	1
2010	80231	3
2011	10020	243
2013	10014	8745
2013	19007	1
2011	11516	2
2010	10041	10
2011	60598-0617	1
2009	11725	1
2012	10705	4
2016	10041	46
2016	60656	1
2011	11350	1
2015	33324	1
2013	14701	1
2013	10020	338
2012	07652	2
2014	91504	1
2014	11569	1
2017	11369	1965
2009	10027	3766
2012	19850-5372	1
2010	11516	4
2014	11221	24267
2012	29716-0561	1
2017	11377	4821
2016	11096	4
2013	02061	9
2011	07601	1
2012	11242	1
2013	14450	1
2012	10314	13312
2011	11803	6
2009	07110	1
2010	10610	1
2017	07047	2
2009	10011	2849
2016	10701	8
2012	23541	3
2013	0	36
2017	11436	1123
2013	11027	1
2011	10312	11067
2014	75403	1
2015	07066	1
2016	10153	13
2011	98130	1
2011	27663	1
2012	10962	1
2014	84020	1
2015	11050	3
2011	10306	11590
2012	10570	1
2011	56303	1
2012	11418	7185
2010	19154	3
2013	53051	1
2014	85044	2
2012	11549	2
2017	10459	4100
2015	10029	18543
2016	11426	3696
2017	11581	3
2016	11735-3946	1
2015	11802	1
2013	10468-0232	1
2011	53226-0639	1
2013	07208	1
2014	11778	1
2017	07660-2112	1
2014	18466	1
2016	07030	16
2014	11105	7840
2016	75001	1
2010	80111	2
2012	43215-5166	1
2014	07067	1
2010	10594-0209	2
2014	00083	119
2016	19044	3
2013	11204	12051
2011	17108-0988	1
2017	11560	1
2012	08861	1
2015	3096636700	1
2010	11355	11989
2012	11360	1993
2013	07034	1
2013	11782	1
2010	85711	1
2009	11109	14
2016	14228	1
2009	10302	1043
2012	13905	1
2016	07103-4154	1
2012	11590	10
2011	14692	1
2017	06901	1
2013	11140	1
2017	19714-7526	1
2016	11742	1
2010	80014	1
2010	10523	5
2016	10458	29832
2010	30009	2
2010	14618	1
2013	11570	4
2011	77218	1
2011	10451	10632
2013	NO IDEA	1
2010	06851	1
2016	11224	7574
2012	74134	1
2011	60678	1
2009	61702	3
2014	84770	1
2011	10021	6293
2013	10017	4850
2012	60522-9724	1
2014	11554	6
2010	10040	17811
2013	32988-0061	1
2016	10040	20107
2011	10954	1
2013	43614	1
2015	1008-7162	1
2011	14210	5
2013	10021	6020
2012	12508	1
2014	10012	8553
2009	10026	2069
2013	37214-0065	1
2016	11579	1
2015	11787-2921	1
2014	33480	1
2010	31131	1
2016	10532	2
2011	11598	4
2010	35209-3114	1
2011	11735	13
2009	10012	1989
2013	23502	2
2010	11501	4
2012	10313	1
2011	11802	2
2010	10306	12075
2016	84130	1
2011	32216	1
2016	11598	5
2015	10154	1
2016	10152	2
2011	00000	51
2012	08540	2
2010	11706	1
2015	10703	1
2017	00000	6
2014	07351	1
2013	13756	1
2013	61702-3517	3
2011	10305	8121
2010	07114	29
2015	02494	1
2014	0000	2
2017	89117	1
2014	11747	9
2017	10458	8455
2016	43614	1
2013	75240	2
2012	30360	1
2011	60191	1
2017	11746	1
2016	11427	4538
2015	11801	3
2012	11010	5
2010	14240	1
2015	11738	1
2011	44146	2
2013	37203	1
2010	43218-2782	1
2014	11779	1
2010	11413	9232
2009	91360-2092	1
2014	11104	5606
2009	11710	1
2016	19714-7526	1
2013	12553	1
2016	10474	6118
2015	07650	1
2012	32746	1
2014	61602	1
2013	11203	18993
2014	54305-1654	1
2015	98055	1
2010	SS	1
2017	11561	2
2012	11363	1900
2012	07109	1
2016	11959	1
2009	11417	1710
2011	89014-2120	1
2009	10303	1268
2016	30084	1
2015	10459	13431
2010	02026	1
2015	78246	1
2016	07624	1
2016	11741	3
2012	44101	1
2016	10459	15005
2014	75081	2
2009	10314	3507
2013	12550	2
2011	10450	1
2012	973	1
2016	11225	22641
2013	10016	11097
2010	10538	1
2017	10069	108
2010	85210	1
2013	11385	18037
2014	20705	1
2011	07395	3
2011	UNKNOWN	4
2016	11233	21807
2011	14450	1
2011	32256-7412	1
2011	14240-0846	1
2013	80909	1
2010	92507-0778	1
2013	10022	7942
2014	10013	10052
2010	30095-9504	1
2014	77201	1
2009	10021	1413
2010	98057	5
2010	11510	6
2010	68103-2858	1
2016	11001	953
2012	11109	149
2011	14225	3
2013	44139-3442	2
2009	23502	2
2010	28590	1
2017	07621	1
2016	46321	1
2017	11375	3549
2009	10013	2338
2012	30021	1
2012	10312	9581
2011	11801	1
2014	11235	18698
2010	10307	2702
2009	11510	1
2016	10703	2
2012	10950	1
2012	07079	3
2016	92660	1
2016	08817	2
2015	JFK	1
2014	10474	4306
2010	10606	1
2010	08904	1
2016	10155	8
2009	75266-0633	1
2010	43607	1
2009	84117	1
2014	18773-9635	1
2011	85040-8808	2
2015	60181	1
2011	10304	9903
2012	10576	2
2010	10123	1
2012	92193	2
2014	10101	1
2011	75357	1
2014	11746	8
2012	14225	2
2017	11747	2
2016	11377	17441
2010	10970	1
2013	10104	3
2016	UNKOWN	1
2016	10179	1
2010	93389-1750	1
2010	11412	8200
2015	49503	1
2010	32896-0061	2
2013	11758	3
2011	06880	1
2009	38814	1
2016	10475	3285
2009	10469	3302
2014	07642	1
2013	92507	1
2012	11563	6
2010	02494-0587	1
2009	46219	3
2016	07036	1
2012	11362	3071
2012	90603	1
2017	11232	1840
2016	11757	1
2009	11416	1124
2015	66223	1
2014	07093	4
2017	11803	3
2015	1104	1
2016	80014	1
2015	10458	27487
2013	28376	1
2011	07003	1
2012	11596	1
2014	10463	20007
2011	11590-5027	2
2010	33322	1
2013	000000	4
2012	31146	1
2015	NONE	1
2013	11572	7
2016	11226	38399
2015	1	1
2011	11590 5027	1
2013	29731	2
2013	10011	11512
2009	33319	2
2014	10069	374
2010	19053	5
2010	60305-6369	1
2011	10952	1
2016	11232	8044
2012	21702	1
2012	30083	1
2016	10520	1
2011	10035	7921
2013	10023	9877
2012	60606	1
2013	12214	1
2015	98230	1
2014	11542	3
2014	10010	7707
2011	75244	1
2010	79998-1127	1
2010	48093	2
2009	10020	55
2017	10271	11
2013	11201	11436
2014	11024	1
2014	98057	3
2016	11002	1
2010	11358	8403
2016	02241-5789	1
2016	10530	4
2011	14226	1
2010	07030	12
2011	08003	1
2009	75266	1
2017	30022	1
2017	11374	2368
2009	10014	2141
2016	03830	1
2012	11241	8
2014	11234	18861
2010	10304	10217
2013	10532	5
2016	10704	7
2012	07017	2
2012	19702	1
2016	11596	2
2013	11024	3
2010	10159	1
2010	11222	9192
2015	11553-1423	1
2012	01853	1
2010	10605	1
2016	10154	28
2015	10701	2
2013	07047	3
2017	11427	1183
2010	38184	2
2011	23608	1
2011	75356	1
2011	33139	1
2013	10459	11189
2016	11374	8630
2012	10710	2
2010	11590-5027	2
2012	94566	2
2015	10804	5
2013	07604	4
2013	10103	33
2013	53713	1
2010	98046-1547	1
2016	10178	3
2015	10562	1
2010	92009-1314	1
2012	11354-3254	1
2010	11415	4291
2010	19425	1
2015	14221	1
2016	10472	23984
2015	07652	1
2009	10468	7532
2010	55318-3056	1
2013	900836	1
2013	08879	2
2014	10475	3106
2013	10475	2351
2012	11365	5628
2009	61702-3427	2
2016	11358	8316
2017	11233	5748
2009	11415	1096
2012	98188	1
2014	11556	1
2015	07666	3
2014	07090	1
2013	1404	1
2009	84091-1187	1
2015	29616-0759	2
2011	19850-7125	1
2011	07004	2
2014	10462	18784
2012	11518	1
2012	11358	6751
2016	11747	7
2013	11772	1
2012	11797-0004	1
2010	18504	1
2015	32859	1
2013	11575	4
2017	10567	1
2009	12345	2
2010	43238	1
2015	0	13
2012	63301	2
2010	10282	261
2013	10010	5678
2010	10577-0800	1
2016	18901	1
2011	48015	1
2015	99999	1
2013	60181	1
2013	10309	5152
2012	10701	4
2016	10045	5
2017	0000000	2
2016	11231	9561
2012	11111	5
2011	10034	13241
2013	10024	8993
2016	11968	1
2010	07007	1
2017	10075	1090
2014	10011	12513
2015	23707	1
2009	10023	2168
2015	0024	1
2016	11003	13
2014	UNKNOWN	4
2010	10069	335
2017	11249	2225
2016	55486-0102	1
2010	11096	4
2011	89119	1
2010	11359	23
2014	NJ	1
2017	11373	5035
2013	44132	1
2011	60148-8479	1
2011	85062	1
2012	10310	4870
2014	11237	15088
2010	10305	8071
2009	07114	2
2013	10533	1
2016	10705	1
2012	07701	1
2012	11003-4033	1
2011	19047	1
2015	10710	3
2011	55164-0437	2
2013	14206-2317	1
2013	11023	2
2009	08701	1
2010	11223	12400
2012	11096	1
2014	11201	13331
2010	89128	1
2011	13850-3770	1
2010	10604	1
2010	08906	1
2009	67504-3023	1
2012	07008	1
2014	07010	1
2017	11426	909
2012	08043	1
2014	10994	1
2012	77218	1
2014	10103	22
2010	07302-3973	1
2010	73112-7236	1
2010	11735	20
2014	114566	1
2013	10458	24598
2016	11375	14013
2017	29615	1
2009	11369	1731
2013	48195/0954	1
2015	10805	3
2010	66213	1
2014	07650	1
2012	77094-8911	1
2010	33770	1
2016	30006	1
2013	12398	1
2015	10561	1
2015	11804-9005	1
2009	103	1
2011	06468	1
2010	11414	5257
2014	11109	275
2016	10473	10654
2011	11241	6
2011	07030	20
2012	11561	7
2015	07307	1
2010	11111	3
2013	10474	3932
2012	11364	4994
2016	11359	16
2017	11230	5976
2016	11111	3
2010	43126	1
2013	98102	1
2009	11414	1065
2014	11570-4705	1
2015	11518	1
2017	11577	1
2010	30329	1
2014	11369	7350
2011	75266-0370	1
2014	10602-5055	1
2012	11359	11
2016	11746	1
2011	55441	1
2016	11220	20649
2012	056679	1
2010	10281	55
2013	55164	1
2013	10013	9292
2014	11550	8
2010	10044	344
2013	10308	4374
2016	10044	357
2013	11548	1
2014	10461	13992
2016	11230	20833
2016	11030	6
2015	11510-2827	1
2011	10037	4272
2013	10025	14219
2014	11540	1
2010	91309	1
2012	43215	1
2014	10016	12042
2016	10038	6118
2009	10022	1836
2016	07208	1
2010	11004	2285
2011	75265-3000	1
2009	03079	2
2016	11004	2337
2013	07029	4
2010	11598	10
2011	14228	6
2010	53566-8045	1
2009	02205	1
2012	07645	1
2010	07032	3
2010	60487	1
2017	11372	3281
2009	10016	2711
2014	10533	1
2016	11563	3
2014	11236	16592
2010	10302	5606
2013	10530	1
2013	78682	1
2012	60656-1490	1
2014	10128	8384
2012	10050-4295	1
2009	10550	1
2010	1174	1
2011	18503	1
2012	17111	2
2010	11220	15887
2010	53151	1
2014	11202	2
2010	01040-9681	1
2013	10528	1
2010	13088-5342	2
2009	74175	1
2011	10309	6168
2014	11452	1
2015	92821-6753	1
2014	10104	1
2015	10022	9017
2016	11372	11536
2010	61702	5
2009	11368	3169
2013	10101	1
2012	10509	2
2010	14221	10
2013	10276	1
2012	10594-0209	1
2011	19154	2
2014	55614	1
2010	11417	7266
2016	11431	1
2016	10470	6102
2011	55101	1
2012	33467	1
2014	07647	1
2011	61702	5
2011	07033	1
2014	11763	3
2015	07306	8
2013	10473	7737
2012	11367	7121
2017	11231	2141
2014	076406	1
2014	92123	14
2014	14644	1
2016	11575	2
2011	07006	1
2010	10087-0001	1
2011	10163-4668	1
2014	11368	15821
2014	10460	16764
2012	10048	46
2015	11385	24945
2014	75007-1958	2
2009	19850	1
2011	10163	2
2013	19090	1
2015	07102	2
2015	07677	1
2013	11577	1
2014	14108	1
2016	11221	26075
2010	10280	368
2013	10012	7866
2009	18773-9500	2
2015	11241	8
2013	11784	1
2011	1141	1
2012	10703	2
2010	07094	8
2014	INDIAN WEL	1
2011	55439	8
2016	11237	18046
2016	10523	1
2010	11369	7733
2011	10036	7832
2014	23450	1
2013	10026	8615
2011	01650	1
2011	11520	6
2014	10017	5027
2016	10039	7723
2011	19053	1
2010	11005	50
2010	18519-1641	2
2016	11005	151
2010	43216	2
2010	75403-5609	1
2015	07920	1
2012	11105	6101
2010	07871	1
2011	48090	3
2011	11530	10
2011	11730	1
2017	11371	8
2009	10017	1153
2014	10532	1
2009	14219	1
2014	11231	7797
2010	10303	5929
2017	07601	1
2013	78683	1
2016	10707	1
2013	07906	1
2011	10010-3672	1
2015	89703	1
2014	08873	2
2013	11021	10
2010	11221	27184
2012	43607	1
2014	11203	20201
2012	93792	1
2009	17106-6015	1
2015	10706	1
2012	07006	1
2012	12515	1
2013	07607	1
2010	75251	1
2011	10308	4950
2010	33771-5351	2
2009	11530	5
2010	10427	1
2012	14221	1
2015	10023	11697
2011	32752-2290	1
2011	60018-3307	1
2016	11373	17297
2015	11804	1
2015	11701	1
2016	06870	2
2014	07652	2
2014	11776	5
2014	10129	60
2015	10039	6791
2010	11416	5731
2016	11430	869
2012	19850-5521	1
2016	10471	4773
2011	11243	12
2010	48090	2
2010	75013	1
2012	66211	1
2014	07646	1
2011	61701	1
2014	11762	1
2014	10470	5190
2013	10472	15606
2012	11366	3311
2017	11236	4480
2016	11753	3
2012	19053	1
2011	77063	1
2016	11576	4
2013	12601	1
2014	10467	32652
2013	21065	1
2011	10162	35
2015	08854	2
2016	07747	1
2013	11576	4
2012	11804-9005	2
2009	UNKNOWN	1
2016	11222	12522
2010	02061-4300	1
2011	07702	1
2015	L4W 4Y5	1
2014	11552	4
2011	66207	1
2015	32819-5257	1
2010	07095	2
2010	19850-5521	1
2016	11236	19369
2012	20705	1
2009	19154	1
2010	11368	14930
2011	10031	20574
2013	10027	14242
2010	07000	1
2011	11729	2
2010	18519	2
2011	75240	2
2016	10036	16504
2014	19044	3
2016	11577	5
2014	11020	3
2014	11228	6934
2010	17071	1
2016	07960	1
2012	11104	5153
2016	98057	3
2011	19044	6
2009	10018	870
2011	07608	2
2016	11561	6
2014	11030	4
2009	00000	18
2013	10536	1
2016	10271	12
2015	10960	1
2012	13820	1
2012	07072	2
2017	11370	1426
2010	80231-5088	1
2013	11020	1
2010	11226	38079
2010	11579	2
2014	11204	14193
2016	10158	12
2011	10009	10552
2015	10705	8
2016	`10708	1
2017	11423	1516
2010	06857	1
2014	11230	20813
2015	10020	223
2016	11370	5131
2011	23541	3
2014	07144	2
2014	10014	9124
2014	07017	2
2012	34604	2
2015	12549	1
2011	48393-1022	1
2012	06513-2516	1
2014	11777	1
2015	10038	5019
2009	55175-0848	1
2010	11419	11021
2016	11433	9946
2013	08723	1
2011	11242	4
2010	0730	1
2011	48195	1
2012	60714	1
2013	07059	1
2015	11702	1
2015	07304	4
2016	11480	1
2014	10471	3787
2013	10471	2915
2017	11237	4229
2010	32896-0090	1
2009	11419	2122
2014	07094	6
2011	07008	1
2016	11739	1
2017	11570	2
2011	55120	2
2015	92584	1
2014	10466	17848
2012	11354	8198
2014	11229	16144
2016	10308	6019
2012	10281	90
2012	07073	3
2015	07470	1
2016	11223	16407
2012	11581	12
2011	10028	7006
2014	11317	1
2014	11553	13
2010	10536	3
2016	10601	3
2009	10602-5055	1
2012	28272	1
2013	0711	1
2016	11235	20351
2011	10030	8214
2013	10028	6235
2010	07003	1
2012	30010-3748	2
2010	10502	5
2013	85008	1
2010	18518	1
2016	10037	5519
2017	10543	1
2010	11003	14
2016	11570	5
2014	11021	12
2012	1074	1
2010	08046	2
2015	08457	1
2010	91001	1
2012	60611	1
2012	23462	1
2011	11732	1
2009	10019	2901
2015	06830	1
2016	07102	5
2014	11233	21904
2010	10301	10816
2014	10583	3
2013	11735-9000	1
2010	317707	1
2009	10007	676
2015	08544	1
2014	11205	9770
2014	60181	1
2010	08902	1
2014	33428	1
2015	10704	4
2013	28226	1
2017	11422	1337
2012	77036	1
2014	11545	1
2014	10107	9
2016	10165	13
2012	07004	2
2017	10451	3774
2015	10021	7339
2010	11731	2
2016	11371	27
2010	77043	1
2011	10543	3
2015	01111	1
2010	61701	1
2015	10801	13
2012	10504	1
2014	10015	1
2013	11694	6716
2016	10173	3
2014	10119	67
2012	98277	1
2016	07030-5773	1
2013	07601	1
2010	92025	2
2010	11418	9298
2017	11753	1
2016	11432	12977
2010	19422	1
2012	37043	1
2015	12222	3
2015	11703	2
2015	78265-9705	1
2014	11760	1
2015	11788	7
2011	07701	1
2012	08869	1
2016	43502	1
2014	10472	17631
2013	10470	4344
2016	07020	4
2017	11234	5595
2010	29731	1
2009	11418	2078
2011	13203	1
2010	12255	3
2016	10465	10046
2010	33647	1
2016	11435	11879
2012	11598	4
2016	17111	1
2014	10465	8581
2010	11433	10094
2012	11355	10121
2012	33137	1
2016	10309	6455
2011	50336	1
2012	10280	406
2011	07017	1
2012	11580	16
2015	17108	3
2011	10029	11727
2013	11725-5710	2
2013	06517-3340	1
2009	10970	1
2009	07724	1
2015	11242	7
2010	10048	37
2013	30360	1
2011	29615	1
2010	07093	4
2017	10312	3560
2016	11802-9060	2
2010	94524	1
2016	11234	22116
2011	10033	14319
2016	92562	1
2013	10029	12300
2016	11963	4
2012	11749	3
2013	11791	1
2010	11577	1
2016	10034	19252
2013	118288	1
2012	89119	2
2013	43359	1
2013	06901	4
2017	11010	2
2016	11571	1
2014	43218-3083	1
2013	11756-1336	1
2012	11106	6819
2013	10037	4171
2013	18773-9640	1
2010	07036	1
2015	35207	1
2013	70711	1
2014	11232	7728
2010	10039-0188	1
2012	11472	1
2013	92123	10
2014	03104	1
2012	07070	2
2013	?	3
2016	11590	10
2009	10006	255
2010	11224	6148
2013	32896-5052	1
2010	000000	5
2014	11206	17295
2010	95410	1
2017	07054	1
2011	59102	1
2011	07436	1
2010	63006	1
2012	07088	1
2015	14231-9016	1
2012	07068	1
2017	NA	7
2017	11421	2305
2010	55127-2557	1
2011	23606	1
2013	18773-9500	1
2009	37615	1
2009	07646	1
2010	76161	1
2011	11797-9004	2
2015	07075	1
2016	10166	2
2009	07301	1
2011	11788	2
2012	07003	2
2015	10026	11477
2014	43216	1
2009	46219-0309	1
2015	06831	1
2012		129279
2014	07302	7
2013	10803	20
2014	10965	1
2010	14225	4
2015	11530	16
2013	11695	7
2016	NEW YORK	1
2017	07078	1
2016	10172	14
2014	11771	2
2010	11726	2
2012	45102	1
2012	10069	343
2011	30348	1
2014	1143	1
2012	76161-0230	1
2010	75015-2402	1
2011	75403	1
2016	08043	1
2015	11549	1
2014	11767	1
2015	07302	19
2013	08873	1
2011	212222116	1
2014	10473	9137
2017	11235	4837
2011	34688	1
2016	10464	1944
2013	10923	1
2010	91716-0500	1
2012	15205	1
2012	89193	1
2010	11109	107
2014	10464	2341
2010	11432	11784
2012	11356	4343
2012	10044	188
2016	11101	15476
2016	10451	14453
2010	14051	1
2009	07083	1
2012	MN55439	1
2010	32707	1
2011	07016	1
2012	11583	1
2015	10512	2
2009	51591	1
2010	21229	1
2013	11788	6
2010	10530	1
2016	10603	3
2013	84604	3
2011	10032	20050
2010	63092	1
2010	10075	3604
2010	10504	1
2013	29716-0571	1
2016	10035	11701
2015	000000	3
2017	10309	1874
2013	34231	1
2014	08069	1
2010	11001	644
2010	11518	2
2016	11572	3
2011	27932	1
2012	11101	9768
2010	38120	1
2011	14240	1
2010	34208-5336	1
2011	00000000	1
2014	10001	8784
2009	78228	1
2014	10536	1
2014	06854	1
2016	11566	7
2011	50265	1
2010	92801	1
2015	10965	1
2014	60179	1
2012	07071	3
2016	17055-0010	1
2013	33180	1
2009	10005	283
2015	61702	1
2010	11225	20846
2012	10162	33
2014	11207	26250
2015	95762	1
2011	15257	1
2011	33126	1
2015	91722	1
2009	18017	1
2011	63042	1
2015	91331	1
2017	11420	3011
2013	10594	3
2011	02360-4807	1
2012	32502	1
2014	11219	13522
2010	33255	1
2015	07074	1
2016	10167	12
2012	33771-5351	1
2009	10577	1
2017	10453	8710
2012	08535	1
2015	10027	17939
2016	13851	1
2013	10036	8812
2015	10803	30
2009	07302	3
2011	11797	10
2010	11725	1
2016	11434	12572
2016	11365	7334
2011	N/A	80
2011	11247	1
2013	11553	10
2014	11766	1
2012	55121	1
2011	100038	1
2010	11426	3302
2011	34604	1
2011	11791-3416	1
2017	10276	1
2009	07018	1
2012	02241-3113	1
2016	10467	32594
2010	33401	3
2011	63179	1
2015	48451-0129	1
2011	NEWARK	2
2015	02061	1
2015	77004	1
2010	11431	3
2012	11357	6746
2011	70002	1
2010	21230	2
2010	10456	23186
2017	07714	1
2016	10452	26550
2012	10282	188
2015	07109	1
2010	85062	1
2015	15262-2001	1
2010	30339	2
2010	11374	7001
2012	12212-5019	1
2017	10310	1747
2017	10550	1
2010	75370-2257	1
2016	19053	2
2011	60089	2
2017	11221	5784
2014	08876	1
2015	11362	3392
2013	11793	3
2014	10018	4731
2016	10032	21665
2017	10308	1605
2009	92203	1
2017	10279	8
2013	06903	1
2010	11596	1
2016	10538	3
2013	38184	1
2013	10035	7748
2014	10000	117
2010	60009	1
2013	11757-6062	1
2011	30127	1
2016	07101	3
2012	93011-3666	1
2010	10850	1
2009	79998-1127	1
2015	17111-1036	1
2011	11714-3561	1
2012	77274-281	1
2011	N//A	1
2016	80526	1
2010	23502	11
2009	10004	420
2012	11253	1
2012	10163	1
2009	43243	1
2010	10314	14499
2015	92626	3
2011	07438	1
2012	60523	1
2016	08540-1515	1
2015	07041	1
2012	61702	5
2015	22222	1
2013	10595	1
2015	50704	1
2014	11218	15869
2010	10128	7498
2015	07077	2
2014	07960	3
2017	10452	7306
2011	33331	1
2015	10024	10681
2009	14623	1
2013	10801	6
2013	10583	6
2014	12550	1
2013	11697	189
2015	UNKNOWN	5
2014	10116	6
2016	10170	12
2010	07632	7
2013	41042	1
2013	11841	1
2016	11364	5463
2013	NO CLUE	1
2015	XXXXXXXXXX	1
2013	11552	2
2013	07055	1
2013	11209	11782
2016	14701	1
2017	32241	1
2012	14892	1
2010	11427	4075
2016	11758	4
2016	10466	19279
2010	1850	1
2012	75034	1
2011	44125	1
2014	08724	1
2012	11510	1
2010	11430	874
2017	11220	4427
2016	11103	9667
2012	1566	1
2010	55177	1
2016	10304	10531
2016	10453	30307
2015	07108	1
2011	11797-9001	1
2015	1130	1
2012	92881	1
2016	N/A	83
2010	7823	1
2017	11788	1
2010	11375	13651
2012	33126	1
2016	11735	6
2011	11948	1
2016	10605	4
2015	006610	2
2010	50309	1
2009	55441	1
2016	070110	1
2011	55433	1
2016	11239	1344
2011	17108	1
2010	11363	1988
2013	63179-0047	1
2009	07731	1
2015	11363	2217
2014	10019	13533
2016	10033	20168
2013	11719	1
2012	11725-9030	2
2015	20188	2
2016	07201	1
2015	08540	1
2009	50701	1
2013	1122	1
2010	07039	3
2012	11103	7127
2013	10034	12517
2014	171111	1
2014	02205	1
2011	11756-1338	1
2014	10003	14219
2016	10029	17465
2013	77842	1
2011	11042	6
2009	070545020	1
2010	11581	16
2011	14231	2
2016	23320	1
2014	02140	2
2016	98335	1
2009	91365-5010	1
2010	23503	1
2009	10003	2802
2011	14710	1
2014	1208	1
2012	11801	5
2009	NA	12
2014	18042	1
2015	10708	4
2013	90010	1
2010	11231	7289
2011	94524	1
2014	11217	10417
2010	10129	1
2009	11536	1
2016	07024	5
2013	10987	1
2011	60068	1
2017	10455	2726
2015	10025	18792
2011	10547	1
2012	06371	1
2010	10457	26651
2013	35209-3114	1
2010	14226	1
2010	0000-000	1
2014	10115	1
2016	10177	12
2016	15563	1
2012	19154-3210	1
2017	11757	1
2016	11436	4968
2016	11367	6810
2014	07372	1
2009	07663	1
2013	07054	2
2013	11208	20137
2012	10601	2
2015	11784	1
2015	14206-2317	2
2013	08876	1
2015	55344	3
2015	10510	1
2010	11420	10580
2014	30144-7518	1
2017	11238	5075
2013	55344	3
2016	10461	15261
2017	10278	18
2015	11793	4
2010	11106	7263
2014	10469	13672
2012	10041	1
2010	10454	7059
2016	11102	8323
2016	10305	9507
2016	10454	8805
2014	99999	2
2012	21297-1313	1
2011	11692	3809
2016	55164	1
2016	00083	83
2012	32225	1
2016	11732	1
2012	10038	3847
2014	12779	1
2016	10604	4
2016	60607	1
2010	33351	1
2011	33073	1
2017	10552	1
2012	92629	1
2016	00000000	1
2016	11238	20034
2013	18324	2
2010	11362	2820
2010	54467	1
2010	11735-9100	2
2015	11360	2694
2016	10030	10642
2013	11550	2
2013	11390	1
2009	11791	1
2013	06905	1
2016	11244	1
2010	11590	15
2012	11102	5442
2013	10033	14372
2017	11223	4355
2013	85013	2
2014	10002	14922
2016	10028	8813
2014	94566-9049	1
2014	NA	17
2009	56303	1
2014	06851	2
2016	L8N1E5	1
2010	78596	1
2016	32256	3
2015	19713-4322	1
2009	198884	1
2012	13615	1
2013	60068	1
2014	NJ 07114	3
2012	43231	4
2015	78758	1
2015	11697	359
2009	10002	2776
2010	11580	23
2010	11020	1
2010	11228	6277
2010	92193	1
2011	11385	19996
2013	08701	1
2013	10520	1
2012	11802	2
2012	07716	1
2015	307114	1
2010	11756	6
2014	03110	1
2012	89434	6
2010	01778	1
2017	18773	1
2010	11230	19378
2016	07650	1
2014	11216	21567
2015	07071	1
2016	10162	34
2012	21217	1
2017	10454	2348
2014	11434-420	1
2009	14210	2
2009	07305	1
2014	07306	6
2013	11691	9543
2016	10176	5
2011	91365-9637	1
2017	10468	8316
2016	11366	5785
2013	92840	1
2015		167530
2010	MEXICO7500	1
2017	60179	1
2017	10121	29
2010	11421	8546
2016	07027	1
2017	11239	246
2010	32239-1518	1
2016	10460	18325
2010	12721	1
2010	10119	12
2014	07632	4
2015	19053	2
2014	11716	2
2010	01176	1
2016	10951	1
2010	11105	6488
2014	10468	25052
2012	11516	3
2010	11436	4941
2010	53705	1
2012	10040	14744
2010	10455	9931
2016	11105	8899
2011	60076	1
2016	10306	12606
2016	10455	11199
2016	08512	1
2016	44087	1
2009	07087	1
2013	92618	1
2012	19022	1
2013	32259	1
2011	14052	1
2010	85067	1
2014	14221-7820	1
2011	11693	2369
2010	33902	1
2010	11377	15043
2015	11249	7852
2014	11559	3
2016	10312	12082
2012	10039	5424
2013	11701	1
2011	77043	2
2011	0703	1
2011	10112	1
2014	11797	4
2011	55175-0848	1
2010	5124	1
2010	11361	6011
2015	55164-4043	1
2012	10224	1
2015	11361	6196
2016	11729	3
2015	32801	1
2016	10031	27199
2011	12550	1
2010	63301	2
2011	07083	1
2013	11557	2
2013	14304	1
2012	07304	3
2011	11050	3
2016	34653	1
2014	20123	1
2013	10032	18122
2014	11535	1
2010	10067	1
2011	11738	1
2017	11222	3146
2014	10005	1879
2012	11735	5
2015	29737	1
2017	11379	2248
2017	10002	5006
2016	07104	3
2011	11040	546
2014	11239	934
2010	08054	1
2010	XXXXX	3
2016	10543	2
2013	11050	3
2012	43232	3
2014	10589	4
2016	07628	1
2015	11694	5865
2009	10001	2188
2011	NY	1
2010	11021	11
2010	11229	16141
2010	11570	9
2015	11042	1
2016	11516	9
2011	11386	3
2013	10523	2
2014	43614	1
2012	11803	8
2011	10000	136
2011	99999	17
2015	10163	1
2014	10029	14975
2014	92508	1
2010	0000 0000	1
2014	0	3
2010	11233	25034
2015	10278	1
2010	11568	1
2014	11215	15476
2009	18773-9532	1
2012	01842	1
2015	32255-1268	3
2015	07070	1
2014	100000	1
2017	10457	6785
2013	32896	1
2012	10970	1
2014	11693	2684
2014	07307	1
2012	08053	1
2011	8368	1
2013	10580	1
2016	10281	114
2010	19702	2
2013	11692	3206
2010	07631	3
2011	11793	4
2017	10469	3877
2015	10031	24923
2010	11729	4
2010	75093-4638	1
2016	11361	5991
2014	10591	4
2010	90024	1
2010	90049	1
2014	07002	1
2009	30339	1
2015	11542	4
2011	14614	2
2017	10120	4
2010	11422	6322
2012	11550-7044	1
2016	10463	19124
2012	94585	1
2013	51101	1
2010	32896-0014	1
2017	10138	1
2010	33405	2
2010	14203	1
2016	12033	1
2015	11559	5
2010	11735-0930	1
2011	55127	1
2010	11104	5533
2010	11435	11582
2016	11413	8115
2017	11225	6069
2016	11104	6008
2016	10307	2399
2016	10456	26634
2009	07086	1
2012	92562	1
2014	70163	1
2013	14226	2
2010	30135	1
2011	55439-2409	1
2010	11370	3898
2016	02459	1
2016	75034	1
2009	07071	1
2013	11706	3
2013	11542	10
2011	63141-3187	1
2015	11710	11
2010	11360	2626
2011	10039	5651
2017	11209	6137
2015	11366	6140
2017	10314	4925
2013	11797	5
2017	10456	6704
2017	02298-1002	1
2010	07087	7
2014	10507	1
2012	07305	1
2016	11242	6
2011	1711-1036	1
2011	92821	1
2013	10031	19436
2015	94566-9054	1
2014	92046-3023	1
2014	10004	1787
2010	10452	24010
2015	NYC	1
2017	11378	3066
2015	10162	45
2016	07105	2
2016	11569	1
2014	11238	18939
2010	10308	5284
2011	43232	3
2010	21220-5380	1
2010	07647-2311	1
2010	07024	4
2015	11695	15
2009	10000	28
2015	07069	2
2010	21297-1051	1
2012	33071	1
2010	10310	6473
2013	10522	2
2016	10710	1
2016	06103	1
2011	10001	7215
2014	10028	7523
2017	10003	4504
2010	16915	1
2017	10123	4
2015	17460	1
2010	11232	6830
2011	92046	1
2013	10591	3
2014	11214	16440
2012	80111	1
2015	07073	4
2012	18519	1
2012	14228	3
2014	11692	3258
2011	11703	3
2015	11612	1
2016	11378	10811
2017	11691	3420
2014	48195-0391	1
2014	07304	8
2009	07307	1
2016	10280	579
2013	11693	2959
2012	30348-5658	1
2014	10112	27
2016	10174	11
2011	1174	1
2015	10030	10242
2016	11360	2652
2011	89509-5241	1
2011	10367	1
2013	11096-0612	1
2010	33765	1
2014	17032	1
2014	92013-0848	1
2010	11754	1
2010	11423	7462
2016	07029	1
2016	11354	11021
2016	10462	20753
2012	10520	1
2010	14202	1
2010	60197	1
2012	77081	3
2014	11714	1
2010	07023	1
2011	10594	3
2010	11103	7264
2012	11514	2
2010	11434	11955
2016	07014	1
2016	11412	8076
2010	10453	27877
2015	12202	1
2017	11224	1814
2016	10457	25310
2014	07087	6
2010	37901-2698	1
2016	08901	2
2011	84130	1
2010	22309	1
2011	07010	2
2011	11691	12453
2010	11779	7
2012	95054	1
2010	11371	44
2013	29616-0759	2
2016	10310	6528
2014	48451-0505	1
2015	11101-6122	1
2014	11795	1
2014	11738	1
2010	11367	9236
2011	10038	3629
2012	32256	7
2017	11208	6393
2015	11367	7414
2010	07086	5
2011		118324
2016	07205	1
2012	07306	6
2014	89703	1
2015	11934	1
2015	06902	1
2013	10030	9100
2010	60089	2
2014	11533	1
2010	10065	5009
2016	35244	1
2014	10007	2849
2016	55164-0378	1
2016	10025	20644
2016	31082	1
2011	10977	2
2017	10000	31
2010	11011	1
2017	11001	161
2010	10309	5964
2011	43231	3
2016	32255	2
2016	11379	8146
2014	75026-0848	1
2011	11542	5
2009	11701	2
2011	77274-2209	2
2014	30188	1
2015	11692	3966
2014	30345	1
2010	11023	2
2016	11514	6
2015	0000	2
2016	077011	1
2014	07305	3
2009	45249-1643	1
2013	55164-0886	1
2017	105457	1
2011	10002	12734
2014	12941-0129	1
2009	75243	1
2009	94524	1
2014	92506	2
2016	11581	10
2010	11235	17237
2016	07657	1
2014	11213	22523
2016	12590	1
2012	07670	1
2014	11691	11511
2011	11704	3
2011	63301-4047	2
2017	11692	756
2015	11040	502
2014	60018	1
2013	UNKNOWN	5
2012	17104	1
2015	296160759	1
2009	94942-1341	1
2014	10111	21
2010	50704	1
2011	11791	8
2015	10033	17452
2011	111111	1
2016	11363	2086
2015	06820	1
2010	11219	14339
2010	19850	2
2010	73155	3
2010	945517661	1
2014	11768	1
2015	11780	1
2017	10122	3
2016	23285	1
2016	11355	14715
2016	70662	1
2010	12524	1
2011	90009	1
2010	32905	1
2011	64502-0148	1
2016	06851	2
2014	07631	2
2014	11715	1
2015	11797	3
2009	10128	1639
2014	80155	1
2010	11102	5931
2011	07086	3
2010	92701	1
2016	11411	3889
2016	11106	9793
2016	10301	12181
2012	11040	440
2014	07086	4
2013	06516	1
2014	10708	1
2017	N/A	23
2010	11372	10770
2016	07003	1
2010	08873	4
2010	12701	1
2009	63043	1
2010	50037	1
2013	11704	4
2015	11716	1
2014	12345	2
2017	11553	4
2010	11366	3125
2014	N/A	90
2009	21230	3
2015	11364	5572
2013	30354	1
2016	77272-2910	1
2013	11554	2
2016	XXX	1
2014	12602-0550	1
2012	07307	2
2010	95037	2
2015	0000000	2
2014	11530	15
2014	10006	1069
2016	10024	13033
2015	29732	1
2017	10001	2510
2010	11010	4
2016	07430	1
2015	36790	1
2016	11010	7
2015	33301	1
2010	10018	3647
2012	43235	1
2016	10010	8013
2012	11720	2
2015	11693	2722
2017	12550-0831	1
2010	11024	1
2014	10501	1
2010	12533	1
2014	11042	7
2010	10312	10962
2011	55344	4
2012	07712	1
2010	02459	6
2011	10003	12248
2017	10591	2
2011	17106-7015	1
2013	11412-2116	1
2016	11580	15
2017	11429	1138
2010	11234	16586
2010	11565	1
2011	12212	1
2014	11212	21048
2015	12551	1
2011	34238	1
2015	07721	1
2017	11693	669
2017	85016	1
2015	33062	1
2011	07632	8
2016	10282	604
2010	30068	1
2015	07047	4
2017	10464	468
2015	10032	24689
2016	11362	3310
2011	35210-6145	1
2010	11218	16021
2009	57117	1
2016	10106	12
2012	23502	3
2010	33162	1
2017	11766	1
2012	37214	1
2016	11356	6414
2011	10562	2
2012	10522	1
2010	60191	1
2016	60035	1
2015	10035	10294
2009	55205	1
2015	10096	1
2010	11101	9903
2011	07087	3
2014	61702-3068	1
2010	10451	11008
2016	11109	229
2016	10302	4968
2012	06890-2101	1
2014	11211	17020
2014	35219	1
2013	14225	2
2011	11697	110
2010	11373	13490
2010	78278	1
2016	07002	4
2010	19610	1
2013	30092-2670	1
2010	08872	1
2010	07410	1
2010	14043	1
2011	10116	1
2013	00	1
2010	30099-0001	1
2014	11793	5
2017	11552	2
2017	19007	1
2009	08003	2
2010	11365	6877
2015	11365	6978
2016	11725	3
2013	11798	1
2012	76017	1
2017	10301	3090
2016	11241	11
2012	63141-3187	1
2012	75007-1912	1
2010	31146	1
2014	10009	12567
2016	10027	19330
2011	55345	1
2017	10006	164
2016	07108	1
2017	11226	11330
2010	10019	11509
2010	60159-0838	1
2016	10011	15973
2015	11218	17435
2016	19399	1
2013	30144	1
2013	28272-1104	1
2011	10004	1429
2013	11580	12
2017	10473	2796
2011	01810	2
2011	32896-0061	1
2016	32809	1
2017	11428	955
2010	48044	1
2010	08527	3
2015	19702	2
2010	11237	16359
2013	34604-0122	1
2010	30071	2
2010	19556	1
2012	000	1
2009	11208	5371
2012	98006	1
2014	11697	243
2017	11003	3
2011	11706	1
2012	07310	14
2017	11694	1245
2009	78278	1
2011	07631	2
2010	11550	3
2017	10465	2485
2017	90054-0807	1
2016	85283-4583	2
2010	920469046	1
2011	10577	1
2014	10595	1
2011	08006-0129	1
2015	19610	1
2010	14210	6
2013	07052	3
2011	07648	1
2012	V6J4X9	1
2016	10107	14
2013	30348-5028	1
2010	20735	1
2010	11753	3
2016	11357	7746
2011	91303	1
2010	75265	1
2014	14883	1
2012	14304-1745	1
2012	10523	6
2009	77272	1
2016	11417	9064
2011	79998-1127	1
2017	11229	4385
2017	07205	1
2012	06828	1
2016	10303	6059
2012	DON'T KNOW	1
2012	11042	3
2012	08060	1
2009	X	1
2012	77094	1
2017	11783	1
2011	11694	3921
2016	10968	1
2012	11501	10
2012	32878-5057	1
2011	06851	1
2012	10032	17645
2009	98021	1
2010	02301	1
2015	07603	1
2011	98046	1
2011	28272-9903	1
2016	61702	2
2009	11590-5114	3
2014	98206	1
2010	30303	2
2010	11364	5590
2012	32255	4
2009	11735-9030	1
2015	30344	1
2010	07083	1
2009	92683	1
2009	11797	5
2011	02007	1
2014	11788	1
2015	06901	4
2011	92825	1
2016	11710	7
2009	14009	2
2013	60164	1
2014	10008	1
2016	10026	11010
2011	08086	1
2017	10007	839
2011	43236	3
2015	11714	6
2015	07974	2
2010	07020	4
2010	10016	9691
2016	1101	1
2014	10034	15267
2016	10012	10729
2015	11219	14867
2015	11691	13499
2014	11040	498
2012	90051-6681	1
2011	10005	1491
2013	11581	5
2016	11582	2
2010	11236	15418
2015	34986	1
2014	11210	15221
2014	43607	1
2016	10168	18
2009	11209	3130
2012	98005	1
2017	11695	5
2013	57117	1
2012	11419-0191	1
2012	32255-1268	1
2010	40742	1
2017	10466	5539
2015	NTY	1
2015	10034	19480
2011	11719	1
2011	10570	1
2014	07310	8
2011	72209	1
2015	11783	1
2017	10472	7294
2013	17106	1
2011	10560	1
2010	14450	2
2012	07462	1
2011	90060	2
2010	10583	4
2014	74106	1
2015	30901	1
2010	14120	2
2011	97292	1
2014	14626	1
2010	10017	4476
2010	33760	1
2017	11550	2
2009	60630	1
2014	10035	8754
2010	11552	5
2016	10013	11225
2012	11725	11
2016	10105	7
2014	11710	12
2011	11756-2015	1
2013	ANONYMOUS	1
2011	77257	1
2010	77272	3
2012	10029	11327
2016	07112	1
2016	07010	1
2016	11416	7224
2016	11510	3
2017	11228	2844
2017	10303	1545
2017	10467	9447
2015	NA	25
2015	10037	4519
2011	01230	1
2010	97005	1
2015	07450	2
2012	07302	19
2012	74355	1
2016	33024	1
2009	77074	1
2011	10006	1084
2011	10069	242
2017	11005	33
2014	10023	11641
2010	34947	1
2013	14223	1
2015	13490	1
2011	11695	27
2015	11371	89
2015	07440	1
2012	12303	1
2013	IDK	1
2013	92704	1
2013	NEWARK	1
2014	10514	1
2010	11239	652
2009	15219	1
2010	11566	6
2016	10021	8706
2010	12046	1
2010	11716-2501	1
2017	11214	5042
2012	97527	1
2017	10471	1452
2011	43560	5
2010	60006	1
2015	10009	14093
2017	10004	401
2016	10314	17683
2012	10033	13499
2015	29406	1
2009	11788	1
2010	11428	3887
2016	10169	27
2014	19053	2
2012	33446	1
2012	23060	1
2014	33634	1
2010	078808	1
2009	07054-5020	1
2016	08837	2
2015	32241	2
2016	10469	14686
2013	11559	7
2014	11695	18
2014	11791	4
2014	30348-5658	1
2012	XXX	1
2010	10112	2
2010	22314	1
2010	60197-4191	1
2011	10591	8
2010	34604-0122	1
2010	92705	5
2016	11415	5567
2015	12207	1
2012	07458	1
2014	35210-6928	1
2013	91325	2
2010	19111	1
2012	34652	1
2010	10444	1
2014	10704	7
2012	142002	1
2013	14220	1
2013	33324	1
2013	10423-0935	1
2010	0000 000	1
2017	11215	4264
2010	55164	7
2013	100354	1
2012	10030	7567
2016	12344	1
2015	07601	1
2011	80237	1
2016	000000	4
2012	37210-4107	1
2015	60614	2
2012	18938	1
2014	13202	1
2016	07722	1
2010	12790	2
2017	11203	5562
2015	11368	18790
2016	11726	1
2012	10028	5794
2015	08876	1
2013	30350	1
2013	11710	11
2017	10302	1218
2010	85040	1
2012	90024	1
2012	07303	2
2015	11766	1
2013	85326	1
2015	11370	5325
2010	08857	1
2016	10020	399
2017	11776	1
2017	10532	1
2017	10005	444
2009	11787	1
2017	11004	513
2010	76161-1245	1
2010	56303	1
2010	10014	9537
2009	07927	1
2013	19053	1
2014	10036	10765
2016	10014	11269
2012	11724	2
2009	08540	1
2011	12202	1
2010	00000	85
2011	10007	2457
2014	11510	3
2013	11583	1
2015	10185	1
2014	10022	8038
2011	10990	1
2014	30356	1
2016	07410	2
2010	11238	15919
2010	11561	7
2010	11204	12694
2012	55438-5908	1
2016	10562	2
2011	10019	11207
2012	14206-2317	1
2011	21207	1
2012	92705	3
2015	19154	2
2014	11694	5285
2009	35203	1
2017	11697	43
2016	07011	1
2016	27113	1
2010	10470	4305
2012	30072	1
2010	11553	9
2011	94551	6
2011	33614	3
2010	50701	5
2010	33223	1
2017	10460	5514
2015	10036	13022
2009	11695	1
2012	NA	44
2011	32401	1
2011	11717	3
2015	11545	2
2017	10470	1506
2015	55105	1
2010	11429	5542
2013	17104	1
2013	11797-9001	1
2016	10468	27665
2010	75044	1
2011	951619308	1
2010	44146	2
2016	10119	107
2012	12000	1
2012	08879	1
2016	11414	7220
2015	10589	1
2010	10921	1
2013	07076	1
2010	17108-0988	3
2014	10705	8
2015	07101-4523	1
2013	14221	3
2011	11716	1
2011	07095	1
2016	110001	1
2016	07006	1
2010	32255	1
2017	11216	5282
2011	91367	1
2012	10031	19042
2016	12345	1
2010	0705	1
2013	60604-4134	1
2016	21201	1
2013	11122	1
2010	10471	3383
2015	11369	8080
2011	000	1
2013	11713	1
2017	10305	2544
2011	98057	2
2013	11249	5892
2014	12203	2
2015	11373	16056
2009	07054	1
2016	10023	13194
2014	77057	1
2017	10533	1
2014	07450	1
2015	06511	2
2012	80202	2
2016	117475002	1
2014	10037	4647
2012	11727	2
2012	91309-8012	1
2009	10009	2784
2009	11772	2
2016	07114	154
2011	12203	1
2011	90060-0578	2
2014	43054	1
2013	19803	1
2015	32255	2
2011	11554	1
2011	18711	1
2014	10021	6878
2015	02150	1
2010	11037	1
2013	10598	1
2010	92123	7
2011	10018	3663
2014	12024	1
2014	10566	1
2010	11205	8043
2010	11554	4
2013	11040	493
2012	10583	5
2017	10461	3815
2009	11694	900
2010	11964	1
2010	50219	1
2016	11369	8655
2014	91710	1
2011	10573	5
2010	11213	22039
2012	10512	2
2012	1420	1
2015	07054	7
2016	10103	34
2010	92046-9042	1
2009	11559	1
2013	55438-5908	1
2013	11509	1
2014	10162	36
2017	10128	2315
2011	57709	1
2012	3225	1
2013	17105	1
2016	33128	1
2010	NJ 07114	2
2011	000000	2
2013	10162	26
2016	10118	49
2017	10115	1
2015	10505	1
2012	07205	1
2017	07201	1
2013	07666	2
2010	63006-0701	1
2012	33441	1
2014	14615	1
2013	02459	3
2016	27376	1
2013	08859	2
2017	10103	5
2011	07094	3
2010	11378	8447
2017	91203	1
2010	32256	4
2017	11217	3382
2011	NEWARK AIR	1
2010	08879	1
2014	37917	1
2011	11216	21562
2014	61654	2
2011	32878-5057	1
2012	11428	3655
2012	10036	9361
2016	06601	1
2011	07060	2
2017	11201	3651
2016	11720	3
2012	30010-3747	1
2017	10304	2992
2011	33063	1
2011	10101	2
2010	1000	1
2010	85282	1
2011	14692-2878	1
2011	55422	1
2015	06905	1
2015	10116	1
2013	10039	5535
2011	10017	5022
2010	76155	1
2015	11372	12239
2016	11714	2
2015	03003079	1
2016	10022	9404
2011	60094-4710	1
2014	28201-1115	1
2010	84130-0285	1
2010	10012	7453
2013	10040	16023
2014	10030	9739
2016	10016	15180
2012	11726	1
2011	10962	2
2011	35476	2
2017	10011	3372
2016	02298	2
2011	33534	1
2010	10318	1
2016	10550	8
2011	11557	2
2014	10020	279
2009	0000	1
2010	11563	8
2013	10594-0209	1
2009	11716-0453	1
2010	X	1
2016	11797-9001	1
2011	11762	2
2010	11206	15201
2010	11555	1
2010	10472	18803
2013	10502	2
2011	34202	1
2010	13221	1
2017	10462	5939
2009	11697	46
2010	11967	1
2016	11368	19675
2011	63146-7260	1
2010	77056	2
2010	11212	20990
2015	11030	6
2013	18508	1
2012	11202-0922	1
2015	10004	1835
2014	10163	2
2013	12788	1
2014	10548	1
2009	60630-2534	1
2014	07030	15
2013	133221	1
2015	11550	10
2015	10013	10412
2010	11747	5
2013	17111	6
2016	33020	1
2014	07620	1
2014	10801	8
2015	45242	1
2014	10703	2
2016	07758	1
2014	11704	2
2010	11771	2
2011	07093	7
2010	11379	7233
2010	19456	6
2017	11210	4457
2010	NY	1
2012	10037	3665
2011	11217	9791
2013	92626	1
2013	78704	1
2015	07604	1
2014	14225	1
2012	11429	4259
2014	11730	1
2013	77082	1
2015	11212	21595
2016	07721	1
2010	10473	8163
2010	00976-7234	1
2017	10307	667
2014	11787	1
2015	84130281	1
2011	17754	1
2013	10038	4054
2015	11375	14353
2011	19886	1
2015	10412	1
2016	11251	15
2010	55429	1
2010	10013	9819
2009	113??	1
2013	10041	4
2014	10031	23911
2016	10017	7036
2012	11729	2
2012	48090-2123	2
2017	10010	1880
2013	17015	1
2009	402901921	1
2011	10577-0900	1
2009	94111	1
2017	13350	1
2016	10553	1
2015	11359	12
2010	11735-3931	2
2010	10009	11607
2014	10027	16833
2014	11598	9
2010	13480	1
2016	1749	1
2011	63146	1
2011	77272-2929	1
2017	07310	3
2013	07731	1
2012	33442	1
2011	10016	9197
2013	06401	1
2015	07726	1
2011	11779	3
2011	11763	2
2014	NEW YORK A	1
2011	19015	1
2010	11207	30660
2015	08520	1
2016	11530	8
2013	11042	3
2012	11861	1
2016	12255	1
2017	10463	6447
2011	11714	2
2014	11802	1
2014	08527	1
2010	11211	19003
2010	10101	1
2011	43218-3082	1
2015	07052	1
2016	63701	1
2010	55426-1096	1
2017	10475	672
2015	10005	1963
2015	10591	4
2014	10549	1
2013	94566-9054	3
2010	10116	1
2015	11553	10
2010	303485028	1
2015	10012	8966
2010	11746	4
2016	07502	1
2011	02301	1
2016	11419	13301
2010	10458	27872
2012	33607	1
2016	33021	2
2017	11207	7129
2013	07073	3
2015	62321	1
2015	02459	1
2011	11550-3646	1
2010	11772	1
2012	11507	1
2017	11706	1
2017	11211	4725
2016	00000	31
2010	11210	16312
2011	11214	15383
2010	80201-4309	1
2011	10119	3
2015	07605	1
2013	06371	1
2012	11426	3246
2010	60076-102	1
2010	10033-0238	1
2016	07726	1
2012	10034	12754
2010	10474	5752
2016	11722	2
2011	74134	1
2013	11714	1
2017	10306	3606
2015	111111	1
2009	32541	1
2014	ANONYMOUS	3
2017	10803	5
2010	32256-7412	1
2015	11374	9523
2016	11716	2
2011	11238	16194
2017	10101	1
2012	94566-9057	2
2013	11520	12
2017	10009	3907
2011	11756-0215	1
2015	33309	1
2014	11520	11
2010	10010	5105
2013	92780	1
2016	37206	1
2014	10032	22931
2016	10018	6873
2015	11213	23466
2017	10013	2387
2009	11771	1
2010	14850	1
2015	10468	27882
2016	10552	3
2015	32256	4
2015	11358	8149
2014	11514	3
2010	10008	2
2016	113709	1
2014	10026	10609
2015	11209	17382
2012	07960	1
2010	48043	1
2016	49093	1
2016	11507	1
2013	10510	1
2016	10566	1
2009	11203	5262
2011	92054	1
2012	10916	1
2012	07054	4
2016	07644	1
2010	11557	3
2011	33716	1
2016	26554	1
2009	11219	3491
2009	11691	2807
2011	27404	1
2014	11803	6
2009	33487	1
2012	12304	1
2013	23541	3
2012	46326	1
2010	12601	1
2012	11714	2
2010	07624	1
2017	10474	1425
2015	10006	1209
2016	37909	1
2014	78265-9707	1
2014		147097
2012	753570909	1
2011	85038	1
2015	32896-5004	1
2014	OOOOO	1
2016	10115	10
2015	11552	9
2015	10011	13964
2015	07029	1
2017	10110	8
2011	77231-0129	1
2009	11218	3652
2017	11779	2
2016	11418	10377
2014	29659	1
2010	10459	15058
2009	98006	1
2014	32255	2
2009	92056	1
2012	4009-0517	1
2012	10536	1
2012	07430	2
2014	11419	17232
2010	19116	3
2014	10803	21
2010	N/A	109
2015	49022	1
2014	10701	8
2014	11706	3
2013	08854	1
2010	77084	1
2017	11206	6602
2015	77074	1
2017	11212	5980
2009	19850-5450	1
2012	10035	7539
2011	11215	13639
2017	11973-5000	1
2011	89434	4
2009	55426	2
2011	14009	2
2012	11427	3943
2013	30339	1
2011	17106	1
2016	07727	3
2010	10475	2608
2017	12205	1
2010	10276	2
2013	11717	1
2017	02062	1
2010	1003	1
2016	01853	1
2011	15250-7834	1
2016	11249	8979
2010	08223	1
2015	11377	17868
2010	11741	2
2013	11797-9004	4
2013	19711	1
2011	11239	759
2013	11729	1
2010	50323	1
2015	11779	1
2010	099999	1
2012	11797-9012	1
2010	10011	11314
2013	11797-9012	1
2014	10033	15860
2016	10019	18321
2015	11210	16395
2013	.	1
2017	10012	2488
2011	19801-5148	2
2010	55344	1
2011	11030	8
2015	10469	14640
2010	60656	1
2013	07701	1
2011	6076-1027	1
2012	07719	1
2017	11796	1
2011	11550	8
2011	10063	1
2014	10025	17431
2016	10007	3700
2015	11208	25673
2015	44146	1
2014	95476	3
2009	60197-5235	2
2012	14009-0158	1
2013	11521	1
2009	78682	2
2011	10014	9188
2009	11040	123
2016	08831	1
2009	11802	1
2015	94524	1
2011	32256	4
2014	11215-0389	1
2012	07055	1
2010	11201	10824
2010	11558	5
2013	07450	1
2009	07470	1
2009	32211	1
2009	43560-2267	1
2012	07666	1
2010	11217	9205
2010	10103	1
2017	85285-7288	1
2012	10595	1
2011	75001	1
2015	10007	3087
2011	30348-5255	1
2012	06902	2
2015	10010	6717
2017	10111	4
2017	10107	4
2012	07201	9
2010	77072	6
2011	10514	1
2011	30362	1
2010	85062-8234	1
2010	92780	1
2011	07901	1
2014	11418	8664
2013	07071	2
2016	10120	8
2012	01041	1
2011	11549	1
2010	11774	1
2011	07090	1
2016	10960	3
2017	11213	6589
2012	34230-4155	2
2011	14231-9016	1
2011	11212	20881
2013	UNK	2
2014	11733	1
2017	11791	4
2017	11559	2
2010	77253	1
2016	07077	1
2017	11205	3142
2015	60018-4501	1
2015	NJ 07114	2
2012	03070	1
2014	11385	21744
2013	11716	1
2014	32073	1
2011	55426	1
2017	10801	1
2014	10435	1
2012	23113	1
2012	10472	15755
2010	77272-2929	2
2013	90060-0578	1
2015	11778	1
2010	31411	1
2010	15237	1
2014	73126	1
2010	01830	1
2011	22408	1
2010	07028	1
2009	07047	1
2017	07114	32
2013	10044	253
2015	11211	19696
2015	11451	1
2010	10562	2
2015	10112	72
2010	30348-5028	1
2009	23541	1
2017	07002	2
2011	11031	1
2010	01843	1
2013	07700	1
2010	23327	1
2014	11516	1
2014	10024	11386
2010	32896	2
2016	07094	6
2014	0000000	2
2016	11501	6
2015	43218-2273	1
2009	10075	924
2009	11201	2609
2011	10013	9243
2011	21201	1
2013	11597	1
2015	14621	1
2009	11803	2
2013	43220	1
2012	11702	1
2017	10039	2089
2010	11202	1
2010	18002	2
2010	11559	3
2010	30062	4
2010	11735-9030	3
2011	11553	5
2009	11693	526
2010	94551-7661	1
2012	10924	1
2012	07042	1
2014	11801	4
2013	34604	1
2010	11216	19752
2016	JFK	1
2015	08535	1
2011	23059	1
2012	10594	1
2009	85069	1
2016	10006	1427
2014	33611	1
2015	10000	131
2012	12590-8900	2
2014	11701	1
2009	10803	8
2015	31405	1
2015	12528	1
2013	19601	1
2015	11554	2
2009	11549	2
2015	10017	6333
2017	10112	9
2010	1901	1
2013	07663	1
2013	03104	1
2012	NEWARK	1
2014	07024	9
2014	10805	1
2010	27407	2
2016	10121	45
2015	11568	1
2016	48393-1022	1
2015	44286	1
2017	10106	6
2010	32253	1
2011	11213	22144
2012	11425	1
2013	14231	1
2012	48195	2
2017	11558	1
2016	10977	1
2014	10402	1
2012	11534	1
2013	07310	14
2017	11204	4142
2010	11697	218
2010	33631	1
2013	32233	1
2011	77034	1
2013	14203	1
2015	10310	6304
2012	11324	1
2010	10469	15645
2012	80034	1
2015	11379	8426
2016	11719	2
2009	11385	4703
2009	77036-4365	1
2015	29466	1
2010	14450 0457	1
2010	11743	1
2010		127527
2009	11206	3260
2014	000	1
2015	48346	2
2009	19067	1
2010	01831	2
2012	83854	2
2015	12590-8900	1
2012	46219	1
2016	08550	1
2015	11216	22337
2011	10128	7156
2017	10014	2561
2010	0000-0000	1
2012	10803	19
2014	60018-4501	1
2012	12203	1
2015	14616	1
2012	10473	8211
2016	10005	2583
2014	18966	1
2010	14845	1
2017	11021	1
2014	07203	1
2014	08857	2
2011	10012	6903
2009	11042	1
2013	11596	1
2011	19702	1
2009	85064-2995	1
2017	10038	1265
2010	11203	21468
2011	11552	2
2010	10005	1378
2014	11001-2024	1
2009	11692	1021
2011	11710	9
2016	14624	1
2014	14221	1
2010	11215	14673
2012	11206	12817
2016	07302	19
2009	11553	3
2015	10001	10485
2009	00174	1
2013	15210-7834	1
2012	10021	5577
2012	32805	1
2015	10595	1
2010	10030	7568
2010	10594	3
2017	10583	3
2010	55426	1
2013	14020	1
2014	10606	1
2010	48090-2036	2
2014	11703	1
2012	99999	11
2012	11422	5246
2014	11735	11
2010	10468	25497
2013	11412	6976
2012	85038	1
2015	10983	1
2013	94566	3
2015	10523	2
2014	10165	1
2016	11706	1
2015	11217	12507
2015	11557	2
2010	07057	1
2011	10980	2
2013	07311	1
2015	10016	12874
2017	10017	1555
2013	10504	1
2011	02241-5787	1
2012	10020	324
2012	90000	1
2017	11030	3
2012	07608	2
2009	40031-8100	1
2011	92618	1
2017	10105	6
2017		41312
2011	30360	2
2017	11793	1
2010	11030	3
2012	07663	1
2016	29616-0759	1
2013	07702	1
2012	11023	1
2011	06770	1
2015	98335	6
2014	11358	7487
2013	74134	2
2014	11518	1
2010	10004	1394
2014	10804	7
2010	11776	5
2010	11214	15876
2012	11207	24494
2012	10470	3302
2016	10004	2229
2012	11710	8
2014	19850	1
2016	06824	1
2009	11735-9100	1
2016	12553	1
2015	11378	10261
2015	32750	1
2015	14526	1
2011	07647	2
2011	10583	4
2011	1000	1
2013	65201-6582	1
2012	10352	1
2017	11020	2
2013	77092-2016	1
2011	11109	133
2015	08816	1
2016	10122	3
2015	10002	18978
2011	X	5
2014	ZIP CODE	1
2011	11210	16653
2016	77252	1
2010	30144-7802	1
2013	11242	6
2012	11735-9100	1
2011	10400	1
2009	11207	6880
2011	10011	10539
2015	11569	1
